This is pdfTeX, Version 3.141592653-2.6-1.40.22 (MiKTeX 21.3) (preloaded format=pdflatex 2021.4.13)  2 JUN 2022 12:13
entering extended mode
**./26.tex
(26.tex
LaTeX2e <2020-10-01> patch level 4
L3 programming layer <2021-02-18>
! Undefined control sequence.
l.2 \section
            {–¢–µ–æ—Ä–µ–º–∞ –•–∞–Ω–∞-–ë–∞–Ω–∞—Ö–∞ –∏ –µ–µ —Å–ª–µ–¥—Å—Ç–≤–∏—è...
The control sequence at the end of the top line
of your error message was never \def'ed. If you have
misspelled it (e.g., `\hobx'), type `I' and the correct
spelling (e.g., `I\hbox'). Otherwise just continue,
and I'll forget about whatever was undefined.


! Package inputenc Error: Unicode character –¢ (U+0422)
(inputenc)                not set up for use with LaTeX.

See the inputenc package documentation for explanation.
Type  H <return>  for immediate help.
 ...                                              
                                                  
l.2 \section{–¢
               –µ–æ—Ä–µ–º–∞ –•–∞–Ω–∞-–ë–∞–Ω–∞—Ö–∞ –∏ –µ–µ —Å–ª–µ–¥—Å—Ç–≤–∏—è...

You may provide a definition with
\DeclareUnicodeCharacter 


! Package inputenc Error: Unicode character –µ (U+0435)
(inputenc)                not set up for use with LaTeX.

See the inputenc package documentation for explanation.
Type  H <return>  for immediate help.
 ...                                              
                                                  
l.2 \section{–¢–µ
                 –æ—Ä–µ–º–∞ –•–∞–Ω–∞-–ë–∞–Ω–∞—Ö–∞ –∏ –µ–µ —Å–ª–µ–¥—Å—Ç–≤–∏—è...

You may provide a definition with
\DeclareUnicodeCharacter 


! Package inputenc Error: Unicode character –æ (U+043E)
(inputenc)                not set up for use with LaTeX.

See the inputenc package documentation for explanation.
Type  H <return>  for immediate help.
 ...                                              
                                                  
l.2 \section{–¢–µ–æ
                   —Ä–µ–º–∞ –•–∞–Ω–∞-–ë–∞–Ω–∞—Ö–∞ –∏ –µ–µ —Å–ª–µ–¥—Å—Ç–≤–∏—è...

You may provide a definition with
\DeclareUnicodeCharacter 


! Package inputenc Error: Unicode character —Ä (U+0440)
(inputenc)                not set up for use with LaTeX.

See the inputenc package documentation for explanation.
Type  H <return>  for immediate help.
 ...                                              
                                                  
l.2 \section{–¢–µ–æ—Ä
                     –µ–º–∞ –•–∞–Ω–∞-–ë–∞–Ω–∞—Ö–∞ –∏ –µ–µ —Å–ª–µ–¥—Å—Ç–≤–∏—è...

You may provide a definition with
\DeclareUnicodeCharacter 


! Package inputenc Error: Unicode character –µ (U+0435)
(inputenc)                not set up for use with LaTeX.

See the inputenc package documentation for explanation.
Type  H <return>  for immediate help.
 ...                                              
                                                  
l.2 \section{–¢–µ–æ—Ä–µ
                       –º–∞ –•–∞–Ω–∞-–ë–∞–Ω–∞—Ö–∞ –∏ –µ–µ —Å–ª–µ–¥—Å—Ç–≤–∏—è...

You may provide a definition with
\DeclareUnicodeCharacter 


! Package inputenc Error: Unicode character –º (U+043C)
(inputenc)                not set up for use with LaTeX.

See the inputenc package documentation for explanation.
Type  H <return>  for immediate help.
 ...                                              
                                                  
l.2 \section{–¢–µ–æ—Ä–µ–º
                         –∞ –•–∞–Ω–∞-–ë–∞–Ω–∞—Ö–∞ –∏ –µ–µ —Å–ª–µ–¥—Å—Ç–≤–∏—è...

You may provide a definition with
\DeclareUnicodeCharacter 


! Package inputenc Error: Unicode character –∞ (U+0430)
(inputenc)                not set up for use with LaTeX.

See the inputenc package documentation for explanation.
Type  H <return>  for immediate help.
 ...                                              
                                                  
l.2 \section{–¢–µ–æ—Ä–µ–º–∞
                            –•–∞–Ω–∞-–ë–∞–Ω–∞—Ö–∞ –∏ –µ–µ —Å–ª–µ–¥—Å—Ç–≤–∏—è...

You may provide a definition with
\DeclareUnicodeCharacter 


! Package inputenc Error: Unicode character –• (U+0425)
(inputenc)                not set up for use with LaTeX.

See the inputenc package documentation for explanation.
Type  H <return>  for immediate help.
 ...                                              
                                                  
l.2 \section{–¢–µ–æ—Ä–µ–º–∞ –•
                              –∞–Ω–∞-–ë–∞–Ω–∞—Ö–∞ –∏ –µ–µ —Å–ª–µ–¥—Å—Ç–≤–∏—è...

You may provide a definition with
\DeclareUnicodeCharacter 


! Package inputenc Error: Unicode character –∞ (U+0430)
(inputenc)                not set up for use with LaTeX.

See the inputenc package documentation for explanation.
Type  H <return>  for immediate help.
 ...                                              
                                                  
l.2 \section{–¢–µ–æ—Ä–µ–º–∞ –•–∞
                                –Ω–∞-–ë–∞–Ω–∞—Ö–∞ –∏ –µ–µ —Å–ª–µ–¥—Å—Ç–≤–∏—è...

You may provide a definition with
\DeclareUnicodeCharacter 


! Package inputenc Error: Unicode character –Ω (U+043D)
(inputenc)                not set up for use with LaTeX.

See the inputenc package documentation for explanation.
Type  H <return>  for immediate help.
 ...                                              
                                                  
l.2 \section{–¢–µ–æ—Ä–µ–º–∞ –•–∞–Ω
                                  –∞-–ë–∞–Ω–∞—Ö–∞ –∏ –µ–µ —Å–ª–µ–¥—Å—Ç–≤–∏—è...

You may provide a definition with
\DeclareUnicodeCharacter 


! Package inputenc Error: Unicode character –∞ (U+0430)
(inputenc)                not set up for use with LaTeX.

See the inputenc package documentation for explanation.
Type  H <return>  for immediate help.
 ...                                              
                                                  
l.2 \section{–¢–µ–æ—Ä–µ–º–∞ –•–∞–Ω–∞
                                    -–ë–∞–Ω–∞—Ö–∞ –∏ –µ–µ —Å–ª–µ–¥—Å—Ç–≤–∏—è...

You may provide a definition with
\DeclareUnicodeCharacter 


! LaTeX Error: Missing \begin{document}.

See the LaTeX manual or LaTeX Companion for explanation.
Type  H <return>  for immediate help.
 ...                                              
                                                  
l.2 \section{–¢–µ–æ—Ä–µ–º–∞ –•–∞–Ω–∞-
                                     –ë–∞–Ω–∞—Ö–∞ –∏ –µ–µ —Å–ª–µ–¥—Å—Ç–≤–∏—è...

You're in trouble here.  Try typing  <return>  to proceed.
If that doesn't work, type  X <return>  to quit.

Missing character: There is no - in font nullfont!

! Package inputenc Error: Unicode character –ë (U+0411)
(inputenc)                not set up for use with LaTeX.

See the inputenc package documentation for explanation.
Type  H <return>  for immediate help.
 ...                                              
                                                  
l.2 \section{–¢–µ–æ—Ä–µ–º–∞ –•–∞–Ω–∞-–ë
                                       –∞–Ω–∞—Ö–∞ –∏ –µ–µ —Å–ª–µ–¥—Å—Ç–≤–∏—è...

You may provide a definition with
\DeclareUnicodeCharacter 


! Package inputenc Error: Unicode character –∞ (U+0430)
(inputenc)                not set up for use with LaTeX.

See the inputenc package documentation for explanation.
Type  H <return>  for immediate help.
 ...                                              
                                                  
l.2 \section{–¢–µ–æ—Ä–µ–º–∞ –•–∞–Ω–∞-–ë–∞
                                         –Ω–∞—Ö–∞ –∏ –µ–µ —Å–ª–µ–¥—Å—Ç–≤–∏—è...

You may provide a definition with
\DeclareUnicodeCharacter 


! Package inputenc Error: Unicode character –Ω (U+043D)
(inputenc)                not set up for use with LaTeX.

See the inputenc package documentation for explanation.
Type  H <return>  for immediate help.
 ...                                              
                                                  
l.2 \section{–¢–µ–æ—Ä–µ–º–∞ –•–∞–Ω–∞-–ë–∞–Ω
                                           –∞—Ö–∞ –∏ –µ–µ —Å–ª–µ–¥—Å—Ç–≤–∏—è...

You may provide a definition with
\DeclareUnicodeCharacter 


! Package inputenc Error: Unicode character –∞ (U+0430)
(inputenc)                not set up for use with LaTeX.

See the inputenc package documentation for explanation.
Type  H <return>  for immediate help.
 ...                                              
                                                  
l.2 \section{–¢–µ–æ—Ä–µ–º–∞ –•–∞–Ω–∞-–ë–∞–Ω–∞
                                             —Ö–∞ –∏ –µ–µ —Å–ª–µ–¥—Å—Ç–≤–∏—è...

You may provide a definition with
\DeclareUnicodeCharacter 


! Package inputenc Error: Unicode character —Ö (U+0445)
(inputenc)                not set up for use with LaTeX.

See the inputenc package documentation for explanation.
Type  H <return>  for immediate help.
 ...                                              
                                                  
l.2 \section{–¢–µ–æ—Ä–µ–º–∞ –•–∞–Ω–∞-–ë–∞–Ω–∞—Ö
                                               –∞ –∏ –µ–µ —Å–ª–µ–¥—Å—Ç–≤–∏—è...

You may provide a definition with
\DeclareUnicodeCharacter 


! Package inputenc Error: Unicode character –∞ (U+0430)
(inputenc)                not set up for use with LaTeX.

See the inputenc package documentation for explanation.
Type  H <return>  for immediate help.
 ...                                              
                                                  
l.2 \section{–¢–µ–æ—Ä–µ–º–∞ –•–∞–Ω–∞-–ë–∞–Ω–∞—Ö–∞
                                                  –∏ –µ–µ —Å–ª–µ–¥—Å—Ç–≤–∏—è...

You may provide a definition with
\DeclareUnicodeCharacter 


! Package inputenc Error: Unicode character –∏ (U+0438)
(inputenc)                not set up for use with LaTeX.

See the inputenc package documentation for explanation.
Type  H <return>  for immediate help.
 ...                                              
                                                  
l.2 ...ion{–¢–µ–æ—Ä–µ–º–∞ –•–∞–Ω–∞-–ë–∞–Ω–∞—Ö–∞ –∏
                                                   –µ–µ —Å–ª–µ–¥—Å—Ç–≤–∏—è –...

You may provide a definition with
\DeclareUnicodeCharacter 


! Package inputenc Error: Unicode character –µ (U+0435)
(inputenc)                not set up for use with LaTeX.

See the inputenc package documentation for explanation.
Type  H <return>  for immediate help.
 ...                                              
                                                  
l.2 ...{–¢–µ–æ—Ä–µ–º–∞ –•–∞–Ω–∞-–ë–∞–Ω–∞—Ö–∞ –∏ –µ
                                                  –µ —Å–ª–µ–¥—Å—Ç–≤–∏—è –≤ –...

You may provide a definition with
\DeclareUnicodeCharacter 


! Package inputenc Error: Unicode character –µ (U+0435)
(inputenc)                not set up for use with LaTeX.

See the inputenc package documentation for explanation.
Type  H <return>  for immediate help.
 ...                                              
                                                  
l.2 ...¢–µ–æ—Ä–µ–º–∞ –•–∞–Ω–∞-–ë–∞–Ω–∞—Ö–∞ –∏ –µ–µ
                                                   —Å–ª–µ–¥—Å—Ç–≤–∏—è –≤ –ª–...

You may provide a definition with
\DeclareUnicodeCharacter 


! Package inputenc Error: Unicode character —Å (U+0441)
(inputenc)                not set up for use with LaTeX.

See the inputenc package documentation for explanation.
Type  H <return>  for immediate help.
 ...                                              
                                                  
l.2 ...–æ—Ä–µ–º–∞ –•–∞–Ω–∞-–ë–∞–Ω–∞—Ö–∞ –∏ –µ–µ —Å
                                                  –ª–µ–¥—Å—Ç–≤–∏—è –≤ –ª–∏–Ω...

You may provide a definition with
\DeclareUnicodeCharacter 


! Package inputenc Error: Unicode character –ª (U+043B)
(inputenc)                not set up for use with LaTeX.

See the inputenc package documentation for explanation.
Type  H <return>  for immediate help.
 ...                                              
                                                  
l.2 ...—Ä–µ–º–∞ –•–∞–Ω–∞-–ë–∞–Ω–∞—Ö–∞ –∏ –µ–µ —Å–ª
                                                  –µ–¥—Å—Ç–≤–∏—è –≤ –ª–∏–Ω–µ...

You may provide a definition with
\DeclareUnicodeCharacter 


! Package inputenc Error: Unicode character –µ (U+0435)
(inputenc)                not set up for use with LaTeX.

See the inputenc package documentation for explanation.
Type  H <return>  for immediate help.
 ...                                              
                                                  
l.2 ...–µ–º–∞ –•–∞–Ω–∞-–ë–∞–Ω–∞—Ö–∞ –∏ –µ–µ —Å–ª–µ
                                                  –¥—Å—Ç–≤–∏—è –≤ –ª–∏–Ω–µ–π...

You may provide a definition with
\DeclareUnicodeCharacter 


! Package inputenc Error: Unicode character –¥ (U+0434)
(inputenc)                not set up for use with LaTeX.

See the inputenc package documentation for explanation.
Type  H <return>  for immediate help.
 ...                                              
                                                  
l.2 ...–º–∞ –•–∞–Ω–∞-–ë–∞–Ω–∞—Ö–∞ –∏ –µ–µ —Å–ª–µ–¥
                                                  —Å—Ç–≤–∏—è –≤ –ª–∏–Ω–µ–π–Ω...

You may provide a definition with
\DeclareUnicodeCharacter 


! Package inputenc Error: Unicode character —Å (U+0441)
(inputenc)                not set up for use with LaTeX.

See the inputenc package documentation for explanation.
Type  H <return>  for immediate help.
 ...                                              
                                                  
l.2 ...–∞ –•–∞–Ω–∞-–ë–∞–Ω–∞—Ö–∞ –∏ –µ–µ —Å–ª–µ–¥—Å
                                                  —Ç–≤–∏—è –≤ –ª–∏–Ω–µ–π–Ω–æ...

You may provide a definition with
\DeclareUnicodeCharacter 


! Package inputenc Error: Unicode character —Ç (U+0442)
(inputenc)                not set up for use with LaTeX.

See the inputenc package documentation for explanation.
Type  H <return>  for immediate help.
 ...                                              
                                                  
l.2 ... –•–∞–Ω–∞-–ë–∞–Ω–∞—Ö–∞ –∏ –µ–µ —Å–ª–µ–¥—Å—Ç
                                                  –≤–∏—è –≤ –ª–∏–Ω–µ–π–Ω–æ–º...

You may provide a definition with
\DeclareUnicodeCharacter 


! Package inputenc Error: Unicode character –≤ (U+0432)
(inputenc)                not set up for use with LaTeX.

See the inputenc package documentation for explanation.
Type  H <return>  for immediate help.
 ...                                              
                                                  
l.2 ...•–∞–Ω–∞-–ë–∞–Ω–∞—Ö–∞ –∏ –µ–µ —Å–ª–µ–¥—Å—Ç–≤
                                                  –∏—è –≤ –ª–∏–Ω–µ–π–Ω–æ–º –...

You may provide a definition with
\DeclareUnicodeCharacter 


! Package inputenc Error: Unicode character –∏ (U+0438)
(inputenc)                not set up for use with LaTeX.

See the inputenc package documentation for explanation.
Type  H <return>  for immediate help.
 ...                                              
                                                  
l.2 ...∞–Ω–∞-–ë–∞–Ω–∞—Ö–∞ –∏ –µ–µ —Å–ª–µ–¥—Å—Ç–≤–∏
                                                  —è –≤ –ª–∏–Ω–µ–π–Ω–æ–º –Ω–...

You may provide a definition with
\DeclareUnicodeCharacter 


! Package inputenc Error: Unicode character —è (U+044F)
(inputenc)                not set up for use with LaTeX.

See the inputenc package documentation for explanation.
Type  H <return>  for immediate help.
 ...                                              
                                                  
l.2 ...Ω–∞-–ë–∞–Ω–∞—Ö–∞ –∏ –µ–µ —Å–ª–µ–¥—Å—Ç–≤–∏—è
                                                   –≤ –ª–∏–Ω–µ–π–Ω–æ–º –Ω–æ—...

You may provide a definition with
\DeclareUnicodeCharacter 


! Package inputenc Error: Unicode character –≤ (U+0432)
(inputenc)                not set up for use with LaTeX.

See the inputenc package documentation for explanation.
Type  H <return>  for immediate help.
 ...                                              
                                                  
l.2 ...-–ë–∞–Ω–∞—Ö–∞ –∏ –µ–µ —Å–ª–µ–¥—Å—Ç–≤–∏—è –≤
                                                   –ª–∏–Ω–µ–π–Ω–æ–º –Ω–æ—Ä–º...

You may provide a definition with
\DeclareUnicodeCharacter 


! Package inputenc Error: Unicode character –ª (U+043B)
(inputenc)                not set up for use with LaTeX.

See the inputenc package documentation for explanation.
Type  H <return>  for immediate help.
 ...                                              
                                                  
l.2 ...–∞–Ω–∞—Ö–∞ –∏ –µ–µ —Å–ª–µ–¥—Å—Ç–≤–∏—è –≤ –ª
                                                  –∏–Ω–µ–π–Ω–æ–º –Ω–æ—Ä–º–∏—...

You may provide a definition with
\DeclareUnicodeCharacter 


! Package inputenc Error: Unicode character –∏ (U+0438)
(inputenc)                not set up for use with LaTeX.

See the inputenc package documentation for explanation.
Type  H <return>  for immediate help.
 ...                                              
                                                  
l.2 ...–Ω–∞—Ö–∞ –∏ –µ–µ —Å–ª–µ–¥—Å—Ç–≤–∏—è –≤ –ª–∏
                                                  –Ω–µ–π–Ω–æ–º –Ω–æ—Ä–º–∏—Ä–...

You may provide a definition with
\DeclareUnicodeCharacter 


! Package inputenc Error: Unicode character –Ω (U+043D)
(inputenc)                not set up for use with LaTeX.

See the inputenc package documentation for explanation.
Type  H <return>  for immediate help.
 ...                                              
                                                  
l.2 ...–∞—Ö–∞ –∏ –µ–µ —Å–ª–µ–¥—Å—Ç–≤–∏—è –≤ –ª–∏–Ω
                                                  –µ–π–Ω–æ–º –Ω–æ—Ä–º–∏—Ä–æ–...

You may provide a definition with
\DeclareUnicodeCharacter 


! Package inputenc Error: Unicode character –µ (U+0435)
(inputenc)                not set up for use with LaTeX.

See the inputenc package documentation for explanation.
Type  H <return>  for immediate help.
 ...                                              
                                                  
l.2 ...—Ö–∞ –∏ –µ–µ —Å–ª–µ–¥—Å—Ç–≤–∏—è –≤ –ª–∏–Ω–µ
                                                  –π–Ω–æ–º –Ω–æ—Ä–º–∏—Ä–æ–≤–...

You may provide a definition with
\DeclareUnicodeCharacter 


! Package inputenc Error: Unicode character –π (U+0439)
(inputenc)                not set up for use with LaTeX.

See the inputenc package documentation for explanation.
Type  H <return>  for immediate help.
 ...                                              
                                                  
l.2 ...–∞ –∏ –µ–µ —Å–ª–µ–¥—Å—Ç–≤–∏—è –≤ –ª–∏–Ω–µ–π
                                                  –Ω–æ–º –Ω–æ—Ä–º–∏—Ä–æ–≤–∞–...

You may provide a definition with
\DeclareUnicodeCharacter 


! Package inputenc Error: Unicode character –Ω (U+043D)
(inputenc)                not set up for use with LaTeX.

See the inputenc package documentation for explanation.
Type  H <return>  for immediate help.
 ...                                              
                                                  
l.2 ... –∏ –µ–µ —Å–ª–µ–¥—Å—Ç–≤–∏—è –≤ –ª–∏–Ω–µ–π–Ω
                                                  –æ–º –Ω–æ—Ä–º–∏—Ä–æ–≤–∞–Ω–...

You may provide a definition with
\DeclareUnicodeCharacter 


! Package inputenc Error: Unicode character –æ (U+043E)
(inputenc)                not set up for use with LaTeX.

See the inputenc package documentation for explanation.
Type  H <return>  for immediate help.
 ...                                              
                                                  
l.2 ...∏ –µ–µ —Å–ª–µ–¥—Å—Ç–≤–∏—è –≤ –ª–∏–Ω–µ–π–Ω–æ
                                                  –º –Ω–æ—Ä–º–∏—Ä–æ–≤–∞–Ω–Ω–...

You may provide a definition with
\DeclareUnicodeCharacter 


! Package inputenc Error: Unicode character –º (U+043C)
(inputenc)                not set up for use with LaTeX.

See the inputenc package documentation for explanation.
Type  H <return>  for immediate help.
 ...                                              
                                                  
l.2 ...–µ–µ —Å–ª–µ–¥—Å—Ç–≤–∏—è –≤ –ª–∏–Ω–µ–π–Ω–æ–º
                                                   –Ω–æ—Ä–º–∏—Ä–æ–≤–∞–Ω–Ω–æ–...

You may provide a definition with
\DeclareUnicodeCharacter 


! Package inputenc Error: Unicode character –Ω (U+043D)
(inputenc)                not set up for use with LaTeX.

See the inputenc package documentation for explanation.
Type  H <return>  for immediate help.
 ...                                              
                                                  
l.2 ...µ —Å–ª–µ–¥—Å—Ç–≤–∏—è –≤ –ª–∏–Ω–µ–π–Ω–æ–º –Ω
                                                  –æ—Ä–º–∏—Ä–æ–≤–∞–Ω–Ω–æ–º –...

You may provide a definition with
\DeclareUnicodeCharacter 


! Package inputenc Error: Unicode character –æ (U+043E)
(inputenc)                not set up for use with LaTeX.

See the inputenc package documentation for explanation.
Type  H <return>  for immediate help.
 ...                                              
                                                  
l.2 ...—Å–ª–µ–¥—Å—Ç–≤–∏—è –≤ –ª–∏–Ω–µ–π–Ω–æ–º –Ω–æ
                                                  —Ä–º–∏—Ä–æ–≤–∞–Ω–Ω–æ–º –ø—...

You may provide a definition with
\DeclareUnicodeCharacter 


! Package inputenc Error: Unicode character —Ä (U+0440)
(inputenc)                not set up for use with LaTeX.

See the inputenc package documentation for explanation.
Type  H <return>  for immediate help.
 ...                                              
                                                  
l.2 ...–ª–µ–¥—Å—Ç–≤–∏—è –≤ –ª–∏–Ω–µ–π–Ω–æ–º –Ω–æ—Ä
                                                  –º–∏—Ä–æ–≤–∞–Ω–Ω–æ–º –ø—Ä–...

You may provide a definition with
\DeclareUnicodeCharacter 


! Package inputenc Error: Unicode character –º (U+043C)
(inputenc)                not set up for use with LaTeX.

See the inputenc package documentation for explanation.
Type  H <return>  for immediate help.
 ...                                              
                                                  
l.2 ...–µ–¥—Å—Ç–≤–∏—è –≤ –ª–∏–Ω–µ–π–Ω–æ–º –Ω–æ—Ä–º
                                                  –∏—Ä–æ–≤–∞–Ω–Ω–æ–º –ø—Ä–æ—...

You may provide a definition with
\DeclareUnicodeCharacter 


! Package inputenc Error: Unicode character –∏ (U+0438)
(inputenc)                not set up for use with LaTeX.

See the inputenc package documentation for explanation.
Type  H <return>  for immediate help.
 ...                                              
                                                  
l.2 ...–¥—Å—Ç–≤–∏—è –≤ –ª–∏–Ω–µ–π–Ω–æ–º –Ω–æ—Ä–º–∏
                                                  —Ä–æ–≤–∞–Ω–Ω–æ–º –ø—Ä–æ—Å—...

You may provide a definition with
\DeclareUnicodeCharacter 


! Package inputenc Error: Unicode character —Ä (U+0440)
(inputenc)                not set up for use with LaTeX.

See the inputenc package documentation for explanation.
Type  H <return>  for immediate help.
 ...                                              
                                                  
l.2 ...—Å—Ç–≤–∏—è –≤ –ª–∏–Ω–µ–π–Ω–æ–º –Ω–æ—Ä–º–∏—Ä
                                                  –æ–≤–∞–Ω–Ω–æ–º –ø—Ä–æ—Å—Ç—...

You may provide a definition with
\DeclareUnicodeCharacter 


! Package inputenc Error: Unicode character –æ (U+043E)
(inputenc)                not set up for use with LaTeX.

See the inputenc package documentation for explanation.
Type  H <return>  for immediate help.
 ...                                              
                                                  
l.2 ...—Ç–≤–∏—è –≤ –ª–∏–Ω–µ–π–Ω–æ–º –Ω–æ—Ä–º–∏—Ä–æ
                                                  –≤–∞–Ω–Ω–æ–º –ø—Ä–æ—Å—Ç—Ä–...

You may provide a definition with
\DeclareUnicodeCharacter 


! Package inputenc Error: Unicode character –≤ (U+0432)
(inputenc)                not set up for use with LaTeX.

See the inputenc package documentation for explanation.
Type  H <return>  for immediate help.
 ...                                              
                                                  
l.2 ...–≤–∏—è –≤ –ª–∏–Ω–µ–π–Ω–æ–º –Ω–æ—Ä–º–∏—Ä–æ–≤
                                                  –∞–Ω–Ω–æ–º –ø—Ä–æ—Å—Ç—Ä–∞–...

You may provide a definition with
\DeclareUnicodeCharacter 


! Package inputenc Error: Unicode character –∞ (U+0430)
(inputenc)                not set up for use with LaTeX.

See the inputenc package documentation for explanation.
Type  H <return>  for immediate help.
 ...                                              
                                                  
l.2 ...–∏—è –≤ –ª–∏–Ω–µ–π–Ω–æ–º –Ω–æ—Ä–º–∏—Ä–æ–≤–∞
                                                  –Ω–Ω–æ–º –ø—Ä–æ—Å—Ç—Ä–∞–Ω—...

You may provide a definition with
\DeclareUnicodeCharacter 


! Package inputenc Error: Unicode character –Ω (U+043D)
(inputenc)                not set up for use with LaTeX.

See the inputenc package documentation for explanation.
Type  H <return>  for immediate help.
 ...                                              
                                                  
l.2 ...—è –≤ –ª–∏–Ω–µ–π–Ω–æ–º –Ω–æ—Ä–º–∏—Ä–æ–≤–∞–Ω
                                                  –Ω–æ–º –ø—Ä–æ—Å—Ç—Ä–∞–Ω—Å—...

You may provide a definition with
\DeclareUnicodeCharacter 


! Package inputenc Error: Unicode character –Ω (U+043D)
(inputenc)                not set up for use with LaTeX.

See the inputenc package documentation for explanation.
Type  H <return>  for immediate help.
 ...                                              
                                                  
l.2 ... –≤ –ª–∏–Ω–µ–π–Ω–æ–º –Ω–æ—Ä–º–∏—Ä–æ–≤–∞–Ω–Ω
                                                  –æ–º –ø—Ä–æ—Å—Ç—Ä–∞–Ω—Å—Ç–...

You may provide a definition with
\DeclareUnicodeCharacter 


! Package inputenc Error: Unicode character –æ (U+043E)
(inputenc)                not set up for use with LaTeX.

See the inputenc package documentation for explanation.
Type  H <return>  for immediate help.
 ...                                              
                                                  
l.2 ...≤ –ª–∏–Ω–µ–π–Ω–æ–º –Ω–æ—Ä–º–∏—Ä–æ–≤–∞–Ω–Ω–æ
                                                  –º –ø—Ä–æ—Å—Ç—Ä–∞–Ω—Å—Ç–≤–µ.}

You may provide a definition with
\DeclareUnicodeCharacter 


! Package inputenc Error: Unicode character –º (U+043C)
(inputenc)                not set up for use with LaTeX.

See the inputenc package documentation for explanation.
Type  H <return>  for immediate help.
 ...                                              
                                                  
l.2 ...–ª–∏–Ω–µ–π–Ω–æ–º –Ω–æ—Ä–º–∏—Ä–æ–≤–∞–Ω–Ω–æ–º
                                                   –ø—Ä–æ—Å—Ç—Ä–∞–Ω—Å—Ç–≤–µ.}
You may provide a definition with
\DeclareUnicodeCharacter 


! Package inputenc Error: Unicode character –ø (U+043F)
(inputenc)                not set up for use with LaTeX.

See the inputenc package documentation for explanation.
Type  H <return>  for immediate help.
 ...                                              
                                                  
l.2 ...∏–Ω–µ–π–Ω–æ–º –Ω–æ—Ä–º–∏—Ä–æ–≤–∞–Ω–Ω–æ–º –ø
                                                  —Ä–æ—Å—Ç—Ä–∞–Ω—Å—Ç–≤–µ.}
You may provide a definition with
\DeclareUnicodeCharacter 


! Package inputenc Error: Unicode character —Ä (U+0440)
(inputenc)                not set up for use with LaTeX.

See the inputenc package documentation for explanation.
Type  H <return>  for immediate help.
 ...                                              
                                                  
l.2 ...Ω–µ–π–Ω–æ–º –Ω–æ—Ä–º–∏—Ä–æ–≤–∞–Ω–Ω–æ–º –ø—Ä
                                                  –æ—Å—Ç—Ä–∞–Ω—Å—Ç–≤–µ.}
You may provide a definition with
\DeclareUnicodeCharacter 


! Package inputenc Error: Unicode character –æ (U+043E)
(inputenc)                not set up for use with LaTeX.

See the inputenc package documentation for explanation.
Type  H <return>  for immediate help.
 ...                                              
                                                  
l.2 ...µ–π–Ω–æ–º –Ω–æ—Ä–º–∏—Ä–æ–≤–∞–Ω–Ω–æ–º –ø—Ä–æ
                                                  —Å—Ç—Ä–∞–Ω—Å—Ç–≤–µ.}
You may provide a definition with
\DeclareUnicodeCharacter 


! Package inputenc Error: Unicode character —Å (U+0441)
(inputenc)                not set up for use with LaTeX.

See the inputenc package documentation for explanation.
Type  H <return>  for immediate help.
 ...                                              
                                                  
l.2 ...π–Ω–æ–º –Ω–æ—Ä–º–∏—Ä–æ–≤–∞–Ω–Ω–æ–º –ø—Ä–æ—Å
                                                  —Ç—Ä–∞–Ω—Å—Ç–≤–µ.}
You may provide a definition with
\DeclareUnicodeCharacter 


! Package inputenc Error: Unicode character —Ç (U+0442)
(inputenc)                not set up for use with LaTeX.

See the inputenc package documentation for explanation.
Type  H <return>  for immediate help.
 ...                                              
                                                  
l.2 ...Ω–æ–º –Ω–æ—Ä–º–∏—Ä–æ–≤–∞–Ω–Ω–æ–º –ø—Ä–æ—Å—Ç
                                                  —Ä–∞–Ω—Å—Ç–≤–µ.}
You may provide a definition with
\DeclareUnicodeCharacter 


! Package inputenc Error: Unicode character —Ä (U+0440)
(inputenc)                not set up for use with LaTeX.

See the inputenc package documentation for explanation.
Type  H <return>  for immediate help.
 ...                                              
                                                  
l.2 ...æ–º –Ω–æ—Ä–º–∏—Ä–æ–≤–∞–Ω–Ω–æ–º –ø—Ä–æ—Å—Ç—Ä
                                                  –∞–Ω—Å—Ç–≤–µ.}
You may provide a definition with
\DeclareUnicodeCharacter 


! Package inputenc Error: Unicode character –∞ (U+0430)
(inputenc)                not set up for use with LaTeX.

See the inputenc package documentation for explanation.
Type  H <return>  for immediate help.
 ...                                              
                                                  
l.2 ...º –Ω–æ—Ä–º–∏—Ä–æ–≤–∞–Ω–Ω–æ–º –ø—Ä–æ—Å—Ç—Ä–∞
                                                  –Ω—Å—Ç–≤–µ.}
You may provide a definition with
\DeclareUnicodeCharacter 


! Package inputenc Error: Unicode character –Ω (U+043D)
(inputenc)                not set up for use with LaTeX.

See the inputenc package documentation for explanation.
Type  H <return>  for immediate help.
 ...                                              
                                                  
l.2 ...–Ω–æ—Ä–º–∏—Ä–æ–≤–∞–Ω–Ω–æ–º –ø—Ä–æ—Å—Ç—Ä–∞–Ω
                                                  —Å—Ç–≤–µ.}
You may provide a definition with
\DeclareUnicodeCharacter 


! Package inputenc Error: Unicode character —Å (U+0441)
(inputenc)                not set up for use with LaTeX.

See the inputenc package documentation for explanation.
Type  H <return>  for immediate help.
 ...                                              
                                                  
l.2 ...–æ—Ä–º–∏—Ä–æ–≤–∞–Ω–Ω–æ–º –ø—Ä–æ—Å—Ç—Ä–∞–Ω—Å
                                                  —Ç–≤–µ.}
You may provide a definition with
\DeclareUnicodeCharacter 


! Package inputenc Error: Unicode character —Ç (U+0442)
(inputenc)                not set up for use with LaTeX.

See the inputenc package documentation for explanation.
Type  H <return>  for immediate help.
 ...                                              
                                                  
l.2 ...—Ä–º–∏—Ä–æ–≤–∞–Ω–Ω–æ–º –ø—Ä–æ—Å—Ç—Ä–∞–Ω—Å—Ç
                                                  –≤–µ.}
You may provide a definition with
\DeclareUnicodeCharacter 


! Package inputenc Error: Unicode character –≤ (U+0432)
(inputenc)                not set up for use with LaTeX.

See the inputenc package documentation for explanation.
Type  H <return>  for immediate help.
 ...                                              
                                                  
l.2 ...–º–∏—Ä–æ–≤–∞–Ω–Ω–æ–º –ø—Ä–æ—Å—Ç—Ä–∞–Ω—Å—Ç–≤
                                                  –µ.}
You may provide a definition with
\DeclareUnicodeCharacter 


! Package inputenc Error: Unicode character –µ (U+0435)
(inputenc)                not set up for use with LaTeX.

See the inputenc package documentation for explanation.
Type  H <return>  for immediate help.
 ...                                              
                                                  
l.2 ...–∏—Ä–æ–≤–∞–Ω–Ω–æ–º –ø—Ä–æ—Å—Ç—Ä–∞–Ω—Å—Ç–≤–µ
                                                  .}
You may provide a definition with
\DeclareUnicodeCharacter 

Missing character: There is no . in font nullfont!

Overfull \hbox (20.0pt too wide) in paragraph at lines 2--3
[]
 []


! LaTeX Error: Environment definition undefined.

See the LaTeX manual or LaTeX Companion for explanation.
Type  H <return>  for immediate help.
 ...                                              
                                                  
l.4 \begin{definition}
                      
Your command was ignored.
Type  I <command> <return>  to replace it with another command,
or  <return>  to continue without it.


! Package inputenc Error: Unicode character –≠ (U+042D)
(inputenc)                not set up for use with LaTeX.

See the inputenc package documentation for explanation.
Type  H <return>  for immediate help.
 ...                                              
                                                  
l.5 	–≠
       –ª–µ–º–µ–Ω—Ç –ø—Ä–æ—Å—Ç—Ä–∞–Ω—Å—Ç–≤–∞ $\CL(X, \Cx)$ –Ω–∞–∑—ã–≤–∞–µ—Ç—...

You may provide a definition with
\DeclareUnicodeCharacter 


! Package inputenc Error: Unicode character –ª (U+043B)
(inputenc)                not set up for use with LaTeX.

See the inputenc package documentation for explanation.
Type  H <return>  for immediate help.
 ...                                              
                                                  
l.5 	–≠–ª
         –µ–º–µ–Ω—Ç –ø—Ä–æ—Å—Ç—Ä–∞–Ω—Å—Ç–≤–∞ $\CL(X, \Cx)$ –Ω–∞–∑—ã–≤–∞–µ—Ç—...

You may provide a definition with
\DeclareUnicodeCharacter 


! Package inputenc Error: Unicode character –µ (U+0435)
(inputenc)                not set up for use with LaTeX.

See the inputenc package documentation for explanation.
Type  H <return>  for immediate help.
 ...                                              
                                                  
l.5 	–≠–ª–µ
           –º–µ–Ω—Ç –ø—Ä–æ—Å—Ç—Ä–∞–Ω—Å—Ç–≤–∞ $\CL(X, \Cx)$ –Ω–∞–∑—ã–≤–∞–µ—Ç—...

You may provide a definition with
\DeclareUnicodeCharacter 


! Package inputenc Error: Unicode character –º (U+043C)
(inputenc)                not set up for use with LaTeX.

See the inputenc package documentation for explanation.
Type  H <return>  for immediate help.
 ...                                              
                                                  
l.5 	–≠–ª–µ–º
             –µ–Ω—Ç –ø—Ä–æ—Å—Ç—Ä–∞–Ω—Å—Ç–≤–∞ $\CL(X, \Cx)$ –Ω–∞–∑—ã–≤–∞–µ—Ç—...

You may provide a definition with
\DeclareUnicodeCharacter 


! Package inputenc Error: Unicode character –µ (U+0435)
(inputenc)                not set up for use with LaTeX.

See the inputenc package documentation for explanation.
Type  H <return>  for immediate help.
 ...                                              
                                                  
l.5 	–≠–ª–µ–º–µ
               –Ω—Ç –ø—Ä–æ—Å—Ç—Ä–∞–Ω—Å—Ç–≤–∞ $\CL(X, \Cx)$ –Ω–∞–∑—ã–≤–∞–µ—Ç—...

You may provide a definition with
\DeclareUnicodeCharacter 


! Package inputenc Error: Unicode character –Ω (U+043D)
(inputenc)                not set up for use with LaTeX.

See the inputenc package documentation for explanation.
Type  H <return>  for immediate help.
 ...                                              
                                                  
l.5 	–≠–ª–µ–º–µ–Ω
                 —Ç –ø—Ä–æ—Å—Ç—Ä–∞–Ω—Å—Ç–≤–∞ $\CL(X, \Cx)$ –Ω–∞–∑—ã–≤–∞–µ—Ç—...

You may provide a definition with
\DeclareUnicodeCharacter 


! Package inputenc Error: Unicode character —Ç (U+0442)
(inputenc)                not set up for use with LaTeX.

See the inputenc package documentation for explanation.
Type  H <return>  for immediate help.
 ...                                              
                                                  
l.5 	–≠–ª–µ–º–µ–Ω—Ç
                    –ø—Ä–æ—Å—Ç—Ä–∞–Ω—Å—Ç–≤–∞ $\CL(X, \Cx)$ –Ω–∞–∑—ã–≤–∞–µ—Ç—...

You may provide a definition with
\DeclareUnicodeCharacter 


! Package inputenc Error: Unicode character –ø (U+043F)
(inputenc)                not set up for use with LaTeX.

See the inputenc package documentation for explanation.
Type  H <return>  for immediate help.
 ...                                              
                                                  
l.5 	–≠–ª–µ–º–µ–Ω—Ç –ø
                      —Ä–æ—Å—Ç—Ä–∞–Ω—Å—Ç–≤–∞ $\CL(X, \Cx)$ –Ω–∞–∑—ã–≤–∞–µ—Ç—...

You may provide a definition with
\DeclareUnicodeCharacter 


! Package inputenc Error: Unicode character —Ä (U+0440)
(inputenc)                not set up for use with LaTeX.

See the inputenc package documentation for explanation.
Type  H <return>  for immediate help.
 ...                                              
                                                  
l.5 	–≠–ª–µ–º–µ–Ω—Ç –ø—Ä
                        –æ—Å—Ç—Ä–∞–Ω—Å—Ç–≤–∞ $\CL(X, \Cx)$ –Ω–∞–∑—ã–≤–∞–µ—Ç—...

You may provide a definition with
\DeclareUnicodeCharacter 


! Package inputenc Error: Unicode character –æ (U+043E)
(inputenc)                not set up for use with LaTeX.

See the inputenc package documentation for explanation.
Type  H <return>  for immediate help.
 ...                                              
                                                  
l.5 	–≠–ª–µ–º–µ–Ω—Ç –ø—Ä–æ
                          —Å—Ç—Ä–∞–Ω—Å—Ç–≤–∞ $\CL(X, \Cx)$ –Ω–∞–∑—ã–≤–∞–µ—Ç—...

You may provide a definition with
\DeclareUnicodeCharacter 


! Package inputenc Error: Unicode character —Å (U+0441)
(inputenc)                not set up for use with LaTeX.

See the inputenc package documentation for explanation.
Type  H <return>  for immediate help.
 ...                                              
                                                  
l.5 	–≠–ª–µ–º–µ–Ω—Ç –ø—Ä–æ—Å
                            —Ç—Ä–∞–Ω—Å—Ç–≤–∞ $\CL(X, \Cx)$ –Ω–∞–∑—ã–≤–∞–µ—Ç—...

You may provide a definition with
\DeclareUnicodeCharacter 


! Package inputenc Error: Unicode character —Ç (U+0442)
(inputenc)                not set up for use with LaTeX.

See the inputenc package documentation for explanation.
Type  H <return>  for immediate help.
 ...                                              
                                                  
l.5 	–≠–ª–µ–º–µ–Ω—Ç –ø—Ä–æ—Å—Ç
                              —Ä–∞–Ω—Å—Ç–≤–∞ $\CL(X, \Cx)$ –Ω–∞–∑—ã–≤–∞–µ—Ç—...

You may provide a definition with
\DeclareUnicodeCharacter 


! Package inputenc Error: Unicode character —Ä (U+0440)
(inputenc)                not set up for use with LaTeX.

See the inputenc package documentation for explanation.
Type  H <return>  for immediate help.
 ...                                              
                                                  
l.5 	–≠–ª–µ–º–µ–Ω—Ç –ø—Ä–æ—Å—Ç—Ä
                                –∞–Ω—Å—Ç–≤–∞ $\CL(X, \Cx)$ –Ω–∞–∑—ã–≤–∞–µ—Ç—...

You may provide a definition with
\DeclareUnicodeCharacter 


! Package inputenc Error: Unicode character –∞ (U+0430)
(inputenc)                not set up for use with LaTeX.

See the inputenc package documentation for explanation.
Type  H <return>  for immediate help.
 ...                                              
                                                  
l.5 	–≠–ª–µ–º–µ–Ω—Ç –ø—Ä–æ—Å—Ç—Ä–∞
                                  –Ω—Å—Ç–≤–∞ $\CL(X, \Cx)$ –Ω–∞–∑—ã–≤–∞–µ—Ç—...

You may provide a definition with
\DeclareUnicodeCharacter 


! Package inputenc Error: Unicode character –Ω (U+043D)
(inputenc)                not set up for use with LaTeX.

See the inputenc package documentation for explanation.
Type  H <return>  for immediate help.
 ...                                              
                                                  
l.5 	–≠–ª–µ–º–µ–Ω—Ç –ø—Ä–æ—Å—Ç—Ä–∞–Ω
                                    —Å—Ç–≤–∞ $\CL(X, \Cx)$ –Ω–∞–∑—ã–≤–∞–µ—Ç—...

You may provide a definition with
\DeclareUnicodeCharacter 


! Package inputenc Error: Unicode character —Å (U+0441)
(inputenc)                not set up for use with LaTeX.

See the inputenc package documentation for explanation.
Type  H <return>  for immediate help.
 ...                                              
                                                  
l.5 	–≠–ª–µ–º–µ–Ω—Ç –ø—Ä–æ—Å—Ç—Ä–∞–Ω—Å
                                      —Ç–≤–∞ $\CL(X, \Cx)$ –Ω–∞–∑—ã–≤–∞–µ—Ç—...

You may provide a definition with
\DeclareUnicodeCharacter 


! Package inputenc Error: Unicode character —Ç (U+0442)
(inputenc)                not set up for use with LaTeX.

See the inputenc package documentation for explanation.
Type  H <return>  for immediate help.
 ...                                              
                                                  
l.5 	–≠–ª–µ–º–µ–Ω—Ç –ø—Ä–æ—Å—Ç—Ä–∞–Ω—Å—Ç
                                        –≤–∞ $\CL(X, \Cx)$ –Ω–∞–∑—ã–≤–∞–µ—Ç—...

You may provide a definition with
\DeclareUnicodeCharacter 


! Package inputenc Error: Unicode character –≤ (U+0432)
(inputenc)                not set up for use with LaTeX.

See the inputenc package documentation for explanation.
Type  H <return>  for immediate help.
 ...                                              
                                                  
l.5 	–≠–ª–µ–º–µ–Ω—Ç –ø—Ä–æ—Å—Ç—Ä–∞–Ω—Å—Ç–≤
                                          –∞ $\CL(X, \Cx)$ –Ω–∞–∑—ã–≤–∞–µ—Ç—...

You may provide a definition with
\DeclareUnicodeCharacter 


! Package inputenc Error: Unicode character –∞ (U+0430)
(inputenc)                not set up for use with LaTeX.

See the inputenc package documentation for explanation.
Type  H <return>  for immediate help.
 ...                                              
                                                  
l.5 	–≠–ª–µ–º–µ–Ω—Ç –ø—Ä–æ—Å—Ç—Ä–∞–Ω—Å—Ç–≤–∞
                                             $\CL(X, \Cx)$ –Ω–∞–∑—ã–≤–∞–µ—Ç—...

You may provide a definition with
\DeclareUnicodeCharacter 


! LaTeX Error: Missing \begin{document}.

See the LaTeX manual or LaTeX Companion for explanation.
Type  H <return>  for immediate help.
 ...                                              
                                                  
l.5 	–≠–ª–µ–º–µ–Ω—Ç –ø—Ä–æ—Å—Ç—Ä–∞–Ω—Å—Ç–≤–∞ $
                                              \CL(X, \Cx)$ –Ω–∞–∑—ã–≤–∞–µ—Ç—...

You're in trouble here.  Try typing  <return>  to proceed.
If that doesn't work, type  X <return>  to quit.

LaTeX Font Info:    External font `cmex10' loaded for size
(Font)              <7> on input line 5.
LaTeX Font Info:    External font `cmex10' loaded for size
(Font)              <5> on input line 5.
! Undefined control sequence.
<recently read> \CL 
                    
l.5 	–≠–ª–µ–º–µ–Ω—Ç –ø—Ä–æ—Å—Ç—Ä–∞–Ω—Å—Ç–≤–∞ $\CL
                                                 (X, \Cx)$ –Ω–∞–∑—ã–≤–∞–µ—Ç—...
The control sequence at the end of the top line
of your error message was never \def'ed. If you have
misspelled it (e.g., `\hobx'), type `I' and the correct
spelling (e.g., `I\hbox'). Otherwise just continue,
and I'll forget about whatever was undefined.

! Undefined control sequence.
l.5 ...–µ–Ω—Ç –ø—Ä–æ—Å—Ç—Ä–∞–Ω—Å—Ç–≤–∞ $\CL(X, \Cx
                                                  )$ –Ω–∞–∑—ã–≤–∞–µ—Ç—Å—è –ª...
The control sequence at the end of the top line
of your error message was never \def'ed. If you have
misspelled it (e.g., `\hobx'), type `I' and the correct
spelling (e.g., `I\hbox'). Otherwise just continue,
and I'll forget about whatever was undefined.


! Package inputenc Error: Unicode character –Ω (U+043D)
(inputenc)                not set up for use with LaTeX.

See the inputenc package documentation for explanation.
Type  H <return>  for immediate help.
 ...                                              
                                                  
l.5 ...Ç –ø—Ä–æ—Å—Ç—Ä–∞–Ω—Å—Ç–≤–∞ $\CL(X, \Cx)$ –Ω
                                                  –∞–∑—ã–≤–∞–µ—Ç—Å—è –ª–∏–Ω–...

You may provide a definition with
\DeclareUnicodeCharacter 


! Package inputenc Error: Unicode character –∞ (U+0430)
(inputenc)                not set up for use with LaTeX.

See the inputenc package documentation for explanation.
Type  H <return>  for immediate help.
 ...                                              
                                                  
l.5 ...–ø—Ä–æ—Å—Ç—Ä–∞–Ω—Å—Ç–≤–∞ $\CL(X, \Cx)$ –Ω–∞
                                                  –∑—ã–≤–∞–µ—Ç—Å—è –ª–∏–Ω–µ–...

You may provide a definition with
\DeclareUnicodeCharacter 


! Package inputenc Error: Unicode character –∑ (U+0437)
(inputenc)                not set up for use with LaTeX.

See the inputenc package documentation for explanation.
Type  H <return>  for immediate help.
 ...                                              
                                                  
l.5 ...—Ä–æ—Å—Ç—Ä–∞–Ω—Å—Ç–≤–∞ $\CL(X, \Cx)$ –Ω–∞–∑
                                                  —ã–≤–∞–µ—Ç—Å—è –ª–∏–Ω–µ–π–...

You may provide a definition with
\DeclareUnicodeCharacter 


! Package inputenc Error: Unicode character —ã (U+044B)
(inputenc)                not set up for use with LaTeX.

See the inputenc package documentation for explanation.
Type  H <return>  for immediate help.
 ...                                              
                                                  
l.5 ...–æ—Å—Ç—Ä–∞–Ω—Å—Ç–≤–∞ $\CL(X, \Cx)$ –Ω–∞–∑—ã
                                                  –≤–∞–µ—Ç—Å—è –ª–∏–Ω–µ–π–Ω—...

You may provide a definition with
\DeclareUnicodeCharacter 


! Package inputenc Error: Unicode character –≤ (U+0432)
(inputenc)                not set up for use with LaTeX.

See the inputenc package documentation for explanation.
Type  H <return>  for immediate help.
 ...                                              
                                                  
l.5 ...—Å—Ç—Ä–∞–Ω—Å—Ç–≤–∞ $\CL(X, \Cx)$ –Ω–∞–∑—ã–≤
                                                  –∞–µ—Ç—Å—è –ª–∏–Ω–µ–π–Ω—ã–...

You may provide a definition with
\DeclareUnicodeCharacter 


! Package inputenc Error: Unicode character –∞ (U+0430)
(inputenc)                not set up for use with LaTeX.

See the inputenc package documentation for explanation.
Type  H <return>  for immediate help.
 ...                                              
                                                  
l.5 ...—Ç—Ä–∞–Ω—Å—Ç–≤–∞ $\CL(X, \Cx)$ –Ω–∞–∑—ã–≤–∞
                                                  –µ—Ç—Å—è –ª–∏–Ω–µ–π–Ω—ã–º ...

You may provide a definition with
\DeclareUnicodeCharacter 


! Package inputenc Error: Unicode character –µ (U+0435)
(inputenc)                not set up for use with LaTeX.

See the inputenc package documentation for explanation.
Type  H <return>  for immediate help.
 ...                                              
                                                  
l.5 ...—Ä–∞–Ω—Å—Ç–≤–∞ $\CL(X, \Cx)$ –Ω–∞–∑—ã–≤–∞–µ
                                                  —Ç—Å—è –ª–∏–Ω–µ–π–Ω—ã–º –Ω...

You may provide a definition with
\DeclareUnicodeCharacter 


! Package inputenc Error: Unicode character —Ç (U+0442)
(inputenc)                not set up for use with LaTeX.

See the inputenc package documentation for explanation.
Type  H <return>  for immediate help.
 ...                                              
                                                  
l.5 ...–∞–Ω—Å—Ç–≤–∞ $\CL(X, \Cx)$ –Ω–∞–∑—ã–≤–∞–µ—Ç
                                                  —Å—è –ª–∏–Ω–µ–π–Ω—ã–º –Ω–µ...

You may provide a definition with
\DeclareUnicodeCharacter 


! Package inputenc Error: Unicode character —Å (U+0441)
(inputenc)                not set up for use with LaTeX.

See the inputenc package documentation for explanation.
Type  H <return>  for immediate help.
 ...                                              
                                                  
l.5 ...–Ω—Å—Ç–≤–∞ $\CL(X, \Cx)$ –Ω–∞–∑—ã–≤–∞–µ—Ç—Å
                                                  —è –ª–∏–Ω–µ–π–Ω—ã–º –Ω–µ–ø...

You may provide a definition with
\DeclareUnicodeCharacter 


! Package inputenc Error: Unicode character —è (U+044F)
(inputenc)                not set up for use with LaTeX.

See the inputenc package documentation for explanation.
Type  H <return>  for immediate help.
 ...                                              
                                                  
l.5 ...—Å—Ç–≤–∞ $\CL(X, \Cx)$ –Ω–∞–∑—ã–≤–∞–µ—Ç—Å—è
                                                   –ª–∏–Ω–µ–π–Ω—ã–º –Ω–µ–ø—Ä...

You may provide a definition with
\DeclareUnicodeCharacter 


! Package inputenc Error: Unicode character –ª (U+043B)
(inputenc)                not set up for use with LaTeX.

See the inputenc package documentation for explanation.
Type  H <return>  for immediate help.
 ...                                              
                                                  
l.5 ...Ç–≤–∞ $\CL(X, \Cx)$ –Ω–∞–∑—ã–≤–∞–µ—Ç—Å—è –ª
                                                  –∏–Ω–µ–π–Ω—ã–º –Ω–µ–ø—Ä–µ—...

You may provide a definition with
\DeclareUnicodeCharacter 


! Package inputenc Error: Unicode character –∏ (U+0438)
(inputenc)                not set up for use with LaTeX.

See the inputenc package documentation for explanation.
Type  H <return>  for immediate help.
 ...                                              
                                                  
l.5 ...≤–∞ $\CL(X, \Cx)$ –Ω–∞–∑—ã–≤–∞–µ—Ç—Å—è –ª–∏
                                                  –Ω–µ–π–Ω—ã–º –Ω–µ–ø—Ä–µ—Ä—...

You may provide a definition with
\DeclareUnicodeCharacter 


! Package inputenc Error: Unicode character –Ω (U+043D)
(inputenc)                not set up for use with LaTeX.

See the inputenc package documentation for explanation.
Type  H <return>  for immediate help.
 ...                                              
                                                  
l.5 ...∞ $\CL(X, \Cx)$ –Ω–∞–∑—ã–≤–∞–µ—Ç—Å—è –ª–∏–Ω
                                                  –µ–π–Ω—ã–º –Ω–µ–ø—Ä–µ—Ä—ã–...

You may provide a definition with
\DeclareUnicodeCharacter 


! Package inputenc Error: Unicode character –µ (U+0435)
(inputenc)                not set up for use with LaTeX.

See the inputenc package documentation for explanation.
Type  H <return>  for immediate help.
 ...                                              
                                                  
l.5 ...$\CL(X, \Cx)$ –Ω–∞–∑—ã–≤–∞–µ—Ç—Å—è –ª–∏–Ω–µ
                                                  –π–Ω—ã–º –Ω–µ–ø—Ä–µ—Ä—ã–≤–...

You may provide a definition with
\DeclareUnicodeCharacter 


! Package inputenc Error: Unicode character –π (U+0439)
(inputenc)                not set up for use with LaTeX.

See the inputenc package documentation for explanation.
Type  H <return>  for immediate help.
 ...                                              
                                                  
l.5 ...CL(X, \Cx)$ –Ω–∞–∑—ã–≤–∞–µ—Ç—Å—è –ª–∏–Ω–µ–π
                                                  –Ω—ã–º –Ω–µ–ø—Ä–µ—Ä—ã–≤–Ω—...

You may provide a definition with
\DeclareUnicodeCharacter 


! Package inputenc Error: Unicode character –Ω (U+043D)
(inputenc)                not set up for use with LaTeX.

See the inputenc package documentation for explanation.
Type  H <return>  for immediate help.
 ...                                              
                                                  
l.5 ...(X, \Cx)$ –Ω–∞–∑—ã–≤–∞–µ—Ç—Å—è –ª–∏–Ω–µ–π–Ω
                                                  —ã–º –Ω–µ–ø—Ä–µ—Ä—ã–≤–Ω—ã–...

You may provide a definition with
\DeclareUnicodeCharacter 


! Package inputenc Error: Unicode character —ã (U+044B)
(inputenc)                not set up for use with LaTeX.

See the inputenc package documentation for explanation.
Type  H <return>  for immediate help.
 ...                                              
                                                  
l.5 ..., \Cx)$ –Ω–∞–∑—ã–≤–∞–µ—Ç—Å—è –ª–∏–Ω–µ–π–Ω—ã
                                                  –º –Ω–µ–ø—Ä–µ—Ä—ã–≤–Ω—ã–º ...

You may provide a definition with
\DeclareUnicodeCharacter 


! Package inputenc Error: Unicode character –º (U+043C)
(inputenc)                not set up for use with LaTeX.

See the inputenc package documentation for explanation.
Type  H <return>  for immediate help.
 ...                                              
                                                  
l.5 ...\Cx)$ –Ω–∞–∑—ã–≤–∞–µ—Ç—Å—è –ª–∏–Ω–µ–π–Ω—ã–º
                                                   –Ω–µ–ø—Ä–µ—Ä—ã–≤–Ω—ã–º —Ñ...

You may provide a definition with
\DeclareUnicodeCharacter 


! Package inputenc Error: Unicode character –Ω (U+043D)
(inputenc)                not set up for use with LaTeX.

See the inputenc package documentation for explanation.
Type  H <return>  for immediate help.
 ...                                              
                                                  
l.5 ...)$ –Ω–∞–∑—ã–≤–∞–µ—Ç—Å—è –ª–∏–Ω–µ–π–Ω—ã–º –Ω
                                                  –µ–ø—Ä–µ—Ä—ã–≤–Ω—ã–º —Ñ—É–...

You may provide a definition with
\DeclareUnicodeCharacter 


! Package inputenc Error: Unicode character –µ (U+0435)
(inputenc)                not set up for use with LaTeX.

See the inputenc package documentation for explanation.
Type  H <return>  for immediate help.
 ...                                              
                                                  
l.5 ... –Ω–∞–∑—ã–≤–∞–µ—Ç—Å—è –ª–∏–Ω–µ–π–Ω—ã–º –Ω–µ
                                                  –ø—Ä–µ—Ä—ã–≤–Ω—ã–º —Ñ—É–Ω–...

You may provide a definition with
\DeclareUnicodeCharacter 


! Package inputenc Error: Unicode character –ø (U+043F)
(inputenc)                not set up for use with LaTeX.

See the inputenc package documentation for explanation.
Type  H <return>  for immediate help.
 ...                                              
                                                  
l.5 ...Ω–∞–∑—ã–≤–∞–µ—Ç—Å—è –ª–∏–Ω–µ–π–Ω—ã–º –Ω–µ–ø
                                                  —Ä–µ—Ä—ã–≤–Ω—ã–º —Ñ—É–Ω–∫—...

You may provide a definition with
\DeclareUnicodeCharacter 


! Package inputenc Error: Unicode character —Ä (U+0440)
(inputenc)                not set up for use with LaTeX.

See the inputenc package documentation for explanation.
Type  H <return>  for immediate help.
 ...                                              
                                                  
l.5 ...∞–∑—ã–≤–∞–µ—Ç—Å—è –ª–∏–Ω–µ–π–Ω—ã–º –Ω–µ–ø—Ä
                                                  –µ—Ä—ã–≤–Ω—ã–º —Ñ—É–Ω–∫—Ü–...

You may provide a definition with
\DeclareUnicodeCharacter 


! Package inputenc Error: Unicode character –µ (U+0435)
(inputenc)                not set up for use with LaTeX.

See the inputenc package documentation for explanation.
Type  H <return>  for immediate help.
 ...                                              
                                                  
l.5 ...∑—ã–≤–∞–µ—Ç—Å—è –ª–∏–Ω–µ–π–Ω—ã–º –Ω–µ–ø—Ä–µ
                                                  —Ä—ã–≤–Ω—ã–º —Ñ—É–Ω–∫—Ü–∏–...

You may provide a definition with
\DeclareUnicodeCharacter 


! Package inputenc Error: Unicode character —Ä (U+0440)
(inputenc)                not set up for use with LaTeX.

See the inputenc package documentation for explanation.
Type  H <return>  for immediate help.
 ...                                              
                                                  
l.5 ...ã–≤–∞–µ—Ç—Å—è –ª–∏–Ω–µ–π–Ω—ã–º –Ω–µ–ø—Ä–µ—Ä
                                                  —ã–≤–Ω—ã–º —Ñ—É–Ω–∫—Ü–∏–æ–...

You may provide a definition with
\DeclareUnicodeCharacter 


! Package inputenc Error: Unicode character —ã (U+044B)
(inputenc)                not set up for use with LaTeX.

See the inputenc package documentation for explanation.
Type  H <return>  for immediate help.
 ...                                              
                                                  
l.5 ...≤–∞–µ—Ç—Å—è –ª–∏–Ω–µ–π–Ω—ã–º –Ω–µ–ø—Ä–µ—Ä—ã
                                                  –≤–Ω—ã–º —Ñ—É–Ω–∫—Ü–∏–æ–Ω–...

You may provide a definition with
\DeclareUnicodeCharacter 


! Package inputenc Error: Unicode character –≤ (U+0432)
(inputenc)                not set up for use with LaTeX.

See the inputenc package documentation for explanation.
Type  H <return>  for immediate help.
 ...                                              
                                                  
l.5 ...∞–µ—Ç—Å—è –ª–∏–Ω–µ–π–Ω—ã–º –Ω–µ–ø—Ä–µ—Ä—ã–≤
                                                  –Ω—ã–º —Ñ—É–Ω–∫—Ü–∏–æ–Ω–∞–...

You may provide a definition with
\DeclareUnicodeCharacter 


! Package inputenc Error: Unicode character –Ω (U+043D)
(inputenc)                not set up for use with LaTeX.

See the inputenc package documentation for explanation.
Type  H <return>  for immediate help.
 ...                                              
                                                  
l.5 ...µ—Ç—Å—è –ª–∏–Ω–µ–π–Ω—ã–º –Ω–µ–ø—Ä–µ—Ä—ã–≤–Ω
                                                  —ã–º —Ñ—É–Ω–∫—Ü–∏–æ–Ω–∞–ª–...

You may provide a definition with
\DeclareUnicodeCharacter 


! Package inputenc Error: Unicode character —ã (U+044B)
(inputenc)                not set up for use with LaTeX.

See the inputenc package documentation for explanation.
Type  H <return>  for immediate help.
 ...                                              
                                                  
l.5 ...Ç—Å—è –ª–∏–Ω–µ–π–Ω—ã–º –Ω–µ–ø—Ä–µ—Ä—ã–≤–Ω—ã
                                                  –º —Ñ—É–Ω–∫—Ü–∏–æ–Ω–∞–ª–æ–...

You may provide a definition with
\DeclareUnicodeCharacter 


! Package inputenc Error: Unicode character –º (U+043C)
(inputenc)                not set up for use with LaTeX.

See the inputenc package documentation for explanation.
Type  H <return>  for immediate help.
 ...                                              
                                                  
l.5 ...Å—è –ª–∏–Ω–µ–π–Ω—ã–º –Ω–µ–ø—Ä–µ—Ä—ã–≤–Ω—ã–º
                                                   —Ñ—É–Ω–∫—Ü–∏–æ–Ω–∞–ª–æ–º,...

You may provide a definition with
\DeclareUnicodeCharacter 


! Package inputenc Error: Unicode character —Ñ (U+0444)
(inputenc)                not set up for use with LaTeX.

See the inputenc package documentation for explanation.
Type  H <return>  for immediate help.
 ...                                              
                                                  
l.5 ... –ª–∏–Ω–µ–π–Ω—ã–º –Ω–µ–ø—Ä–µ—Ä—ã–≤–Ω—ã–º —Ñ
                                                  —É–Ω–∫—Ü–∏–æ–Ω–∞–ª–æ–º, –∞...

You may provide a definition with
\DeclareUnicodeCharacter 


! Package inputenc Error: Unicode character —É (U+0443)
(inputenc)                not set up for use with LaTeX.

See the inputenc package documentation for explanation.
Type  H <return>  for immediate help.
 ...                                              
                                                  
l.5 ...ª–∏–Ω–µ–π–Ω—ã–º –Ω–µ–ø—Ä–µ—Ä—ã–≤–Ω—ã–º —Ñ—É
                                                  –Ω–∫—Ü–∏–æ–Ω–∞–ª–æ–º, –∞ –...

You may provide a definition with
\DeclareUnicodeCharacter 


! Package inputenc Error: Unicode character –Ω (U+043D)
(inputenc)                not set up for use with LaTeX.

See the inputenc package documentation for explanation.
Type  H <return>  for immediate help.
 ...                                              
                                                  
l.5 ...∏–Ω–µ–π–Ω—ã–º –Ω–µ–ø—Ä–µ—Ä—ã–≤–Ω—ã–º —Ñ—É–Ω
                                                  –∫—Ü–∏–æ–Ω–∞–ª–æ–º, –∞ –ø—...

You may provide a definition with
\DeclareUnicodeCharacter 


! Package inputenc Error: Unicode character –∫ (U+043A)
(inputenc)                not set up for use with LaTeX.

See the inputenc package documentation for explanation.
Type  H <return>  for immediate help.
 ...                                              
                                                  
l.5 ...Ω–µ–π–Ω—ã–º –Ω–µ–ø—Ä–µ—Ä—ã–≤–Ω—ã–º —Ñ—É–Ω–∫
                                                  —Ü–∏–æ–Ω–∞–ª–æ–º, –∞ –ø—Ä–...

You may provide a definition with
\DeclareUnicodeCharacter 


! Package inputenc Error: Unicode character —Ü (U+0446)
(inputenc)                not set up for use with LaTeX.

See the inputenc package documentation for explanation.
Type  H <return>  for immediate help.
 ...                                              
                                                  
l.5 ...µ–π–Ω—ã–º –Ω–µ–ø—Ä–µ—Ä—ã–≤–Ω—ã–º —Ñ—É–Ω–∫—Ü
                                                  –∏–æ–Ω–∞–ª–æ–º, –∞ –ø—Ä–æ—...

You may provide a definition with
\DeclareUnicodeCharacter 


! Package inputenc Error: Unicode character –∏ (U+0438)
(inputenc)                not set up for use with LaTeX.

See the inputenc package documentation for explanation.
Type  H <return>  for immediate help.
 ...                                              
                                                  
l.5 ...π–Ω—ã–º –Ω–µ–ø—Ä–µ—Ä—ã–≤–Ω—ã–º —Ñ—É–Ω–∫—Ü–∏
                                                  –æ–Ω–∞–ª–æ–º, –∞ –ø—Ä–æ—Å—...

You may provide a definition with
\DeclareUnicodeCharacter 


! Package inputenc Error: Unicode character –æ (U+043E)
(inputenc)                not set up for use with LaTeX.

See the inputenc package documentation for explanation.
Type  H <return>  for immediate help.
 ...                                              
                                                  
l.5 ...Ω—ã–º –Ω–µ–ø—Ä–µ—Ä—ã–≤–Ω—ã–º —Ñ—É–Ω–∫—Ü–∏–æ
                                                  –Ω–∞–ª–æ–º, –∞ –ø—Ä–æ—Å—Ç—...

You may provide a definition with
\DeclareUnicodeCharacter 


! Package inputenc Error: Unicode character –Ω (U+043D)
(inputenc)                not set up for use with LaTeX.

See the inputenc package documentation for explanation.
Type  H <return>  for immediate help.
 ...                                              
                                                  
l.5 ...ã–º –Ω–µ–ø—Ä–µ—Ä—ã–≤–Ω—ã–º —Ñ—É–Ω–∫—Ü–∏–æ–Ω
                                                  –∞–ª–æ–º, –∞ –ø—Ä–æ—Å—Ç—Ä–...

You may provide a definition with
\DeclareUnicodeCharacter 


! Package inputenc Error: Unicode character –∞ (U+0430)
(inputenc)                not set up for use with LaTeX.

See the inputenc package documentation for explanation.
Type  H <return>  for immediate help.
 ...                                              
                                                  
l.5 ...º –Ω–µ–ø—Ä–µ—Ä—ã–≤–Ω—ã–º —Ñ—É–Ω–∫—Ü–∏–æ–Ω–∞
                                                  –ª–æ–º, –∞ –ø—Ä–æ—Å—Ç—Ä–∞–...

You may provide a definition with
\DeclareUnicodeCharacter 


! Package inputenc Error: Unicode character –ª (U+043B)
(inputenc)                not set up for use with LaTeX.

See the inputenc package documentation for explanation.
Type  H <return>  for immediate help.
 ...                                              
                                                  
l.5 ...–Ω–µ–ø—Ä–µ—Ä—ã–≤–Ω—ã–º —Ñ—É–Ω–∫—Ü–∏–æ–Ω–∞–ª
                                                  –æ–º, –∞ –ø—Ä–æ—Å—Ç—Ä–∞–Ω—...

You may provide a definition with
\DeclareUnicodeCharacter 


! Package inputenc Error: Unicode character –æ (U+043E)
(inputenc)                not set up for use with LaTeX.

See the inputenc package documentation for explanation.
Type  H <return>  for immediate help.
 ...                                              
                                                  
l.5 ...–µ–ø—Ä–µ—Ä—ã–≤–Ω—ã–º —Ñ—É–Ω–∫—Ü–∏–æ–Ω–∞–ª–æ
                                                  –º, –∞ –ø—Ä–æ—Å—Ç—Ä–∞–Ω—Å—...

You may provide a definition with
\DeclareUnicodeCharacter 


! Package inputenc Error: Unicode character –º (U+043C)
(inputenc)                not set up for use with LaTeX.

See the inputenc package documentation for explanation.
Type  H <return>  for immediate help.
 ...                                              
                                                  
l.5 ...–ø—Ä–µ—Ä—ã–≤–Ω—ã–º —Ñ—É–Ω–∫—Ü–∏–æ–Ω–∞–ª–æ–º
                                                  , –∞ –ø—Ä–æ—Å—Ç—Ä–∞–Ω—Å—Ç–...

You may provide a definition with
\DeclareUnicodeCharacter 

Missing character: There is no , in font nullfont!

! Package inputenc Error: Unicode character –∞ (U+0430)
(inputenc)                not set up for use with LaTeX.

See the inputenc package documentation for explanation.
Type  H <return>  for immediate help.
 ...                                              
                                                  
l.5 ...–µ—Ä—ã–≤–Ω—ã–º —Ñ—É–Ω–∫—Ü–∏–æ–Ω–∞–ª–æ–º, –∞
                                                   –ø—Ä–æ—Å—Ç—Ä–∞–Ω—Å—Ç–≤–æ ...

You may provide a definition with
\DeclareUnicodeCharacter 


! Package inputenc Error: Unicode character –ø (U+043F)
(inputenc)                not set up for use with LaTeX.

See the inputenc package documentation for explanation.
Type  H <return>  for immediate help.
 ...                                              
                                                  
l.5 ...Ä—ã–≤–Ω—ã–º —Ñ—É–Ω–∫—Ü–∏–æ–Ω–∞–ª–æ–º, –∞ –ø
                                                  —Ä–æ—Å—Ç—Ä–∞–Ω—Å—Ç–≤–æ $\C...

You may provide a definition with
\DeclareUnicodeCharacter 


! Package inputenc Error: Unicode character —Ä (U+0440)
(inputenc)                not set up for use with LaTeX.

See the inputenc package documentation for explanation.
Type  H <return>  for immediate help.
 ...                                              
                                                  
l.5 ...ã–≤–Ω—ã–º —Ñ—É–Ω–∫—Ü–∏–æ–Ω–∞–ª–æ–º, –∞ –ø—Ä
                                                  –æ—Å—Ç—Ä–∞–Ω—Å—Ç–≤–æ $\CL(...

You may provide a definition with
\DeclareUnicodeCharacter 


! Package inputenc Error: Unicode character –æ (U+043E)
(inputenc)                not set up for use with LaTeX.

See the inputenc package documentation for explanation.
Type  H <return>  for immediate help.
 ...                                              
                                                  
l.5 ...≤–Ω—ã–º —Ñ—É–Ω–∫—Ü–∏–æ–Ω–∞–ª–æ–º, –∞ –ø—Ä–æ
                                                  —Å—Ç—Ä–∞–Ω—Å—Ç–≤–æ $\CL(X,...

You may provide a definition with
\DeclareUnicodeCharacter 


! Package inputenc Error: Unicode character —Å (U+0441)
(inputenc)                not set up for use with LaTeX.

See the inputenc package documentation for explanation.
Type  H <return>  for immediate help.
 ...                                              
                                                  
l.5 ...Ω—ã–º —Ñ—É–Ω–∫—Ü–∏–æ–Ω–∞–ª–æ–º, –∞ –ø—Ä–æ—Å
                                                  —Ç—Ä–∞–Ω—Å—Ç–≤–æ $\CL(X, \...

You may provide a definition with
\DeclareUnicodeCharacter 


! Package inputenc Error: Unicode character —Ç (U+0442)
(inputenc)                not set up for use with LaTeX.

See the inputenc package documentation for explanation.
Type  H <return>  for immediate help.
 ...                                              
                                                  
l.5 ...ã–º —Ñ—É–Ω–∫—Ü–∏–æ–Ω–∞–ª–æ–º, –∞ –ø—Ä–æ—Å—Ç
                                                  —Ä–∞–Ω—Å—Ç–≤–æ $\CL(X, \Cx...

You may provide a definition with
\DeclareUnicodeCharacter 


! Package inputenc Error: Unicode character —Ä (U+0440)
(inputenc)                not set up for use with LaTeX.

See the inputenc package documentation for explanation.
Type  H <return>  for immediate help.
 ...                                              
                                                  
l.5 ...º —Ñ—É–Ω–∫—Ü–∏–æ–Ω–∞–ª–æ–º, –∞ –ø—Ä–æ—Å—Ç—Ä
                                                  –∞–Ω—Å—Ç–≤–æ $\CL(X, \Cx)$...

You may provide a definition with
\DeclareUnicodeCharacter 


! Package inputenc Error: Unicode character –∞ (U+0430)
(inputenc)                not set up for use with LaTeX.

See the inputenc package documentation for explanation.
Type  H <return>  for immediate help.
 ...                                              
                                                  
l.5 ...—Ñ—É–Ω–∫—Ü–∏–æ–Ω–∞–ª–æ–º, –∞ –ø—Ä–æ—Å—Ç—Ä–∞
                                                  –Ω—Å—Ç–≤–æ $\CL(X, \Cx)$ —...

You may provide a definition with
\DeclareUnicodeCharacter 


! Package inputenc Error: Unicode character –Ω (U+043D)
(inputenc)                not set up for use with LaTeX.

See the inputenc package documentation for explanation.
Type  H <return>  for immediate help.
 ...                                              
                                                  
l.5 ...—É–Ω–∫—Ü–∏–æ–Ω–∞–ª–æ–º, –∞ –ø—Ä–æ—Å—Ç—Ä–∞–Ω
                                                  —Å—Ç–≤–æ $\CL(X, \Cx)$ —Å ...

You may provide a definition with
\DeclareUnicodeCharacter 


! Package inputenc Error: Unicode character —Å (U+0441)
(inputenc)                not set up for use with LaTeX.

See the inputenc package documentation for explanation.
Type  H <return>  for immediate help.
 ...                                              
                                                  
l.5 ...–Ω–∫—Ü–∏–æ–Ω–∞–ª–æ–º, –∞ –ø—Ä–æ—Å—Ç—Ä–∞–Ω—Å
                                                  —Ç–≤–æ $\CL(X, \Cx)$ —Å –æ...

You may provide a definition with
\DeclareUnicodeCharacter 


! Package inputenc Error: Unicode character —Ç (U+0442)
(inputenc)                not set up for use with LaTeX.

See the inputenc package documentation for explanation.
Type  H <return>  for immediate help.
 ...                                              
                                                  
l.5 ...–∫—Ü–∏–æ–Ω–∞–ª–æ–º, –∞ –ø—Ä–æ—Å—Ç—Ä–∞–Ω—Å—Ç
                                                  –≤–æ $\CL(X, \Cx)$ —Å –æ–ø...

You may provide a definition with
\DeclareUnicodeCharacter 


! Package inputenc Error: Unicode character –≤ (U+0432)
(inputenc)                not set up for use with LaTeX.

See the inputenc package documentation for explanation.
Type  H <return>  for immediate help.
 ...                                              
                                                  
l.5 ...—Ü–∏–æ–Ω–∞–ª–æ–º, –∞ –ø—Ä–æ—Å—Ç—Ä–∞–Ω—Å—Ç–≤
                                                  –æ $\CL(X, \Cx)$ —Å –æ–ø–µ...

You may provide a definition with
\DeclareUnicodeCharacter 


! Package inputenc Error: Unicode character –æ (U+043E)
(inputenc)                not set up for use with LaTeX.

See the inputenc package documentation for explanation.
Type  H <return>  for immediate help.
 ...                                              
                                                  
l.5 ...–∏–æ–Ω–∞–ª–æ–º, –∞ –ø—Ä–æ—Å—Ç—Ä–∞–Ω—Å—Ç–≤–æ
                                                   $\CL(X, \Cx)$ —Å –æ–ø–µ—Ä...

You may provide a definition with
\DeclareUnicodeCharacter 

! Undefined control sequence.
<recently read> \CL 
                    
l.5 ...Ω–∞–ª–æ–º, –∞ –ø—Ä–æ—Å—Ç—Ä–∞–Ω—Å—Ç–≤–æ $\CL
                                                  (X, \Cx)$ —Å –æ–ø–µ—Ä–∞—Ç–...
The control sequence at the end of the top line
of your error message was never \def'ed. If you have
misspelled it (e.g., `\hobx'), type `I' and the correct
spelling (e.g., `I\hbox'). Otherwise just continue,
and I'll forget about whatever was undefined.

! Undefined control sequence.
l.5 ...–º, –∞ –ø—Ä–æ—Å—Ç—Ä–∞–Ω—Å—Ç–≤–æ $\CL(X, \Cx
                                                  )$ —Å –æ–ø–µ—Ä–∞—Ç–æ—Ä–Ω–æ...
The control sequence at the end of the top line
of your error message was never \def'ed. If you have
misspelled it (e.g., `\hobx'), type `I' and the correct
spelling (e.g., `I\hbox'). Otherwise just continue,
and I'll forget about whatever was undefined.


! Package inputenc Error: Unicode character —Å (U+0441)
(inputenc)                not set up for use with LaTeX.

See the inputenc package documentation for explanation.
Type  H <return>  for immediate help.
 ...                                              
                                                  
l.5 ...∞ –ø—Ä–æ—Å—Ç—Ä–∞–Ω—Å—Ç–≤–æ $\CL(X, \Cx)$ —Å
                                                   –æ–ø–µ—Ä–∞—Ç–æ—Ä–Ω–æ–π –Ω...

You may provide a definition with
\DeclareUnicodeCharacter 


! Package inputenc Error: Unicode character –æ (U+043E)
(inputenc)                not set up for use with LaTeX.

See the inputenc package documentation for explanation.
Type  H <return>  for immediate help.
 ...                                              
                                                  
l.5 ...ø—Ä–æ—Å—Ç—Ä–∞–Ω—Å—Ç–≤–æ $\CL(X, \Cx)$ —Å –æ
                                                  –ø–µ—Ä–∞—Ç–æ—Ä–Ω–æ–π –Ω–æ—...

You may provide a definition with
\DeclareUnicodeCharacter 


! Package inputenc Error: Unicode character –ø (U+043F)
(inputenc)                not set up for use with LaTeX.

See the inputenc package documentation for explanation.
Type  H <return>  for immediate help.
 ...                                              
                                                  
l.5 ...Ä–æ—Å—Ç—Ä–∞–Ω—Å—Ç–≤–æ $\CL(X, \Cx)$ —Å –æ–ø
                                                  –µ—Ä–∞—Ç–æ—Ä–Ω–æ–π –Ω–æ—Ä–...

You may provide a definition with
\DeclareUnicodeCharacter 


! Package inputenc Error: Unicode character –µ (U+0435)
(inputenc)                not set up for use with LaTeX.

See the inputenc package documentation for explanation.
Type  H <return>  for immediate help.
 ...                                              
                                                  
l.5 ...æ—Å—Ç—Ä–∞–Ω—Å—Ç–≤–æ $\CL(X, \Cx)$ —Å –æ–ø–µ
                                                  —Ä–∞—Ç–æ—Ä–Ω–æ–π –Ω–æ—Ä–º–...

You may provide a definition with
\DeclareUnicodeCharacter 


! Package inputenc Error: Unicode character —Ä (U+0440)
(inputenc)                not set up for use with LaTeX.

See the inputenc package documentation for explanation.
Type  H <return>  for immediate help.
 ...                                              
                                                  
l.5 ...Å—Ç—Ä–∞–Ω—Å—Ç–≤–æ $\CL(X, \Cx)$ —Å –æ–ø–µ—Ä
                                                  –∞—Ç–æ—Ä–Ω–æ–π –Ω–æ—Ä–º–æ–...

You may provide a definition with
\DeclareUnicodeCharacter 


! Package inputenc Error: Unicode character –∞ (U+0430)
(inputenc)                not set up for use with LaTeX.

See the inputenc package documentation for explanation.
Type  H <return>  for immediate help.
 ...                                              
                                                  
l.5 ...Ç—Ä–∞–Ω—Å—Ç–≤–æ $\CL(X, \Cx)$ —Å –æ–ø–µ—Ä–∞
                                                  —Ç–æ—Ä–Ω–æ–π –Ω–æ—Ä–º–æ–π ...

You may provide a definition with
\DeclareUnicodeCharacter 


! Package inputenc Error: Unicode character —Ç (U+0442)
(inputenc)                not set up for use with LaTeX.

See the inputenc package documentation for explanation.
Type  H <return>  for immediate help.
 ...                                              
                                                  
l.5 ...Ä–∞–Ω—Å—Ç–≤–æ $\CL(X, \Cx)$ —Å –æ–ø–µ—Ä–∞—Ç
                                                  –æ—Ä–Ω–æ–π –Ω–æ—Ä–º–æ–π –Ω...

You may provide a definition with
\DeclareUnicodeCharacter 


! Package inputenc Error: Unicode character –æ (U+043E)
(inputenc)                not set up for use with LaTeX.

See the inputenc package documentation for explanation.
Type  H <return>  for immediate help.
 ...                                              
                                                  
l.5 ...∞–Ω—Å—Ç–≤–æ $\CL(X, \Cx)$ —Å –æ–ø–µ—Ä–∞—Ç–æ
                                                  —Ä–Ω–æ–π –Ω–æ—Ä–º–æ–π –Ω–∞...

You may provide a definition with
\DeclareUnicodeCharacter 


! Package inputenc Error: Unicode character —Ä (U+0440)
(inputenc)                not set up for use with LaTeX.

See the inputenc package documentation for explanation.
Type  H <return>  for immediate help.
 ...                                              
                                                  
l.5 ...Ω—Å—Ç–≤–æ $\CL(X, \Cx)$ —Å –æ–ø–µ—Ä–∞—Ç–æ—Ä
                                                  –Ω–æ–π –Ω–æ—Ä–º–æ–π –Ω–∞–∑...

You may provide a definition with
\DeclareUnicodeCharacter 


! Package inputenc Error: Unicode character –Ω (U+043D)
(inputenc)                not set up for use with LaTeX.

See the inputenc package documentation for explanation.
Type  H <return>  for immediate help.
 ...                                              
                                                  
l.5 ...Å—Ç–≤–æ $\CL(X, \Cx)$ —Å –æ–ø–µ—Ä–∞—Ç–æ—Ä–Ω
                                                  –æ–π –Ω–æ—Ä–º–æ–π –Ω–∞–∑—ã...

You may provide a definition with
\DeclareUnicodeCharacter 


! Package inputenc Error: Unicode character –æ (U+043E)
(inputenc)                not set up for use with LaTeX.

See the inputenc package documentation for explanation.
Type  H <return>  for immediate help.
 ...                                              
                                                  
l.5 ...Ç–≤–æ $\CL(X, \Cx)$ —Å –æ–ø–µ—Ä–∞—Ç–æ—Ä–Ω–æ
                                                  –π –Ω–æ—Ä–º–æ–π –Ω–∞–∑—ã–≤...

You may provide a definition with
\DeclareUnicodeCharacter 


! Package inputenc Error: Unicode character –π (U+0439)
(inputenc)                not set up for use with LaTeX.

See the inputenc package documentation for explanation.
Type  H <return>  for immediate help.
 ...                                              
                                                  
l.5 ...≤–æ $\CL(X, \Cx)$ —Å –æ–ø–µ—Ä–∞—Ç–æ—Ä–Ω–æ–π
                                                   –Ω–æ—Ä–º–æ–π –Ω–∞–∑—ã–≤–∞...

You may provide a definition with
\DeclareUnicodeCharacter 


! Package inputenc Error: Unicode character –Ω (U+043D)
(inputenc)                not set up for use with LaTeX.

See the inputenc package documentation for explanation.
Type  H <return>  for immediate help.
 ...                                              
                                                  
l.5 ... $\CL(X, \Cx)$ —Å –æ–ø–µ—Ä–∞—Ç–æ—Ä–Ω–æ–π –Ω
                                                  –æ—Ä–º–æ–π –Ω–∞–∑—ã–≤–∞–µ—...

You may provide a definition with
\DeclareUnicodeCharacter 


! Package inputenc Error: Unicode character –æ (U+043E)
(inputenc)                not set up for use with LaTeX.

See the inputenc package documentation for explanation.
Type  H <return>  for immediate help.
 ...                                              
                                                  
l.5 ...\CL(X, \Cx)$ —Å –æ–ø–µ—Ä–∞—Ç–æ—Ä–Ω–æ–π –Ω–æ
                                                  —Ä–º–æ–π –Ω–∞–∑—ã–≤–∞–µ—Ç—...

You may provide a definition with
\DeclareUnicodeCharacter 


! Package inputenc Error: Unicode character —Ä (U+0440)
(inputenc)                not set up for use with LaTeX.

See the inputenc package documentation for explanation.
Type  H <return>  for immediate help.
 ...                                              
                                                  
l.5 ...L(X, \Cx)$ —Å –æ–ø–µ—Ä–∞—Ç–æ—Ä–Ω–æ–π –Ω–æ—Ä
                                                  –º–æ–π –Ω–∞–∑—ã–≤–∞–µ—Ç—Å—...

You may provide a definition with
\DeclareUnicodeCharacter 


! Package inputenc Error: Unicode character –º (U+043C)
(inputenc)                not set up for use with LaTeX.

See the inputenc package documentation for explanation.
Type  H <return>  for immediate help.
 ...                                              
                                                  
l.5 ...X, \Cx)$ —Å –æ–ø–µ—Ä–∞—Ç–æ—Ä–Ω–æ–π –Ω–æ—Ä–º
                                                  –æ–π –Ω–∞–∑—ã–≤–∞–µ—Ç—Å—è ...

You may provide a definition with
\DeclareUnicodeCharacter 


! Package inputenc Error: Unicode character –æ (U+043E)
(inputenc)                not set up for use with LaTeX.

See the inputenc package documentation for explanation.
Type  H <return>  for immediate help.
 ...                                              
                                                  
l.5 ... \Cx)$ —Å –æ–ø–µ—Ä–∞—Ç–æ—Ä–Ω–æ–π –Ω–æ—Ä–º–æ
                                                  –π –Ω–∞–∑—ã–≤–∞–µ—Ç—Å—è —Å...

You may provide a definition with
\DeclareUnicodeCharacter 


! Package inputenc Error: Unicode character –π (U+0439)
(inputenc)                not set up for use with LaTeX.

See the inputenc package documentation for explanation.
Type  H <return>  for immediate help.
 ...                                              
                                                  
l.5 ...Cx)$ —Å –æ–ø–µ—Ä–∞—Ç–æ—Ä–Ω–æ–π –Ω–æ—Ä–º–æ–π
                                                   –Ω–∞–∑—ã–≤–∞–µ—Ç—Å—è —Å–æ...

You may provide a definition with
\DeclareUnicodeCharacter 


! Package inputenc Error: Unicode character –Ω (U+043D)
(inputenc)                not set up for use with LaTeX.

See the inputenc package documentation for explanation.
Type  H <return>  for immediate help.
 ...                                              
                                                  
l.5 ...$ —Å –æ–ø–µ—Ä–∞—Ç–æ—Ä–Ω–æ–π –Ω–æ—Ä–º–æ–π –Ω
                                                  –∞–∑—ã–≤–∞–µ—Ç—Å—è —Å–æ–ø—...

You may provide a definition with
\DeclareUnicodeCharacter 


! Package inputenc Error: Unicode character –∞ (U+0430)
(inputenc)                not set up for use with LaTeX.

See the inputenc package documentation for explanation.
Type  H <return>  for immediate help.
 ...                                              
                                                  
l.5 ...—Å –æ–ø–µ—Ä–∞—Ç–æ—Ä–Ω–æ–π –Ω–æ—Ä–º–æ–π –Ω–∞
                                                  –∑—ã–≤–∞–µ—Ç—Å—è —Å–æ–ø—Ä—...

You may provide a definition with
\DeclareUnicodeCharacter 


! Package inputenc Error: Unicode character –∑ (U+0437)
(inputenc)                not set up for use with LaTeX.

See the inputenc package documentation for explanation.
Type  H <return>  for immediate help.
 ...                                              
                                                  
l.5 ... –æ–ø–µ—Ä–∞—Ç–æ—Ä–Ω–æ–π –Ω–æ—Ä–º–æ–π –Ω–∞–∑
                                                  —ã–≤–∞–µ—Ç—Å—è —Å–æ–ø—Ä—è–...
(That makes 100 errors; please try again.) 
Here is how much of TeX's memory you used:
 48 strings out of 481257
 738 string characters out of 2908761
 277830 words of memory out of 3000000
 17369 multiletter control sequences out of 15000+600000
 403430 words of font info for 27 fonts, out of 8000000 for 9000
 0 hyphenation exceptions out of 8191
 18i,1n,15p,386b,70s stack positions out of 5000i,500n,10000p,200000b,80000s

!  ==> Fatal error occurred, no output PDF file produced!
