This is pdfTeX, Version 3.141592653-2.6-1.40.22 (MiKTeX 21.3) (preloaded format=pdflatex 2021.4.13)  26 APR 2022 13:21
entering extended mode
**./01.tex
(01.tex
LaTeX2e <2020-10-01> patch level 4
L3 programming layer <2021-02-18>
! Undefined control sequence.
l.2 \section
            {–ê–∫—Å–∏–æ–º–∞ –≤—ã–±–æ—Ä–∞. –õ–µ–º–º–∞ –æ –Ω–µ–ø–æ–¥–≤–∏–∂–Ω–æ...
The control sequence at the end of the top line
of your error message was never \def'ed. If you have
misspelled it (e.g., `\hobx'), type `I' and the correct
spelling (e.g., `I\hbox'). Otherwise just continue,
and I'll forget about whatever was undefined.


! Package inputenc Error: Unicode character –ê (U+0410)
(inputenc)                not set up for use with LaTeX.

See the inputenc package documentation for explanation.
Type  H <return>  for immediate help.
 ...                                              
                                                  
l.2 \section{–ê
               –∫—Å–∏–æ–º–∞ –≤—ã–±–æ—Ä–∞. –õ–µ–º–º–∞ –æ –Ω–µ–ø–æ–¥–≤–∏–∂–Ω–æ...

You may provide a definition with
\DeclareUnicodeCharacter 


! Package inputenc Error: Unicode character –∫ (U+043A)
(inputenc)                not set up for use with LaTeX.

See the inputenc package documentation for explanation.
Type  H <return>  for immediate help.
 ...                                              
                                                  
l.2 \section{–ê–∫
                 —Å–∏–æ–º–∞ –≤—ã–±–æ—Ä–∞. –õ–µ–º–º–∞ –æ –Ω–µ–ø–æ–¥–≤–∏–∂–Ω–æ...

You may provide a definition with
\DeclareUnicodeCharacter 


! Package inputenc Error: Unicode character —Å (U+0441)
(inputenc)                not set up for use with LaTeX.

See the inputenc package documentation for explanation.
Type  H <return>  for immediate help.
 ...                                              
                                                  
l.2 \section{–ê–∫—Å
                   –∏–æ–º–∞ –≤—ã–±–æ—Ä–∞. –õ–µ–º–º–∞ –æ –Ω–µ–ø–æ–¥–≤–∏–∂–Ω–æ...

You may provide a definition with
\DeclareUnicodeCharacter 


! Package inputenc Error: Unicode character –∏ (U+0438)
(inputenc)                not set up for use with LaTeX.

See the inputenc package documentation for explanation.
Type  H <return>  for immediate help.
 ...                                              
                                                  
l.2 \section{–ê–∫—Å–∏
                     –æ–º–∞ –≤—ã–±–æ—Ä–∞. –õ–µ–º–º–∞ –æ –Ω–µ–ø–æ–¥–≤–∏–∂–Ω–æ...

You may provide a definition with
\DeclareUnicodeCharacter 


! Package inputenc Error: Unicode character –æ (U+043E)
(inputenc)                not set up for use with LaTeX.

See the inputenc package documentation for explanation.
Type  H <return>  for immediate help.
 ...                                              
                                                  
l.2 \section{–ê–∫—Å–∏–æ
                       –º–∞ –≤—ã–±–æ—Ä–∞. –õ–µ–º–º–∞ –æ –Ω–µ–ø–æ–¥–≤–∏–∂–Ω–æ...

You may provide a definition with
\DeclareUnicodeCharacter 


! Package inputenc Error: Unicode character –º (U+043C)
(inputenc)                not set up for use with LaTeX.

See the inputenc package documentation for explanation.
Type  H <return>  for immediate help.
 ...                                              
                                                  
l.2 \section{–ê–∫—Å–∏–æ–º
                         –∞ –≤—ã–±–æ—Ä–∞. –õ–µ–º–º–∞ –æ –Ω–µ–ø–æ–¥–≤–∏–∂–Ω–æ...

You may provide a definition with
\DeclareUnicodeCharacter 


! Package inputenc Error: Unicode character –∞ (U+0430)
(inputenc)                not set up for use with LaTeX.

See the inputenc package documentation for explanation.
Type  H <return>  for immediate help.
 ...                                              
                                                  
l.2 \section{–ê–∫—Å–∏–æ–º–∞
                            –≤—ã–±–æ—Ä–∞. –õ–µ–º–º–∞ –æ –Ω–µ–ø–æ–¥–≤–∏–∂–Ω–æ...

You may provide a definition with
\DeclareUnicodeCharacter 


! Package inputenc Error: Unicode character –≤ (U+0432)
(inputenc)                not set up for use with LaTeX.

See the inputenc package documentation for explanation.
Type  H <return>  for immediate help.
 ...                                              
                                                  
l.2 \section{–ê–∫—Å–∏–æ–º–∞ –≤
                              —ã–±–æ—Ä–∞. –õ–µ–º–º–∞ –æ –Ω–µ–ø–æ–¥–≤–∏–∂–Ω–æ...

You may provide a definition with
\DeclareUnicodeCharacter 


! Package inputenc Error: Unicode character —ã (U+044B)
(inputenc)                not set up for use with LaTeX.

See the inputenc package documentation for explanation.
Type  H <return>  for immediate help.
 ...                                              
                                                  
l.2 \section{–ê–∫—Å–∏–æ–º–∞ –≤—ã
                                –±–æ—Ä–∞. –õ–µ–º–º–∞ –æ –Ω–µ–ø–æ–¥–≤–∏–∂–Ω–æ...

You may provide a definition with
\DeclareUnicodeCharacter 


! Package inputenc Error: Unicode character –± (U+0431)
(inputenc)                not set up for use with LaTeX.

See the inputenc package documentation for explanation.
Type  H <return>  for immediate help.
 ...                                              
                                                  
l.2 \section{–ê–∫—Å–∏–æ–º–∞ –≤—ã–±
                                  –æ—Ä–∞. –õ–µ–º–º–∞ –æ –Ω–µ–ø–æ–¥–≤–∏–∂–Ω–æ...

You may provide a definition with
\DeclareUnicodeCharacter 


! Package inputenc Error: Unicode character –æ (U+043E)
(inputenc)                not set up for use with LaTeX.

See the inputenc package documentation for explanation.
Type  H <return>  for immediate help.
 ...                                              
                                                  
l.2 \section{–ê–∫—Å–∏–æ–º–∞ –≤—ã–±–æ
                                    —Ä–∞. –õ–µ–º–º–∞ –æ –Ω–µ–ø–æ–¥–≤–∏–∂–Ω–æ...

You may provide a definition with
\DeclareUnicodeCharacter 


! Package inputenc Error: Unicode character —Ä (U+0440)
(inputenc)                not set up for use with LaTeX.

See the inputenc package documentation for explanation.
Type  H <return>  for immediate help.
 ...                                              
                                                  
l.2 \section{–ê–∫—Å–∏–æ–º–∞ –≤—ã–±–æ—Ä
                                      –∞. –õ–µ–º–º–∞ –æ –Ω–µ–ø–æ–¥–≤–∏–∂–Ω–æ...

You may provide a definition with
\DeclareUnicodeCharacter 


! Package inputenc Error: Unicode character –∞ (U+0430)
(inputenc)                not set up for use with LaTeX.

See the inputenc package documentation for explanation.
Type  H <return>  for immediate help.
 ...                                              
                                                  
l.2 \section{–ê–∫—Å–∏–æ–º–∞ –≤—ã–±–æ—Ä–∞
                                        . –õ–µ–º–º–∞ –æ –Ω–µ–ø–æ–¥–≤–∏–∂–Ω–æ...

You may provide a definition with
\DeclareUnicodeCharacter 


! LaTeX Error: Missing \begin{document}.

See the LaTeX manual or LaTeX Companion for explanation.
Type  H <return>  for immediate help.
 ...                                              
                                                  
l.2 \section{–ê–∫—Å–∏–æ–º–∞ –≤—ã–±–æ—Ä–∞.
                                          –õ–µ–º–º–∞ –æ –Ω–µ–ø–æ–¥–≤–∏–∂–Ω–æ...

You're in trouble here.  Try typing  <return>  to proceed.
If that doesn't work, type  X <return>  to quit.

Missing character: There is no . in font nullfont!

! Package inputenc Error: Unicode character –õ (U+041B)
(inputenc)                not set up for use with LaTeX.

See the inputenc package documentation for explanation.
Type  H <return>  for immediate help.
 ...                                              
                                                  
l.2 \section{–ê–∫—Å–∏–æ–º–∞ –≤—ã–±–æ—Ä–∞. –õ
                                            –µ–º–º–∞ –æ –Ω–µ–ø–æ–¥–≤–∏–∂–Ω–æ...

You may provide a definition with
\DeclareUnicodeCharacter 


! Package inputenc Error: Unicode character –µ (U+0435)
(inputenc)                not set up for use with LaTeX.

See the inputenc package documentation for explanation.
Type  H <return>  for immediate help.
 ...                                              
                                                  
l.2 \section{–ê–∫—Å–∏–æ–º–∞ –≤—ã–±–æ—Ä–∞. –õ–µ
                                              –º–º–∞ –æ –Ω–µ–ø–æ–¥–≤–∏–∂–Ω–æ...

You may provide a definition with
\DeclareUnicodeCharacter 


! Package inputenc Error: Unicode character –º (U+043C)
(inputenc)                not set up for use with LaTeX.

See the inputenc package documentation for explanation.
Type  H <return>  for immediate help.
 ...                                              
                                                  
l.2 \section{–ê–∫—Å–∏–æ–º–∞ –≤—ã–±–æ—Ä–∞. –õ–µ–º
                                                –º–∞ –æ –Ω–µ–ø–æ–¥–≤–∏–∂–Ω–æ...

You may provide a definition with
\DeclareUnicodeCharacter 


! Package inputenc Error: Unicode character –º (U+043C)
(inputenc)                not set up for use with LaTeX.

See the inputenc package documentation for explanation.
Type  H <return>  for immediate help.
 ...                                              
                                                  
l.2 \section{–ê–∫—Å–∏–æ–º–∞ –≤—ã–±–æ—Ä–∞. –õ–µ–º–º
                                                  –∞ –æ –Ω–µ–ø–æ–¥–≤–∏–∂–Ω–æ...

You may provide a definition with
\DeclareUnicodeCharacter 


! Package inputenc Error: Unicode character –∞ (U+0430)
(inputenc)                not set up for use with LaTeX.

See the inputenc package documentation for explanation.
Type  H <return>  for immediate help.
 ...                                              
                                                  
l.2 ...ion{–ê–∫—Å–∏–æ–º–∞ –≤—ã–±–æ—Ä–∞. –õ–µ–º–º–∞
                                                   –æ –Ω–µ–ø–æ–¥–≤–∏–∂–Ω–æ–º...

You may provide a definition with
\DeclareUnicodeCharacter 


! Package inputenc Error: Unicode character –æ (U+043E)
(inputenc)                not set up for use with LaTeX.

See the inputenc package documentation for explanation.
Type  H <return>  for immediate help.
 ...                                              
                                                  
l.2 ...{–ê–∫—Å–∏–æ–º–∞ –≤—ã–±–æ—Ä–∞. –õ–µ–º–º–∞ –æ
                                                   –Ω–µ–ø–æ–¥–≤–∏–∂–Ω–æ–º –º...

You may provide a definition with
\DeclareUnicodeCharacter 


! Package inputenc Error: Unicode character –Ω (U+043D)
(inputenc)                not set up for use with LaTeX.

See the inputenc package documentation for explanation.
Type  H <return>  for immediate help.
 ...                                              
                                                  
l.2 ...–∫—Å–∏–æ–º–∞ –≤—ã–±–æ—Ä–∞. –õ–µ–º–º–∞ –æ –Ω
                                                  –µ–ø–æ–¥–≤–∏–∂–Ω–æ–º –º–Ω–...

You may provide a definition with
\DeclareUnicodeCharacter 


! Package inputenc Error: Unicode character –µ (U+0435)
(inputenc)                not set up for use with LaTeX.

See the inputenc package documentation for explanation.
Type  H <return>  for immediate help.
 ...                                              
                                                  
l.2 ...—Å–∏–æ–º–∞ –≤—ã–±–æ—Ä–∞. –õ–µ–º–º–∞ –æ –Ω–µ
                                                  –ø–æ–¥–≤–∏–∂–Ω–æ–º –º–Ω–æ–...

You may provide a definition with
\DeclareUnicodeCharacter 


! Package inputenc Error: Unicode character –ø (U+043F)
(inputenc)                not set up for use with LaTeX.

See the inputenc package documentation for explanation.
Type  H <return>  for immediate help.
 ...                                              
                                                  
l.2 ...–∏–æ–º–∞ –≤—ã–±–æ—Ä–∞. –õ–µ–º–º–∞ –æ –Ω–µ–ø
                                                  –æ–¥–≤–∏–∂–Ω–æ–º –º–Ω–æ–∂–...

You may provide a definition with
\DeclareUnicodeCharacter 


! Package inputenc Error: Unicode character –æ (U+043E)
(inputenc)                not set up for use with LaTeX.

See the inputenc package documentation for explanation.
Type  H <return>  for immediate help.
 ...                                              
                                                  
l.2 ...–æ–º–∞ –≤—ã–±–æ—Ä–∞. –õ–µ–º–º–∞ –æ –Ω–µ–ø–æ
                                                  –¥–≤–∏–∂–Ω–æ–º –º–Ω–æ–∂–µ—...

You may provide a definition with
\DeclareUnicodeCharacter 


! Package inputenc Error: Unicode character –¥ (U+0434)
(inputenc)                not set up for use with LaTeX.

See the inputenc package documentation for explanation.
Type  H <return>  for immediate help.
 ...                                              
                                                  
l.2 ...–º–∞ –≤—ã–±–æ—Ä–∞. –õ–µ–º–º–∞ –æ –Ω–µ–ø–æ–¥
                                                  –≤–∏–∂–Ω–æ–º –º–Ω–æ–∂–µ—Å—...

You may provide a definition with
\DeclareUnicodeCharacter 


! Package inputenc Error: Unicode character –≤ (U+0432)
(inputenc)                not set up for use with LaTeX.

See the inputenc package documentation for explanation.
Type  H <return>  for immediate help.
 ...                                              
                                                  
l.2 ...–∞ –≤—ã–±–æ—Ä–∞. –õ–µ–º–º–∞ –æ –Ω–µ–ø–æ–¥–≤
                                                  –∏–∂–Ω–æ–º –º–Ω–æ–∂–µ—Å—Ç–...

You may provide a definition with
\DeclareUnicodeCharacter 


! Package inputenc Error: Unicode character –∏ (U+0438)
(inputenc)                not set up for use with LaTeX.

See the inputenc package documentation for explanation.
Type  H <return>  for immediate help.
 ...                                              
                                                  
l.2 ... –≤—ã–±–æ—Ä–∞. –õ–µ–º–º–∞ –æ –Ω–µ–ø–æ–¥–≤–∏
                                                  –∂–Ω–æ–º –º–Ω–æ–∂–µ—Å—Ç–≤–...

You may provide a definition with
\DeclareUnicodeCharacter 


! Package inputenc Error: Unicode character –∂ (U+0436)
(inputenc)                not set up for use with LaTeX.

See the inputenc package documentation for explanation.
Type  H <return>  for immediate help.
 ...                                              
                                                  
l.2 ...≤—ã–±–æ—Ä–∞. –õ–µ–º–º–∞ –æ –Ω–µ–ø–æ–¥–≤–∏–∂
                                                  –Ω–æ–º –º–Ω–æ–∂–µ—Å—Ç–≤–µ....

You may provide a definition with
\DeclareUnicodeCharacter 


! Package inputenc Error: Unicode character –Ω (U+043D)
(inputenc)                not set up for use with LaTeX.

See the inputenc package documentation for explanation.
Type  H <return>  for immediate help.
 ...                                              
                                                  
l.2 ...ã–±–æ—Ä–∞. –õ–µ–º–º–∞ –æ –Ω–µ–ø–æ–¥–≤–∏–∂–Ω
                                                  –æ–º –º–Ω–æ–∂–µ—Å—Ç–≤–µ. –...

You may provide a definition with
\DeclareUnicodeCharacter 


! Package inputenc Error: Unicode character –æ (U+043E)
(inputenc)                not set up for use with LaTeX.

See the inputenc package documentation for explanation.
Type  H <return>  for immediate help.
 ...                                              
                                                  
l.2 ...±–æ—Ä–∞. –õ–µ–º–º–∞ –æ –Ω–µ–ø–æ–¥–≤–∏–∂–Ω–æ
                                                  –º –º–Ω–æ–∂–µ—Å—Ç–≤–µ. –ß–...

You may provide a definition with
\DeclareUnicodeCharacter 


! Package inputenc Error: Unicode character –º (U+043C)
(inputenc)                not set up for use with LaTeX.

See the inputenc package documentation for explanation.
Type  H <return>  for immediate help.
 ...                                              
                                                  
l.2 ...æ—Ä–∞. –õ–µ–º–º–∞ –æ –Ω–µ–ø–æ–¥–≤–∏–∂–Ω–æ–º
                                                   –º–Ω–æ–∂–µ—Å—Ç–≤–µ. –ß–∞—...

You may provide a definition with
\DeclareUnicodeCharacter 


! Package inputenc Error: Unicode character –º (U+043C)
(inputenc)                not set up for use with LaTeX.

See the inputenc package documentation for explanation.
Type  H <return>  for immediate help.
 ...                                              
                                                  
l.2 ...–∞. –õ–µ–º–º–∞ –æ –Ω–µ–ø–æ–¥–≤–∏–∂–Ω–æ–º –º
                                                  –Ω–æ–∂–µ—Å—Ç–≤–µ. –ß–∞—Å—Ç...

You may provide a definition with
\DeclareUnicodeCharacter 


! Package inputenc Error: Unicode character –Ω (U+043D)
(inputenc)                not set up for use with LaTeX.

See the inputenc package documentation for explanation.
Type  H <return>  for immediate help.
 ...                                              
                                                  
l.2 .... –õ–µ–º–º–∞ –æ –Ω–µ–ø–æ–¥–≤–∏–∂–Ω–æ–º –º–Ω
                                                  –æ–∂–µ—Å—Ç–≤–µ. –ß–∞—Å—Ç–∏...

You may provide a definition with
\DeclareUnicodeCharacter 


! Package inputenc Error: Unicode character –æ (U+043E)
(inputenc)                not set up for use with LaTeX.

See the inputenc package documentation for explanation.
Type  H <return>  for immediate help.
 ...                                              
                                                  
l.2 ...–õ–µ–º–º–∞ –æ –Ω–µ–ø–æ–¥–≤–∏–∂–Ω–æ–º –º–Ω–æ
                                                  –∂–µ—Å—Ç–≤–µ. –ß–∞—Å—Ç–∏—á...

You may provide a definition with
\DeclareUnicodeCharacter 


! Package inputenc Error: Unicode character –∂ (U+0436)
(inputenc)                not set up for use with LaTeX.

See the inputenc package documentation for explanation.
Type  H <return>  for immediate help.
 ...                                              
                                                  
l.2 ...–µ–º–º–∞ –æ –Ω–µ–ø–æ–¥–≤–∏–∂–Ω–æ–º –º–Ω–æ–∂
                                                  –µ—Å—Ç–≤–µ. –ß–∞—Å—Ç–∏—á–Ω...

You may provide a definition with
\DeclareUnicodeCharacter 


! Package inputenc Error: Unicode character –µ (U+0435)
(inputenc)                not set up for use with LaTeX.

See the inputenc package documentation for explanation.
Type  H <return>  for immediate help.
 ...                                              
                                                  
l.2 ...–º–º–∞ –æ –Ω–µ–ø–æ–¥–≤–∏–∂–Ω–æ–º –º–Ω–æ–∂–µ
                                                  —Å—Ç–≤–µ. –ß–∞—Å—Ç–∏—á–Ω–æ...

You may provide a definition with
\DeclareUnicodeCharacter 


! Package inputenc Error: Unicode character —Å (U+0441)
(inputenc)                not set up for use with LaTeX.

See the inputenc package documentation for explanation.
Type  H <return>  for immediate help.
 ...                                              
                                                  
l.2 ...–º–∞ –æ –Ω–µ–ø–æ–¥–≤–∏–∂–Ω–æ–º –º–Ω–æ–∂–µ—Å
                                                  —Ç–≤–µ. –ß–∞—Å—Ç–∏—á–Ω–æ —...

You may provide a definition with
\DeclareUnicodeCharacter 


! Package inputenc Error: Unicode character —Ç (U+0442)
(inputenc)                not set up for use with LaTeX.

See the inputenc package documentation for explanation.
Type  H <return>  for immediate help.
 ...                                              
                                                  
l.2 ...–∞ –æ –Ω–µ–ø–æ–¥–≤–∏–∂–Ω–æ–º –º–Ω–æ–∂–µ—Å—Ç
                                                  –≤–µ. –ß–∞—Å—Ç–∏—á–Ω–æ —É–...

You may provide a definition with
\DeclareUnicodeCharacter 


! Package inputenc Error: Unicode character –≤ (U+0432)
(inputenc)                not set up for use with LaTeX.

See the inputenc package documentation for explanation.
Type  H <return>  for immediate help.
 ...                                              
                                                  
l.2 ... –æ –Ω–µ–ø–æ–¥–≤–∏–∂–Ω–æ–º –º–Ω–æ–∂–µ—Å—Ç–≤
                                                  –µ. –ß–∞—Å—Ç–∏—á–Ω–æ —É–ø–...

You may provide a definition with
\DeclareUnicodeCharacter 


! Package inputenc Error: Unicode character –µ (U+0435)
(inputenc)                not set up for use with LaTeX.

See the inputenc package documentation for explanation.
Type  H <return>  for immediate help.
 ...                                              
                                                  
l.2 ...æ –Ω–µ–ø–æ–¥–≤–∏–∂–Ω–æ–º –º–Ω–æ–∂–µ—Å—Ç–≤–µ
                                                  . –ß–∞—Å—Ç–∏—á–Ω–æ —É–ø–æ—...

You may provide a definition with
\DeclareUnicodeCharacter 

Missing character: There is no . in font nullfont!

! Package inputenc Error: Unicode character –ß (U+0427)
(inputenc)                not set up for use with LaTeX.

See the inputenc package documentation for explanation.
Type  H <return>  for immediate help.
 ...                                              
                                                  
l.2 ...–µ–ø–æ–¥–≤–∏–∂–Ω–æ–º –º–Ω–æ–∂–µ—Å—Ç–≤–µ. –ß
                                                  –∞—Å—Ç–∏—á–Ω–æ —É–ø–æ—Ä—è–...

You may provide a definition with
\DeclareUnicodeCharacter 


! Package inputenc Error: Unicode character –∞ (U+0430)
(inputenc)                not set up for use with LaTeX.

See the inputenc package documentation for explanation.
Type  H <return>  for immediate help.
 ...                                              
                                                  
l.2 ...–ø–æ–¥–≤–∏–∂–Ω–æ–º –º–Ω–æ–∂–µ—Å—Ç–≤–µ. –ß–∞
                                                  —Å—Ç–∏—á–Ω–æ —É–ø–æ—Ä—è–¥–...

You may provide a definition with
\DeclareUnicodeCharacter 


! Package inputenc Error: Unicode character —Å (U+0441)
(inputenc)                not set up for use with LaTeX.

See the inputenc package documentation for explanation.
Type  H <return>  for immediate help.
 ...                                              
                                                  
l.2 ...–æ–¥–≤–∏–∂–Ω–æ–º –º–Ω–æ–∂–µ—Å—Ç–≤–µ. –ß–∞—Å
                                                  —Ç–∏—á–Ω–æ —É–ø–æ—Ä—è–¥–æ—...

You may provide a definition with
\DeclareUnicodeCharacter 


! Package inputenc Error: Unicode character —Ç (U+0442)
(inputenc)                not set up for use with LaTeX.

See the inputenc package documentation for explanation.
Type  H <return>  for immediate help.
 ...                                              
                                                  
l.2 ...–¥–≤–∏–∂–Ω–æ–º –º–Ω–æ–∂–µ—Å—Ç–≤–µ. –ß–∞—Å—Ç
                                                  –∏—á–Ω–æ —É–ø–æ—Ä—è–¥–æ—á–...

You may provide a definition with
\DeclareUnicodeCharacter 


! Package inputenc Error: Unicode character –∏ (U+0438)
(inputenc)                not set up for use with LaTeX.

See the inputenc package documentation for explanation.
Type  H <return>  for immediate help.
 ...                                              
                                                  
l.2 ...–≤–∏–∂–Ω–æ–º –º–Ω–æ–∂–µ—Å—Ç–≤–µ. –ß–∞—Å—Ç–∏
                                                  —á–Ω–æ —É–ø–æ—Ä—è–¥–æ—á–µ–...

You may provide a definition with
\DeclareUnicodeCharacter 


! Package inputenc Error: Unicode character —á (U+0447)
(inputenc)                not set up for use with LaTeX.

See the inputenc package documentation for explanation.
Type  H <return>  for immediate help.
 ...                                              
                                                  
l.2 ...–∏–∂–Ω–æ–º –º–Ω–æ–∂–µ—Å—Ç–≤–µ. –ß–∞—Å—Ç–∏—á
                                                  –Ω–æ —É–ø–æ—Ä—è–¥–æ—á–µ–Ω–...

You may provide a definition with
\DeclareUnicodeCharacter 


! Package inputenc Error: Unicode character –Ω (U+043D)
(inputenc)                not set up for use with LaTeX.

See the inputenc package documentation for explanation.
Type  H <return>  for immediate help.
 ...                                              
                                                  
l.2 ...–∂–Ω–æ–º –º–Ω–æ–∂–µ—Å—Ç–≤–µ. –ß–∞—Å—Ç–∏—á–Ω
                                                  –æ —É–ø–æ—Ä—è–¥–æ—á–µ–Ω–Ω—...

You may provide a definition with
\DeclareUnicodeCharacter 


! Package inputenc Error: Unicode character –æ (U+043E)
(inputenc)                not set up for use with LaTeX.

See the inputenc package documentation for explanation.
Type  H <return>  for immediate help.
 ...                                              
                                                  
l.2 ...–Ω–æ–º –º–Ω–æ–∂–µ—Å—Ç–≤–µ. –ß–∞—Å—Ç–∏—á–Ω–æ
                                                   —É–ø–æ—Ä—è–¥–æ—á–µ–Ω–Ω—ã–...

You may provide a definition with
\DeclareUnicodeCharacter 


! Package inputenc Error: Unicode character —É (U+0443)
(inputenc)                not set up for use with LaTeX.

See the inputenc package documentation for explanation.
Type  H <return>  for immediate help.
 ...                                              
                                                  
l.2 ...æ–º –º–Ω–æ–∂–µ—Å—Ç–≤–µ. –ß–∞—Å—Ç–∏—á–Ω–æ —É
                                                  –ø–æ—Ä—è–¥–æ—á–µ–Ω–Ω—ã–µ –...

You may provide a definition with
\DeclareUnicodeCharacter 


! Package inputenc Error: Unicode character –ø (U+043F)
(inputenc)                not set up for use with LaTeX.

See the inputenc package documentation for explanation.
Type  H <return>  for immediate help.
 ...                                              
                                                  
l.2 ...º –º–Ω–æ–∂–µ—Å—Ç–≤–µ. –ß–∞—Å—Ç–∏—á–Ω–æ —É–ø
                                                  –æ—Ä—è–¥–æ—á–µ–Ω–Ω—ã–µ –º–...

You may provide a definition with
\DeclareUnicodeCharacter 


! Package inputenc Error: Unicode character –æ (U+043E)
(inputenc)                not set up for use with LaTeX.

See the inputenc package documentation for explanation.
Type  H <return>  for immediate help.
 ...                                              
                                                  
l.2 ...–º–Ω–æ–∂–µ—Å—Ç–≤–µ. –ß–∞—Å—Ç–∏—á–Ω–æ —É–ø–æ
                                                  —Ä—è–¥–æ—á–µ–Ω–Ω—ã–µ –º–Ω–...

You may provide a definition with
\DeclareUnicodeCharacter 


! Package inputenc Error: Unicode character —Ä (U+0440)
(inputenc)                not set up for use with LaTeX.

See the inputenc package documentation for explanation.
Type  H <return>  for immediate help.
 ...                                              
                                                  
l.2 ...–Ω–æ–∂–µ—Å—Ç–≤–µ. –ß–∞—Å—Ç–∏—á–Ω–æ —É–ø–æ—Ä
                                                  —è–¥–æ—á–µ–Ω–Ω—ã–µ –º–Ω–æ–...

You may provide a definition with
\DeclareUnicodeCharacter 


! Package inputenc Error: Unicode character —è (U+044F)
(inputenc)                not set up for use with LaTeX.

See the inputenc package documentation for explanation.
Type  H <return>  for immediate help.
 ...                                              
                                                  
l.2 ...–æ–∂–µ—Å—Ç–≤–µ. –ß–∞—Å—Ç–∏—á–Ω–æ —É–ø–æ—Ä—è
                                                  –¥–æ—á–µ–Ω–Ω—ã–µ –º–Ω–æ–∂–...

You may provide a definition with
\DeclareUnicodeCharacter 


! Package inputenc Error: Unicode character –¥ (U+0434)
(inputenc)                not set up for use with LaTeX.

See the inputenc package documentation for explanation.
Type  H <return>  for immediate help.
 ...                                              
                                                  
l.2 ...–∂–µ—Å—Ç–≤–µ. –ß–∞—Å—Ç–∏—á–Ω–æ —É–ø–æ—Ä—è–¥
                                                  –æ—á–µ–Ω–Ω—ã–µ –º–Ω–æ–∂–µ—...

You may provide a definition with
\DeclareUnicodeCharacter 


! Package inputenc Error: Unicode character –æ (U+043E)
(inputenc)                not set up for use with LaTeX.

See the inputenc package documentation for explanation.
Type  H <return>  for immediate help.
 ...                                              
                                                  
l.2 ...–µ—Å—Ç–≤–µ. –ß–∞—Å—Ç–∏—á–Ω–æ —É–ø–æ—Ä—è–¥–æ
                                                  —á–µ–Ω–Ω—ã–µ –º–Ω–æ–∂–µ—Å—...

You may provide a definition with
\DeclareUnicodeCharacter 


! Package inputenc Error: Unicode character —á (U+0447)
(inputenc)                not set up for use with LaTeX.

See the inputenc package documentation for explanation.
Type  H <return>  for immediate help.
 ...                                              
                                                  
l.2 ...—Å—Ç–≤–µ. –ß–∞—Å—Ç–∏—á–Ω–æ —É–ø–æ—Ä—è–¥–æ—á
                                                  –µ–Ω–Ω—ã–µ –º–Ω–æ–∂–µ—Å—Ç–...

You may provide a definition with
\DeclareUnicodeCharacter 


! Package inputenc Error: Unicode character –µ (U+0435)
(inputenc)                not set up for use with LaTeX.

See the inputenc package documentation for explanation.
Type  H <return>  for immediate help.
 ...                                              
                                                  
l.2 ...—Ç–≤–µ. –ß–∞—Å—Ç–∏—á–Ω–æ —É–ø–æ—Ä—è–¥–æ—á–µ
                                                  –Ω–Ω—ã–µ –º–Ω–æ–∂–µ—Å—Ç–≤–...

You may provide a definition with
\DeclareUnicodeCharacter 


! Package inputenc Error: Unicode character –Ω (U+043D)
(inputenc)                not set up for use with LaTeX.

See the inputenc package documentation for explanation.
Type  H <return>  for immediate help.
 ...                                              
                                                  
l.2 ...–≤–µ. –ß–∞—Å—Ç–∏—á–Ω–æ —É–ø–æ—Ä—è–¥–æ—á–µ–Ω
                                                  –Ω—ã–µ –º–Ω–æ–∂–µ—Å—Ç–≤–∞....

You may provide a definition with
\DeclareUnicodeCharacter 


! Package inputenc Error: Unicode character –Ω (U+043D)
(inputenc)                not set up for use with LaTeX.

See the inputenc package documentation for explanation.
Type  H <return>  for immediate help.
 ...                                              
                                                  
l.2 ...–µ. –ß–∞—Å—Ç–∏—á–Ω–æ —É–ø–æ—Ä—è–¥–æ—á–µ–Ω–Ω
                                                  —ã–µ –º–Ω–æ–∂–µ—Å—Ç–≤–∞. –...

You may provide a definition with
\DeclareUnicodeCharacter 


! Package inputenc Error: Unicode character —ã (U+044B)
(inputenc)                not set up for use with LaTeX.

See the inputenc package documentation for explanation.
Type  H <return>  for immediate help.
 ...                                              
                                                  
l.2 .... –ß–∞—Å—Ç–∏—á–Ω–æ —É–ø–æ—Ä—è–¥–æ—á–µ–Ω–Ω—ã
                                                  –µ –º–Ω–æ–∂–µ—Å—Ç–≤–∞. –¢–...

You may provide a definition with
\DeclareUnicodeCharacter 


! Package inputenc Error: Unicode character –µ (U+0435)
(inputenc)                not set up for use with LaTeX.

See the inputenc package documentation for explanation.
Type  H <return>  for immediate help.
 ...                                              
                                                  
l.2 ...–ß–∞—Å—Ç–∏—á–Ω–æ —É–ø–æ—Ä—è–¥–æ—á–µ–Ω–Ω—ã–µ
                                                   –º–Ω–æ–∂–µ—Å—Ç–≤–∞. –¢–µ–...

You may provide a definition with
\DeclareUnicodeCharacter 


! Package inputenc Error: Unicode character –º (U+043C)
(inputenc)                not set up for use with LaTeX.

See the inputenc package documentation for explanation.
Type  H <return>  for immediate help.
 ...                                              
                                                  
l.2 ...∞—Å—Ç–∏—á–Ω–æ —É–ø–æ—Ä—è–¥–æ—á–µ–Ω–Ω—ã–µ –º
                                                  –Ω–æ–∂–µ—Å—Ç–≤–∞. –¢–µ–æ—Ä...

You may provide a definition with
\DeclareUnicodeCharacter 


! Package inputenc Error: Unicode character –Ω (U+043D)
(inputenc)                not set up for use with LaTeX.

See the inputenc package documentation for explanation.
Type  H <return>  for immediate help.
 ...                                              
                                                  
l.2 ...Å—Ç–∏—á–Ω–æ —É–ø–æ—Ä—è–¥–æ—á–µ–Ω–Ω—ã–µ –º–Ω
                                                  –æ–∂–µ—Å—Ç–≤–∞. –¢–µ–æ—Ä–µ...

You may provide a definition with
\DeclareUnicodeCharacter 


! Package inputenc Error: Unicode character –æ (U+043E)
(inputenc)                not set up for use with LaTeX.

See the inputenc package documentation for explanation.
Type  H <return>  for immediate help.
 ...                                              
                                                  
l.2 ...Ç–∏—á–Ω–æ —É–ø–æ—Ä—è–¥–æ—á–µ–Ω–Ω—ã–µ –º–Ω–æ
                                                  –∂–µ—Å—Ç–≤–∞. –¢–µ–æ—Ä–µ–º...

You may provide a definition with
\DeclareUnicodeCharacter 


! Package inputenc Error: Unicode character –∂ (U+0436)
(inputenc)                not set up for use with LaTeX.

See the inputenc package documentation for explanation.
Type  H <return>  for immediate help.
 ...                                              
                                                  
l.2 ...∏—á–Ω–æ —É–ø–æ—Ä—è–¥–æ—á–µ–Ω–Ω—ã–µ –º–Ω–æ–∂
                                                  –µ—Å—Ç–≤–∞. –¢–µ–æ—Ä–µ–º–∞...

You may provide a definition with
\DeclareUnicodeCharacter 


! Package inputenc Error: Unicode character –µ (U+0435)
(inputenc)                not set up for use with LaTeX.

See the inputenc package documentation for explanation.
Type  H <return>  for immediate help.
 ...                                              
                                                  
l.2 ...á–Ω–æ —É–ø–æ—Ä—è–¥–æ—á–µ–Ω–Ω—ã–µ –º–Ω–æ–∂–µ
                                                  —Å—Ç–≤–∞. –¢–µ–æ—Ä–µ–º–∞ –...

You may provide a definition with
\DeclareUnicodeCharacter 


! Package inputenc Error: Unicode character —Å (U+0441)
(inputenc)                not set up for use with LaTeX.

See the inputenc package documentation for explanation.
Type  H <return>  for immediate help.
 ...                                              
                                                  
l.2 ...Ω–æ —É–ø–æ—Ä—è–¥–æ—á–µ–Ω–Ω—ã–µ –º–Ω–æ–∂–µ—Å
                                                  —Ç–≤–∞. –¢–µ–æ—Ä–µ–º–∞ –•–...

You may provide a definition with
\DeclareUnicodeCharacter 


! Package inputenc Error: Unicode character —Ç (U+0442)
(inputenc)                not set up for use with LaTeX.

See the inputenc package documentation for explanation.
Type  H <return>  for immediate help.
 ...                                              
                                                  
l.2 ...æ —É–ø–æ—Ä—è–¥–æ—á–µ–Ω–Ω—ã–µ –º–Ω–æ–∂–µ—Å—Ç
                                                  –≤–∞. –¢–µ–æ—Ä–µ–º–∞ –•–∞—...

You may provide a definition with
\DeclareUnicodeCharacter 


! Package inputenc Error: Unicode character –≤ (U+0432)
(inputenc)                not set up for use with LaTeX.

See the inputenc package documentation for explanation.
Type  H <return>  for immediate help.
 ...                                              
                                                  
l.2 ...—É–ø–æ—Ä—è–¥–æ—á–µ–Ω–Ω—ã–µ –º–Ω–æ–∂–µ—Å—Ç–≤
                                                  –∞. –¢–µ–æ—Ä–µ–º–∞ –•–∞—É—...

You may provide a definition with
\DeclareUnicodeCharacter 


! Package inputenc Error: Unicode character –∞ (U+0430)
(inputenc)                not set up for use with LaTeX.

See the inputenc package documentation for explanation.
Type  H <return>  for immediate help.
 ...                                              
                                                  
l.2 ...–ø–æ—Ä—è–¥–æ—á–µ–Ω–Ω—ã–µ –º–Ω–æ–∂–µ—Å—Ç–≤–∞
                                                  . –¢–µ–æ—Ä–µ–º–∞ –•–∞—É—Å–...

You may provide a definition with
\DeclareUnicodeCharacter 

Missing character: There is no . in font nullfont!

! Package inputenc Error: Unicode character –¢ (U+0422)
(inputenc)                not set up for use with LaTeX.

See the inputenc package documentation for explanation.
Type  H <return>  for immediate help.
 ...                                              
                                                  
l.2 ...—Ä—è–¥–æ—á–µ–Ω–Ω—ã–µ –º–Ω–æ–∂–µ—Å—Ç–≤–∞. –¢
                                                  –µ–æ—Ä–µ–º–∞ –•–∞—É—Å–¥–æ—...

You may provide a definition with
\DeclareUnicodeCharacter 


! Package inputenc Error: Unicode character –µ (U+0435)
(inputenc)                not set up for use with LaTeX.

See the inputenc package documentation for explanation.
Type  H <return>  for immediate help.
 ...                                              
                                                  
l.2 ...—è–¥–æ—á–µ–Ω–Ω—ã–µ –º–Ω–æ–∂–µ—Å—Ç–≤–∞. –¢–µ
                                                  –æ—Ä–µ–º–∞ –•–∞—É—Å–¥–æ—Ä—...

You may provide a definition with
\DeclareUnicodeCharacter 


! Package inputenc Error: Unicode character –æ (U+043E)
(inputenc)                not set up for use with LaTeX.

See the inputenc package documentation for explanation.
Type  H <return>  for immediate help.
 ...                                              
                                                  
l.2 ...–¥–æ—á–µ–Ω–Ω—ã–µ –º–Ω–æ–∂–µ—Å—Ç–≤–∞. –¢–µ–æ
                                                  —Ä–µ–º–∞ –•–∞—É—Å–¥–æ—Ä—Ñ–...

You may provide a definition with
\DeclareUnicodeCharacter 


! Package inputenc Error: Unicode character —Ä (U+0440)
(inputenc)                not set up for use with LaTeX.

See the inputenc package documentation for explanation.
Type  H <return>  for immediate help.
 ...                                              
                                                  
l.2 ...–æ—á–µ–Ω–Ω—ã–µ –º–Ω–æ–∂–µ—Å—Ç–≤–∞. –¢–µ–æ—Ä
                                                  –µ–º–∞ –•–∞—É—Å–¥–æ—Ä—Ñ–∞ ...

You may provide a definition with
\DeclareUnicodeCharacter 


! Package inputenc Error: Unicode character –µ (U+0435)
(inputenc)                not set up for use with LaTeX.

See the inputenc package documentation for explanation.
Type  H <return>  for immediate help.
 ...                                              
                                                  
l.2 ...—á–µ–Ω–Ω—ã–µ –º–Ω–æ–∂–µ—Å—Ç–≤–∞. –¢–µ–æ—Ä–µ
                                                  –º–∞ –•–∞—É—Å–¥–æ—Ä—Ñ–∞ –æ...

You may provide a definition with
\DeclareUnicodeCharacter 


! Package inputenc Error: Unicode character –º (U+043C)
(inputenc)                not set up for use with LaTeX.

See the inputenc package documentation for explanation.
Type  H <return>  for immediate help.
 ...                                              
                                                  
l.2 ...–µ–Ω–Ω—ã–µ –º–Ω–æ–∂–µ—Å—Ç–≤–∞. –¢–µ–æ—Ä–µ–º
                                                  –∞ –•–∞—É—Å–¥–æ—Ä—Ñ–∞ –æ –...

You may provide a definition with
\DeclareUnicodeCharacter 


! Package inputenc Error: Unicode character –∞ (U+0430)
(inputenc)                not set up for use with LaTeX.

See the inputenc package documentation for explanation.
Type  H <return>  for immediate help.
 ...                                              
                                                  
l.2 ...–Ω–Ω—ã–µ –º–Ω–æ–∂–µ—Å—Ç–≤–∞. –¢–µ–æ—Ä–µ–º–∞
                                                   –•–∞—É—Å–¥–æ—Ä—Ñ–∞ –æ –º–...

You may provide a definition with
\DeclareUnicodeCharacter 


! Package inputenc Error: Unicode character –• (U+0425)
(inputenc)                not set up for use with LaTeX.

See the inputenc package documentation for explanation.
Type  H <return>  for immediate help.
 ...                                              
                                                  
l.2 ...Ω—ã–µ –º–Ω–æ–∂–µ—Å—Ç–≤–∞. –¢–µ–æ—Ä–µ–º–∞ –•
                                                  –∞—É—Å–¥–æ—Ä—Ñ–∞ –æ –º–∞–∫...

You may provide a definition with
\DeclareUnicodeCharacter 


! Package inputenc Error: Unicode character –∞ (U+0430)
(inputenc)                not set up for use with LaTeX.

See the inputenc package documentation for explanation.
Type  H <return>  for immediate help.
 ...                                              
                                                  
l.2 ...ã–µ –º–Ω–æ–∂–µ—Å—Ç–≤–∞. –¢–µ–æ—Ä–µ–º–∞ –•–∞
                                                  —É—Å–¥–æ—Ä—Ñ–∞ –æ –º–∞–∫—Å...

You may provide a definition with
\DeclareUnicodeCharacter 


! Package inputenc Error: Unicode character —É (U+0443)
(inputenc)                not set up for use with LaTeX.

See the inputenc package documentation for explanation.
Type  H <return>  for immediate help.
 ...                                              
                                                  
l.2 ...µ –º–Ω–æ–∂–µ—Å—Ç–≤–∞. –¢–µ–æ—Ä–µ–º–∞ –•–∞—É
                                                  —Å–¥–æ—Ä—Ñ–∞ –æ –º–∞–∫—Å–∏...

You may provide a definition with
\DeclareUnicodeCharacter 


! Package inputenc Error: Unicode character —Å (U+0441)
(inputenc)                not set up for use with LaTeX.

See the inputenc package documentation for explanation.
Type  H <return>  for immediate help.
 ...                                              
                                                  
l.2 ...–º–Ω–æ–∂–µ—Å—Ç–≤–∞. –¢–µ–æ—Ä–µ–º–∞ –•–∞—É—Å
                                                  –¥–æ—Ä—Ñ–∞ –æ –º–∞–∫—Å–∏–º...

You may provide a definition with
\DeclareUnicodeCharacter 


! Package inputenc Error: Unicode character –¥ (U+0434)
(inputenc)                not set up for use with LaTeX.

See the inputenc package documentation for explanation.
Type  H <return>  for immediate help.
 ...                                              
                                                  
l.2 ...–Ω–æ–∂–µ—Å—Ç–≤–∞. –¢–µ–æ—Ä–µ–º–∞ –•–∞—É—Å–¥
                                                  –æ—Ä—Ñ–∞ –æ –º–∞–∫—Å–∏–º–∞...

You may provide a definition with
\DeclareUnicodeCharacter 


! Package inputenc Error: Unicode character –æ (U+043E)
(inputenc)                not set up for use with LaTeX.

See the inputenc package documentation for explanation.
Type  H <return>  for immediate help.
 ...                                              
                                                  
l.2 ...–æ–∂–µ—Å—Ç–≤–∞. –¢–µ–æ—Ä–µ–º–∞ –•–∞—É—Å–¥–æ
                                                  —Ä—Ñ–∞ –æ –º–∞–∫—Å–∏–º–∞–ª...

You may provide a definition with
\DeclareUnicodeCharacter 


! Package inputenc Error: Unicode character —Ä (U+0440)
(inputenc)                not set up for use with LaTeX.

See the inputenc package documentation for explanation.
Type  H <return>  for immediate help.
 ...                                              
                                                  
l.2 ...–∂–µ—Å—Ç–≤–∞. –¢–µ–æ—Ä–µ–º–∞ –•–∞—É—Å–¥–æ—Ä
                                                  —Ñ–∞ –æ –º–∞–∫—Å–∏–º–∞–ª—å...

You may provide a definition with
\DeclareUnicodeCharacter 


! Package inputenc Error: Unicode character —Ñ (U+0444)
(inputenc)                not set up for use with LaTeX.

See the inputenc package documentation for explanation.
Type  H <return>  for immediate help.
 ...                                              
                                                  
l.2 ...–µ—Å—Ç–≤–∞. –¢–µ–æ—Ä–µ–º–∞ –•–∞—É—Å–¥–æ—Ä—Ñ
                                                  –∞ –æ –º–∞–∫—Å–∏–º–∞–ª—å–Ω...

You may provide a definition with
\DeclareUnicodeCharacter 


! Package inputenc Error: Unicode character –∞ (U+0430)
(inputenc)                not set up for use with LaTeX.

See the inputenc package documentation for explanation.
Type  H <return>  for immediate help.
 ...                                              
                                                  
l.2 ...—Å—Ç–≤–∞. –¢–µ–æ—Ä–µ–º–∞ –•–∞—É—Å–¥–æ—Ä—Ñ–∞
                                                   –æ –º–∞–∫—Å–∏–º–∞–ª—å–Ω–æ...

You may provide a definition with
\DeclareUnicodeCharacter 


! Package inputenc Error: Unicode character –æ (U+043E)
(inputenc)                not set up for use with LaTeX.

See the inputenc package documentation for explanation.
Type  H <return>  for immediate help.
 ...                                              
                                                  
l.2 ...Ç–≤–∞. –¢–µ–æ—Ä–µ–º–∞ –•–∞—É—Å–¥–æ—Ä—Ñ–∞ –æ
                                                   –º–∞–∫—Å–∏–º–∞–ª—å–Ω–æ—Å—...

You may provide a definition with
\DeclareUnicodeCharacter 


! Package inputenc Error: Unicode character –º (U+043C)
(inputenc)                not set up for use with LaTeX.

See the inputenc package documentation for explanation.
Type  H <return>  for immediate help.
 ...                                              
                                                  
l.2 ...–∞. –¢–µ–æ—Ä–µ–º–∞ –•–∞—É—Å–¥–æ—Ä—Ñ–∞ –æ –º
                                                  –∞–∫—Å–∏–º–∞–ª—å–Ω–æ—Å—Ç–∏...

You may provide a definition with
\DeclareUnicodeCharacter 


! Package inputenc Error: Unicode character –∞ (U+0430)
(inputenc)                not set up for use with LaTeX.

See the inputenc package documentation for explanation.
Type  H <return>  for immediate help.
 ...                                              
                                                  
l.2 .... –¢–µ–æ—Ä–µ–º–∞ –•–∞—É—Å–¥–æ—Ä—Ñ–∞ –æ –º–∞
                                                  –∫—Å–∏–º–∞–ª—å–Ω–æ—Å—Ç–∏ –...

You may provide a definition with
\DeclareUnicodeCharacter 


! Package inputenc Error: Unicode character –∫ (U+043A)
(inputenc)                not set up for use with LaTeX.

See the inputenc package documentation for explanation.
Type  H <return>  for immediate help.
 ...                                              
                                                  
l.2 ...–¢–µ–æ—Ä–µ–º–∞ –•–∞—É—Å–¥–æ—Ä—Ñ–∞ –æ –º–∞–∫
                                                  —Å–∏–º–∞–ª—å–Ω–æ—Å—Ç–∏ –∏ ...

You may provide a definition with
\DeclareUnicodeCharacter 


! Package inputenc Error: Unicode character —Å (U+0441)
(inputenc)                not set up for use with LaTeX.

See the inputenc package documentation for explanation.
Type  H <return>  for immediate help.
 ...                                              
                                                  
l.2 ...–µ–æ—Ä–µ–º–∞ –•–∞—É—Å–¥–æ—Ä—Ñ–∞ –æ –º–∞–∫—Å
                                                  –∏–º–∞–ª—å–Ω–æ—Å—Ç–∏ –∏ –ª...

You may provide a definition with
\DeclareUnicodeCharacter 


! Package inputenc Error: Unicode character –∏ (U+0438)
(inputenc)                not set up for use with LaTeX.

See the inputenc package documentation for explanation.
Type  H <return>  for immediate help.
 ...                                              
                                                  
l.2 ...–æ—Ä–µ–º–∞ –•–∞—É—Å–¥–æ—Ä—Ñ–∞ –æ –º–∞–∫—Å–∏
                                                  –º–∞–ª—å–Ω–æ—Å—Ç–∏ –∏ –ª–µ...

You may provide a definition with
\DeclareUnicodeCharacter 


! Package inputenc Error: Unicode character –º (U+043C)
(inputenc)                not set up for use with LaTeX.

See the inputenc package documentation for explanation.
Type  H <return>  for immediate help.
 ...                                              
                                                  
l.2 ...—Ä–µ–º–∞ –•–∞—É—Å–¥–æ—Ä—Ñ–∞ –æ –º–∞–∫—Å–∏–º
                                                  –∞–ª—å–Ω–æ—Å—Ç–∏ –∏ –ª–µ–º...

You may provide a definition with
\DeclareUnicodeCharacter 


! Package inputenc Error: Unicode character –∞ (U+0430)
(inputenc)                not set up for use with LaTeX.

See the inputenc package documentation for explanation.
Type  H <return>  for immediate help.
 ...                                              
                                                  
l.2 ...–µ–º–∞ –•–∞—É—Å–¥–æ—Ä—Ñ–∞ –æ –º–∞–∫—Å–∏–º–∞
                                                  –ª—å–Ω–æ—Å—Ç–∏ –∏ –ª–µ–º–º...

You may provide a definition with
\DeclareUnicodeCharacter 


! Package inputenc Error: Unicode character –ª (U+043B)
(inputenc)                not set up for use with LaTeX.

See the inputenc package documentation for explanation.
Type  H <return>  for immediate help.
 ...                                              
                                                  
l.2 ...–º–∞ –•–∞—É—Å–¥–æ—Ä—Ñ–∞ –æ –º–∞–∫—Å–∏–º–∞–ª
                                                  —å–Ω–æ—Å—Ç–∏ –∏ –ª–µ–º–º–∞...

You may provide a definition with
\DeclareUnicodeCharacter 


! Package inputenc Error: Unicode character —å (U+044C)
(inputenc)                not set up for use with LaTeX.

See the inputenc package documentation for explanation.
Type  H <return>  for immediate help.
 ...                                              
                                                  
l.2 ...–∞ –•–∞—É—Å–¥–æ—Ä—Ñ–∞ –æ –º–∞–∫—Å–∏–º–∞–ª—å
                                                  –Ω–æ—Å—Ç–∏ –∏ –ª–µ–º–º–∞ –...

You may provide a definition with
\DeclareUnicodeCharacter 


! Package inputenc Error: Unicode character –Ω (U+043D)
(inputenc)                not set up for use with LaTeX.

See the inputenc package documentation for explanation.
Type  H <return>  for immediate help.
 ...                                              
                                                  
l.2 ... –•–∞—É—Å–¥–æ—Ä—Ñ–∞ –æ –º–∞–∫—Å–∏–º–∞–ª—å–Ω
                                                  –æ—Å—Ç–∏ –∏ –ª–µ–º–º–∞ –¶–...

You may provide a definition with
\DeclareUnicodeCharacter 


! Package inputenc Error: Unicode character –æ (U+043E)
(inputenc)                not set up for use with LaTeX.

See the inputenc package documentation for explanation.
Type  H <return>  for immediate help.
 ...                                              
                                                  
l.2 ...•–∞—É—Å–¥–æ—Ä—Ñ–∞ –æ –º–∞–∫—Å–∏–º–∞–ª—å–Ω–æ
                                                  —Å—Ç–∏ –∏ –ª–µ–º–º–∞ –¶–æ—...

You may provide a definition with
\DeclareUnicodeCharacter 


! Package inputenc Error: Unicode character —Å (U+0441)
(inputenc)                not set up for use with LaTeX.

See the inputenc package documentation for explanation.
Type  H <return>  for immediate help.
 ...                                              
                                                  
l.2 ...∞—É—Å–¥–æ—Ä—Ñ–∞ –æ –º–∞–∫—Å–∏–º–∞–ª—å–Ω–æ—Å
                                                  —Ç–∏ –∏ –ª–µ–º–º–∞ –¶–æ—Ä–...
(That makes 100 errors; please try again.) 
Here is how much of TeX's memory you used:
 46 strings out of 481257
 765 string characters out of 2908761
 277830 words of memory out of 3000000
 17367 multiletter control sequences out of 15000+600000
 403430 words of font info for 27 fonts, out of 8000000 for 9000
 0 hyphenation exceptions out of 8191
 13i,0n,15p,267b,43s stack positions out of 5000i,500n,10000p,200000b,80000s

!  ==> Fatal error occurred, no output PDF file produced!
