This is pdfTeX, Version 3.141592653-2.6-1.40.22 (MiKTeX 21.3) (preloaded format=pdflatex 2021.4.13)  7 NOV 2021 03:19
entering extended mode
**./03.tex
(03.tex
LaTeX2e <2020-10-01> patch level 4
L3 programming layer <2021-02-18>
! Undefined control sequence.
l.2 \question
             {3}{–¢–æ–ø–æ–ª–æ–≥–∏—á–µ—Å–∫–∏–µ –ø—Ä–æ—Å—Ç—Ä–∞–Ω—Å—Ç–≤–∞, –±–∞...
The control sequence at the end of the top line
of your error message was never \def'ed. If you have
misspelled it (e.g., `\hobx'), type `I' and the correct
spelling (e.g., `I\hbox'). Otherwise just continue,
and I'll forget about whatever was undefined.


! LaTeX Error: Missing \begin{document}.

See the LaTeX manual or LaTeX Companion for explanation.
Type  H <return>  for immediate help.
 ...                                              
                                                  
l.2 \question{3
               }{–¢–æ–ø–æ–ª–æ–≥–∏—á–µ—Å–∫–∏–µ –ø—Ä–æ—Å—Ç—Ä–∞–Ω—Å—Ç–≤–∞, –±–∞...

You're in trouble here.  Try typing  <return>  to proceed.
If that doesn't work, type  X <return>  to quit.

Missing character: There is no 3 in font nullfont!

! Package inputenc Error: Unicode character –¢ (U+0422)
(inputenc)                not set up for use with LaTeX.

See the inputenc package documentation for explanation.
Type  H <return>  for immediate help.
 ...                                              
                                                  
l.2 \question{3}{–¢
                   –æ–ø–æ–ª–æ–≥–∏—á–µ—Å–∫–∏–µ –ø—Ä–æ—Å—Ç—Ä–∞–Ω—Å—Ç–≤–∞, –±–∞...

You may provide a definition with
\DeclareUnicodeCharacter 


! Package inputenc Error: Unicode character –æ (U+043E)
(inputenc)                not set up for use with LaTeX.

See the inputenc package documentation for explanation.
Type  H <return>  for immediate help.
 ...                                              
                                                  
l.2 \question{3}{–¢–æ
                     –ø–æ–ª–æ–≥–∏—á–µ—Å–∫–∏–µ –ø—Ä–æ—Å—Ç—Ä–∞–Ω—Å—Ç–≤–∞, –±–∞...

You may provide a definition with
\DeclareUnicodeCharacter 


! Package inputenc Error: Unicode character –ø (U+043F)
(inputenc)                not set up for use with LaTeX.

See the inputenc package documentation for explanation.
Type  H <return>  for immediate help.
 ...                                              
                                                  
l.2 \question{3}{–¢–æ–ø
                       –æ–ª–æ–≥–∏—á–µ—Å–∫–∏–µ –ø—Ä–æ—Å—Ç—Ä–∞–Ω—Å—Ç–≤–∞, –±–∞...

You may provide a definition with
\DeclareUnicodeCharacter 


! Package inputenc Error: Unicode character –æ (U+043E)
(inputenc)                not set up for use with LaTeX.

See the inputenc package documentation for explanation.
Type  H <return>  for immediate help.
 ...                                              
                                                  
l.2 \question{3}{–¢–æ–ø–æ
                         –ª–æ–≥–∏—á–µ—Å–∫–∏–µ –ø—Ä–æ—Å—Ç—Ä–∞–Ω—Å—Ç–≤–∞, –±–∞...

You may provide a definition with
\DeclareUnicodeCharacter 


! Package inputenc Error: Unicode character –ª (U+043B)
(inputenc)                not set up for use with LaTeX.

See the inputenc package documentation for explanation.
Type  H <return>  for immediate help.
 ...                                              
                                                  
l.2 \question{3}{–¢–æ–ø–æ–ª
                           –æ–≥–∏—á–µ—Å–∫–∏–µ –ø—Ä–æ—Å—Ç—Ä–∞–Ω—Å—Ç–≤–∞, –±–∞...

You may provide a definition with
\DeclareUnicodeCharacter 


! Package inputenc Error: Unicode character –æ (U+043E)
(inputenc)                not set up for use with LaTeX.

See the inputenc package documentation for explanation.
Type  H <return>  for immediate help.
 ...                                              
                                                  
l.2 \question{3}{–¢–æ–ø–æ–ª–æ
                             –≥–∏—á–µ—Å–∫–∏–µ –ø—Ä–æ—Å—Ç—Ä–∞–Ω—Å—Ç–≤–∞, –±–∞...

You may provide a definition with
\DeclareUnicodeCharacter 


! Package inputenc Error: Unicode character –≥ (U+0433)
(inputenc)                not set up for use with LaTeX.

See the inputenc package documentation for explanation.
Type  H <return>  for immediate help.
 ...                                              
                                                  
l.2 \question{3}{–¢–æ–ø–æ–ª–æ–≥
                               –∏—á–µ—Å–∫–∏–µ –ø—Ä–æ—Å—Ç—Ä–∞–Ω—Å—Ç–≤–∞, –±–∞...

You may provide a definition with
\DeclareUnicodeCharacter 


! Package inputenc Error: Unicode character –∏ (U+0438)
(inputenc)                not set up for use with LaTeX.

See the inputenc package documentation for explanation.
Type  H <return>  for immediate help.
 ...                                              
                                                  
l.2 \question{3}{–¢–æ–ø–æ–ª–æ–≥–∏
                                 —á–µ—Å–∫–∏–µ –ø—Ä–æ—Å—Ç—Ä–∞–Ω—Å—Ç–≤–∞, –±–∞...

You may provide a definition with
\DeclareUnicodeCharacter 


! Package inputenc Error: Unicode character —á (U+0447)
(inputenc)                not set up for use with LaTeX.

See the inputenc package documentation for explanation.
Type  H <return>  for immediate help.
 ...                                              
                                                  
l.2 \question{3}{–¢–æ–ø–æ–ª–æ–≥–∏—á
                                   –µ—Å–∫–∏–µ –ø—Ä–æ—Å—Ç—Ä–∞–Ω—Å—Ç–≤–∞, –±–∞...

You may provide a definition with
\DeclareUnicodeCharacter 


! Package inputenc Error: Unicode character –µ (U+0435)
(inputenc)                not set up for use with LaTeX.

See the inputenc package documentation for explanation.
Type  H <return>  for immediate help.
 ...                                              
                                                  
l.2 \question{3}{–¢–æ–ø–æ–ª–æ–≥–∏—á–µ
                                     —Å–∫–∏–µ –ø—Ä–æ—Å—Ç—Ä–∞–Ω—Å—Ç–≤–∞, –±–∞...

You may provide a definition with
\DeclareUnicodeCharacter 


! Package inputenc Error: Unicode character —Å (U+0441)
(inputenc)                not set up for use with LaTeX.

See the inputenc package documentation for explanation.
Type  H <return>  for immediate help.
 ...                                              
                                                  
l.2 \question{3}{–¢–æ–ø–æ–ª–æ–≥–∏—á–µ—Å
                                       –∫–∏–µ –ø—Ä–æ—Å—Ç—Ä–∞–Ω—Å—Ç–≤–∞, –±–∞...

You may provide a definition with
\DeclareUnicodeCharacter 


! Package inputenc Error: Unicode character –∫ (U+043A)
(inputenc)                not set up for use with LaTeX.

See the inputenc package documentation for explanation.
Type  H <return>  for immediate help.
 ...                                              
                                                  
l.2 \question{3}{–¢–æ–ø–æ–ª–æ–≥–∏—á–µ—Å–∫
                                         –∏–µ –ø—Ä–æ—Å—Ç—Ä–∞–Ω—Å—Ç–≤–∞, –±–∞...

You may provide a definition with
\DeclareUnicodeCharacter 


! Package inputenc Error: Unicode character –∏ (U+0438)
(inputenc)                not set up for use with LaTeX.

See the inputenc package documentation for explanation.
Type  H <return>  for immediate help.
 ...                                              
                                                  
l.2 \question{3}{–¢–æ–ø–æ–ª–æ–≥–∏—á–µ—Å–∫–∏
                                           –µ –ø—Ä–æ—Å—Ç—Ä–∞–Ω—Å—Ç–≤–∞, –±–∞...

You may provide a definition with
\DeclareUnicodeCharacter 


! Package inputenc Error: Unicode character –µ (U+0435)
(inputenc)                not set up for use with LaTeX.

See the inputenc package documentation for explanation.
Type  H <return>  for immediate help.
 ...                                              
                                                  
l.2 \question{3}{–¢–æ–ø–æ–ª–æ–≥–∏—á–µ—Å–∫–∏–µ
                                              –ø—Ä–æ—Å—Ç—Ä–∞–Ω—Å—Ç–≤–∞, –±–∞...

You may provide a definition with
\DeclareUnicodeCharacter 


! Package inputenc Error: Unicode character –ø (U+043F)
(inputenc)                not set up for use with LaTeX.

See the inputenc package documentation for explanation.
Type  H <return>  for immediate help.
 ...                                              
                                                  
l.2 \question{3}{–¢–æ–ø–æ–ª–æ–≥–∏—á–µ—Å–∫–∏–µ –ø
                                                —Ä–æ—Å—Ç—Ä–∞–Ω—Å—Ç–≤–∞, –±–∞...

You may provide a definition with
\DeclareUnicodeCharacter 


! Package inputenc Error: Unicode character —Ä (U+0440)
(inputenc)                not set up for use with LaTeX.

See the inputenc package documentation for explanation.
Type  H <return>  for immediate help.
 ...                                              
                                                  
l.2 \question{3}{–¢–æ–ø–æ–ª–æ–≥–∏—á–µ—Å–∫–∏–µ –ø—Ä
                                                  –æ—Å—Ç—Ä–∞–Ω—Å—Ç–≤–∞, –±–∞...

You may provide a definition with
\DeclareUnicodeCharacter 


! Package inputenc Error: Unicode character –æ (U+043E)
(inputenc)                not set up for use with LaTeX.

See the inputenc package documentation for explanation.
Type  H <return>  for immediate help.
 ...                                              
                                                  
l.2 ...tion{3}{–¢–æ–ø–æ–ª–æ–≥–∏—á–µ—Å–∫–∏–µ –ø—Ä–æ
                                                  —Å—Ç—Ä–∞–Ω—Å—Ç–≤–∞, –±–∞–∑...

You may provide a definition with
\DeclareUnicodeCharacter 


! Package inputenc Error: Unicode character —Å (U+0441)
(inputenc)                not set up for use with LaTeX.

See the inputenc package documentation for explanation.
Type  H <return>  for immediate help.
 ...                                              
                                                  
l.2 ...on{3}{–¢–æ–ø–æ–ª–æ–≥–∏—á–µ—Å–∫–∏–µ –ø—Ä–æ—Å
                                                  —Ç—Ä–∞–Ω—Å—Ç–≤–∞, –±–∞–∑–∞...

You may provide a definition with
\DeclareUnicodeCharacter 


! Package inputenc Error: Unicode character —Ç (U+0442)
(inputenc)                not set up for use with LaTeX.

See the inputenc package documentation for explanation.
Type  H <return>  for immediate help.
 ...                                              
                                                  
l.2 ...{3}{–¢–æ–ø–æ–ª–æ–≥–∏—á–µ—Å–∫–∏–µ –ø—Ä–æ—Å—Ç
                                                  —Ä–∞–Ω—Å—Ç–≤–∞, –±–∞–∑–∞ –...

You may provide a definition with
\DeclareUnicodeCharacter 


! Package inputenc Error: Unicode character —Ä (U+0440)
(inputenc)                not set up for use with LaTeX.

See the inputenc package documentation for explanation.
Type  H <return>  for immediate help.
 ...                                              
                                                  
l.2 ...}{–¢–æ–ø–æ–ª–æ–≥–∏—á–µ—Å–∫–∏–µ –ø—Ä–æ—Å—Ç—Ä
                                                  –∞–Ω—Å—Ç–≤–∞, –±–∞–∑–∞ –∏ ...

You may provide a definition with
\DeclareUnicodeCharacter 


! Package inputenc Error: Unicode character –∞ (U+0430)
(inputenc)                not set up for use with LaTeX.

See the inputenc package documentation for explanation.
Type  H <return>  for immediate help.
 ...                                              
                                                  
l.2 ...–¢–æ–ø–æ–ª–æ–≥–∏—á–µ—Å–∫–∏–µ –ø—Ä–æ—Å—Ç—Ä–∞
                                                  –Ω—Å—Ç–≤–∞, –±–∞–∑–∞ –∏ –ø...

You may provide a definition with
\DeclareUnicodeCharacter 


! Package inputenc Error: Unicode character –Ω (U+043D)
(inputenc)                not set up for use with LaTeX.

See the inputenc package documentation for explanation.
Type  H <return>  for immediate help.
 ...                                              
                                                  
l.2 ...–æ–ø–æ–ª–æ–≥–∏—á–µ—Å–∫–∏–µ –ø—Ä–æ—Å—Ç—Ä–∞–Ω
                                                  —Å—Ç–≤–∞, –±–∞–∑–∞ –∏ –ø—Ä...

You may provide a definition with
\DeclareUnicodeCharacter 


! Package inputenc Error: Unicode character —Å (U+0441)
(inputenc)                not set up for use with LaTeX.

See the inputenc package documentation for explanation.
Type  H <return>  for immediate help.
 ...                                              
                                                  
l.2 ...–ø–æ–ª–æ–≥–∏—á–µ—Å–∫–∏–µ –ø—Ä–æ—Å—Ç—Ä–∞–Ω—Å
                                                  —Ç–≤–∞, –±–∞–∑–∞ –∏ –ø—Ä–µ...

You may provide a definition with
\DeclareUnicodeCharacter 


! Package inputenc Error: Unicode character —Ç (U+0442)
(inputenc)                not set up for use with LaTeX.

See the inputenc package documentation for explanation.
Type  H <return>  for immediate help.
 ...                                              
                                                  
l.2 ...–æ–ª–æ–≥–∏—á–µ—Å–∫–∏–µ –ø—Ä–æ—Å—Ç—Ä–∞–Ω—Å—Ç
                                                  –≤–∞, –±–∞–∑–∞ –∏ –ø—Ä–µ–¥...

You may provide a definition with
\DeclareUnicodeCharacter 


! Package inputenc Error: Unicode character –≤ (U+0432)
(inputenc)                not set up for use with LaTeX.

See the inputenc package documentation for explanation.
Type  H <return>  for immediate help.
 ...                                              
                                                  
l.2 ...–ª–æ–≥–∏—á–µ—Å–∫–∏–µ –ø—Ä–æ—Å—Ç—Ä–∞–Ω—Å—Ç–≤
                                                  –∞, –±–∞–∑–∞ –∏ –ø—Ä–µ–¥–±...

You may provide a definition with
\DeclareUnicodeCharacter 


! Package inputenc Error: Unicode character –∞ (U+0430)
(inputenc)                not set up for use with LaTeX.

See the inputenc package documentation for explanation.
Type  H <return>  for immediate help.
 ...                                              
                                                  
l.2 ...–æ–≥–∏—á–µ—Å–∫–∏–µ –ø—Ä–æ—Å—Ç—Ä–∞–Ω—Å—Ç–≤–∞
                                                  , –±–∞–∑–∞ –∏ –ø—Ä–µ–¥–±–∞...

You may provide a definition with
\DeclareUnicodeCharacter 

Missing character: There is no , in font nullfont!

! Package inputenc Error: Unicode character –± (U+0431)
(inputenc)                not set up for use with LaTeX.

See the inputenc package documentation for explanation.
Type  H <return>  for immediate help.
 ...                                              
                                                  
l.2 ...–∏—á–µ—Å–∫–∏–µ –ø—Ä–æ—Å—Ç—Ä–∞–Ω—Å—Ç–≤–∞, –±
                                                  –∞–∑–∞ –∏ –ø—Ä–µ–¥–±–∞–∑–∞...

You may provide a definition with
\DeclareUnicodeCharacter 


! Package inputenc Error: Unicode character –∞ (U+0430)
(inputenc)                not set up for use with LaTeX.

See the inputenc package documentation for explanation.
Type  H <return>  for immediate help.
 ...                                              
                                                  
l.2 ...—á–µ—Å–∫–∏–µ –ø—Ä–æ—Å—Ç—Ä–∞–Ω—Å—Ç–≤–∞, –±–∞
                                                  –∑–∞ –∏ –ø—Ä–µ–¥–±–∞–∑–∞ —...

You may provide a definition with
\DeclareUnicodeCharacter 


! Package inputenc Error: Unicode character –∑ (U+0437)
(inputenc)                not set up for use with LaTeX.

See the inputenc package documentation for explanation.
Type  H <return>  for immediate help.
 ...                                              
                                                  
l.2 ...–µ—Å–∫–∏–µ –ø—Ä–æ—Å—Ç—Ä–∞–Ω—Å—Ç–≤–∞, –±–∞–∑
                                                  –∞ –∏ –ø—Ä–µ–¥–±–∞–∑–∞ —Ç–...

You may provide a definition with
\DeclareUnicodeCharacter 


! Package inputenc Error: Unicode character –∞ (U+0430)
(inputenc)                not set up for use with LaTeX.

See the inputenc package documentation for explanation.
Type  H <return>  for immediate help.
 ...                                              
                                                  
l.2 ...—Å–∫–∏–µ –ø—Ä–æ—Å—Ç—Ä–∞–Ω—Å—Ç–≤–∞, –±–∞–∑–∞
                                                   –∏ –ø—Ä–µ–¥–±–∞–∑–∞ —Ç–æ–...

You may provide a definition with
\DeclareUnicodeCharacter 


! Package inputenc Error: Unicode character –∏ (U+0438)
(inputenc)                not set up for use with LaTeX.

See the inputenc package documentation for explanation.
Type  H <return>  for immediate help.
 ...                                              
                                                  
l.2 ...∫–∏–µ –ø—Ä–æ—Å—Ç—Ä–∞–Ω—Å—Ç–≤–∞, –±–∞–∑–∞ –∏
                                                   –ø—Ä–µ–¥–±–∞–∑–∞ —Ç–æ–ø–æ...

You may provide a definition with
\DeclareUnicodeCharacter 


! Package inputenc Error: Unicode character –ø (U+043F)
(inputenc)                not set up for use with LaTeX.

See the inputenc package documentation for explanation.
Type  H <return>  for immediate help.
 ...                                              
                                                  
l.2 ...–µ –ø—Ä–æ—Å—Ç—Ä–∞–Ω—Å—Ç–≤–∞, –±–∞–∑–∞ –∏ –ø
                                                  —Ä–µ–¥–±–∞–∑–∞ —Ç–æ–ø–æ–ª–...

You may provide a definition with
\DeclareUnicodeCharacter 


! Package inputenc Error: Unicode character —Ä (U+0440)
(inputenc)                not set up for use with LaTeX.

See the inputenc package documentation for explanation.
Type  H <return>  for immediate help.
 ...                                              
                                                  
l.2 ... –ø—Ä–æ—Å—Ç—Ä–∞–Ω—Å—Ç–≤–∞, –±–∞–∑–∞ –∏ –ø—Ä
                                                  –µ–¥–±–∞–∑–∞ —Ç–æ–ø–æ–ª–æ–...

You may provide a definition with
\DeclareUnicodeCharacter 


! Package inputenc Error: Unicode character –µ (U+0435)
(inputenc)                not set up for use with LaTeX.

See the inputenc package documentation for explanation.
Type  H <return>  for immediate help.
 ...                                              
                                                  
l.2 ...ø—Ä–æ—Å—Ç—Ä–∞–Ω—Å—Ç–≤–∞, –±–∞–∑–∞ –∏ –ø—Ä–µ
                                                  –¥–±–∞–∑–∞ —Ç–æ–ø–æ–ª–æ–≥–...

You may provide a definition with
\DeclareUnicodeCharacter 


! Package inputenc Error: Unicode character –¥ (U+0434)
(inputenc)                not set up for use with LaTeX.

See the inputenc package documentation for explanation.
Type  H <return>  for immediate help.
 ...                                              
                                                  
l.2 ...Ä–æ—Å—Ç—Ä–∞–Ω—Å—Ç–≤–∞, –±–∞–∑–∞ –∏ –ø—Ä–µ–¥
                                                  –±–∞–∑–∞ —Ç–æ–ø–æ–ª–æ–≥–∏–...

You may provide a definition with
\DeclareUnicodeCharacter 


! Package inputenc Error: Unicode character –± (U+0431)
(inputenc)                not set up for use with LaTeX.

See the inputenc package documentation for explanation.
Type  H <return>  for immediate help.
 ...                                              
                                                  
l.2 ...æ—Å—Ç—Ä–∞–Ω—Å—Ç–≤–∞, –±–∞–∑–∞ –∏ –ø—Ä–µ–¥–±
                                                  –∞–∑–∞ —Ç–æ–ø–æ–ª–æ–≥–∏–∏....

You may provide a definition with
\DeclareUnicodeCharacter 


! Package inputenc Error: Unicode character –∞ (U+0430)
(inputenc)                not set up for use with LaTeX.

See the inputenc package documentation for explanation.
Type  H <return>  for immediate help.
 ...                                              
                                                  
l.2 ...Å—Ç—Ä–∞–Ω—Å—Ç–≤–∞, –±–∞–∑–∞ –∏ –ø—Ä–µ–¥–±–∞
                                                  –∑–∞ —Ç–æ–ø–æ–ª–æ–≥–∏–∏. –...

You may provide a definition with
\DeclareUnicodeCharacter 


! Package inputenc Error: Unicode character –∑ (U+0437)
(inputenc)                not set up for use with LaTeX.

See the inputenc package documentation for explanation.
Type  H <return>  for immediate help.
 ...                                              
                                                  
l.2 ...Ç—Ä–∞–Ω—Å—Ç–≤–∞, –±–∞–∑–∞ –∏ –ø—Ä–µ–¥–±–∞–∑
                                                  –∞ —Ç–æ–ø–æ–ª–æ–≥–∏–∏. –ö—...

You may provide a definition with
\DeclareUnicodeCharacter 


! Package inputenc Error: Unicode character –∞ (U+0430)
(inputenc)                not set up for use with LaTeX.

See the inputenc package documentation for explanation.
Type  H <return>  for immediate help.
 ...                                              
                                                  
l.2 ...Ä–∞–Ω—Å—Ç–≤–∞, –±–∞–∑–∞ –∏ –ø—Ä–µ–¥–±–∞–∑–∞
                                                   —Ç–æ–ø–æ–ª–æ–≥–∏–∏. –ö—Ä–...

You may provide a definition with
\DeclareUnicodeCharacter 


! Package inputenc Error: Unicode character —Ç (U+0442)
(inputenc)                not set up for use with LaTeX.

See the inputenc package documentation for explanation.
Type  H <return>  for immediate help.
 ...                                              
                                                  
l.2 ...–Ω—Å—Ç–≤–∞, –±–∞–∑–∞ –∏ –ø—Ä–µ–¥–±–∞–∑–∞ —Ç
                                                  –æ–ø–æ–ª–æ–≥–∏–∏. –ö—Ä–∏—Ç...

You may provide a definition with
\DeclareUnicodeCharacter 


! Package inputenc Error: Unicode character –æ (U+043E)
(inputenc)                not set up for use with LaTeX.

See the inputenc package documentation for explanation.
Type  H <return>  for immediate help.
 ...                                              
                                                  
l.2 ...—Å—Ç–≤–∞, –±–∞–∑–∞ –∏ –ø—Ä–µ–¥–±–∞–∑–∞ —Ç–æ
                                                  –ø–æ–ª–æ–≥–∏–∏. –ö—Ä–∏—Ç–µ...

You may provide a definition with
\DeclareUnicodeCharacter 


! Package inputenc Error: Unicode character –ø (U+043F)
(inputenc)                not set up for use with LaTeX.

See the inputenc package documentation for explanation.
Type  H <return>  for immediate help.
 ...                                              
                                                  
l.2 ...—Ç–≤–∞, –±–∞–∑–∞ –∏ –ø—Ä–µ–¥–±–∞–∑–∞ —Ç–æ–ø
                                                  –æ–ª–æ–≥–∏–∏. –ö—Ä–∏—Ç–µ—Ä...

You may provide a definition with
\DeclareUnicodeCharacter 


! Package inputenc Error: Unicode character –æ (U+043E)
(inputenc)                not set up for use with LaTeX.

See the inputenc package documentation for explanation.
Type  H <return>  for immediate help.
 ...                                              
                                                  
l.2 ...–≤–∞, –±–∞–∑–∞ –∏ –ø—Ä–µ–¥–±–∞–∑–∞ —Ç–æ–ø–æ
                                                  –ª–æ–≥–∏–∏. –ö—Ä–∏—Ç–µ—Ä–∏...

You may provide a definition with
\DeclareUnicodeCharacter 


! Package inputenc Error: Unicode character –ª (U+043B)
(inputenc)                not set up for use with LaTeX.

See the inputenc package documentation for explanation.
Type  H <return>  for immediate help.
 ...                                              
                                                  
l.2 ...–∞, –±–∞–∑–∞ –∏ –ø—Ä–µ–¥–±–∞–∑–∞ —Ç–æ–ø–æ–ª
                                                  –æ–≥–∏–∏. –ö—Ä–∏—Ç–µ—Ä–∏–π...

You may provide a definition with
\DeclareUnicodeCharacter 


! Package inputenc Error: Unicode character –æ (U+043E)
(inputenc)                not set up for use with LaTeX.

See the inputenc package documentation for explanation.
Type  H <return>  for immediate help.
 ...                                              
                                                  
l.2 ..., –±–∞–∑–∞ –∏ –ø—Ä–µ–¥–±–∞–∑–∞ —Ç–æ–ø–æ–ª–æ
                                                  –≥–∏–∏. –ö—Ä–∏—Ç–µ—Ä–∏–π –...

You may provide a definition with
\DeclareUnicodeCharacter 


! Package inputenc Error: Unicode character –≥ (U+0433)
(inputenc)                not set up for use with LaTeX.

See the inputenc package documentation for explanation.
Type  H <return>  for immediate help.
 ...                                              
                                                  
l.2 ...–±–∞–∑–∞ –∏ –ø—Ä–µ–¥–±–∞–∑–∞ —Ç–æ–ø–æ–ª–æ–≥
                                                  –∏–∏. –ö—Ä–∏—Ç–µ—Ä–∏–π –±–...

You may provide a definition with
\DeclareUnicodeCharacter 


! Package inputenc Error: Unicode character –∏ (U+0438)
(inputenc)                not set up for use with LaTeX.

See the inputenc package documentation for explanation.
Type  H <return>  for immediate help.
 ...                                              
                                                  
l.2 ...–∞–∑–∞ –∏ –ø—Ä–µ–¥–±–∞–∑–∞ —Ç–æ–ø–æ–ª–æ–≥–∏
                                                  –∏. –ö—Ä–∏—Ç–µ—Ä–∏–π –±–∞–...

You may provide a definition with
\DeclareUnicodeCharacter 


! Package inputenc Error: Unicode character –∏ (U+0438)
(inputenc)                not set up for use with LaTeX.

See the inputenc package documentation for explanation.
Type  H <return>  for immediate help.
 ...                                              
                                                  
l.2 ...–∑–∞ –∏ –ø—Ä–µ–¥–±–∞–∑–∞ —Ç–æ–ø–æ–ª–æ–≥–∏–∏
                                                  . –ö—Ä–∏—Ç–µ—Ä–∏–π –±–∞–∑—...

You may provide a definition with
\DeclareUnicodeCharacter 

Missing character: There is no . in font nullfont!

! Package inputenc Error: Unicode character –ö (U+041A)
(inputenc)                not set up for use with LaTeX.

See the inputenc package documentation for explanation.
Type  H <return>  for immediate help.
 ...                                              
                                                  
l.2 ... –∏ –ø—Ä–µ–¥–±–∞–∑–∞ —Ç–æ–ø–æ–ª–æ–≥–∏–∏. –ö
                                                  —Ä–∏—Ç–µ—Ä–∏–π –±–∞–∑—ã –∏...

You may provide a definition with
\DeclareUnicodeCharacter 


! Package inputenc Error: Unicode character —Ä (U+0440)
(inputenc)                not set up for use with LaTeX.

See the inputenc package documentation for explanation.
Type  H <return>  for immediate help.
 ...                                              
                                                  
l.2 ...∏ –ø—Ä–µ–¥–±–∞–∑–∞ —Ç–æ–ø–æ–ª–æ–≥–∏–∏. –ö—Ä
                                                  –∏—Ç–µ—Ä–∏–π –±–∞–∑—ã –∏ –...

You may provide a definition with
\DeclareUnicodeCharacter 


! Package inputenc Error: Unicode character –∏ (U+0438)
(inputenc)                not set up for use with LaTeX.

See the inputenc package documentation for explanation.
Type  H <return>  for immediate help.
 ...                                              
                                                  
l.2 ...–ø—Ä–µ–¥–±–∞–∑–∞ —Ç–æ–ø–æ–ª–æ–≥–∏–∏. –ö—Ä–∏
                                                  —Ç–µ—Ä–∏–π –±–∞–∑—ã –∏ –ø—...

You may provide a definition with
\DeclareUnicodeCharacter 


! Package inputenc Error: Unicode character —Ç (U+0442)
(inputenc)                not set up for use with LaTeX.

See the inputenc package documentation for explanation.
Type  H <return>  for immediate help.
 ...                                              
                                                  
l.2 ...—Ä–µ–¥–±–∞–∑–∞ —Ç–æ–ø–æ–ª–æ–≥–∏–∏. –ö—Ä–∏—Ç
                                                  –µ—Ä–∏–π –±–∞–∑—ã –∏ –ø—Ä–...

You may provide a definition with
\DeclareUnicodeCharacter 


! Package inputenc Error: Unicode character –µ (U+0435)
(inputenc)                not set up for use with LaTeX.

See the inputenc package documentation for explanation.
Type  H <return>  for immediate help.
 ...                                              
                                                  
l.2 ...–µ–¥–±–∞–∑–∞ —Ç–æ–ø–æ–ª–æ–≥–∏–∏. –ö—Ä–∏—Ç–µ
                                                  —Ä–∏–π –±–∞–∑—ã –∏ –ø—Ä–µ–...

You may provide a definition with
\DeclareUnicodeCharacter 


! Package inputenc Error: Unicode character —Ä (U+0440)
(inputenc)                not set up for use with LaTeX.

See the inputenc package documentation for explanation.
Type  H <return>  for immediate help.
 ...                                              
                                                  
l.2 ...–¥–±–∞–∑–∞ —Ç–æ–ø–æ–ª–æ–≥–∏–∏. –ö—Ä–∏—Ç–µ—Ä
                                                  –∏–π –±–∞–∑—ã –∏ –ø—Ä–µ–¥–...

You may provide a definition with
\DeclareUnicodeCharacter 


! Package inputenc Error: Unicode character –∏ (U+0438)
(inputenc)                not set up for use with LaTeX.

See the inputenc package documentation for explanation.
Type  H <return>  for immediate help.
 ...                                              
                                                  
l.2 ...–±–∞–∑–∞ —Ç–æ–ø–æ–ª–æ–≥–∏–∏. –ö—Ä–∏—Ç–µ—Ä–∏
                                                  –π –±–∞–∑—ã –∏ –ø—Ä–µ–¥–±–...

You may provide a definition with
\DeclareUnicodeCharacter 


! Package inputenc Error: Unicode character –π (U+0439)
(inputenc)                not set up for use with LaTeX.

See the inputenc package documentation for explanation.
Type  H <return>  for immediate help.
 ...                                              
                                                  
l.2 ...–∞–∑–∞ —Ç–æ–ø–æ–ª–æ–≥–∏–∏. –ö—Ä–∏—Ç–µ—Ä–∏–π
                                                   –±–∞–∑—ã –∏ –ø—Ä–µ–¥–±–∞–...

You may provide a definition with
\DeclareUnicodeCharacter 


! Package inputenc Error: Unicode character –± (U+0431)
(inputenc)                not set up for use with LaTeX.

See the inputenc package documentation for explanation.
Type  H <return>  for immediate help.
 ...                                              
                                                  
l.2 ...∑–∞ —Ç–æ–ø–æ–ª–æ–≥–∏–∏. –ö—Ä–∏—Ç–µ—Ä–∏–π –±
                                                  –∞–∑—ã –∏ –ø—Ä–µ–¥–±–∞–∑—ã...

You may provide a definition with
\DeclareUnicodeCharacter 


! Package inputenc Error: Unicode character –∞ (U+0430)
(inputenc)                not set up for use with LaTeX.

See the inputenc package documentation for explanation.
Type  H <return>  for immediate help.
 ...                                              
                                                  
l.2 ...∞ —Ç–æ–ø–æ–ª–æ–≥–∏–∏. –ö—Ä–∏—Ç–µ—Ä–∏–π –±–∞
                                                  –∑—ã –∏ –ø—Ä–µ–¥–±–∞–∑—ã —...

You may provide a definition with
\DeclareUnicodeCharacter 


! Package inputenc Error: Unicode character –∑ (U+0437)
(inputenc)                not set up for use with LaTeX.

See the inputenc package documentation for explanation.
Type  H <return>  for immediate help.
 ...                                              
                                                  
l.2 ...—Ç–æ–ø–æ–ª–æ–≥–∏–∏. –ö—Ä–∏—Ç–µ—Ä–∏–π –±–∞–∑
                                                  —ã –∏ –ø—Ä–µ–¥–±–∞–∑—ã —Ç–...

You may provide a definition with
\DeclareUnicodeCharacter 


! Package inputenc Error: Unicode character —ã (U+044B)
(inputenc)                not set up for use with LaTeX.

See the inputenc package documentation for explanation.
Type  H <return>  for immediate help.
 ...                                              
                                                  
l.2 ...–æ–ø–æ–ª–æ–≥–∏–∏. –ö—Ä–∏—Ç–µ—Ä–∏–π –±–∞–∑—ã
                                                   –∏ –ø—Ä–µ–¥–±–∞–∑—ã —Ç–æ–...

You may provide a definition with
\DeclareUnicodeCharacter 


! Package inputenc Error: Unicode character –∏ (U+0438)
(inputenc)                not set up for use with LaTeX.

See the inputenc package documentation for explanation.
Type  H <return>  for immediate help.
 ...                                              
                                                  
l.2 ...ø–æ–ª–æ–≥–∏–∏. –ö—Ä–∏—Ç–µ—Ä–∏–π –±–∞–∑—ã –∏
                                                   –ø—Ä–µ–¥–±–∞–∑—ã —Ç–æ–ø–æ...

You may provide a definition with
\DeclareUnicodeCharacter 


! Package inputenc Error: Unicode character –ø (U+043F)
(inputenc)                not set up for use with LaTeX.

See the inputenc package documentation for explanation.
Type  H <return>  for immediate help.
 ...                                              
                                                  
l.2 ...–ª–æ–≥–∏–∏. –ö—Ä–∏—Ç–µ—Ä–∏–π –±–∞–∑—ã –∏ –ø
                                                  —Ä–µ–¥–±–∞–∑—ã —Ç–æ–ø–æ–ª–...

You may provide a definition with
\DeclareUnicodeCharacter 


! Package inputenc Error: Unicode character —Ä (U+0440)
(inputenc)                not set up for use with LaTeX.

See the inputenc package documentation for explanation.
Type  H <return>  for immediate help.
 ...                                              
                                                  
l.2 ...–æ–≥–∏–∏. –ö—Ä–∏—Ç–µ—Ä–∏–π –±–∞–∑—ã –∏ –ø—Ä
                                                  –µ–¥–±–∞–∑—ã —Ç–æ–ø–æ–ª–æ–...

You may provide a definition with
\DeclareUnicodeCharacter 


! Package inputenc Error: Unicode character –µ (U+0435)
(inputenc)                not set up for use with LaTeX.

See the inputenc package documentation for explanation.
Type  H <return>  for immediate help.
 ...                                              
                                                  
l.2 ...–≥–∏–∏. –ö—Ä–∏—Ç–µ—Ä–∏–π –±–∞–∑—ã –∏ –ø—Ä–µ
                                                  –¥–±–∞–∑—ã —Ç–æ–ø–æ–ª–æ–≥–...

You may provide a definition with
\DeclareUnicodeCharacter 


! Package inputenc Error: Unicode character –¥ (U+0434)
(inputenc)                not set up for use with LaTeX.

See the inputenc package documentation for explanation.
Type  H <return>  for immediate help.
 ...                                              
                                                  
l.2 ...–∏–∏. –ö—Ä–∏—Ç–µ—Ä–∏–π –±–∞–∑—ã –∏ –ø—Ä–µ–¥
                                                  –±–∞–∑—ã —Ç–æ–ø–æ–ª–æ–≥–∏–∏}
You may provide a definition with
\DeclareUnicodeCharacter 


! Package inputenc Error: Unicode character –± (U+0431)
(inputenc)                not set up for use with LaTeX.

See the inputenc package documentation for explanation.
Type  H <return>  for immediate help.
 ...                                              
                                                  
l.2 ...–∏. –ö—Ä–∏—Ç–µ—Ä–∏–π –±–∞–∑—ã –∏ –ø—Ä–µ–¥–±
                                                  –∞–∑—ã —Ç–æ–ø–æ–ª–æ–≥–∏–∏}
You may provide a definition with
\DeclareUnicodeCharacter 


! Package inputenc Error: Unicode character –∞ (U+0430)
(inputenc)                not set up for use with LaTeX.

See the inputenc package documentation for explanation.
Type  H <return>  for immediate help.
 ...                                              
                                                  
l.2 .... –ö—Ä–∏—Ç–µ—Ä–∏–π –±–∞–∑—ã –∏ –ø—Ä–µ–¥–±–∞
                                                  –∑—ã —Ç–æ–ø–æ–ª–æ–≥–∏–∏}
You may provide a definition with
\DeclareUnicodeCharacter 


! Package inputenc Error: Unicode character –∑ (U+0437)
(inputenc)                not set up for use with LaTeX.

See the inputenc package documentation for explanation.
Type  H <return>  for immediate help.
 ...                                              
                                                  
l.2 ...–ö—Ä–∏—Ç–µ—Ä–∏–π –±–∞–∑—ã –∏ –ø—Ä–µ–¥–±–∞–∑
                                                  —ã —Ç–æ–ø–æ–ª–æ–≥–∏–∏}
You may provide a definition with
\DeclareUnicodeCharacter 


! Package inputenc Error: Unicode character —ã (U+044B)
(inputenc)                not set up for use with LaTeX.

See the inputenc package documentation for explanation.
Type  H <return>  for immediate help.
 ...                                              
                                                  
l.2 ...—Ä–∏—Ç–µ—Ä–∏–π –±–∞–∑—ã –∏ –ø—Ä–µ–¥–±–∞–∑—ã
                                                   —Ç–æ–ø–æ–ª–æ–≥–∏–∏}
You may provide a definition with
\DeclareUnicodeCharacter 


! Package inputenc Error: Unicode character —Ç (U+0442)
(inputenc)                not set up for use with LaTeX.

See the inputenc package documentation for explanation.
Type  H <return>  for immediate help.
 ...                                              
                                                  
l.2 ...∏—Ç–µ—Ä–∏–π –±–∞–∑—ã –∏ –ø—Ä–µ–¥–±–∞–∑—ã —Ç
                                                  –æ–ø–æ–ª–æ–≥–∏–∏}
You may provide a definition with
\DeclareUnicodeCharacter 


! Package inputenc Error: Unicode character –æ (U+043E)
(inputenc)                not set up for use with LaTeX.

See the inputenc package documentation for explanation.
Type  H <return>  for immediate help.
 ...                                              
                                                  
l.2 ...Ç–µ—Ä–∏–π –±–∞–∑—ã –∏ –ø—Ä–µ–¥–±–∞–∑—ã —Ç–æ
                                                  –ø–æ–ª–æ–≥–∏–∏}
You may provide a definition with
\DeclareUnicodeCharacter 


! Package inputenc Error: Unicode character –ø (U+043F)
(inputenc)                not set up for use with LaTeX.

See the inputenc package documentation for explanation.
Type  H <return>  for immediate help.
 ...                                              
                                                  
l.2 ...µ—Ä–∏–π –±–∞–∑—ã –∏ –ø—Ä–µ–¥–±–∞–∑—ã —Ç–æ–ø
                                                  –æ–ª–æ–≥–∏–∏}
You may provide a definition with
\DeclareUnicodeCharacter 


! Package inputenc Error: Unicode character –æ (U+043E)
(inputenc)                not set up for use with LaTeX.

See the inputenc package documentation for explanation.
Type  H <return>  for immediate help.
 ...                                              
                                                  
l.2 ...Ä–∏–π –±–∞–∑—ã –∏ –ø—Ä–µ–¥–±–∞–∑—ã —Ç–æ–ø–æ
                                                  –ª–æ–≥–∏–∏}
You may provide a definition with
\DeclareUnicodeCharacter 


! Package inputenc Error: Unicode character –ª (U+043B)
(inputenc)                not set up for use with LaTeX.

See the inputenc package documentation for explanation.
Type  H <return>  for immediate help.
 ...                                              
                                                  
l.2 ...∏–π –±–∞–∑—ã –∏ –ø—Ä–µ–¥–±–∞–∑—ã —Ç–æ–ø–æ–ª
                                                  –æ–≥–∏–∏}
You may provide a definition with
\DeclareUnicodeCharacter 


! Package inputenc Error: Unicode character –æ (U+043E)
(inputenc)                not set up for use with LaTeX.

See the inputenc package documentation for explanation.
Type  H <return>  for immediate help.
 ...                                              
                                                  
l.2 ...π –±–∞–∑—ã –∏ –ø—Ä–µ–¥–±–∞–∑—ã —Ç–æ–ø–æ–ª–æ
                                                  –≥–∏–∏}
You may provide a definition with
\DeclareUnicodeCharacter 


! Package inputenc Error: Unicode character –≥ (U+0433)
(inputenc)                not set up for use with LaTeX.

See the inputenc package documentation for explanation.
Type  H <return>  for immediate help.
 ...                                              
                                                  
l.2 ...–±–∞–∑—ã –∏ –ø—Ä–µ–¥–±–∞–∑—ã —Ç–æ–ø–æ–ª–æ–≥
                                                  –∏–∏}
You may provide a definition with
\DeclareUnicodeCharacter 


! Package inputenc Error: Unicode character –∏ (U+0438)
(inputenc)                not set up for use with LaTeX.

See the inputenc package documentation for explanation.
Type  H <return>  for immediate help.
 ...                                              
                                                  
l.2 ...–∞–∑—ã –∏ –ø—Ä–µ–¥–±–∞–∑—ã —Ç–æ–ø–æ–ª–æ–≥–∏
                                                  –∏}
You may provide a definition with
\DeclareUnicodeCharacter 


! Package inputenc Error: Unicode character –∏ (U+0438)
(inputenc)                not set up for use with LaTeX.

See the inputenc package documentation for explanation.
Type  H <return>  for immediate help.
 ...                                              
                                                  
l.2 ...–∑—ã –∏ –ø—Ä–µ–¥–±–∞–∑—ã —Ç–æ–ø–æ–ª–æ–≥–∏–∏
                                                  }
You may provide a definition with
\DeclareUnicodeCharacter 


Overfull \hbox (20.0pt too wide) in paragraph at lines 2--3
[]
 []


! LaTeX Error: Environment definition undefined.

See the LaTeX manual or LaTeX Companion for explanation.
Type  H <return>  for immediate help.
 ...                                              
                                                  
l.4 \begin{definition}
                      
Your command was ignored.
Type  I <command> <return>  to replace it with another command,
or  <return>  to continue without it.


! Package inputenc Error: Unicode character –ü (U+041F)
(inputenc)                not set up for use with LaTeX.

See the inputenc package documentation for explanation.
Type  H <return>  for immediate help.
 ...                                              
                                                  
l.5 	–ü
       —É—Å—Ç—å $X$ --- –Ω–µ–ø—É—Å—Ç–æ–µ –º–Ω–æ–∂–µ—Å—Ç–≤–æ, $\tau \subset 2...

You may provide a definition with
\DeclareUnicodeCharacter 


! Package inputenc Error: Unicode character —É (U+0443)
(inputenc)                not set up for use with LaTeX.

See the inputenc package documentation for explanation.
Type  H <return>  for immediate help.
 ...                                              
                                                  
l.5 	–ü—É
         —Å—Ç—å $X$ --- –Ω–µ–ø—É—Å—Ç–æ–µ –º–Ω–æ–∂–µ—Å—Ç–≤–æ, $\tau \subset 2...

You may provide a definition with
\DeclareUnicodeCharacter 


! Package inputenc Error: Unicode character —Å (U+0441)
(inputenc)                not set up for use with LaTeX.

See the inputenc package documentation for explanation.
Type  H <return>  for immediate help.
 ...                                              
                                                  
l.5 	–ü—É—Å
           —Ç—å $X$ --- –Ω–µ–ø—É—Å—Ç–æ–µ –º–Ω–æ–∂–µ—Å—Ç–≤–æ, $\tau \subset 2...

You may provide a definition with
\DeclareUnicodeCharacter 


! Package inputenc Error: Unicode character —Ç (U+0442)
(inputenc)                not set up for use with LaTeX.

See the inputenc package documentation for explanation.
Type  H <return>  for immediate help.
 ...                                              
                                                  
l.5 	–ü—É—Å—Ç
             —å $X$ --- –Ω–µ–ø—É—Å—Ç–æ–µ –º–Ω–æ–∂–µ—Å—Ç–≤–æ, $\tau \subset 2...

You may provide a definition with
\DeclareUnicodeCharacter 


! Package inputenc Error: Unicode character —å (U+044C)
(inputenc)                not set up for use with LaTeX.

See the inputenc package documentation for explanation.
Type  H <return>  for immediate help.
 ...                                              
                                                  
l.5 	–ü—É—Å—Ç—å
                $X$ --- –Ω–µ–ø—É—Å—Ç–æ–µ –º–Ω–æ–∂–µ—Å—Ç–≤–æ, $\tau \subset 2...

You may provide a definition with
\DeclareUnicodeCharacter 


! LaTeX Error: Missing \begin{document}.

See the LaTeX manual or LaTeX Companion for explanation.
Type  H <return>  for immediate help.
 ...                                              
                                                  
l.5 	–ü—É—Å—Ç—å $
                 X$ --- –Ω–µ–ø—É—Å—Ç–æ–µ –º–Ω–æ–∂–µ—Å—Ç–≤–æ, $\tau \subset 2...

You're in trouble here.  Try typing  <return>  to proceed.
If that doesn't work, type  X <return>  to quit.

LaTeX Font Info:    External font `cmex10' loaded for size
(Font)              <7> on input line 5.
LaTeX Font Info:    External font `cmex10' loaded for size
(Font)              <5> on input line 5.
Missing character: There is no - in font nullfont!
Missing character: There is no - in font nullfont!
Missing character: There is no - in font nullfont!

! Package inputenc Error: Unicode character –Ω (U+043D)
(inputenc)                not set up for use with LaTeX.

See the inputenc package documentation for explanation.
Type  H <return>  for immediate help.
 ...                                              
                                                  
l.5 	–ü—É—Å—Ç—å $X$ --- –Ω
                          –µ–ø—É—Å—Ç–æ–µ –º–Ω–æ–∂–µ—Å—Ç–≤–æ, $\tau \subset 2...

You may provide a definition with
\DeclareUnicodeCharacter 


! Package inputenc Error: Unicode character –µ (U+0435)
(inputenc)                not set up for use with LaTeX.

See the inputenc package documentation for explanation.
Type  H <return>  for immediate help.
 ...                                              
                                                  
l.5 	–ü—É—Å—Ç—å $X$ --- –Ω–µ
                            –ø—É—Å—Ç–æ–µ –º–Ω–æ–∂–µ—Å—Ç–≤–æ, $\tau \subset 2...

You may provide a definition with
\DeclareUnicodeCharacter 


! Package inputenc Error: Unicode character –ø (U+043F)
(inputenc)                not set up for use with LaTeX.

See the inputenc package documentation for explanation.
Type  H <return>  for immediate help.
 ...                                              
                                                  
l.5 	–ü—É—Å—Ç—å $X$ --- –Ω–µ–ø
                              —É—Å—Ç–æ–µ –º–Ω–æ–∂–µ—Å—Ç–≤–æ, $\tau \subset 2...

You may provide a definition with
\DeclareUnicodeCharacter 


! Package inputenc Error: Unicode character —É (U+0443)
(inputenc)                not set up for use with LaTeX.

See the inputenc package documentation for explanation.
Type  H <return>  for immediate help.
 ...                                              
                                                  
l.5 	–ü—É—Å—Ç—å $X$ --- –Ω–µ–ø—É
                                —Å—Ç–æ–µ –º–Ω–æ–∂–µ—Å—Ç–≤–æ, $\tau \subset 2...

You may provide a definition with
\DeclareUnicodeCharacter 


! Package inputenc Error: Unicode character —Å (U+0441)
(inputenc)                not set up for use with LaTeX.

See the inputenc package documentation for explanation.
Type  H <return>  for immediate help.
 ...                                              
                                                  
l.5 	–ü—É—Å—Ç—å $X$ --- –Ω–µ–ø—É—Å
                                  —Ç–æ–µ –º–Ω–æ–∂–µ—Å—Ç–≤–æ, $\tau \subset 2...

You may provide a definition with
\DeclareUnicodeCharacter 


! Package inputenc Error: Unicode character —Ç (U+0442)
(inputenc)                not set up for use with LaTeX.

See the inputenc package documentation for explanation.
Type  H <return>  for immediate help.
 ...                                              
                                                  
l.5 	–ü—É—Å—Ç—å $X$ --- –Ω–µ–ø—É—Å—Ç
                                    –æ–µ –º–Ω–æ–∂–µ—Å—Ç–≤–æ, $\tau \subset 2...

You may provide a definition with
\DeclareUnicodeCharacter 


! Package inputenc Error: Unicode character –æ (U+043E)
(inputenc)                not set up for use with LaTeX.

See the inputenc package documentation for explanation.
Type  H <return>  for immediate help.
 ...                                              
                                                  
l.5 	–ü—É—Å—Ç—å $X$ --- –Ω–µ–ø—É—Å—Ç–æ
                                      –µ –º–Ω–æ–∂–µ—Å—Ç–≤–æ, $\tau \subset 2...

You may provide a definition with
\DeclareUnicodeCharacter 


! Package inputenc Error: Unicode character –µ (U+0435)
(inputenc)                not set up for use with LaTeX.

See the inputenc package documentation for explanation.
Type  H <return>  for immediate help.
 ...                                              
                                                  
l.5 	–ü—É—Å—Ç—å $X$ --- –Ω–µ–ø—É—Å—Ç–æ–µ
                                         –º–Ω–æ–∂–µ—Å—Ç–≤–æ, $\tau \subset 2...

You may provide a definition with
\DeclareUnicodeCharacter 


! Package inputenc Error: Unicode character –º (U+043C)
(inputenc)                not set up for use with LaTeX.

See the inputenc package documentation for explanation.
Type  H <return>  for immediate help.
 ...                                              
                                                  
l.5 	–ü—É—Å—Ç—å $X$ --- –Ω–µ–ø—É—Å—Ç–æ–µ –º
                                           –Ω–æ–∂–µ—Å—Ç–≤–æ, $\tau \subset 2...

You may provide a definition with
\DeclareUnicodeCharacter 


! Package inputenc Error: Unicode character –Ω (U+043D)
(inputenc)                not set up for use with LaTeX.

See the inputenc package documentation for explanation.
Type  H <return>  for immediate help.
 ...                                              
                                                  
l.5 	–ü—É—Å—Ç—å $X$ --- –Ω–µ–ø—É—Å—Ç–æ–µ –º–Ω
                                             –æ–∂–µ—Å—Ç–≤–æ, $\tau \subset 2...

You may provide a definition with
\DeclareUnicodeCharacter 


! Package inputenc Error: Unicode character –æ (U+043E)
(inputenc)                not set up for use with LaTeX.

See the inputenc package documentation for explanation.
Type  H <return>  for immediate help.
 ...                                              
                                                  
l.5 	–ü—É—Å—Ç—å $X$ --- –Ω–µ–ø—É—Å—Ç–æ–µ –º–Ω–æ
                                               –∂–µ—Å—Ç–≤–æ, $\tau \subset 2...

You may provide a definition with
\DeclareUnicodeCharacter 


! Package inputenc Error: Unicode character –∂ (U+0436)
(inputenc)                not set up for use with LaTeX.

See the inputenc package documentation for explanation.
Type  H <return>  for immediate help.
 ...                                              
                                                  
l.5 	–ü—É—Å—Ç—å $X$ --- –Ω–µ–ø—É—Å—Ç–æ–µ –º–Ω–æ–∂
                                                 –µ—Å—Ç–≤–æ, $\tau \subset 2...

You may provide a definition with
\DeclareUnicodeCharacter 


! Package inputenc Error: Unicode character –µ (U+0435)
(inputenc)                not set up for use with LaTeX.

See the inputenc package documentation for explanation.
Type  H <return>  for immediate help.
 ...                                              
                                                  
l.5 ...É—Å—Ç—å $X$ --- –Ω–µ–ø—É—Å—Ç–æ–µ –º–Ω–æ–∂–µ
                                                  —Å—Ç–≤–æ, $\tau \subset 2^...

You may provide a definition with
\DeclareUnicodeCharacter 


! Package inputenc Error: Unicode character —Å (U+0441)
(inputenc)                not set up for use with LaTeX.

See the inputenc package documentation for explanation.
Type  H <return>  for immediate help.
 ...                                              
                                                  
l.5 ...Å—Ç—å $X$ --- –Ω–µ–ø—É—Å—Ç–æ–µ –º–Ω–æ–∂–µ—Å
                                                  —Ç–≤–æ, $\tau \subset 2^X$...

You may provide a definition with
\DeclareUnicodeCharacter 


! Package inputenc Error: Unicode character —Ç (U+0442)
(inputenc)                not set up for use with LaTeX.

See the inputenc package documentation for explanation.
Type  H <return>  for immediate help.
 ...                                              
                                                  
l.5 ...Ç—å $X$ --- –Ω–µ–ø—É—Å—Ç–æ–µ –º–Ω–æ–∂–µ—Å—Ç
                                                  –≤–æ, $\tau \subset 2^X$ -...

You may provide a definition with
\DeclareUnicodeCharacter 


! Package inputenc Error: Unicode character –≤ (U+0432)
(inputenc)                not set up for use with LaTeX.

See the inputenc package documentation for explanation.
Type  H <return>  for immediate help.
 ...                                              
                                                  
l.5 ...å $X$ --- –Ω–µ–ø—É—Å—Ç–æ–µ –º–Ω–æ–∂–µ—Å—Ç–≤
                                                  –æ, $\tau \subset 2^X$ ---...

You may provide a definition with
\DeclareUnicodeCharacter 


! Package inputenc Error: Unicode character –æ (U+043E)
(inputenc)                not set up for use with LaTeX.

See the inputenc package documentation for explanation.
Type  H <return>  for immediate help.
 ...                                              
                                                  
l.5 ...$X$ --- –Ω–µ–ø—É—Å—Ç–æ–µ –º–Ω–æ–∂–µ—Å—Ç–≤–æ
                                                  , $\tau \subset 2^X$ --- —...

You may provide a definition with
\DeclareUnicodeCharacter 

Missing character: There is no , in font nullfont!
Missing character: There is no - in font nullfont!
Missing character: There is no - in font nullfont!
Missing character: There is no - in font nullfont!

! Package inputenc Error: Unicode character —Å (U+0441)
(inputenc)                not set up for use with LaTeX.

See the inputenc package documentation for explanation.
Type  H <return>  for immediate help.
 ...                                              
                                                  
l.5 ...–Ω–æ–∂–µ—Å—Ç–≤–æ, $\tau \subset 2^X$ --- —Å
                                                  –µ–º–µ–π—Å–≤—Ç–æ –µ–≥–æ –ø...

You may provide a definition with
\DeclareUnicodeCharacter 


! Package inputenc Error: Unicode character –µ (U+0435)
(inputenc)                not set up for use with LaTeX.

See the inputenc package documentation for explanation.
Type  H <return>  for immediate help.
 ...                                              
                                                  
l.5 ...–æ–∂–µ—Å—Ç–≤–æ, $\tau \subset 2^X$ --- —Å–µ
                                                  –º–µ–π—Å–≤—Ç–æ –µ–≥–æ –ø–æ...

You may provide a definition with
\DeclareUnicodeCharacter 


! Package inputenc Error: Unicode character –º (U+043C)
(inputenc)                not set up for use with LaTeX.

See the inputenc package documentation for explanation.
Type  H <return>  for immediate help.
 ...                                              
                                                  
l.5 ...–∂–µ—Å—Ç–≤–æ, $\tau \subset 2^X$ --- —Å–µ–º
                                                  –µ–π—Å–≤—Ç–æ –µ–≥–æ –ø–æ–¥...

You may provide a definition with
\DeclareUnicodeCharacter 


! Package inputenc Error: Unicode character –µ (U+0435)
(inputenc)                not set up for use with LaTeX.

See the inputenc package documentation for explanation.
Type  H <return>  for immediate help.
 ...                                              
                                                  
l.5 ...–µ—Å—Ç–≤–æ, $\tau \subset 2^X$ --- —Å–µ–º–µ
                                                  –π—Å–≤—Ç–æ –µ–≥–æ –ø–æ–¥–º...

You may provide a definition with
\DeclareUnicodeCharacter 


! Package inputenc Error: Unicode character –π (U+0439)
(inputenc)                not set up for use with LaTeX.

See the inputenc package documentation for explanation.
Type  H <return>  for immediate help.
 ...                                              
                                                  
l.5 ...—Å—Ç–≤–æ, $\tau \subset 2^X$ --- —Å–µ–º–µ–π
                                                  —Å–≤—Ç–æ –µ–≥–æ –ø–æ–¥–º–Ω...

You may provide a definition with
\DeclareUnicodeCharacter 


! Package inputenc Error: Unicode character —Å (U+0441)
(inputenc)                not set up for use with LaTeX.

See the inputenc package documentation for explanation.
Type  H <return>  for immediate help.
 ...                                              
                                                  
l.5 ...—Ç–≤–æ, $\tau \subset 2^X$ --- —Å–µ–º–µ–π—Å
                                                  –≤—Ç–æ –µ–≥–æ –ø–æ–¥–º–Ω–æ...

You may provide a definition with
\DeclareUnicodeCharacter 


! Package inputenc Error: Unicode character –≤ (U+0432)
(inputenc)                not set up for use with LaTeX.

See the inputenc package documentation for explanation.
Type  H <return>  for immediate help.
 ...                                              
                                                  
l.5 ...–≤–æ, $\tau \subset 2^X$ --- —Å–µ–º–µ–π—Å–≤
                                                  —Ç–æ –µ–≥–æ –ø–æ–¥–º–Ω–æ–∂...

You may provide a definition with
\DeclareUnicodeCharacter 


! Package inputenc Error: Unicode character —Ç (U+0442)
(inputenc)                not set up for use with LaTeX.

See the inputenc package documentation for explanation.
Type  H <return>  for immediate help.
 ...                                              
                                                  
l.5 ...–æ, $\tau \subset 2^X$ --- —Å–µ–º–µ–π—Å–≤—Ç
                                                  –æ –µ–≥–æ –ø–æ–¥–º–Ω–æ–∂–µ...

You may provide a definition with
\DeclareUnicodeCharacter 


! Package inputenc Error: Unicode character –æ (U+043E)
(inputenc)                not set up for use with LaTeX.

See the inputenc package documentation for explanation.
Type  H <return>  for immediate help.
 ...                                              
                                                  
l.5 ..., $\tau \subset 2^X$ --- —Å–µ–º–µ–π—Å–≤—Ç–æ
                                                   –µ–≥–æ –ø–æ–¥–º–Ω–æ–∂–µ—Å...

You may provide a definition with
\DeclareUnicodeCharacter 


! Package inputenc Error: Unicode character –µ (U+0435)
(inputenc)                not set up for use with LaTeX.

See the inputenc package documentation for explanation.
Type  H <return>  for immediate help.
 ...                                              
                                                  
l.5 ...\tau \subset 2^X$ --- —Å–µ–º–µ–π—Å–≤—Ç–æ –µ
                                                  –≥–æ –ø–æ–¥–º–Ω–æ–∂–µ—Å—Ç–...

You may provide a definition with
\DeclareUnicodeCharacter 


! Package inputenc Error: Unicode character –≥ (U+0433)
(inputenc)                not set up for use with LaTeX.

See the inputenc package documentation for explanation.
Type  H <return>  for immediate help.
 ...                                              
                                                  
l.5 ...au \subset 2^X$ --- —Å–µ–º–µ–π—Å–≤—Ç–æ –µ–≥
                                                  –æ –ø–æ–¥–º–Ω–æ–∂–µ—Å—Ç–≤....

You may provide a definition with
\DeclareUnicodeCharacter 


! Package inputenc Error: Unicode character –æ (U+043E)
(inputenc)                not set up for use with LaTeX.

See the inputenc package documentation for explanation.
Type  H <return>  for immediate help.
 ...                                              
                                                  
l.5 ... \subset 2^X$ --- —Å–µ–º–µ–π—Å–≤—Ç–æ –µ–≥–æ
                                                   –ø–æ–¥–º–Ω–æ–∂–µ—Å—Ç–≤. –...

You may provide a definition with
\DeclareUnicodeCharacter 


! Package inputenc Error: Unicode character –ø (U+043F)
(inputenc)                not set up for use with LaTeX.

See the inputenc package documentation for explanation.
Type  H <return>  for immediate help.
 ...                                              
                                                  
l.5 ...ubset 2^X$ --- —Å–µ–º–µ–π—Å–≤—Ç–æ –µ–≥–æ –ø
                                                  –æ–¥–º–Ω–æ–∂–µ—Å—Ç–≤. –¢–æ...

You may provide a definition with
\DeclareUnicodeCharacter 


! Package inputenc Error: Unicode character –æ (U+043E)
(inputenc)                not set up for use with LaTeX.

See the inputenc package documentation for explanation.
Type  H <return>  for immediate help.
 ...                                              
                                                  
l.5 ...set 2^X$ --- —Å–µ–º–µ–π—Å–≤—Ç–æ –µ–≥–æ –ø–æ
                                                  –¥–º–Ω–æ–∂–µ—Å—Ç–≤. –¢–æ–≥...

You may provide a definition with
\DeclareUnicodeCharacter 


! Package inputenc Error: Unicode character –¥ (U+0434)
(inputenc)                not set up for use with LaTeX.

See the inputenc package documentation for explanation.
Type  H <return>  for immediate help.
 ...                                              
                                                  
l.5 ...t 2^X$ --- —Å–µ–º–µ–π—Å–≤—Ç–æ –µ–≥–æ –ø–æ–¥
                                                  –º–Ω–æ–∂–µ—Å—Ç–≤. –¢–æ–≥–¥...

You may provide a definition with
\DeclareUnicodeCharacter 


! Package inputenc Error: Unicode character –º (U+043C)
(inputenc)                not set up for use with LaTeX.

See the inputenc package documentation for explanation.
Type  H <return>  for immediate help.
 ...                                              
                                                  
l.5 ...2^X$ --- —Å–µ–º–µ–π—Å–≤—Ç–æ –µ–≥–æ –ø–æ–¥–º
                                                  –Ω–æ–∂–µ—Å—Ç–≤. –¢–æ–≥–¥–∞...

You may provide a definition with
\DeclareUnicodeCharacter 


! Package inputenc Error: Unicode character –Ω (U+043D)
(inputenc)                not set up for use with LaTeX.

See the inputenc package documentation for explanation.
Type  H <return>  for immediate help.
 ...                                              
                                                  
l.5 ...X$ --- —Å–µ–º–µ–π—Å–≤—Ç–æ –µ–≥–æ –ø–æ–¥–º–Ω
                                                  –æ–∂–µ—Å—Ç–≤. –¢–æ–≥–¥–∞ –...

You may provide a definition with
\DeclareUnicodeCharacter 


! Package inputenc Error: Unicode character –æ (U+043E)
(inputenc)                not set up for use with LaTeX.

See the inputenc package documentation for explanation.
Type  H <return>  for immediate help.
 ...                                              
                                                  
l.5 ... --- —Å–µ–º–µ–π—Å–≤—Ç–æ –µ–≥–æ –ø–æ–¥–º–Ω–æ
                                                  –∂–µ—Å—Ç–≤. –¢–æ–≥–¥–∞ –ø–...

You may provide a definition with
\DeclareUnicodeCharacter 


! Package inputenc Error: Unicode character –∂ (U+0436)
(inputenc)                not set up for use with LaTeX.

See the inputenc package documentation for explanation.
Type  H <return>  for immediate help.
 ...                                              
                                                  
l.5 ...-- —Å–µ–º–µ–π—Å–≤—Ç–æ –µ–≥–æ –ø–æ–¥–º–Ω–æ–∂
                                                  –µ—Å—Ç–≤. –¢–æ–≥–¥–∞ –ø–∞—...

You may provide a definition with
\DeclareUnicodeCharacter 


! Package inputenc Error: Unicode character –µ (U+0435)
(inputenc)                not set up for use with LaTeX.

See the inputenc package documentation for explanation.
Type  H <return>  for immediate help.
 ...                                              
                                                  
l.5 ... —Å–µ–º–µ–π—Å–≤—Ç–æ –µ–≥–æ –ø–æ–¥–º–Ω–æ–∂–µ
                                                  —Å—Ç–≤. –¢–æ–≥–¥–∞ –ø–∞—Ä–...

You may provide a definition with
\DeclareUnicodeCharacter 


! Package inputenc Error: Unicode character —Å (U+0441)
(inputenc)                not set up for use with LaTeX.

See the inputenc package documentation for explanation.
Type  H <return>  for immediate help.
 ...                                              
                                                  
l.5 ...Å–µ–º–µ–π—Å–≤—Ç–æ –µ–≥–æ –ø–æ–¥–º–Ω–æ–∂–µ—Å
                                                  —Ç–≤. –¢–æ–≥–¥–∞ –ø–∞—Ä–∞ ...

You may provide a definition with
\DeclareUnicodeCharacter 


! Package inputenc Error: Unicode character —Ç (U+0442)
(inputenc)                not set up for use with LaTeX.

See the inputenc package documentation for explanation.
Type  H <return>  for immediate help.
 ...                                              
                                                  
l.5 ...µ–º–µ–π—Å–≤—Ç–æ –µ–≥–æ –ø–æ–¥–º–Ω–æ–∂–µ—Å—Ç
                                                  –≤. –¢–æ–≥–¥–∞ –ø–∞—Ä–∞ $(...

You may provide a definition with
\DeclareUnicodeCharacter 


! Package inputenc Error: Unicode character –≤ (U+0432)
(inputenc)                not set up for use with LaTeX.

See the inputenc package documentation for explanation.
Type  H <return>  for immediate help.
 ...                                              
                                                  
l.5 ...º–µ–π—Å–≤—Ç–æ –µ–≥–æ –ø–æ–¥–º–Ω–æ–∂–µ—Å—Ç–≤
                                                  . –¢–æ–≥–¥–∞ –ø–∞—Ä–∞ $(X,...

You may provide a definition with
\DeclareUnicodeCharacter 

Missing character: There is no . in font nullfont!

! Package inputenc Error: Unicode character –¢ (U+0422)
(inputenc)                not set up for use with LaTeX.

See the inputenc package documentation for explanation.
Type  H <return>  for immediate help.
 ...                                              
                                                  
l.5 ...π—Å–≤—Ç–æ –µ–≥–æ –ø–æ–¥–º–Ω–æ–∂–µ—Å—Ç–≤. –¢
                                                  –æ–≥–¥–∞ –ø–∞—Ä–∞ $(X, \ta...

You may provide a definition with
\DeclareUnicodeCharacter 


! Package inputenc Error: Unicode character –æ (U+043E)
(inputenc)                not set up for use with LaTeX.

See the inputenc package documentation for explanation.
Type  H <return>  for immediate help.
 ...                                              
                                                  
l.5 ...Å–≤—Ç–æ –µ–≥–æ –ø–æ–¥–º–Ω–æ–∂–µ—Å—Ç–≤. –¢–æ
                                                  –≥–¥–∞ –ø–∞—Ä–∞ $(X, \tau)...

You may provide a definition with
\DeclareUnicodeCharacter 


! Package inputenc Error: Unicode character –≥ (U+0433)
(inputenc)                not set up for use with LaTeX.

See the inputenc package documentation for explanation.
Type  H <return>  for immediate help.
 ...                                              
                                                  
l.5 ...≤—Ç–æ –µ–≥–æ –ø–æ–¥–º–Ω–æ–∂–µ—Å—Ç–≤. –¢–æ–≥
                                                  –¥–∞ –ø–∞—Ä–∞ $(X, \tau)$ ...

You may provide a definition with
\DeclareUnicodeCharacter 


! Package inputenc Error: Unicode character –¥ (U+0434)
(inputenc)                not set up for use with LaTeX.

See the inputenc package documentation for explanation.
Type  H <return>  for immediate help.
 ...                                              
                                                  
l.5 ...Ç–æ –µ–≥–æ –ø–æ–¥–º–Ω–æ–∂–µ—Å—Ç–≤. –¢–æ–≥–¥
                                                  –∞ –ø–∞—Ä–∞ $(X, \tau)$ –Ω...

You may provide a definition with
\DeclareUnicodeCharacter 


! Package inputenc Error: Unicode character –∞ (U+0430)
(inputenc)                not set up for use with LaTeX.

See the inputenc package documentation for explanation.
Type  H <return>  for immediate help.
 ...                                              
                                                  
l.5 ...æ –µ–≥–æ –ø–æ–¥–º–Ω–æ–∂–µ—Å—Ç–≤. –¢–æ–≥–¥–∞
                                                   –ø–∞—Ä–∞ $(X, \tau)$ –Ω–∞...

You may provide a definition with
\DeclareUnicodeCharacter 


! Package inputenc Error: Unicode character –ø (U+043F)
(inputenc)                not set up for use with LaTeX.

See the inputenc package documentation for explanation.
Type  H <return>  for immediate help.
 ...                                              
                                                  
l.5 ...µ–≥–æ –ø–æ–¥–º–Ω–æ–∂–µ—Å—Ç–≤. –¢–æ–≥–¥–∞ –ø
                                                  –∞—Ä–∞ $(X, \tau)$ –Ω–∞–∑—...

You may provide a definition with
\DeclareUnicodeCharacter 


! Package inputenc Error: Unicode character –∞ (U+0430)
(inputenc)                not set up for use with LaTeX.

See the inputenc package documentation for explanation.
Type  H <return>  for immediate help.
 ...                                              
                                                  
l.5 ...≥–æ –ø–æ–¥–º–Ω–æ–∂–µ—Å—Ç–≤. –¢–æ–≥–¥–∞ –ø–∞
                                                  —Ä–∞ $(X, \tau)$ –Ω–∞–∑—ã–...

You may provide a definition with
\DeclareUnicodeCharacter 


! Package inputenc Error: Unicode character —Ä (U+0440)
(inputenc)                not set up for use with LaTeX.

See the inputenc package documentation for explanation.
Type  H <return>  for immediate help.
 ...                                              
                                                  
l.5 ...æ –ø–æ–¥–º–Ω–æ–∂–µ—Å—Ç–≤. –¢–æ–≥–¥–∞ –ø–∞—Ä
                                                  –∞ $(X, \tau)$ –Ω–∞–∑—ã–≤–...

You may provide a definition with
\DeclareUnicodeCharacter 


! Package inputenc Error: Unicode character –∞ (U+0430)
(inputenc)                not set up for use with LaTeX.

See the inputenc package documentation for explanation.
Type  H <return>  for immediate help.
 ...                                              
                                                  
l.5 ...–ø–æ–¥–º–Ω–æ–∂–µ—Å—Ç–≤. –¢–æ–≥–¥–∞ –ø–∞—Ä–∞
                                                   $(X, \tau)$ –Ω–∞–∑—ã–≤–∞–...

You may provide a definition with
\DeclareUnicodeCharacter 


! Package inputenc Error: Unicode character –Ω (U+043D)
(inputenc)                not set up for use with LaTeX.

See the inputenc package documentation for explanation.
Type  H <return>  for immediate help.
 ...                                              
                                                  
l.5 ...µ—Å—Ç–≤. –¢–æ–≥–¥–∞ –ø–∞—Ä–∞ $(X, \tau)$ –Ω
                                                  –∞–∑—ã–≤–∞–µ—Ç—Å—è —Ç–æ–ø–...

You may provide a definition with
\DeclareUnicodeCharacter 


! Package inputenc Error: Unicode character –∞ (U+0430)
(inputenc)                not set up for use with LaTeX.

See the inputenc package documentation for explanation.
Type  H <return>  for immediate help.
 ...                                              
                                                  
l.5 ...Å—Ç–≤. –¢–æ–≥–¥–∞ –ø–∞—Ä–∞ $(X, \tau)$ –Ω–∞
                                                  –∑—ã–≤–∞–µ—Ç—Å—è —Ç–æ–ø–æ–...

You may provide a definition with
\DeclareUnicodeCharacter 


! Package inputenc Error: Unicode character –∑ (U+0437)
(inputenc)                not set up for use with LaTeX.

See the inputenc package documentation for explanation.
Type  H <return>  for immediate help.
 ...                                              
                                                  
l.5 ...Ç–≤. –¢–æ–≥–¥–∞ –ø–∞—Ä–∞ $(X, \tau)$ –Ω–∞–∑
                                                  —ã–≤–∞–µ—Ç—Å—è —Ç–æ–ø–æ–ª–...

You may provide a definition with
\DeclareUnicodeCharacter 


! Package inputenc Error: Unicode character —ã (U+044B)
(inputenc)                not set up for use with LaTeX.

See the inputenc package documentation for explanation.
Type  H <return>  for immediate help.
 ...                                              
                                                  
l.5 ...≤. –¢–æ–≥–¥–∞ –ø–∞—Ä–∞ $(X, \tau)$ –Ω–∞–∑—ã
                                                  –≤–∞–µ—Ç—Å—è —Ç–æ–ø–æ–ª–æ–...

You may provide a definition with
\DeclareUnicodeCharacter 


! Package inputenc Error: Unicode character –≤ (U+0432)
(inputenc)                not set up for use with LaTeX.

See the inputenc package documentation for explanation.
Type  H <return>  for immediate help.
 ...                                              
                                                  
l.5 ... –¢–æ–≥–¥–∞ –ø–∞—Ä–∞ $(X, \tau)$ –Ω–∞–∑—ã–≤
                                                  –∞–µ—Ç—Å—è —Ç–æ–ø–æ–ª–æ–≥–...

You may provide a definition with
\DeclareUnicodeCharacter 


! Package inputenc Error: Unicode character –∞ (U+0430)
(inputenc)                not set up for use with LaTeX.

See the inputenc package documentation for explanation.
Type  H <return>  for immediate help.
 ...                                              
                                                  
l.5 ...¢–æ–≥–¥–∞ –ø–∞—Ä–∞ $(X, \tau)$ –Ω–∞–∑—ã–≤–∞
                                                  –µ—Ç—Å—è —Ç–æ–ø–æ–ª–æ–≥–∏—...

You may provide a definition with
\DeclareUnicodeCharacter 


! Package inputenc Error: Unicode character –µ (U+0435)
(inputenc)                not set up for use with LaTeX.

See the inputenc package documentation for explanation.
Type  H <return>  for immediate help.
 ...                                              
                                                  
l.5 ...æ–≥–¥–∞ –ø–∞—Ä–∞ $(X, \tau)$ –Ω–∞–∑—ã–≤–∞–µ
                                                  —Ç—Å—è —Ç–æ–ø–æ–ª–æ–≥–∏—á–...

You may provide a definition with
\DeclareUnicodeCharacter 


! Package inputenc Error: Unicode character —Ç (U+0442)
(inputenc)                not set up for use with LaTeX.

See the inputenc package documentation for explanation.
Type  H <return>  for immediate help.
 ...                                              
                                                  
l.5 ...≥–¥–∞ –ø–∞—Ä–∞ $(X, \tau)$ –Ω–∞–∑—ã–≤–∞–µ—Ç
                                                  —Å—è —Ç–æ–ø–æ–ª–æ–≥–∏—á–µ—...

You may provide a definition with
\DeclareUnicodeCharacter 


! Package inputenc Error: Unicode character —Å (U+0441)
(inputenc)                not set up for use with LaTeX.

See the inputenc package documentation for explanation.
Type  H <return>  for immediate help.
 ...                                              
                                                  
l.5 ...¥–∞ –ø–∞—Ä–∞ $(X, \tau)$ –Ω–∞–∑—ã–≤–∞–µ—Ç—Å
                                                  —è —Ç–æ–ø–æ–ª–æ–≥–∏—á–µ—Å–...

You may provide a definition with
\DeclareUnicodeCharacter 


! Package inputenc Error: Unicode character —è (U+044F)
(inputenc)                not set up for use with LaTeX.

See the inputenc package documentation for explanation.
Type  H <return>  for immediate help.
 ...                                              
                                                  
l.5 ...∞ –ø–∞—Ä–∞ $(X, \tau)$ –Ω–∞–∑—ã–≤–∞–µ—Ç—Å—è
                                                   —Ç–æ–ø–æ–ª–æ–≥–∏—á–µ—Å–∫–...

You may provide a definition with
\DeclareUnicodeCharacter 


! Package inputenc Error: Unicode character —Ç (U+0442)
(inputenc)                not set up for use with LaTeX.

See the inputenc package documentation for explanation.
Type  H <return>  for immediate help.
 ...                                              
                                                  
l.5 ...ø–∞—Ä–∞ $(X, \tau)$ –Ω–∞–∑—ã–≤–∞–µ—Ç—Å—è —Ç
                                                  –æ–ø–æ–ª–æ–≥–∏—á–µ—Å–∫–∏–º...

You may provide a definition with
\DeclareUnicodeCharacter 


! Package inputenc Error: Unicode character –æ (U+043E)
(inputenc)                not set up for use with LaTeX.

See the inputenc package documentation for explanation.
Type  H <return>  for immediate help.
 ...                                              
                                                  
l.5 ...∞—Ä–∞ $(X, \tau)$ –Ω–∞–∑—ã–≤–∞–µ—Ç—Å—è —Ç–æ
                                                  –ø–æ–ª–æ–≥–∏—á–µ—Å–∫–∏–º –...

You may provide a definition with
\DeclareUnicodeCharacter 


! Package inputenc Error: Unicode character –ø (U+043F)
(inputenc)                not set up for use with LaTeX.

See the inputenc package documentation for explanation.
Type  H <return>  for immediate help.
 ...                                              
                                                  
l.5 ...Ä–∞ $(X, \tau)$ –Ω–∞–∑—ã–≤–∞–µ—Ç—Å—è —Ç–æ–ø
                                                  –æ–ª–æ–≥–∏—á–µ—Å–∫–∏–º –ø—...

You may provide a definition with
\DeclareUnicodeCharacter 


! Package inputenc Error: Unicode character –æ (U+043E)
(inputenc)                not set up for use with LaTeX.

See the inputenc package documentation for explanation.
Type  H <return>  for immediate help.
 ...                                              
                                                  
l.5 ...∞ $(X, \tau)$ –Ω–∞–∑—ã–≤–∞–µ—Ç—Å—è —Ç–æ–ø–æ
                                                  –ª–æ–≥–∏—á–µ—Å–∫–∏–º –ø—Ä–...

You may provide a definition with
\DeclareUnicodeCharacter 


! Package inputenc Error: Unicode character –ª (U+043B)
(inputenc)                not set up for use with LaTeX.

See the inputenc package documentation for explanation.
Type  H <return>  for immediate help.
 ...                                              
                                                  
l.5 ...$(X, \tau)$ –Ω–∞–∑—ã–≤–∞–µ—Ç—Å—è —Ç–æ–ø–æ–ª
                                                  –æ–≥–∏—á–µ—Å–∫–∏–º –ø—Ä–æ—...

You may provide a definition with
\DeclareUnicodeCharacter 


! Package inputenc Error: Unicode character –æ (U+043E)
(inputenc)                not set up for use with LaTeX.

See the inputenc package documentation for explanation.
Type  H <return>  for immediate help.
 ...                                              
                                                  
l.5 ...X, \tau)$ –Ω–∞–∑—ã–≤–∞–µ—Ç—Å—è —Ç–æ–ø–æ–ª–æ
                                                  –≥–∏—á–µ—Å–∫–∏–º –ø—Ä–æ—Å—...

You may provide a definition with
\DeclareUnicodeCharacter 


! Package inputenc Error: Unicode character –≥ (U+0433)
(inputenc)                not set up for use with LaTeX.

See the inputenc package documentation for explanation.
Type  H <return>  for immediate help.
 ...                                              
                                                  
l.5 ... \tau)$ –Ω–∞–∑—ã–≤–∞–µ—Ç—Å—è —Ç–æ–ø–æ–ª–æ–≥
                                                  –∏—á–µ—Å–∫–∏–º –ø—Ä–æ—Å—Ç—...

You may provide a definition with
\DeclareUnicodeCharacter 


! Package inputenc Error: Unicode character –∏ (U+0438)
(inputenc)                not set up for use with LaTeX.

See the inputenc package documentation for explanation.
Type  H <return>  for immediate help.
 ...                                              
                                                  
l.5 ...tau)$ –Ω–∞–∑—ã–≤–∞–µ—Ç—Å—è —Ç–æ–ø–æ–ª–æ–≥–∏
                                                  —á–µ—Å–∫–∏–º –ø—Ä–æ—Å—Ç—Ä–...

You may provide a definition with
\DeclareUnicodeCharacter 


! Package inputenc Error: Unicode character —á (U+0447)
(inputenc)                not set up for use with LaTeX.

See the inputenc package documentation for explanation.
Type  H <return>  for immediate help.
 ...                                              
                                                  
l.5 ...u)$ –Ω–∞–∑—ã–≤–∞–µ—Ç—Å—è —Ç–æ–ø–æ–ª–æ–≥–∏—á
                                                  –µ—Å–∫–∏–º –ø—Ä–æ—Å—Ç—Ä–∞–...

You may provide a definition with
\DeclareUnicodeCharacter 


! Package inputenc Error: Unicode character –µ (U+0435)
(inputenc)                not set up for use with LaTeX.

See the inputenc package documentation for explanation.
Type  H <return>  for immediate help.
 ...                                              
                                                  
l.5 ...$ –Ω–∞–∑—ã–≤–∞–µ—Ç—Å—è —Ç–æ–ø–æ–ª–æ–≥–∏—á–µ
                                                  —Å–∫–∏–º –ø—Ä–æ—Å—Ç—Ä–∞–Ω—...

You may provide a definition with
\DeclareUnicodeCharacter 


! Package inputenc Error: Unicode character —Å (U+0441)
(inputenc)                not set up for use with LaTeX.

See the inputenc package documentation for explanation.
Type  H <return>  for immediate help.
 ...                                              
                                                  
l.5 ...–Ω–∞–∑—ã–≤–∞–µ—Ç—Å—è —Ç–æ–ø–æ–ª–æ–≥–∏—á–µ—Å
                                                  –∫–∏–º –ø—Ä–æ—Å—Ç—Ä–∞–Ω—Å—...

You may provide a definition with
\DeclareUnicodeCharacter 


! Package inputenc Error: Unicode character –∫ (U+043A)
(inputenc)                not set up for use with LaTeX.

See the inputenc package documentation for explanation.
Type  H <return>  for immediate help.
 ...                                              
                                                  
l.5 ...–∞–∑—ã–≤–∞–µ—Ç—Å—è —Ç–æ–ø–æ–ª–æ–≥–∏—á–µ—Å–∫
                                                  –∏–º –ø—Ä–æ—Å—Ç—Ä–∞–Ω—Å—Ç–...

You may provide a definition with
\DeclareUnicodeCharacter 


! Package inputenc Error: Unicode character –∏ (U+0438)
(inputenc)                not set up for use with LaTeX.

See the inputenc package documentation for explanation.
Type  H <return>  for immediate help.
 ...                                              
                                                  
l.5 ...–∑—ã–≤–∞–µ—Ç—Å—è —Ç–æ–ø–æ–ª–æ–≥–∏—á–µ—Å–∫–∏
                                                  –º –ø—Ä–æ—Å—Ç—Ä–∞–Ω—Å—Ç–≤–...

You may provide a definition with
\DeclareUnicodeCharacter 


! Package inputenc Error: Unicode character –º (U+043C)
(inputenc)                not set up for use with LaTeX.

See the inputenc package documentation for explanation.
Type  H <return>  for immediate help.
 ...                                              
                                                  
l.5 ...—ã–≤–∞–µ—Ç—Å—è —Ç–æ–ø–æ–ª–æ–≥–∏—á–µ—Å–∫–∏–º
                                                   –ø—Ä–æ—Å—Ç—Ä–∞–Ω—Å—Ç–≤–æ–...

You may provide a definition with
\DeclareUnicodeCharacter 


! Package inputenc Error: Unicode character –ø (U+043F)
(inputenc)                not set up for use with LaTeX.

See the inputenc package documentation for explanation.
Type  H <return>  for immediate help.
 ...                                              
                                                  
l.5 ...≤–∞–µ—Ç—Å—è —Ç–æ–ø–æ–ª–æ–≥–∏—á–µ—Å–∫–∏–º –ø
                                                  —Ä–æ—Å—Ç—Ä–∞–Ω—Å—Ç–≤–æ–º, ...

You may provide a definition with
\DeclareUnicodeCharacter 


! Package inputenc Error: Unicode character —Ä (U+0440)
(inputenc)                not set up for use with LaTeX.

See the inputenc package documentation for explanation.
Type  H <return>  for immediate help.
 ...                                              
                                                  
l.5 ...∞–µ—Ç—Å—è —Ç–æ–ø–æ–ª–æ–≥–∏—á–µ—Å–∫–∏–º –ø—Ä
                                                  –æ—Å—Ç—Ä–∞–Ω—Å—Ç–≤–æ–º, –µ...

You may provide a definition with
\DeclareUnicodeCharacter 


! Package inputenc Error: Unicode character –æ (U+043E)
(inputenc)                not set up for use with LaTeX.

See the inputenc package documentation for explanation.
Type  H <return>  for immediate help.
 ...                                              
                                                  
l.5 ...µ—Ç—Å—è —Ç–æ–ø–æ–ª–æ–≥–∏—á–µ—Å–∫–∏–º –ø—Ä–æ
                                                  —Å—Ç—Ä–∞–Ω—Å—Ç–≤–æ–º, –µ—Å...

You may provide a definition with
\DeclareUnicodeCharacter 


! Package inputenc Error: Unicode character —Å (U+0441)
(inputenc)                not set up for use with LaTeX.

See the inputenc package documentation for explanation.
Type  H <return>  for immediate help.
 ...                                              
                                                  
l.5 ...Ç—Å—è —Ç–æ–ø–æ–ª–æ–≥–∏—á–µ—Å–∫–∏–º –ø—Ä–æ—Å
                                                  —Ç—Ä–∞–Ω—Å—Ç–≤–æ–º, –µ—Å–ª–∏:

You may provide a definition with
\DeclareUnicodeCharacter 


! Package inputenc Error: Unicode character —Ç (U+0442)
(inputenc)                not set up for use with LaTeX.

See the inputenc package documentation for explanation.
Type  H <return>  for immediate help.
 ...                                              
                                                  
l.5 ...Å—è —Ç–æ–ø–æ–ª–æ–≥–∏—á–µ—Å–∫–∏–º –ø—Ä–æ—Å—Ç
                                                  —Ä–∞–Ω—Å—Ç–≤–æ–º, –µ—Å–ª–∏:
You may provide a definition with
\DeclareUnicodeCharacter 


! Package inputenc Error: Unicode character —Ä (U+0440)
(inputenc)                not set up for use with LaTeX.

See the inputenc package documentation for explanation.
Type  H <return>  for immediate help.
 ...                                              
                                                  
l.5 ...è —Ç–æ–ø–æ–ª–æ–≥–∏—á–µ—Å–∫–∏–º –ø—Ä–æ—Å—Ç—Ä
                                                  –∞–Ω—Å—Ç–≤–æ–º, –µ—Å–ª–∏:
You may provide a definition with
\DeclareUnicodeCharacter 


! Package inputenc Error: Unicode character –∞ (U+0430)
(inputenc)                not set up for use with LaTeX.

See the inputenc package documentation for explanation.
Type  H <return>  for immediate help.
 ...                                              
                                                  
l.5 ...—Ç–æ–ø–æ–ª–æ–≥–∏—á–µ—Å–∫–∏–º –ø—Ä–æ—Å—Ç—Ä–∞
                                                  –Ω—Å—Ç–≤–æ–º, –µ—Å–ª–∏:
You may provide a definition with
\DeclareUnicodeCharacter 


! Package inputenc Error: Unicode character –Ω (U+043D)
(inputenc)                not set up for use with LaTeX.

See the inputenc package documentation for explanation.
Type  H <return>  for immediate help.
 ...                                              
                                                  
l.5 ...–æ–ø–æ–ª–æ–≥–∏—á–µ—Å–∫–∏–º –ø—Ä–æ—Å—Ç—Ä–∞–Ω
                                                  —Å—Ç–≤–æ–º, –µ—Å–ª–∏:
You may provide a definition with
\DeclareUnicodeCharacter 


! Package inputenc Error: Unicode character —Å (U+0441)
(inputenc)                not set up for use with LaTeX.

See the inputenc package documentation for explanation.
Type  H <return>  for immediate help.
 ...                                              
                                                  
l.5 ...–ø–æ–ª–æ–≥–∏—á–µ—Å–∫–∏–º –ø—Ä–æ—Å—Ç—Ä–∞–Ω—Å
                                                  —Ç–≤–æ–º, –µ—Å–ª–∏:
You may provide a definition with
\DeclareUnicodeCharacter 


! Package inputenc Error: Unicode character —Ç (U+0442)
(inputenc)                not set up for use with LaTeX.

See the inputenc package documentation for explanation.
Type  H <return>  for immediate help.
 ...                                              
                                                  
l.5 ...–æ–ª–æ–≥–∏—á–µ—Å–∫–∏–º –ø—Ä–æ—Å—Ç—Ä–∞–Ω—Å—Ç
                                                  –≤–æ–º, –µ—Å–ª–∏:
You may provide a definition with
\DeclareUnicodeCharacter 


! Package inputenc Error: Unicode character –≤ (U+0432)
(inputenc)                not set up for use with LaTeX.

See the inputenc package documentation for explanation.
Type  H <return>  for immediate help.
 ...                                              
                                                  
l.5 ...–ª–æ–≥–∏—á–µ—Å–∫–∏–º –ø—Ä–æ—Å—Ç—Ä–∞–Ω—Å—Ç–≤
                                                  –æ–º, –µ—Å–ª–∏:
You may provide a definition with
\DeclareUnicodeCharacter 


! Package inputenc Error: Unicode character –æ (U+043E)
(inputenc)                not set up for use with LaTeX.

See the inputenc package documentation for explanation.
Type  H <return>  for immediate help.
 ...                                              
                                                  
l.5 ...–æ–≥–∏—á–µ—Å–∫–∏–º –ø—Ä–æ—Å—Ç—Ä–∞–Ω—Å—Ç–≤–æ
                                                  –º, –µ—Å–ª–∏:
You may provide a definition with
\DeclareUnicodeCharacter 


! Package inputenc Error: Unicode character –º (U+043C)
(inputenc)                not set up for use with LaTeX.

See the inputenc package documentation for explanation.
Type  H <return>  for immediate help.
 ...                                              
                                                  
l.5 ...–≥–∏—á–µ—Å–∫–∏–º –ø—Ä–æ—Å—Ç—Ä–∞–Ω—Å—Ç–≤–æ–º
                                                  , –µ—Å–ª–∏:
You may provide a definition with
\DeclareUnicodeCharacter 

Missing character: There is no , in font nullfont!

! Package inputenc Error: Unicode character –µ (U+0435)
(inputenc)                not set up for use with LaTeX.

See the inputenc package documentation for explanation.
Type  H <return>  for immediate help.
 ...                                              
                                                  
l.5 ...—á–µ—Å–∫–∏–º –ø—Ä–æ—Å—Ç—Ä–∞–Ω—Å—Ç–≤–æ–º, –µ
                                                  —Å–ª–∏:
You may provide a definition with
\DeclareUnicodeCharacter 


! Package inputenc Error: Unicode character —Å (U+0441)
(inputenc)                not set up for use with LaTeX.

See the inputenc package documentation for explanation.
Type  H <return>  for immediate help.
 ...                                              
                                                  
l.5 ...–µ—Å–∫–∏–º –ø—Ä–æ—Å—Ç—Ä–∞–Ω—Å—Ç–≤–æ–º, –µ—Å
                                                  –ª–∏:
You may provide a definition with
\DeclareUnicodeCharacter 


! Package inputenc Error: Unicode character –ª (U+043B)
(inputenc)                not set up for use with LaTeX.

See the inputenc package documentation for explanation.
Type  H <return>  for immediate help.
 ...                                              
                                                  
l.5 ...—Å–∫–∏–º –ø—Ä–æ—Å—Ç—Ä–∞–Ω—Å—Ç–≤–æ–º, –µ—Å–ª
                                                  –∏:
You may provide a definition with
\DeclareUnicodeCharacter 


! Package inputenc Error: Unicode character –∏ (U+0438)
(inputenc)                not set up for use with LaTeX.

See the inputenc package documentation for explanation.
Type  H <return>  for immediate help.
 ...                                              
                                                  
l.5 ...–∫–∏–º –ø—Ä–æ—Å—Ç—Ä–∞–Ω—Å—Ç–≤–æ–º, –µ—Å–ª–∏
                                                  :
You may provide a definition with
\DeclareUnicodeCharacter 

Missing character: There is no : in font nullfont!

Overfull \hbox (29.06943pt too wide) in paragraph at lines 5--6
[]$\OML/cmm/m/it/10 X$
 []


Overfull \hbox (16.05899pt too wide) in paragraph at lines 5--6
\OML/cmm/m/it/10  \OMS/cmsy/m/n/10 
 []


Overfull \hbox (12.60213pt too wide) in paragraph at lines 5--6
\OT1/cmr/m/n/10 2[]$
 []


Overfull \hbox (26.23956pt too wide) in paragraph at lines 5--6
\OT1/cmr/m/n/10 (\OML/cmm/m/it/10 X; \OT1/cmr/m/n/10 )$
 []

! Undefined control sequence.
l.7 		\item $X, \varnothing
                            \in \tau$
The control sequence at the end of the top line
of your error message was never \def'ed. If you have
misspelled it (e.g., `\hobx'), type `I' and the correct
spelling (e.g., `I\hbox'). Otherwise just continue,
and I'll forget about whatever was undefined.


Overfull \hbox (19.62497pt too wide) in paragraph at lines 7--8
\OML/cmm/m/it/10 X; \OMS/cmsy/m/n/10 2
 []


Overfull \hbox (5.50348pt too wide) in paragraph at lines 7--8
\OML/cmm/m/it/10 $ 
 []

! Undefined control sequence.
l.8 		\item $\forall \{U_\alpha\}_{\alpha \in \bb
                                                 {A}}
The control sequence at the end of the top line
of your error message was never \def'ed. If you have
misspelled it (e.g., `\hobx'), type `I' and the correct
spelling (e.g., `I\hbox'). Otherwise just continue,
and I'll forget about whatever was undefined.


! LaTeX Error: Command \end{itemize} invalid in math mode.

See the LaTeX manual or LaTeX Companion for explanation.
Type  H <return>  for immediate help.
 ...                                              
                                                  
l.9 	\end{itemize}
                  
Try typing  <return>  to proceed.
If that doesn't work, type  X <return>  to quit.


! LaTeX Error: Something's wrong--perhaps a missing \item.

See the LaTeX manual or LaTeX Companion for explanation.
Type  H <return>  for immediate help.
 ...                                              
                                                  
l.9 	\end{itemize}
                  
Try typing  <return>  to proceed.
If that doesn't work, type  X <return>  to quit.


! LaTeX Error: Something's wrong--perhaps a missing \item.

See the LaTeX manual or LaTeX Companion for explanation.
Type  H <return>  for immediate help.
 ...                                              
                                                  
l.9 	\end{itemize}
                  
Try typing  <return>  to proceed.
If that doesn't work, type  X <return>  to quit.

! Missing $ inserted.
<inserted text> 
                $
l.9 	\end{itemize}
                  
I've inserted something that you may have forgotten.
(See the <inserted text> above.)
With luck, this will get me unwedged. But if you
really didn't forget anything, try typing `2' now; then
my insertion and my current dilemma will both disappear.


! LaTeX Error: \begin{document} ended by \end{definition}.

See the LaTeX manual or LaTeX Companion for explanation.
Type  H <return>  for immediate help.
 ...                                              
                                                  
l.10 \end{definition}
                     
Your command was ignored.
Type  I <command> <return>  to replace it with another command,
or  <return>  to continue without it.

)
! Emergency stop.
<*> ./03.tex
            
*** (job aborted, no legal \end found)

 
Here is how much of TeX's memory you used:
 50 strings out of 481257
 610 string characters out of 2908761
 277830 words of memory out of 3000000
 17372 multiletter control sequences out of 15000+600000
 403430 words of font info for 27 fonts, out of 8000000 for 9000
 0 hyphenation exceptions out of 8191
 18i,3n,15p,276b,97s stack positions out of 5000i,500n,10000p,200000b,80000s
!  ==> Fatal error occurred, no output PDF file produced!
