This is pdfTeX, Version 3.141592653-2.6-1.40.22 (MiKTeX 21.3) (preloaded format=pdflatex 2021.4.13)  21 NOV 2021 19:30
entering extended mode
**./04.tex
(04.tex
LaTeX2e <2020-10-01> patch level 4
L3 programming layer <2021-02-18>
! Undefined control sequence.
l.2 \question
             {4}{–¢–æ–ø–æ–ª–æ–≥–∏—á–µ—Å–∫–æ–µ –∏ —Å–µ–∫–≤–µ–Ω—Ü–∏–∞–ª—å–Ω–æ–...
The control sequence at the end of the top line
of your error message was never \def'ed. If you have
misspelled it (e.g., `\hobx'), type `I' and the correct
spelling (e.g., `I\hbox'). Otherwise just continue,
and I'll forget about whatever was undefined.


! LaTeX Error: Missing \begin{document}.

See the LaTeX manual or LaTeX Companion for explanation.
Type  H <return>  for immediate help.
 ...                                              
                                                  
l.2 \question{4
               }{–¢–æ–ø–æ–ª–æ–≥–∏—á–µ—Å–∫–æ–µ –∏ —Å–µ–∫–≤–µ–Ω—Ü–∏–∞–ª—å–Ω–æ–...

You're in trouble here.  Try typing  <return>  to proceed.
If that doesn't work, type  X <return>  to quit.

Missing character: There is no 4 in font nullfont!

! Package inputenc Error: Unicode character –¢ (U+0422)
(inputenc)                not set up for use with LaTeX.

See the inputenc package documentation for explanation.
Type  H <return>  for immediate help.
 ...                                              
                                                  
l.2 \question{4}{–¢
                   –æ–ø–æ–ª–æ–≥–∏—á–µ—Å–∫–æ–µ –∏ —Å–µ–∫–≤–µ–Ω—Ü–∏–∞–ª—å–Ω–æ–...

You may provide a definition with
\DeclareUnicodeCharacter 


! Package inputenc Error: Unicode character –æ (U+043E)
(inputenc)                not set up for use with LaTeX.

See the inputenc package documentation for explanation.
Type  H <return>  for immediate help.
 ...                                              
                                                  
l.2 \question{4}{–¢–æ
                     –ø–æ–ª–æ–≥–∏—á–µ—Å–∫–æ–µ –∏ —Å–µ–∫–≤–µ–Ω—Ü–∏–∞–ª—å–Ω–æ–...

You may provide a definition with
\DeclareUnicodeCharacter 


! Package inputenc Error: Unicode character –ø (U+043F)
(inputenc)                not set up for use with LaTeX.

See the inputenc package documentation for explanation.
Type  H <return>  for immediate help.
 ...                                              
                                                  
l.2 \question{4}{–¢–æ–ø
                       –æ–ª–æ–≥–∏—á–µ—Å–∫–æ–µ –∏ —Å–µ–∫–≤–µ–Ω—Ü–∏–∞–ª—å–Ω–æ–...

You may provide a definition with
\DeclareUnicodeCharacter 


! Package inputenc Error: Unicode character –æ (U+043E)
(inputenc)                not set up for use with LaTeX.

See the inputenc package documentation for explanation.
Type  H <return>  for immediate help.
 ...                                              
                                                  
l.2 \question{4}{–¢–æ–ø–æ
                         –ª–æ–≥–∏—á–µ—Å–∫–æ–µ –∏ —Å–µ–∫–≤–µ–Ω—Ü–∏–∞–ª—å–Ω–æ–...

You may provide a definition with
\DeclareUnicodeCharacter 


! Package inputenc Error: Unicode character –ª (U+043B)
(inputenc)                not set up for use with LaTeX.

See the inputenc package documentation for explanation.
Type  H <return>  for immediate help.
 ...                                              
                                                  
l.2 \question{4}{–¢–æ–ø–æ–ª
                           –æ–≥–∏—á–µ—Å–∫–æ–µ –∏ —Å–µ–∫–≤–µ–Ω—Ü–∏–∞–ª—å–Ω–æ–...

You may provide a definition with
\DeclareUnicodeCharacter 


! Package inputenc Error: Unicode character –æ (U+043E)
(inputenc)                not set up for use with LaTeX.

See the inputenc package documentation for explanation.
Type  H <return>  for immediate help.
 ...                                              
                                                  
l.2 \question{4}{–¢–æ–ø–æ–ª–æ
                             –≥–∏—á–µ—Å–∫–æ–µ –∏ —Å–µ–∫–≤–µ–Ω—Ü–∏–∞–ª—å–Ω–æ–...

You may provide a definition with
\DeclareUnicodeCharacter 


! Package inputenc Error: Unicode character –≥ (U+0433)
(inputenc)                not set up for use with LaTeX.

See the inputenc package documentation for explanation.
Type  H <return>  for immediate help.
 ...                                              
                                                  
l.2 \question{4}{–¢–æ–ø–æ–ª–æ–≥
                               –∏—á–µ—Å–∫–æ–µ –∏ —Å–µ–∫–≤–µ–Ω—Ü–∏–∞–ª—å–Ω–æ–...

You may provide a definition with
\DeclareUnicodeCharacter 


! Package inputenc Error: Unicode character –∏ (U+0438)
(inputenc)                not set up for use with LaTeX.

See the inputenc package documentation for explanation.
Type  H <return>  for immediate help.
 ...                                              
                                                  
l.2 \question{4}{–¢–æ–ø–æ–ª–æ–≥–∏
                                 —á–µ—Å–∫–æ–µ –∏ —Å–µ–∫–≤–µ–Ω—Ü–∏–∞–ª—å–Ω–æ–...

You may provide a definition with
\DeclareUnicodeCharacter 


! Package inputenc Error: Unicode character —á (U+0447)
(inputenc)                not set up for use with LaTeX.

See the inputenc package documentation for explanation.
Type  H <return>  for immediate help.
 ...                                              
                                                  
l.2 \question{4}{–¢–æ–ø–æ–ª–æ–≥–∏—á
                                   –µ—Å–∫–æ–µ –∏ —Å–µ–∫–≤–µ–Ω—Ü–∏–∞–ª—å–Ω–æ–...

You may provide a definition with
\DeclareUnicodeCharacter 


! Package inputenc Error: Unicode character –µ (U+0435)
(inputenc)                not set up for use with LaTeX.

See the inputenc package documentation for explanation.
Type  H <return>  for immediate help.
 ...                                              
                                                  
l.2 \question{4}{–¢–æ–ø–æ–ª–æ–≥–∏—á–µ
                                     —Å–∫–æ–µ –∏ —Å–µ–∫–≤–µ–Ω—Ü–∏–∞–ª—å–Ω–æ–...

You may provide a definition with
\DeclareUnicodeCharacter 


! Package inputenc Error: Unicode character —Å (U+0441)
(inputenc)                not set up for use with LaTeX.

See the inputenc package documentation for explanation.
Type  H <return>  for immediate help.
 ...                                              
                                                  
l.2 \question{4}{–¢–æ–ø–æ–ª–æ–≥–∏—á–µ—Å
                                       –∫–æ–µ –∏ —Å–µ–∫–≤–µ–Ω—Ü–∏–∞–ª—å–Ω–æ–...

You may provide a definition with
\DeclareUnicodeCharacter 


! Package inputenc Error: Unicode character –∫ (U+043A)
(inputenc)                not set up for use with LaTeX.

See the inputenc package documentation for explanation.
Type  H <return>  for immediate help.
 ...                                              
                                                  
l.2 \question{4}{–¢–æ–ø–æ–ª–æ–≥–∏—á–µ—Å–∫
                                         –æ–µ –∏ —Å–µ–∫–≤–µ–Ω—Ü–∏–∞–ª—å–Ω–æ–...

You may provide a definition with
\DeclareUnicodeCharacter 


! Package inputenc Error: Unicode character –æ (U+043E)
(inputenc)                not set up for use with LaTeX.

See the inputenc package documentation for explanation.
Type  H <return>  for immediate help.
 ...                                              
                                                  
l.2 \question{4}{–¢–æ–ø–æ–ª–æ–≥–∏—á–µ—Å–∫–æ
                                           –µ –∏ —Å–µ–∫–≤–µ–Ω—Ü–∏–∞–ª—å–Ω–æ–...

You may provide a definition with
\DeclareUnicodeCharacter 


! Package inputenc Error: Unicode character –µ (U+0435)
(inputenc)                not set up for use with LaTeX.

See the inputenc package documentation for explanation.
Type  H <return>  for immediate help.
 ...                                              
                                                  
l.2 \question{4}{–¢–æ–ø–æ–ª–æ–≥–∏—á–µ—Å–∫–æ–µ
                                              –∏ —Å–µ–∫–≤–µ–Ω—Ü–∏–∞–ª—å–Ω–æ–...

You may provide a definition with
\DeclareUnicodeCharacter 


! Package inputenc Error: Unicode character –∏ (U+0438)
(inputenc)                not set up for use with LaTeX.

See the inputenc package documentation for explanation.
Type  H <return>  for immediate help.
 ...                                              
                                                  
l.2 \question{4}{–¢–æ–ø–æ–ª–æ–≥–∏—á–µ—Å–∫–æ–µ –∏
                                                 —Å–µ–∫–≤–µ–Ω—Ü–∏–∞–ª—å–Ω–æ–...

You may provide a definition with
\DeclareUnicodeCharacter 


! Package inputenc Error: Unicode character —Å (U+0441)
(inputenc)                not set up for use with LaTeX.

See the inputenc package documentation for explanation.
Type  H <return>  for immediate help.
 ...                                              
                                                  
l.2 ...stion{4}{–¢–æ–ø–æ–ª–æ–≥–∏—á–µ—Å–∫–æ–µ –∏ —Å
                                                  –µ–∫–≤–µ–Ω—Ü–∏–∞–ª—å–Ω–æ–µ...

You may provide a definition with
\DeclareUnicodeCharacter 


! Package inputenc Error: Unicode character –µ (U+0435)
(inputenc)                not set up for use with LaTeX.

See the inputenc package documentation for explanation.
Type  H <return>  for immediate help.
 ...                                              
                                                  
l.2 ...ion{4}{–¢–æ–ø–æ–ª–æ–≥–∏—á–µ—Å–∫–æ–µ –∏ —Å–µ
                                                  –∫–≤–µ–Ω—Ü–∏–∞–ª—å–Ω–æ–µ –...

You may provide a definition with
\DeclareUnicodeCharacter 


! Package inputenc Error: Unicode character –∫ (U+043A)
(inputenc)                not set up for use with LaTeX.

See the inputenc package documentation for explanation.
Type  H <return>  for immediate help.
 ...                                              
                                                  
l.2 ...n{4}{–¢–æ–ø–æ–ª–æ–≥–∏—á–µ—Å–∫–æ–µ –∏ —Å–µ–∫
                                                  –≤–µ–Ω—Ü–∏–∞–ª—å–Ω–æ–µ –æ–...

You may provide a definition with
\DeclareUnicodeCharacter 


! Package inputenc Error: Unicode character –≤ (U+0432)
(inputenc)                not set up for use with LaTeX.

See the inputenc package documentation for explanation.
Type  H <return>  for immediate help.
 ...                                              
                                                  
l.2 ...4}{–¢–æ–ø–æ–ª–æ–≥–∏—á–µ—Å–∫–æ–µ –∏ —Å–µ–∫–≤
                                                  –µ–Ω—Ü–∏–∞–ª—å–Ω–æ–µ –æ–ø—...

You may provide a definition with
\DeclareUnicodeCharacter 


! Package inputenc Error: Unicode character –µ (U+0435)
(inputenc)                not set up for use with LaTeX.

See the inputenc package documentation for explanation.
Type  H <return>  for immediate help.
 ...                                              
                                                  
l.2 ...{–¢–æ–ø–æ–ª–æ–≥–∏—á–µ—Å–∫–æ–µ –∏ —Å–µ–∫–≤–µ
                                                  –Ω—Ü–∏–∞–ª—å–Ω–æ–µ –æ–ø—Ä–...

You may provide a definition with
\DeclareUnicodeCharacter 


! Package inputenc Error: Unicode character –Ω (U+043D)
(inputenc)                not set up for use with LaTeX.

See the inputenc package documentation for explanation.
Type  H <return>  for immediate help.
 ...                                              
                                                  
l.2 ...¢–æ–ø–æ–ª–æ–≥–∏—á–µ—Å–∫–æ–µ –∏ —Å–µ–∫–≤–µ–Ω
                                                  —Ü–∏–∞–ª—å–Ω–æ–µ –æ–ø—Ä–µ–...

You may provide a definition with
\DeclareUnicodeCharacter 


! Package inputenc Error: Unicode character —Ü (U+0446)
(inputenc)                not set up for use with LaTeX.

See the inputenc package documentation for explanation.
Type  H <return>  for immediate help.
 ...                                              
                                                  
l.2 ...æ–ø–æ–ª–æ–≥–∏—á–µ—Å–∫–æ–µ –∏ —Å–µ–∫–≤–µ–Ω—Ü
                                                  –∏–∞–ª—å–Ω–æ–µ –æ–ø—Ä–µ–¥–...

You may provide a definition with
\DeclareUnicodeCharacter 


! Package inputenc Error: Unicode character –∏ (U+0438)
(inputenc)                not set up for use with LaTeX.

See the inputenc package documentation for explanation.
Type  H <return>  for immediate help.
 ...                                              
                                                  
l.2 ...ø–æ–ª–æ–≥–∏—á–µ—Å–∫–æ–µ –∏ —Å–µ–∫–≤–µ–Ω—Ü–∏
                                                  –∞–ª—å–Ω–æ–µ –æ–ø—Ä–µ–¥–µ–...

You may provide a definition with
\DeclareUnicodeCharacter 


! Package inputenc Error: Unicode character –∞ (U+0430)
(inputenc)                not set up for use with LaTeX.

See the inputenc package documentation for explanation.
Type  H <return>  for immediate help.
 ...                                              
                                                  
l.2 ...æ–ª–æ–≥–∏—á–µ—Å–∫–æ–µ –∏ —Å–µ–∫–≤–µ–Ω—Ü–∏–∞
                                                  –ª—å–Ω–æ–µ –æ–ø—Ä–µ–¥–µ–ª–...

You may provide a definition with
\DeclareUnicodeCharacter 


! Package inputenc Error: Unicode character –ª (U+043B)
(inputenc)                not set up for use with LaTeX.

See the inputenc package documentation for explanation.
Type  H <return>  for immediate help.
 ...                                              
                                                  
l.2 ...ª–æ–≥–∏—á–µ—Å–∫–æ–µ –∏ —Å–µ–∫–≤–µ–Ω—Ü–∏–∞–ª
                                                  —å–Ω–æ–µ –æ–ø—Ä–µ–¥–µ–ª–µ–...

You may provide a definition with
\DeclareUnicodeCharacter 


! Package inputenc Error: Unicode character —å (U+044C)
(inputenc)                not set up for use with LaTeX.

See the inputenc package documentation for explanation.
Type  H <return>  for immediate help.
 ...                                              
                                                  
l.2 ...æ–≥–∏—á–µ—Å–∫–æ–µ –∏ —Å–µ–∫–≤–µ–Ω—Ü–∏–∞–ª—å
                                                  –Ω–æ–µ –æ–ø—Ä–µ–¥–µ–ª–µ–Ω–...

You may provide a definition with
\DeclareUnicodeCharacter 


! Package inputenc Error: Unicode character –Ω (U+043D)
(inputenc)                not set up for use with LaTeX.

See the inputenc package documentation for explanation.
Type  H <return>  for immediate help.
 ...                                              
                                                  
l.2 ...≥–∏—á–µ—Å–∫–æ–µ –∏ —Å–µ–∫–≤–µ–Ω—Ü–∏–∞–ª—å–Ω
                                                  –æ–µ –æ–ø—Ä–µ–¥–µ–ª–µ–Ω–∏–...

You may provide a definition with
\DeclareUnicodeCharacter 


! Package inputenc Error: Unicode character –æ (U+043E)
(inputenc)                not set up for use with LaTeX.

See the inputenc package documentation for explanation.
Type  H <return>  for immediate help.
 ...                                              
                                                  
l.2 ...∏—á–µ—Å–∫–æ–µ –∏ —Å–µ–∫–≤–µ–Ω—Ü–∏–∞–ª—å–Ω–æ
                                                  –µ –æ–ø—Ä–µ–¥–µ–ª–µ–Ω–∏–µ ...

You may provide a definition with
\DeclareUnicodeCharacter 


! Package inputenc Error: Unicode character –µ (U+0435)
(inputenc)                not set up for use with LaTeX.

See the inputenc package documentation for explanation.
Type  H <return>  for immediate help.
 ...                                              
                                                  
l.2 ...á–µ—Å–∫–æ–µ –∏ —Å–µ–∫–≤–µ–Ω—Ü–∏–∞–ª—å–Ω–æ–µ
                                                   –æ–ø—Ä–µ–¥–µ–ª–µ–Ω–∏–µ –∑...

You may provide a definition with
\DeclareUnicodeCharacter 


! Package inputenc Error: Unicode character –æ (U+043E)
(inputenc)                not set up for use with LaTeX.

See the inputenc package documentation for explanation.
Type  H <return>  for immediate help.
 ...                                              
                                                  
l.2 ...—Å–∫–æ–µ –∏ —Å–µ–∫–≤–µ–Ω—Ü–∏–∞–ª—å–Ω–æ–µ –æ
                                                  –ø—Ä–µ–¥–µ–ª–µ–Ω–∏–µ –∑–∞–...

You may provide a definition with
\DeclareUnicodeCharacter 


! Package inputenc Error: Unicode character –ø (U+043F)
(inputenc)                not set up for use with LaTeX.

See the inputenc package documentation for explanation.
Type  H <return>  for immediate help.
 ...                                              
                                                  
l.2 ...–∫–æ–µ –∏ —Å–µ–∫–≤–µ–Ω—Ü–∏–∞–ª—å–Ω–æ–µ –æ–ø
                                                  —Ä–µ–¥–µ–ª–µ–Ω–∏–µ –∑–∞–º–...

You may provide a definition with
\DeclareUnicodeCharacter 


! Package inputenc Error: Unicode character —Ä (U+0440)
(inputenc)                not set up for use with LaTeX.

See the inputenc package documentation for explanation.
Type  H <return>  for immediate help.
 ...                                              
                                                  
l.2 ...–æ–µ –∏ —Å–µ–∫–≤–µ–Ω—Ü–∏–∞–ª—å–Ω–æ–µ –æ–ø—Ä
                                                  –µ–¥–µ–ª–µ–Ω–∏–µ –∑–∞–º–∫–...

You may provide a definition with
\DeclareUnicodeCharacter 


! Package inputenc Error: Unicode character –µ (U+0435)
(inputenc)                not set up for use with LaTeX.

See the inputenc package documentation for explanation.
Type  H <return>  for immediate help.
 ...                                              
                                                  
l.2 ...–µ –∏ —Å–µ–∫–≤–µ–Ω—Ü–∏–∞–ª—å–Ω–æ–µ –æ–ø—Ä–µ
                                                  –¥–µ–ª–µ–Ω–∏–µ –∑–∞–º–∫–Ω—...

You may provide a definition with
\DeclareUnicodeCharacter 


! Package inputenc Error: Unicode character –¥ (U+0434)
(inputenc)                not set up for use with LaTeX.

See the inputenc package documentation for explanation.
Type  H <return>  for immediate help.
 ...                                              
                                                  
l.2 ... –∏ —Å–µ–∫–≤–µ–Ω—Ü–∏–∞–ª—å–Ω–æ–µ –æ–ø—Ä–µ–¥
                                                  –µ–ª–µ–Ω–∏–µ –∑–∞–º–∫–Ω—É—...

You may provide a definition with
\DeclareUnicodeCharacter 


! Package inputenc Error: Unicode character –µ (U+0435)
(inputenc)                not set up for use with LaTeX.

See the inputenc package documentation for explanation.
Type  H <return>  for immediate help.
 ...                                              
                                                  
l.2 ...∏ —Å–µ–∫–≤–µ–Ω—Ü–∏–∞–ª—å–Ω–æ–µ –æ–ø—Ä–µ–¥–µ
                                                  –ª–µ–Ω–∏–µ –∑–∞–º–∫–Ω—É—Ç–...

You may provide a definition with
\DeclareUnicodeCharacter 


! Package inputenc Error: Unicode character –ª (U+043B)
(inputenc)                not set up for use with LaTeX.

See the inputenc package documentation for explanation.
Type  H <return>  for immediate help.
 ...                                              
                                                  
l.2 ...—Å–µ–∫–≤–µ–Ω—Ü–∏–∞–ª—å–Ω–æ–µ –æ–ø—Ä–µ–¥–µ–ª
                                                  –µ–Ω–∏–µ –∑–∞–º–∫–Ω—É—Ç–æ—...

You may provide a definition with
\DeclareUnicodeCharacter 


! Package inputenc Error: Unicode character –µ (U+0435)
(inputenc)                not set up for use with LaTeX.

See the inputenc package documentation for explanation.
Type  H <return>  for immediate help.
 ...                                              
                                                  
l.2 ...–µ–∫–≤–µ–Ω—Ü–∏–∞–ª—å–Ω–æ–µ –æ–ø—Ä–µ–¥–µ–ª–µ
                                                  –Ω–∏–µ –∑–∞–º–∫–Ω—É—Ç–æ—Å—...

You may provide a definition with
\DeclareUnicodeCharacter 


! Package inputenc Error: Unicode character –Ω (U+043D)
(inputenc)                not set up for use with LaTeX.

See the inputenc package documentation for explanation.
Type  H <return>  for immediate help.
 ...                                              
                                                  
l.2 ...–∫–≤–µ–Ω—Ü–∏–∞–ª—å–Ω–æ–µ –æ–ø—Ä–µ–¥–µ–ª–µ–Ω
                                                  –∏–µ –∑–∞–º–∫–Ω—É—Ç–æ—Å—Ç–...

You may provide a definition with
\DeclareUnicodeCharacter 


! Package inputenc Error: Unicode character –∏ (U+0438)
(inputenc)                not set up for use with LaTeX.

See the inputenc package documentation for explanation.
Type  H <return>  for immediate help.
 ...                                              
                                                  
l.2 ...–≤–µ–Ω—Ü–∏–∞–ª—å–Ω–æ–µ –æ–ø—Ä–µ–¥–µ–ª–µ–Ω–∏
                                                  –µ –∑–∞–º–∫–Ω—É—Ç–æ—Å—Ç–∏ ...

You may provide a definition with
\DeclareUnicodeCharacter 


! Package inputenc Error: Unicode character –µ (U+0435)
(inputenc)                not set up for use with LaTeX.

See the inputenc package documentation for explanation.
Type  H <return>  for immediate help.
 ...                                              
                                                  
l.2 ...–µ–Ω—Ü–∏–∞–ª—å–Ω–æ–µ –æ–ø—Ä–µ–¥–µ–ª–µ–Ω–∏–µ
                                                   –∑–∞–º–∫–Ω—É—Ç–æ—Å—Ç–∏ –∏...

You may provide a definition with
\DeclareUnicodeCharacter 


! Package inputenc Error: Unicode character –∑ (U+0437)
(inputenc)                not set up for use with LaTeX.

See the inputenc package documentation for explanation.
Type  H <return>  for immediate help.
 ...                                              
                                                  
l.2 ...Ω—Ü–∏–∞–ª—å–Ω–æ–µ –æ–ø—Ä–µ–¥–µ–ª–µ–Ω–∏–µ –∑
                                                  –∞–º–∫–Ω—É—Ç–æ—Å—Ç–∏ –∏ –∑...

You may provide a definition with
\DeclareUnicodeCharacter 


! Package inputenc Error: Unicode character –∞ (U+0430)
(inputenc)                not set up for use with LaTeX.

See the inputenc package documentation for explanation.
Type  H <return>  for immediate help.
 ...                                              
                                                  
l.2 ...Ü–∏–∞–ª—å–Ω–æ–µ –æ–ø—Ä–µ–¥–µ–ª–µ–Ω–∏–µ –∑–∞
                                                  –º–∫–Ω—É—Ç–æ—Å—Ç–∏ –∏ –∑–∞...

You may provide a definition with
\DeclareUnicodeCharacter 


! Package inputenc Error: Unicode character –º (U+043C)
(inputenc)                not set up for use with LaTeX.

See the inputenc package documentation for explanation.
Type  H <return>  for immediate help.
 ...                                              
                                                  
l.2 ...∏–∞–ª—å–Ω–æ–µ –æ–ø—Ä–µ–¥–µ–ª–µ–Ω–∏–µ –∑–∞–º
                                                  –∫–Ω—É—Ç–æ—Å—Ç–∏ –∏ –∑–∞–º...

You may provide a definition with
\DeclareUnicodeCharacter 


! Package inputenc Error: Unicode character –∫ (U+043A)
(inputenc)                not set up for use with LaTeX.

See the inputenc package documentation for explanation.
Type  H <return>  for immediate help.
 ...                                              
                                                  
l.2 ...∞–ª—å–Ω–æ–µ –æ–ø—Ä–µ–¥–µ–ª–µ–Ω–∏–µ –∑–∞–º–∫
                                                  –Ω—É—Ç–æ—Å—Ç–∏ –∏ –∑–∞–º—ã...

You may provide a definition with
\DeclareUnicodeCharacter 


! Package inputenc Error: Unicode character –Ω (U+043D)
(inputenc)                not set up for use with LaTeX.

See the inputenc package documentation for explanation.
Type  H <return>  for immediate help.
 ...                                              
                                                  
l.2 ...ª—å–Ω–æ–µ –æ–ø—Ä–µ–¥–µ–ª–µ–Ω–∏–µ –∑–∞–º–∫–Ω
                                                  —É—Ç–æ—Å—Ç–∏ –∏ –∑–∞–º—ã–∫...

You may provide a definition with
\DeclareUnicodeCharacter 


! Package inputenc Error: Unicode character —É (U+0443)
(inputenc)                not set up for use with LaTeX.

See the inputenc package documentation for explanation.
Type  H <return>  for immediate help.
 ...                                              
                                                  
l.2 ...å–Ω–æ–µ –æ–ø—Ä–µ–¥–µ–ª–µ–Ω–∏–µ –∑–∞–º–∫–Ω—É
                                                  —Ç–æ—Å—Ç–∏ –∏ –∑–∞–º—ã–∫–∞...

You may provide a definition with
\DeclareUnicodeCharacter 


! Package inputenc Error: Unicode character —Ç (U+0442)
(inputenc)                not set up for use with LaTeX.

See the inputenc package documentation for explanation.
Type  H <return>  for immediate help.
 ...                                              
                                                  
l.2 ...Ω–æ–µ –æ–ø—Ä–µ–¥–µ–ª–µ–Ω–∏–µ –∑–∞–º–∫–Ω—É—Ç
                                                  –æ—Å—Ç–∏ –∏ –∑–∞–º—ã–∫–∞–Ω...

You may provide a definition with
\DeclareUnicodeCharacter 


! Package inputenc Error: Unicode character –æ (U+043E)
(inputenc)                not set up for use with LaTeX.

See the inputenc package documentation for explanation.
Type  H <return>  for immediate help.
 ...                                              
                                                  
l.2 ...æ–µ –æ–ø—Ä–µ–¥–µ–ª–µ–Ω–∏–µ –∑–∞–º–∫–Ω—É—Ç–æ
                                                  —Å—Ç–∏ –∏ –∑–∞–º—ã–∫–∞–Ω–∏...

You may provide a definition with
\DeclareUnicodeCharacter 


! Package inputenc Error: Unicode character —Å (U+0441)
(inputenc)                not set up for use with LaTeX.

See the inputenc package documentation for explanation.
Type  H <return>  for immediate help.
 ...                                              
                                                  
l.2 ...µ –æ–ø—Ä–µ–¥–µ–ª–µ–Ω–∏–µ –∑–∞–º–∫–Ω—É—Ç–æ—Å
                                                  —Ç–∏ –∏ –∑–∞–º—ã–∫–∞–Ω–∏—è...

You may provide a definition with
\DeclareUnicodeCharacter 


! Package inputenc Error: Unicode character —Ç (U+0442)
(inputenc)                not set up for use with LaTeX.

See the inputenc package documentation for explanation.
Type  H <return>  for immediate help.
 ...                                              
                                                  
l.2 ...–æ–ø—Ä–µ–¥–µ–ª–µ–Ω–∏–µ –∑–∞–º–∫–Ω—É—Ç–æ—Å—Ç
                                                  –∏ –∏ –∑–∞–º—ã–∫–∞–Ω–∏—è –...

You may provide a definition with
\DeclareUnicodeCharacter 


! Package inputenc Error: Unicode character –∏ (U+0438)
(inputenc)                not set up for use with LaTeX.

See the inputenc package documentation for explanation.
Type  H <return>  for immediate help.
 ...                                              
                                                  
l.2 ...–ø—Ä–µ–¥–µ–ª–µ–Ω–∏–µ –∑–∞–º–∫–Ω—É—Ç–æ—Å—Ç–∏
                                                   –∏ –∑–∞–º—ã–∫–∞–Ω–∏—è –º–...

You may provide a definition with
\DeclareUnicodeCharacter 


! Package inputenc Error: Unicode character –∏ (U+0438)
(inputenc)                not set up for use with LaTeX.

See the inputenc package documentation for explanation.
Type  H <return>  for immediate help.
 ...                                              
                                                  
l.2 ...Ä–µ–¥–µ–ª–µ–Ω–∏–µ –∑–∞–º–∫–Ω—É—Ç–æ—Å—Ç–∏ –∏
                                                   –∑–∞–º—ã–∫–∞–Ω–∏—è –º–Ω–æ...

You may provide a definition with
\DeclareUnicodeCharacter 


! Package inputenc Error: Unicode character –∑ (U+0437)
(inputenc)                not set up for use with LaTeX.

See the inputenc package documentation for explanation.
Type  H <return>  for immediate help.
 ...                                              
                                                  
l.2 ...–¥–µ–ª–µ–Ω–∏–µ –∑–∞–º–∫–Ω—É—Ç–æ—Å—Ç–∏ –∏ –∑
                                                  –∞–º—ã–∫–∞–Ω–∏—è –º–Ω–æ–∂–...

You may provide a definition with
\DeclareUnicodeCharacter 


! Package inputenc Error: Unicode character –∞ (U+0430)
(inputenc)                not set up for use with LaTeX.

See the inputenc package documentation for explanation.
Type  H <return>  for immediate help.
 ...                                              
                                                  
l.2 ...–µ–ª–µ–Ω–∏–µ –∑–∞–º–∫–Ω—É—Ç–æ—Å—Ç–∏ –∏ –∑–∞
                                                  –º—ã–∫–∞–Ω–∏—è –º–Ω–æ–∂–µ—...

You may provide a definition with
\DeclareUnicodeCharacter 


! Package inputenc Error: Unicode character –º (U+043C)
(inputenc)                not set up for use with LaTeX.

See the inputenc package documentation for explanation.
Type  H <return>  for immediate help.
 ...                                              
                                                  
l.2 ...–ª–µ–Ω–∏–µ –∑–∞–º–∫–Ω—É—Ç–æ—Å—Ç–∏ –∏ –∑–∞–º
                                                  —ã–∫–∞–Ω–∏—è –º–Ω–æ–∂–µ—Å—...

You may provide a definition with
\DeclareUnicodeCharacter 


! Package inputenc Error: Unicode character —ã (U+044B)
(inputenc)                not set up for use with LaTeX.

See the inputenc package documentation for explanation.
Type  H <return>  for immediate help.
 ...                                              
                                                  
l.2 ...–µ–Ω–∏–µ –∑–∞–º–∫–Ω—É—Ç–æ—Å—Ç–∏ –∏ –∑–∞–º—ã
                                                  –∫–∞–Ω–∏—è –º–Ω–æ–∂–µ—Å—Ç–...

You may provide a definition with
\DeclareUnicodeCharacter 


! Package inputenc Error: Unicode character –∫ (U+043A)
(inputenc)                not set up for use with LaTeX.

See the inputenc package documentation for explanation.
Type  H <return>  for immediate help.
 ...                                              
                                                  
l.2 ...–Ω–∏–µ –∑–∞–º–∫–Ω—É—Ç–æ—Å—Ç–∏ –∏ –∑–∞–º—ã–∫
                                                  –∞–Ω–∏—è –º–Ω–æ–∂–µ—Å—Ç–≤–...

You may provide a definition with
\DeclareUnicodeCharacter 


! Package inputenc Error: Unicode character –∞ (U+0430)
(inputenc)                not set up for use with LaTeX.

See the inputenc package documentation for explanation.
Type  H <return>  for immediate help.
 ...                                              
                                                  
l.2 ...–∏–µ –∑–∞–º–∫–Ω—É—Ç–æ—Å—Ç–∏ –∏ –∑–∞–º—ã–∫–∞
                                                  –Ω–∏—è –º–Ω–æ–∂–µ—Å—Ç–≤–∞ ...

You may provide a definition with
\DeclareUnicodeCharacter 


! Package inputenc Error: Unicode character –Ω (U+043D)
(inputenc)                not set up for use with LaTeX.

See the inputenc package documentation for explanation.
Type  H <return>  for immediate help.
 ...                                              
                                                  
l.2 ...–µ –∑–∞–º–∫–Ω—É—Ç–æ—Å—Ç–∏ –∏ –∑–∞–º—ã–∫–∞–Ω
                                                  –∏—è –º–Ω–æ–∂–µ—Å—Ç–≤–∞ —Ç...

You may provide a definition with
\DeclareUnicodeCharacter 


! Package inputenc Error: Unicode character –∏ (U+0438)
(inputenc)                not set up for use with LaTeX.

See the inputenc package documentation for explanation.
Type  H <return>  for immediate help.
 ...                                              
                                                  
l.2 ... –∑–∞–º–∫–Ω—É—Ç–æ—Å—Ç–∏ –∏ –∑–∞–º—ã–∫–∞–Ω–∏
                                                  —è –º–Ω–æ–∂–µ—Å—Ç–≤–∞ —Ç–æ...

You may provide a definition with
\DeclareUnicodeCharacter 


! Package inputenc Error: Unicode character —è (U+044F)
(inputenc)                not set up for use with LaTeX.

See the inputenc package documentation for explanation.
Type  H <return>  for immediate help.
 ...                                              
                                                  
l.2 ...∑–∞–º–∫–Ω—É—Ç–æ—Å—Ç–∏ –∏ –∑–∞–º—ã–∫–∞–Ω–∏—è
                                                   –º–Ω–æ–∂–µ—Å—Ç–≤–∞ —Ç–æ–ø...

You may provide a definition with
\DeclareUnicodeCharacter 


! Package inputenc Error: Unicode character –º (U+043C)
(inputenc)                not set up for use with LaTeX.

See the inputenc package documentation for explanation.
Type  H <return>  for immediate help.
 ...                                              
                                                  
l.2 ...–º–∫–Ω—É—Ç–æ—Å—Ç–∏ –∏ –∑–∞–º—ã–∫–∞–Ω–∏—è –º
                                                  –Ω–æ–∂–µ—Å—Ç–≤–∞ —Ç–æ–ø–æ–...

You may provide a definition with
\DeclareUnicodeCharacter 


! Package inputenc Error: Unicode character –Ω (U+043D)
(inputenc)                not set up for use with LaTeX.

See the inputenc package documentation for explanation.
Type  H <return>  for immediate help.
 ...                                              
                                                  
l.2 ...–∫–Ω—É—Ç–æ—Å—Ç–∏ –∏ –∑–∞–º—ã–∫–∞–Ω–∏—è –º–Ω
                                                  –æ–∂–µ—Å—Ç–≤–∞ —Ç–æ–ø–æ–ª–...

You may provide a definition with
\DeclareUnicodeCharacter 


! Package inputenc Error: Unicode character –æ (U+043E)
(inputenc)                not set up for use with LaTeX.

See the inputenc package documentation for explanation.
Type  H <return>  for immediate help.
 ...                                              
                                                  
l.2 ...–Ω—É—Ç–æ—Å—Ç–∏ –∏ –∑–∞–º—ã–∫–∞–Ω–∏—è –º–Ω–æ
                                                  –∂–µ—Å—Ç–≤–∞ —Ç–æ–ø–æ–ª–æ–...

You may provide a definition with
\DeclareUnicodeCharacter 


! Package inputenc Error: Unicode character –∂ (U+0436)
(inputenc)                not set up for use with LaTeX.

See the inputenc package documentation for explanation.
Type  H <return>  for immediate help.
 ...                                              
                                                  
l.2 ...—É—Ç–æ—Å—Ç–∏ –∏ –∑–∞–º—ã–∫–∞–Ω–∏—è –º–Ω–æ–∂
                                                  –µ—Å—Ç–≤–∞ —Ç–æ–ø–æ–ª–æ–≥–...

You may provide a definition with
\DeclareUnicodeCharacter 


! Package inputenc Error: Unicode character –µ (U+0435)
(inputenc)                not set up for use with LaTeX.

See the inputenc package documentation for explanation.
Type  H <return>  for immediate help.
 ...                                              
                                                  
l.2 ...—Ç–æ—Å—Ç–∏ –∏ –∑–∞–º—ã–∫–∞–Ω–∏—è –º–Ω–æ–∂–µ
                                                  —Å—Ç–≤–∞ —Ç–æ–ø–æ–ª–æ–≥–∏—...

You may provide a definition with
\DeclareUnicodeCharacter 


! Package inputenc Error: Unicode character —Å (U+0441)
(inputenc)                not set up for use with LaTeX.

See the inputenc package documentation for explanation.
Type  H <return>  for immediate help.
 ...                                              
                                                  
l.2 ...–æ—Å—Ç–∏ –∏ –∑–∞–º—ã–∫–∞–Ω–∏—è –º–Ω–æ–∂–µ—Å
                                                  —Ç–≤–∞ —Ç–æ–ø–æ–ª–æ–≥–∏—á–...

You may provide a definition with
\DeclareUnicodeCharacter 


! Package inputenc Error: Unicode character —Ç (U+0442)
(inputenc)                not set up for use with LaTeX.

See the inputenc package documentation for explanation.
Type  H <return>  for immediate help.
 ...                                              
                                                  
l.2 ...—Å—Ç–∏ –∏ –∑–∞–º—ã–∫–∞–Ω–∏—è –º–Ω–æ–∂–µ—Å—Ç
                                                  –≤–∞ —Ç–æ–ø–æ–ª–æ–≥–∏—á–µ—...

You may provide a definition with
\DeclareUnicodeCharacter 


! Package inputenc Error: Unicode character –≤ (U+0432)
(inputenc)                not set up for use with LaTeX.

See the inputenc package documentation for explanation.
Type  H <return>  for immediate help.
 ...                                              
                                                  
l.2 ...—Ç–∏ –∏ –∑–∞–º—ã–∫–∞–Ω–∏—è –º–Ω–æ–∂–µ—Å—Ç–≤
                                                  –∞ —Ç–æ–ø–æ–ª–æ–≥–∏—á–µ—Å–...

You may provide a definition with
\DeclareUnicodeCharacter 


! Package inputenc Error: Unicode character –∞ (U+0430)
(inputenc)                not set up for use with LaTeX.

See the inputenc package documentation for explanation.
Type  H <return>  for immediate help.
 ...                                              
                                                  
l.2 ...–∏ –∏ –∑–∞–º—ã–∫–∞–Ω–∏—è –º–Ω–æ–∂–µ—Å—Ç–≤–∞
                                                   —Ç–æ–ø–æ–ª–æ–≥–∏—á–µ—Å–∫–...

You may provide a definition with
\DeclareUnicodeCharacter 


! Package inputenc Error: Unicode character —Ç (U+0442)
(inputenc)                not set up for use with LaTeX.

See the inputenc package documentation for explanation.
Type  H <return>  for immediate help.
 ...                                              
                                                  
l.2 ...–∏ –∑–∞–º—ã–∫–∞–Ω–∏—è –º–Ω–æ–∂–µ—Å—Ç–≤–∞ —Ç
                                                  –æ–ø–æ–ª–æ–≥–∏—á–µ—Å–∫–æ–≥...

You may provide a definition with
\DeclareUnicodeCharacter 


! Package inputenc Error: Unicode character –æ (U+043E)
(inputenc)                not set up for use with LaTeX.

See the inputenc package documentation for explanation.
Type  H <return>  for immediate help.
 ...                                              
                                                  
l.2 ... –∑–∞–º—ã–∫–∞–Ω–∏—è –º–Ω–æ–∂–µ—Å—Ç–≤–∞ —Ç–æ
                                                  –ø–æ–ª–æ–≥–∏—á–µ—Å–∫–æ–≥–æ...

You may provide a definition with
\DeclareUnicodeCharacter 


! Package inputenc Error: Unicode character –ø (U+043F)
(inputenc)                not set up for use with LaTeX.

See the inputenc package documentation for explanation.
Type  H <return>  for immediate help.
 ...                                              
                                                  
l.2 ...∑–∞–º—ã–∫–∞–Ω–∏—è –º–Ω–æ–∂–µ—Å—Ç–≤–∞ —Ç–æ–ø
                                                  –æ–ª–æ–≥–∏—á–µ—Å–∫–æ–≥–æ –...

You may provide a definition with
\DeclareUnicodeCharacter 


! Package inputenc Error: Unicode character –æ (U+043E)
(inputenc)                not set up for use with LaTeX.

See the inputenc package documentation for explanation.
Type  H <return>  for immediate help.
 ...                                              
                                                  
l.2 ...∞–º—ã–∫–∞–Ω–∏—è –º–Ω–æ–∂–µ—Å—Ç–≤–∞ —Ç–æ–ø–æ
                                                  –ª–æ–≥–∏—á–µ—Å–∫–æ–≥–æ –ø—...

You may provide a definition with
\DeclareUnicodeCharacter 


! Package inputenc Error: Unicode character –ª (U+043B)
(inputenc)                not set up for use with LaTeX.

See the inputenc package documentation for explanation.
Type  H <return>  for immediate help.
 ...                                              
                                                  
l.2 ...º—ã–∫–∞–Ω–∏—è –º–Ω–æ–∂–µ—Å—Ç–≤–∞ —Ç–æ–ø–æ–ª
                                                  –æ–≥–∏—á–µ—Å–∫–æ–≥–æ –ø—Ä–...

You may provide a definition with
\DeclareUnicodeCharacter 


! Package inputenc Error: Unicode character –æ (U+043E)
(inputenc)                not set up for use with LaTeX.

See the inputenc package documentation for explanation.
Type  H <return>  for immediate help.
 ...                                              
                                                  
l.2 ...ã–∫–∞–Ω–∏—è –º–Ω–æ–∂–µ—Å—Ç–≤–∞ —Ç–æ–ø–æ–ª–æ
                                                  –≥–∏—á–µ—Å–∫–æ–≥–æ –ø—Ä–æ—...

You may provide a definition with
\DeclareUnicodeCharacter 


! Package inputenc Error: Unicode character –≥ (U+0433)
(inputenc)                not set up for use with LaTeX.

See the inputenc package documentation for explanation.
Type  H <return>  for immediate help.
 ...                                              
                                                  
l.2 ...∫–∞–Ω–∏—è –º–Ω–æ–∂–µ—Å—Ç–≤–∞ —Ç–æ–ø–æ–ª–æ–≥
                                                  –∏—á–µ—Å–∫–æ–≥–æ –ø—Ä–æ—Å—...

You may provide a definition with
\DeclareUnicodeCharacter 


! Package inputenc Error: Unicode character –∏ (U+0438)
(inputenc)                not set up for use with LaTeX.

See the inputenc package documentation for explanation.
Type  H <return>  for immediate help.
 ...                                              
                                                  
l.2 ...∞–Ω–∏—è –º–Ω–æ–∂–µ—Å—Ç–≤–∞ —Ç–æ–ø–æ–ª–æ–≥–∏
                                                  —á–µ—Å–∫–æ–≥–æ –ø—Ä–æ—Å—Ç—...

You may provide a definition with
\DeclareUnicodeCharacter 


! Package inputenc Error: Unicode character —á (U+0447)
(inputenc)                not set up for use with LaTeX.

See the inputenc package documentation for explanation.
Type  H <return>  for immediate help.
 ...                                              
                                                  
l.2 ...Ω–∏—è –º–Ω–æ–∂–µ—Å—Ç–≤–∞ —Ç–æ–ø–æ–ª–æ–≥–∏—á
                                                  –µ—Å–∫–æ–≥–æ –ø—Ä–æ—Å—Ç—Ä–...

You may provide a definition with
\DeclareUnicodeCharacter 


! Package inputenc Error: Unicode character –µ (U+0435)
(inputenc)                not set up for use with LaTeX.

See the inputenc package documentation for explanation.
Type  H <return>  for immediate help.
 ...                                              
                                                  
l.2 ...∏—è –º–Ω–æ–∂–µ—Å—Ç–≤–∞ —Ç–æ–ø–æ–ª–æ–≥–∏—á–µ
                                                  —Å–∫–æ–≥–æ –ø—Ä–æ—Å—Ç—Ä–∞–...

You may provide a definition with
\DeclareUnicodeCharacter 


! Package inputenc Error: Unicode character —Å (U+0441)
(inputenc)                not set up for use with LaTeX.

See the inputenc package documentation for explanation.
Type  H <return>  for immediate help.
 ...                                              
                                                  
l.2 ...è –º–Ω–æ–∂–µ—Å—Ç–≤–∞ —Ç–æ–ø–æ–ª–æ–≥–∏—á–µ—Å
                                                  –∫–æ–≥–æ –ø—Ä–æ—Å—Ç—Ä–∞–Ω—...

You may provide a definition with
\DeclareUnicodeCharacter 


! Package inputenc Error: Unicode character –∫ (U+043A)
(inputenc)                not set up for use with LaTeX.

See the inputenc package documentation for explanation.
Type  H <return>  for immediate help.
 ...                                              
                                                  
l.2 ...–º–Ω–æ–∂–µ—Å—Ç–≤–∞ —Ç–æ–ø–æ–ª–æ–≥–∏—á–µ—Å–∫
                                                  –æ–≥–æ –ø—Ä–æ—Å—Ç—Ä–∞–Ω—Å—...

You may provide a definition with
\DeclareUnicodeCharacter 


! Package inputenc Error: Unicode character –æ (U+043E)
(inputenc)                not set up for use with LaTeX.

See the inputenc package documentation for explanation.
Type  H <return>  for immediate help.
 ...                                              
                                                  
l.2 ...–Ω–æ–∂–µ—Å—Ç–≤–∞ —Ç–æ–ø–æ–ª–æ–≥–∏—á–µ—Å–∫–æ
                                                  –≥–æ –ø—Ä–æ—Å—Ç—Ä–∞–Ω—Å—Ç–...

You may provide a definition with
\DeclareUnicodeCharacter 


! Package inputenc Error: Unicode character –≥ (U+0433)
(inputenc)                not set up for use with LaTeX.

See the inputenc package documentation for explanation.
Type  H <return>  for immediate help.
 ...                                              
                                                  
l.2 ...–æ–∂–µ—Å—Ç–≤–∞ —Ç–æ–ø–æ–ª–æ–≥–∏—á–µ—Å–∫–æ–≥
                                                  –æ –ø—Ä–æ—Å—Ç—Ä–∞–Ω—Å—Ç–≤–...

You may provide a definition with
\DeclareUnicodeCharacter 


! Package inputenc Error: Unicode character –æ (U+043E)
(inputenc)                not set up for use with LaTeX.

See the inputenc package documentation for explanation.
Type  H <return>  for immediate help.
 ...                                              
                                                  
l.2 ...–∂–µ—Å—Ç–≤–∞ —Ç–æ–ø–æ–ª–æ–≥–∏—á–µ—Å–∫–æ–≥–æ
                                                   –ø—Ä–æ—Å—Ç—Ä–∞–Ω—Å—Ç–≤–∞,...

You may provide a definition with
\DeclareUnicodeCharacter 


! Package inputenc Error: Unicode character –ø (U+043F)
(inputenc)                not set up for use with LaTeX.

See the inputenc package documentation for explanation.
Type  H <return>  for immediate help.
 ...                                              
                                                  
l.2 ...µ—Å—Ç–≤–∞ —Ç–æ–ø–æ–ª–æ–≥–∏—á–µ—Å–∫–æ–≥–æ –ø
                                                  —Ä–æ—Å—Ç—Ä–∞–Ω—Å—Ç–≤–∞, —Å...

You may provide a definition with
\DeclareUnicodeCharacter 


! Package inputenc Error: Unicode character —Ä (U+0440)
(inputenc)                not set up for use with LaTeX.

See the inputenc package documentation for explanation.
Type  H <return>  for immediate help.
 ...                                              
                                                  
l.2 ...Å—Ç–≤–∞ —Ç–æ–ø–æ–ª–æ–≥–∏—á–µ—Å–∫–æ–≥–æ –ø—Ä
                                                  –æ—Å—Ç—Ä–∞–Ω—Å—Ç–≤–∞, —Å–≤...

You may provide a definition with
\DeclareUnicodeCharacter 


! Package inputenc Error: Unicode character –æ (U+043E)
(inputenc)                not set up for use with LaTeX.

See the inputenc package documentation for explanation.
Type  H <return>  for immediate help.
 ...                                              
                                                  
l.2 ...Ç–≤–∞ —Ç–æ–ø–æ–ª–æ–≥–∏—á–µ—Å–∫–æ–≥–æ –ø—Ä–æ
                                                  —Å—Ç—Ä–∞–Ω—Å—Ç–≤–∞, —Å–≤—è...

You may provide a definition with
\DeclareUnicodeCharacter 


! Package inputenc Error: Unicode character —Å (U+0441)
(inputenc)                not set up for use with LaTeX.

See the inputenc package documentation for explanation.
Type  H <return>  for immediate help.
 ...                                              
                                                  
l.2 ...≤–∞ —Ç–æ–ø–æ–ª–æ–≥–∏—á–µ—Å–∫–æ–≥–æ –ø—Ä–æ—Å
                                                  —Ç—Ä–∞–Ω—Å—Ç–≤–∞, —Å–≤—è–∑...

You may provide a definition with
\DeclareUnicodeCharacter 


! Package inputenc Error: Unicode character —Ç (U+0442)
(inputenc)                not set up for use with LaTeX.

See the inputenc package documentation for explanation.
Type  H <return>  for immediate help.
 ...                                              
                                                  
l.2 ...∞ —Ç–æ–ø–æ–ª–æ–≥–∏—á–µ—Å–∫–æ–≥–æ –ø—Ä–æ—Å—Ç
                                                  —Ä–∞–Ω—Å—Ç–≤–∞, —Å–≤—è–∑—å...

You may provide a definition with
\DeclareUnicodeCharacter 


! Package inputenc Error: Unicode character —Ä (U+0440)
(inputenc)                not set up for use with LaTeX.

See the inputenc package documentation for explanation.
Type  H <return>  for immediate help.
 ...                                              
                                                  
l.2 ...—Ç–æ–ø–æ–ª–æ–≥–∏—á–µ—Å–∫–æ–≥–æ –ø—Ä–æ—Å—Ç—Ä
                                                  –∞–Ω—Å—Ç–≤–∞, —Å–≤—è–∑—å –...

You may provide a definition with
\DeclareUnicodeCharacter 


! Package inputenc Error: Unicode character –∞ (U+0430)
(inputenc)                not set up for use with LaTeX.

See the inputenc package documentation for explanation.
Type  H <return>  for immediate help.
 ...                                              
                                                  
l.2 ...–æ–ø–æ–ª–æ–≥–∏—á–µ—Å–∫–æ–≥–æ –ø—Ä–æ—Å—Ç—Ä–∞
                                                  –Ω—Å—Ç–≤–∞, —Å–≤—è–∑—å –º–...

You may provide a definition with
\DeclareUnicodeCharacter 


! Package inputenc Error: Unicode character –Ω (U+043D)
(inputenc)                not set up for use with LaTeX.

See the inputenc package documentation for explanation.
Type  H <return>  for immediate help.
 ...                                              
                                                  
l.2 ...–ø–æ–ª–æ–≥–∏—á–µ—Å–∫–æ–≥–æ –ø—Ä–æ—Å—Ç—Ä–∞–Ω
                                                  —Å—Ç–≤–∞, —Å–≤—è–∑—å –º–µ–...

You may provide a definition with
\DeclareUnicodeCharacter 


! Package inputenc Error: Unicode character —Å (U+0441)
(inputenc)                not set up for use with LaTeX.

See the inputenc package documentation for explanation.
Type  H <return>  for immediate help.
 ...                                              
                                                  
l.2 ...–æ–ª–æ–≥–∏—á–µ—Å–∫–æ–≥–æ –ø—Ä–æ—Å—Ç—Ä–∞–Ω—Å
                                                  —Ç–≤–∞, —Å–≤—è–∑—å –º–µ–∂–...

You may provide a definition with
\DeclareUnicodeCharacter 


! Package inputenc Error: Unicode character —Ç (U+0442)
(inputenc)                not set up for use with LaTeX.

See the inputenc package documentation for explanation.
Type  H <return>  for immediate help.
 ...                                              
                                                  
l.2 ...–ª–æ–≥–∏—á–µ—Å–∫–æ–≥–æ –ø—Ä–æ—Å—Ç—Ä–∞–Ω—Å—Ç
                                                  –≤–∞, —Å–≤—è–∑—å –º–µ–∂–¥—...

You may provide a definition with
\DeclareUnicodeCharacter 


! Package inputenc Error: Unicode character –≤ (U+0432)
(inputenc)                not set up for use with LaTeX.

See the inputenc package documentation for explanation.
Type  H <return>  for immediate help.
 ...                                              
                                                  
l.2 ...–æ–≥–∏—á–µ—Å–∫–æ–≥–æ –ø—Ä–æ—Å—Ç—Ä–∞–Ω—Å—Ç–≤
                                                  –∞, —Å–≤—è–∑—å –º–µ–∂–¥—É ...

You may provide a definition with
\DeclareUnicodeCharacter 


! Package inputenc Error: Unicode character –∞ (U+0430)
(inputenc)                not set up for use with LaTeX.

See the inputenc package documentation for explanation.
Type  H <return>  for immediate help.
 ...                                              
                                                  
l.2 ...–≥–∏—á–µ—Å–∫–æ–≥–æ –ø—Ä–æ—Å—Ç—Ä–∞–Ω—Å—Ç–≤–∞
                                                  , —Å–≤—è–∑—å –º–µ–∂–¥—É –Ω...

You may provide a definition with
\DeclareUnicodeCharacter 

Missing character: There is no , in font nullfont!

! Package inputenc Error: Unicode character —Å (U+0441)
(inputenc)                not set up for use with LaTeX.

See the inputenc package documentation for explanation.
Type  H <return>  for immediate help.
 ...                                              
                                                  
l.2 ...—á–µ—Å–∫–æ–≥–æ –ø—Ä–æ—Å—Ç—Ä–∞–Ω—Å—Ç–≤–∞, —Å
                                                  –≤—è–∑—å –º–µ–∂–¥—É –Ω–∏–º...
(That makes 100 errors; please try again.) 
Here is how much of TeX's memory you used:
 43 strings out of 481257
 742 string characters out of 2908761
 277830 words of memory out of 3000000
 17364 multiletter control sequences out of 15000+600000
 403430 words of font info for 27 fonts, out of 8000000 for 9000
 0 hyphenation exceptions out of 8191
 13i,0n,15p,301b,40s stack positions out of 5000i,500n,10000p,200000b,80000s

!  ==> Fatal error occurred, no output PDF file produced!
