This is pdfTeX, Version 3.141592653-2.6-1.40.22 (MiKTeX 21.3) (preloaded format=pdflatex 2021.4.13)  30 DEC 2021 22:57
entering extended mode
**./06.tex
(06.tex
LaTeX2e <2020-10-01> patch level 4
L3 programming layer <2021-02-18>
! Undefined control sequence.
l.2 \section
            {–°—áe—Ç–Ω–æ –∫–æ–º–ø–∞–∫—Ç–Ω—ã–µ –∏ —Å–µ–∫–≤–µ–Ω—Ü–∏–∞–ª—å–Ω–æ ...
The control sequence at the end of the top line
of your error message was never \def'ed. If you have
misspelled it (e.g., `\hobx'), type `I' and the correct
spelling (e.g., `I\hbox'). Otherwise just continue,
and I'll forget about whatever was undefined.


! Package inputenc Error: Unicode character –° (U+0421)
(inputenc)                not set up for use with LaTeX.

See the inputenc package documentation for explanation.
Type  H <return>  for immediate help.
 ...                                              
                                                  
l.2 \section{–°
               —áe—Ç–Ω–æ –∫–æ–º–ø–∞–∫—Ç–Ω—ã–µ –∏ —Å–µ–∫–≤–µ–Ω—Ü–∏–∞–ª—å–Ω–æ ...

You may provide a definition with
\DeclareUnicodeCharacter 


! Package inputenc Error: Unicode character —á (U+0447)
(inputenc)                not set up for use with LaTeX.

See the inputenc package documentation for explanation.
Type  H <return>  for immediate help.
 ...                                              
                                                  
l.2 \section{–°—á
                 e—Ç–Ω–æ –∫–æ–º–ø–∞–∫—Ç–Ω—ã–µ –∏ —Å–µ–∫–≤–µ–Ω—Ü–∏–∞–ª—å–Ω–æ ...

You may provide a definition with
\DeclareUnicodeCharacter 


! LaTeX Error: Missing \begin{document}.

See the LaTeX manual or LaTeX Companion for explanation.
Type  H <return>  for immediate help.
 ...                                              
                                                  
l.2 \section{–°—áe
                  —Ç–Ω–æ –∫–æ–º–ø–∞–∫—Ç–Ω—ã–µ –∏ —Å–µ–∫–≤–µ–Ω—Ü–∏–∞–ª—å–Ω–æ ...

You're in trouble here.  Try typing  <return>  to proceed.
If that doesn't work, type  X <return>  to quit.

Missing character: There is no e in font nullfont!

! Package inputenc Error: Unicode character —Ç (U+0442)
(inputenc)                not set up for use with LaTeX.

See the inputenc package documentation for explanation.
Type  H <return>  for immediate help.
 ...                                              
                                                  
l.2 \section{–°—áe—Ç
                    –Ω–æ –∫–æ–º–ø–∞–∫—Ç–Ω—ã–µ –∏ —Å–µ–∫–≤–µ–Ω—Ü–∏–∞–ª—å–Ω–æ ...

You may provide a definition with
\DeclareUnicodeCharacter 


! Package inputenc Error: Unicode character –Ω (U+043D)
(inputenc)                not set up for use with LaTeX.

See the inputenc package documentation for explanation.
Type  H <return>  for immediate help.
 ...                                              
                                                  
l.2 \section{–°—áe—Ç–Ω
                      –æ –∫–æ–º–ø–∞–∫—Ç–Ω—ã–µ –∏ —Å–µ–∫–≤–µ–Ω—Ü–∏–∞–ª—å–Ω–æ ...

You may provide a definition with
\DeclareUnicodeCharacter 


! Package inputenc Error: Unicode character –æ (U+043E)
(inputenc)                not set up for use with LaTeX.

See the inputenc package documentation for explanation.
Type  H <return>  for immediate help.
 ...                                              
                                                  
l.2 \section{–°—áe—Ç–Ω–æ
                         –∫–æ–º–ø–∞–∫—Ç–Ω—ã–µ –∏ —Å–µ–∫–≤–µ–Ω—Ü–∏–∞–ª—å–Ω–æ ...

You may provide a definition with
\DeclareUnicodeCharacter 


! Package inputenc Error: Unicode character –∫ (U+043A)
(inputenc)                not set up for use with LaTeX.

See the inputenc package documentation for explanation.
Type  H <return>  for immediate help.
 ...                                              
                                                  
l.2 \section{–°—áe—Ç–Ω–æ –∫
                           –æ–º–ø–∞–∫—Ç–Ω—ã–µ –∏ —Å–µ–∫–≤–µ–Ω—Ü–∏–∞–ª—å–Ω–æ ...

You may provide a definition with
\DeclareUnicodeCharacter 


! Package inputenc Error: Unicode character –æ (U+043E)
(inputenc)                not set up for use with LaTeX.

See the inputenc package documentation for explanation.
Type  H <return>  for immediate help.
 ...                                              
                                                  
l.2 \section{–°—áe—Ç–Ω–æ –∫–æ
                             –º–ø–∞–∫—Ç–Ω—ã–µ –∏ —Å–µ–∫–≤–µ–Ω—Ü–∏–∞–ª—å–Ω–æ ...

You may provide a definition with
\DeclareUnicodeCharacter 


! Package inputenc Error: Unicode character –º (U+043C)
(inputenc)                not set up for use with LaTeX.

See the inputenc package documentation for explanation.
Type  H <return>  for immediate help.
 ...                                              
                                                  
l.2 \section{–°—áe—Ç–Ω–æ –∫–æ–º
                               –ø–∞–∫—Ç–Ω—ã–µ –∏ —Å–µ–∫–≤–µ–Ω—Ü–∏–∞–ª—å–Ω–æ ...

You may provide a definition with
\DeclareUnicodeCharacter 


! Package inputenc Error: Unicode character –ø (U+043F)
(inputenc)                not set up for use with LaTeX.

See the inputenc package documentation for explanation.
Type  H <return>  for immediate help.
 ...                                              
                                                  
l.2 \section{–°—áe—Ç–Ω–æ –∫–æ–º–ø
                                 –∞–∫—Ç–Ω—ã–µ –∏ —Å–µ–∫–≤–µ–Ω—Ü–∏–∞–ª—å–Ω–æ ...

You may provide a definition with
\DeclareUnicodeCharacter 


! Package inputenc Error: Unicode character –∞ (U+0430)
(inputenc)                not set up for use with LaTeX.

See the inputenc package documentation for explanation.
Type  H <return>  for immediate help.
 ...                                              
                                                  
l.2 \section{–°—áe—Ç–Ω–æ –∫–æ–º–ø–∞
                                   –∫—Ç–Ω—ã–µ –∏ —Å–µ–∫–≤–µ–Ω—Ü–∏–∞–ª—å–Ω–æ ...

You may provide a definition with
\DeclareUnicodeCharacter 


! Package inputenc Error: Unicode character –∫ (U+043A)
(inputenc)                not set up for use with LaTeX.

See the inputenc package documentation for explanation.
Type  H <return>  for immediate help.
 ...                                              
                                                  
l.2 \section{–°—áe—Ç–Ω–æ –∫–æ–º–ø–∞–∫
                                     —Ç–Ω—ã–µ –∏ —Å–µ–∫–≤–µ–Ω—Ü–∏–∞–ª—å–Ω–æ ...

You may provide a definition with
\DeclareUnicodeCharacter 


! Package inputenc Error: Unicode character —Ç (U+0442)
(inputenc)                not set up for use with LaTeX.

See the inputenc package documentation for explanation.
Type  H <return>  for immediate help.
 ...                                              
                                                  
l.2 \section{–°—áe—Ç–Ω–æ –∫–æ–º–ø–∞–∫—Ç
                                       –Ω—ã–µ –∏ —Å–µ–∫–≤–µ–Ω—Ü–∏–∞–ª—å–Ω–æ ...

You may provide a definition with
\DeclareUnicodeCharacter 


! Package inputenc Error: Unicode character –Ω (U+043D)
(inputenc)                not set up for use with LaTeX.

See the inputenc package documentation for explanation.
Type  H <return>  for immediate help.
 ...                                              
                                                  
l.2 \section{–°—áe—Ç–Ω–æ –∫–æ–º–ø–∞–∫—Ç–Ω
                                         —ã–µ –∏ —Å–µ–∫–≤–µ–Ω—Ü–∏–∞–ª—å–Ω–æ ...

You may provide a definition with
\DeclareUnicodeCharacter 


! Package inputenc Error: Unicode character —ã (U+044B)
(inputenc)                not set up for use with LaTeX.

See the inputenc package documentation for explanation.
Type  H <return>  for immediate help.
 ...                                              
                                                  
l.2 \section{–°—áe—Ç–Ω–æ –∫–æ–º–ø–∞–∫—Ç–Ω—ã
                                           –µ –∏ —Å–µ–∫–≤–µ–Ω—Ü–∏–∞–ª—å–Ω–æ ...

You may provide a definition with
\DeclareUnicodeCharacter 


! Package inputenc Error: Unicode character –µ (U+0435)
(inputenc)                not set up for use with LaTeX.

See the inputenc package documentation for explanation.
Type  H <return>  for immediate help.
 ...                                              
                                                  
l.2 \section{–°—áe—Ç–Ω–æ –∫–æ–º–ø–∞–∫—Ç–Ω—ã–µ
                                              –∏ —Å–µ–∫–≤–µ–Ω—Ü–∏–∞–ª—å–Ω–æ ...

You may provide a definition with
\DeclareUnicodeCharacter 


! Package inputenc Error: Unicode character –∏ (U+0438)
(inputenc)                not set up for use with LaTeX.

See the inputenc package documentation for explanation.
Type  H <return>  for immediate help.
 ...                                              
                                                  
l.2 \section{–°—áe—Ç–Ω–æ –∫–æ–º–ø–∞–∫—Ç–Ω—ã–µ –∏
                                                 —Å–µ–∫–≤–µ–Ω—Ü–∏–∞–ª—å–Ω–æ ...

You may provide a definition with
\DeclareUnicodeCharacter 


! Package inputenc Error: Unicode character —Å (U+0441)
(inputenc)                not set up for use with LaTeX.

See the inputenc package documentation for explanation.
Type  H <return>  for immediate help.
 ...                                              
                                                  
l.2 ...tion{–°—áe—Ç–Ω–æ –∫–æ–º–ø–∞–∫—Ç–Ω—ã–µ –∏ —Å
                                                  –µ–∫–≤–µ–Ω—Ü–∏–∞–ª—å–Ω–æ –...

You may provide a definition with
\DeclareUnicodeCharacter 


! Package inputenc Error: Unicode character –µ (U+0435)
(inputenc)                not set up for use with LaTeX.

See the inputenc package documentation for explanation.
Type  H <return>  for immediate help.
 ...                                              
                                                  
l.2 ...on{–°—áe—Ç–Ω–æ –∫–æ–º–ø–∞–∫—Ç–Ω—ã–µ –∏ —Å–µ
                                                  –∫–≤–µ–Ω—Ü–∏–∞–ª—å–Ω–æ –∫–...

You may provide a definition with
\DeclareUnicodeCharacter 


! Package inputenc Error: Unicode character –∫ (U+043A)
(inputenc)                not set up for use with LaTeX.

See the inputenc package documentation for explanation.
Type  H <return>  for immediate help.
 ...                                              
                                                  
l.2 ...{–°—áe—Ç–Ω–æ –∫–æ–º–ø–∞–∫—Ç–Ω—ã–µ –∏ —Å–µ–∫
                                                  –≤–µ–Ω—Ü–∏–∞–ª—å–Ω–æ –∫–æ–...

You may provide a definition with
\DeclareUnicodeCharacter 


! Package inputenc Error: Unicode character –≤ (U+0432)
(inputenc)                not set up for use with LaTeX.

See the inputenc package documentation for explanation.
Type  H <return>  for immediate help.
 ...                                              
                                                  
l.2 ...°—áe—Ç–Ω–æ –∫–æ–º–ø–∞–∫—Ç–Ω—ã–µ –∏ —Å–µ–∫–≤
                                                  –µ–Ω—Ü–∏–∞–ª—å–Ω–æ –∫–æ–º–...

You may provide a definition with
\DeclareUnicodeCharacter 


! Package inputenc Error: Unicode character –µ (U+0435)
(inputenc)                not set up for use with LaTeX.

See the inputenc package documentation for explanation.
Type  H <return>  for immediate help.
 ...                                              
                                                  
l.2 ...áe—Ç–Ω–æ –∫–æ–º–ø–∞–∫—Ç–Ω—ã–µ –∏ —Å–µ–∫–≤–µ
                                                  –Ω—Ü–∏–∞–ª—å–Ω–æ –∫–æ–º–ø–...

You may provide a definition with
\DeclareUnicodeCharacter 


! Package inputenc Error: Unicode character –Ω (U+043D)
(inputenc)                not set up for use with LaTeX.

See the inputenc package documentation for explanation.
Type  H <return>  for immediate help.
 ...                                              
                                                  
l.2 ...—Ç–Ω–æ –∫–æ–º–ø–∞–∫—Ç–Ω—ã–µ –∏ —Å–µ–∫–≤–µ–Ω
                                                  —Ü–∏–∞–ª—å–Ω–æ –∫–æ–º–ø–∞–...

You may provide a definition with
\DeclareUnicodeCharacter 


! Package inputenc Error: Unicode character —Ü (U+0446)
(inputenc)                not set up for use with LaTeX.

See the inputenc package documentation for explanation.
Type  H <return>  for immediate help.
 ...                                              
                                                  
l.2 ...–Ω–æ –∫–æ–º–ø–∞–∫—Ç–Ω—ã–µ –∏ —Å–µ–∫–≤–µ–Ω—Ü
                                                  –∏–∞–ª—å–Ω–æ –∫–æ–º–ø–∞–∫—...

You may provide a definition with
\DeclareUnicodeCharacter 


! Package inputenc Error: Unicode character –∏ (U+0438)
(inputenc)                not set up for use with LaTeX.

See the inputenc package documentation for explanation.
Type  H <return>  for immediate help.
 ...                                              
                                                  
l.2 ...–æ –∫–æ–º–ø–∞–∫—Ç–Ω—ã–µ –∏ —Å–µ–∫–≤–µ–Ω—Ü–∏
                                                  –∞–ª—å–Ω–æ –∫–æ–º–ø–∞–∫—Ç–...

You may provide a definition with
\DeclareUnicodeCharacter 


! Package inputenc Error: Unicode character –∞ (U+0430)
(inputenc)                not set up for use with LaTeX.

See the inputenc package documentation for explanation.
Type  H <return>  for immediate help.
 ...                                              
                                                  
l.2 ... –∫–æ–º–ø–∞–∫—Ç–Ω—ã–µ –∏ —Å–µ–∫–≤–µ–Ω—Ü–∏–∞
                                                  –ª—å–Ω–æ –∫–æ–º–ø–∞–∫—Ç–Ω—...

You may provide a definition with
\DeclareUnicodeCharacter 


! Package inputenc Error: Unicode character –ª (U+043B)
(inputenc)                not set up for use with LaTeX.

See the inputenc package documentation for explanation.
Type  H <return>  for immediate help.
 ...                                              
                                                  
l.2 ...∫–æ–º–ø–∞–∫—Ç–Ω—ã–µ –∏ —Å–µ–∫–≤–µ–Ω—Ü–∏–∞–ª
                                                  —å–Ω–æ –∫–æ–º–ø–∞–∫—Ç–Ω—ã–...

You may provide a definition with
\DeclareUnicodeCharacter 


! Package inputenc Error: Unicode character —å (U+044C)
(inputenc)                not set up for use with LaTeX.

See the inputenc package documentation for explanation.
Type  H <return>  for immediate help.
 ...                                              
                                                  
l.2 ...æ–º–ø–∞–∫—Ç–Ω—ã–µ –∏ —Å–µ–∫–≤–µ–Ω—Ü–∏–∞–ª—å
                                                  –Ω–æ –∫–æ–º–ø–∞–∫—Ç–Ω—ã–µ ...

You may provide a definition with
\DeclareUnicodeCharacter 


! Package inputenc Error: Unicode character –Ω (U+043D)
(inputenc)                not set up for use with LaTeX.

See the inputenc package documentation for explanation.
Type  H <return>  for immediate help.
 ...                                              
                                                  
l.2 ...º–ø–∞–∫—Ç–Ω—ã–µ –∏ —Å–µ–∫–≤–µ–Ω—Ü–∏–∞–ª—å–Ω
                                                  –æ –∫–æ–º–ø–∞–∫—Ç–Ω—ã–µ –ø...

You may provide a definition with
\DeclareUnicodeCharacter 


! Package inputenc Error: Unicode character –æ (U+043E)
(inputenc)                not set up for use with LaTeX.

See the inputenc package documentation for explanation.
Type  H <return>  for immediate help.
 ...                                              
                                                  
l.2 ...ø–∞–∫—Ç–Ω—ã–µ –∏ —Å–µ–∫–≤–µ–Ω—Ü–∏–∞–ª—å–Ω–æ
                                                   –∫–æ–º–ø–∞–∫—Ç–Ω—ã–µ –ø–æ...

You may provide a definition with
\DeclareUnicodeCharacter 


! Package inputenc Error: Unicode character –∫ (U+043A)
(inputenc)                not set up for use with LaTeX.

See the inputenc package documentation for explanation.
Type  H <return>  for immediate help.
 ...                                              
                                                  
l.2 ...–∫—Ç–Ω—ã–µ –∏ —Å–µ–∫–≤–µ–Ω—Ü–∏–∞–ª—å–Ω–æ –∫
                                                  –æ–º–ø–∞–∫—Ç–Ω—ã–µ –ø–æ–¥–...

You may provide a definition with
\DeclareUnicodeCharacter 


! Package inputenc Error: Unicode character –æ (U+043E)
(inputenc)                not set up for use with LaTeX.

See the inputenc package documentation for explanation.
Type  H <return>  for immediate help.
 ...                                              
                                                  
l.2 ...—Ç–Ω—ã–µ –∏ —Å–µ–∫–≤–µ–Ω—Ü–∏–∞–ª—å–Ω–æ –∫–æ
                                                  –º–ø–∞–∫—Ç–Ω—ã–µ –ø–æ–¥–º–...

You may provide a definition with
\DeclareUnicodeCharacter 


! Package inputenc Error: Unicode character –º (U+043C)
(inputenc)                not set up for use with LaTeX.

See the inputenc package documentation for explanation.
Type  H <return>  for immediate help.
 ...                                              
                                                  
l.2 ...–Ω—ã–µ –∏ —Å–µ–∫–≤–µ–Ω—Ü–∏–∞–ª—å–Ω–æ –∫–æ–º
                                                  –ø–∞–∫—Ç–Ω—ã–µ –ø–æ–¥–º–Ω–...

You may provide a definition with
\DeclareUnicodeCharacter 


! Package inputenc Error: Unicode character –ø (U+043F)
(inputenc)                not set up for use with LaTeX.

See the inputenc package documentation for explanation.
Type  H <return>  for immediate help.
 ...                                              
                                                  
l.2 ...—ã–µ –∏ —Å–µ–∫–≤–µ–Ω—Ü–∏–∞–ª—å–Ω–æ –∫–æ–º–ø
                                                  –∞–∫—Ç–Ω—ã–µ –ø–æ–¥–º–Ω–æ–...

You may provide a definition with
\DeclareUnicodeCharacter 


! Package inputenc Error: Unicode character –∞ (U+0430)
(inputenc)                not set up for use with LaTeX.

See the inputenc package documentation for explanation.
Type  H <return>  for immediate help.
 ...                                              
                                                  
l.2 ...–µ –∏ —Å–µ–∫–≤–µ–Ω—Ü–∏–∞–ª—å–Ω–æ –∫–æ–º–ø–∞
                                                  –∫—Ç–Ω—ã–µ –ø–æ–¥–º–Ω–æ–∂–...

You may provide a definition with
\DeclareUnicodeCharacter 


! Package inputenc Error: Unicode character –∫ (U+043A)
(inputenc)                not set up for use with LaTeX.

See the inputenc package documentation for explanation.
Type  H <return>  for immediate help.
 ...                                              
                                                  
l.2 ... –∏ —Å–µ–∫–≤–µ–Ω—Ü–∏–∞–ª—å–Ω–æ –∫–æ–º–ø–∞–∫
                                                  —Ç–Ω—ã–µ –ø–æ–¥–º–Ω–æ–∂–µ—...

You may provide a definition with
\DeclareUnicodeCharacter 


! Package inputenc Error: Unicode character —Ç (U+0442)
(inputenc)                not set up for use with LaTeX.

See the inputenc package documentation for explanation.
Type  H <return>  for immediate help.
 ...                                              
                                                  
l.2 ...∏ —Å–µ–∫–≤–µ–Ω—Ü–∏–∞–ª—å–Ω–æ –∫–æ–º–ø–∞–∫—Ç
                                                  –Ω—ã–µ –ø–æ–¥–º–Ω–æ–∂–µ—Å—...

You may provide a definition with
\DeclareUnicodeCharacter 


! Package inputenc Error: Unicode character –Ω (U+043D)
(inputenc)                not set up for use with LaTeX.

See the inputenc package documentation for explanation.
Type  H <return>  for immediate help.
 ...                                              
                                                  
l.2 ...—Å–µ–∫–≤–µ–Ω—Ü–∏–∞–ª—å–Ω–æ –∫–æ–º–ø–∞–∫—Ç–Ω
                                                  —ã–µ –ø–æ–¥–º–Ω–æ–∂–µ—Å—Ç–...

You may provide a definition with
\DeclareUnicodeCharacter 


! Package inputenc Error: Unicode character —ã (U+044B)
(inputenc)                not set up for use with LaTeX.

See the inputenc package documentation for explanation.
Type  H <return>  for immediate help.
 ...                                              
                                                  
l.2 ...–µ–∫–≤–µ–Ω—Ü–∏–∞–ª—å–Ω–æ –∫–æ–º–ø–∞–∫—Ç–Ω—ã
                                                  –µ –ø–æ–¥–º–Ω–æ–∂–µ—Å—Ç–≤–...

You may provide a definition with
\DeclareUnicodeCharacter 


! Package inputenc Error: Unicode character –µ (U+0435)
(inputenc)                not set up for use with LaTeX.

See the inputenc package documentation for explanation.
Type  H <return>  for immediate help.
 ...                                              
                                                  
l.2 ...–∫–≤–µ–Ω—Ü–∏–∞–ª—å–Ω–æ –∫–æ–º–ø–∞–∫—Ç–Ω—ã–µ
                                                   –ø–æ–¥–º–Ω–æ–∂–µ—Å—Ç–≤–∞ ...

You may provide a definition with
\DeclareUnicodeCharacter 


! Package inputenc Error: Unicode character –ø (U+043F)
(inputenc)                not set up for use with LaTeX.

See the inputenc package documentation for explanation.
Type  H <return>  for immediate help.
 ...                                              
                                                  
l.2 ...≤–µ–Ω—Ü–∏–∞–ª—å–Ω–æ –∫–æ–º–ø–∞–∫—Ç–Ω—ã–µ –ø
                                                  –æ–¥–º–Ω–æ–∂–µ—Å—Ç–≤–∞ —Ç–...

You may provide a definition with
\DeclareUnicodeCharacter 


! Package inputenc Error: Unicode character –æ (U+043E)
(inputenc)                not set up for use with LaTeX.

See the inputenc package documentation for explanation.
Type  H <return>  for immediate help.
 ...                                              
                                                  
l.2 ...µ–Ω—Ü–∏–∞–ª—å–Ω–æ –∫–æ–º–ø–∞–∫—Ç–Ω—ã–µ –ø–æ
                                                  –¥–º–Ω–æ–∂–µ—Å—Ç–≤–∞ —Ç–æ–...

You may provide a definition with
\DeclareUnicodeCharacter 


! Package inputenc Error: Unicode character –¥ (U+0434)
(inputenc)                not set up for use with LaTeX.

See the inputenc package documentation for explanation.
Type  H <return>  for immediate help.
 ...                                              
                                                  
l.2 ...Ω—Ü–∏–∞–ª—å–Ω–æ –∫–æ–º–ø–∞–∫—Ç–Ω—ã–µ –ø–æ–¥
                                                  –º–Ω–æ–∂–µ—Å—Ç–≤–∞ —Ç–æ–ø–...

You may provide a definition with
\DeclareUnicodeCharacter 


! Package inputenc Error: Unicode character –º (U+043C)
(inputenc)                not set up for use with LaTeX.

See the inputenc package documentation for explanation.
Type  H <return>  for immediate help.
 ...                                              
                                                  
l.2 ...Ü–∏–∞–ª—å–Ω–æ –∫–æ–º–ø–∞–∫—Ç–Ω—ã–µ –ø–æ–¥–º
                                                  –Ω–æ–∂–µ—Å—Ç–≤–∞ —Ç–æ–ø–æ–...

You may provide a definition with
\DeclareUnicodeCharacter 


! Package inputenc Error: Unicode character –Ω (U+043D)
(inputenc)                not set up for use with LaTeX.

See the inputenc package documentation for explanation.
Type  H <return>  for immediate help.
 ...                                              
                                                  
l.2 ...∏–∞–ª—å–Ω–æ –∫–æ–º–ø–∞–∫—Ç–Ω—ã–µ –ø–æ–¥–º–Ω
                                                  –æ–∂–µ—Å—Ç–≤–∞ —Ç–æ–ø–æ–ª–...

You may provide a definition with
\DeclareUnicodeCharacter 


! Package inputenc Error: Unicode character –æ (U+043E)
(inputenc)                not set up for use with LaTeX.

See the inputenc package documentation for explanation.
Type  H <return>  for immediate help.
 ...                                              
                                                  
l.2 ...∞–ª—å–Ω–æ –∫–æ–º–ø–∞–∫—Ç–Ω—ã–µ –ø–æ–¥–º–Ω–æ
                                                  –∂–µ—Å—Ç–≤–∞ —Ç–æ–ø–æ–ª–æ–...

You may provide a definition with
\DeclareUnicodeCharacter 


! Package inputenc Error: Unicode character –∂ (U+0436)
(inputenc)                not set up for use with LaTeX.

See the inputenc package documentation for explanation.
Type  H <return>  for immediate help.
 ...                                              
                                                  
l.2 ...ª—å–Ω–æ –∫–æ–º–ø–∞–∫—Ç–Ω—ã–µ –ø–æ–¥–º–Ω–æ–∂
                                                  –µ—Å—Ç–≤–∞ —Ç–æ–ø–æ–ª–æ–≥–...

You may provide a definition with
\DeclareUnicodeCharacter 


! Package inputenc Error: Unicode character –µ (U+0435)
(inputenc)                not set up for use with LaTeX.

See the inputenc package documentation for explanation.
Type  H <return>  for immediate help.
 ...                                              
                                                  
l.2 ...å–Ω–æ –∫–æ–º–ø–∞–∫—Ç–Ω—ã–µ –ø–æ–¥–º–Ω–æ–∂–µ
                                                  —Å—Ç–≤–∞ —Ç–æ–ø–æ–ª–æ–≥–∏—...

You may provide a definition with
\DeclareUnicodeCharacter 


! Package inputenc Error: Unicode character —Å (U+0441)
(inputenc)                not set up for use with LaTeX.

See the inputenc package documentation for explanation.
Type  H <return>  for immediate help.
 ...                                              
                                                  
l.2 ...Ω–æ –∫–æ–º–ø–∞–∫—Ç–Ω—ã–µ –ø–æ–¥–º–Ω–æ–∂–µ—Å
                                                  —Ç–≤–∞ —Ç–æ–ø–æ–ª–æ–≥–∏—á–...

You may provide a definition with
\DeclareUnicodeCharacter 


! Package inputenc Error: Unicode character —Ç (U+0442)
(inputenc)                not set up for use with LaTeX.

See the inputenc package documentation for explanation.
Type  H <return>  for immediate help.
 ...                                              
                                                  
l.2 ...æ –∫–æ–º–ø–∞–∫—Ç–Ω—ã–µ –ø–æ–¥–º–Ω–æ–∂–µ—Å—Ç
                                                  –≤–∞ —Ç–æ–ø–æ–ª–æ–≥–∏—á–µ—...

You may provide a definition with
\DeclareUnicodeCharacter 


! Package inputenc Error: Unicode character –≤ (U+0432)
(inputenc)                not set up for use with LaTeX.

See the inputenc package documentation for explanation.
Type  H <return>  for immediate help.
 ...                                              
                                                  
l.2 ...–∫–æ–º–ø–∞–∫—Ç–Ω—ã–µ –ø–æ–¥–º–Ω–æ–∂–µ—Å—Ç–≤
                                                  –∞ —Ç–æ–ø–æ–ª–æ–≥–∏—á–µ—Å–...

You may provide a definition with
\DeclareUnicodeCharacter 


! Package inputenc Error: Unicode character –∞ (U+0430)
(inputenc)                not set up for use with LaTeX.

See the inputenc package documentation for explanation.
Type  H <return>  for immediate help.
 ...                                              
                                                  
l.2 ...–æ–º–ø–∞–∫—Ç–Ω—ã–µ –ø–æ–¥–º–Ω–æ–∂–µ—Å—Ç–≤–∞
                                                   —Ç–æ–ø–æ–ª–æ–≥–∏—á–µ—Å–∫–...

You may provide a definition with
\DeclareUnicodeCharacter 


! Package inputenc Error: Unicode character —Ç (U+0442)
(inputenc)                not set up for use with LaTeX.

See the inputenc package documentation for explanation.
Type  H <return>  for immediate help.
 ...                                              
                                                  
l.2 ...º–ø–∞–∫—Ç–Ω—ã–µ –ø–æ–¥–º–Ω–æ–∂–µ—Å—Ç–≤–∞ —Ç
                                                  –æ–ø–æ–ª–æ–≥–∏—á–µ—Å–∫–æ–≥...

You may provide a definition with
\DeclareUnicodeCharacter 


! Package inputenc Error: Unicode character –æ (U+043E)
(inputenc)                not set up for use with LaTeX.

See the inputenc package documentation for explanation.
Type  H <return>  for immediate help.
 ...                                              
                                                  
l.2 ...ø–∞–∫—Ç–Ω—ã–µ –ø–æ–¥–º–Ω–æ–∂–µ—Å—Ç–≤–∞ —Ç–æ
                                                  –ø–æ–ª–æ–≥–∏—á–µ—Å–∫–æ–≥–æ...

You may provide a definition with
\DeclareUnicodeCharacter 


! Package inputenc Error: Unicode character –ø (U+043F)
(inputenc)                not set up for use with LaTeX.

See the inputenc package documentation for explanation.
Type  H <return>  for immediate help.
 ...                                              
                                                  
l.2 ...∞–∫—Ç–Ω—ã–µ –ø–æ–¥–º–Ω–æ–∂–µ—Å—Ç–≤–∞ —Ç–æ–ø
                                                  –æ–ª–æ–≥–∏—á–µ—Å–∫–æ–≥–æ –...

You may provide a definition with
\DeclareUnicodeCharacter 


! Package inputenc Error: Unicode character –æ (U+043E)
(inputenc)                not set up for use with LaTeX.

See the inputenc package documentation for explanation.
Type  H <return>  for immediate help.
 ...                                              
                                                  
l.2 ...∫—Ç–Ω—ã–µ –ø–æ–¥–º–Ω–æ–∂–µ—Å—Ç–≤–∞ —Ç–æ–ø–æ
                                                  –ª–æ–≥–∏—á–µ—Å–∫–æ–≥–æ –ø—...

You may provide a definition with
\DeclareUnicodeCharacter 


! Package inputenc Error: Unicode character –ª (U+043B)
(inputenc)                not set up for use with LaTeX.

See the inputenc package documentation for explanation.
Type  H <return>  for immediate help.
 ...                                              
                                                  
l.2 ...Ç–Ω—ã–µ –ø–æ–¥–º–Ω–æ–∂–µ—Å—Ç–≤–∞ —Ç–æ–ø–æ–ª
                                                  –æ–≥–∏—á–µ—Å–∫–æ–≥–æ –ø—Ä–...

You may provide a definition with
\DeclareUnicodeCharacter 


! Package inputenc Error: Unicode character –æ (U+043E)
(inputenc)                not set up for use with LaTeX.

See the inputenc package documentation for explanation.
Type  H <return>  for immediate help.
 ...                                              
                                                  
l.2 ...Ω—ã–µ –ø–æ–¥–º–Ω–æ–∂–µ—Å—Ç–≤–∞ —Ç–æ–ø–æ–ª–æ
                                                  –≥–∏—á–µ—Å–∫–æ–≥–æ –ø—Ä–æ—...

You may provide a definition with
\DeclareUnicodeCharacter 


! Package inputenc Error: Unicode character –≥ (U+0433)
(inputenc)                not set up for use with LaTeX.

See the inputenc package documentation for explanation.
Type  H <return>  for immediate help.
 ...                                              
                                                  
l.2 ...ã–µ –ø–æ–¥–º–Ω–æ–∂–µ—Å—Ç–≤–∞ —Ç–æ–ø–æ–ª–æ–≥
                                                  –∏—á–µ—Å–∫–æ–≥–æ –ø—Ä–æ—Å—...

You may provide a definition with
\DeclareUnicodeCharacter 


! Package inputenc Error: Unicode character –∏ (U+0438)
(inputenc)                not set up for use with LaTeX.

See the inputenc package documentation for explanation.
Type  H <return>  for immediate help.
 ...                                              
                                                  
l.2 ...µ –ø–æ–¥–º–Ω–æ–∂–µ—Å—Ç–≤–∞ —Ç–æ–ø–æ–ª–æ–≥–∏
                                                  —á–µ—Å–∫–æ–≥–æ –ø—Ä–æ—Å—Ç—...

You may provide a definition with
\DeclareUnicodeCharacter 


! Package inputenc Error: Unicode character —á (U+0447)
(inputenc)                not set up for use with LaTeX.

See the inputenc package documentation for explanation.
Type  H <return>  for immediate help.
 ...                                              
                                                  
l.2 ...–ø–æ–¥–º–Ω–æ–∂–µ—Å—Ç–≤–∞ —Ç–æ–ø–æ–ª–æ–≥–∏—á
                                                  –µ—Å–∫–æ–≥–æ –ø—Ä–æ—Å—Ç—Ä–...

You may provide a definition with
\DeclareUnicodeCharacter 


! Package inputenc Error: Unicode character –µ (U+0435)
(inputenc)                not set up for use with LaTeX.

See the inputenc package documentation for explanation.
Type  H <return>  for immediate help.
 ...                                              
                                                  
l.2 ...–æ–¥–º–Ω–æ–∂–µ—Å—Ç–≤–∞ —Ç–æ–ø–æ–ª–æ–≥–∏—á–µ
                                                  —Å–∫–æ–≥–æ –ø—Ä–æ—Å—Ç—Ä–∞–...

You may provide a definition with
\DeclareUnicodeCharacter 


! Package inputenc Error: Unicode character —Å (U+0441)
(inputenc)                not set up for use with LaTeX.

See the inputenc package documentation for explanation.
Type  H <return>  for immediate help.
 ...                                              
                                                  
l.2 ...–¥–º–Ω–æ–∂–µ—Å—Ç–≤–∞ —Ç–æ–ø–æ–ª–æ–≥–∏—á–µ—Å
                                                  –∫–æ–≥–æ –ø—Ä–æ—Å—Ç—Ä–∞–Ω—...

You may provide a definition with
\DeclareUnicodeCharacter 


! Package inputenc Error: Unicode character –∫ (U+043A)
(inputenc)                not set up for use with LaTeX.

See the inputenc package documentation for explanation.
Type  H <return>  for immediate help.
 ...                                              
                                                  
l.2 ...–º–Ω–æ–∂–µ—Å—Ç–≤–∞ —Ç–æ–ø–æ–ª–æ–≥–∏—á–µ—Å–∫
                                                  –æ–≥–æ –ø—Ä–æ—Å—Ç—Ä–∞–Ω—Å—...

You may provide a definition with
\DeclareUnicodeCharacter 


! Package inputenc Error: Unicode character –æ (U+043E)
(inputenc)                not set up for use with LaTeX.

See the inputenc package documentation for explanation.
Type  H <return>  for immediate help.
 ...                                              
                                                  
l.2 ...–Ω–æ–∂–µ—Å—Ç–≤–∞ —Ç–æ–ø–æ–ª–æ–≥–∏—á–µ—Å–∫–æ
                                                  –≥–æ –ø—Ä–æ—Å—Ç—Ä–∞–Ω—Å—Ç–...

You may provide a definition with
\DeclareUnicodeCharacter 


! Package inputenc Error: Unicode character –≥ (U+0433)
(inputenc)                not set up for use with LaTeX.

See the inputenc package documentation for explanation.
Type  H <return>  for immediate help.
 ...                                              
                                                  
l.2 ...–æ–∂–µ—Å—Ç–≤–∞ —Ç–æ–ø–æ–ª–æ–≥–∏—á–µ—Å–∫–æ–≥
                                                  –æ –ø—Ä–æ—Å—Ç—Ä–∞–Ω—Å—Ç–≤–...

You may provide a definition with
\DeclareUnicodeCharacter 


! Package inputenc Error: Unicode character –æ (U+043E)
(inputenc)                not set up for use with LaTeX.

See the inputenc package documentation for explanation.
Type  H <return>  for immediate help.
 ...                                              
                                                  
l.2 ...–∂–µ—Å—Ç–≤–∞ —Ç–æ–ø–æ–ª–æ–≥–∏—á–µ—Å–∫–æ–≥–æ
                                                   –ø—Ä–æ—Å—Ç—Ä–∞–Ω—Å—Ç–≤–∞,...

You may provide a definition with
\DeclareUnicodeCharacter 


! Package inputenc Error: Unicode character –ø (U+043F)
(inputenc)                not set up for use with LaTeX.

See the inputenc package documentation for explanation.
Type  H <return>  for immediate help.
 ...                                              
                                                  
l.2 ...µ—Å—Ç–≤–∞ —Ç–æ–ø–æ–ª–æ–≥–∏—á–µ—Å–∫–æ–≥–æ –ø
                                                  —Ä–æ—Å—Ç—Ä–∞–Ω—Å—Ç–≤–∞, —Å...

You may provide a definition with
\DeclareUnicodeCharacter 


! Package inputenc Error: Unicode character —Ä (U+0440)
(inputenc)                not set up for use with LaTeX.

See the inputenc package documentation for explanation.
Type  H <return>  for immediate help.
 ...                                              
                                                  
l.2 ...Å—Ç–≤–∞ —Ç–æ–ø–æ–ª–æ–≥–∏—á–µ—Å–∫–æ–≥–æ –ø—Ä
                                                  –æ—Å—Ç—Ä–∞–Ω—Å—Ç–≤–∞, —Å–≤...

You may provide a definition with
\DeclareUnicodeCharacter 


! Package inputenc Error: Unicode character –æ (U+043E)
(inputenc)                not set up for use with LaTeX.

See the inputenc package documentation for explanation.
Type  H <return>  for immediate help.
 ...                                              
                                                  
l.2 ...Ç–≤–∞ —Ç–æ–ø–æ–ª–æ–≥–∏—á–µ—Å–∫–æ–≥–æ –ø—Ä–æ
                                                  —Å—Ç—Ä–∞–Ω—Å—Ç–≤–∞, —Å–≤—è...

You may provide a definition with
\DeclareUnicodeCharacter 


! Package inputenc Error: Unicode character —Å (U+0441)
(inputenc)                not set up for use with LaTeX.

See the inputenc package documentation for explanation.
Type  H <return>  for immediate help.
 ...                                              
                                                  
l.2 ...≤–∞ —Ç–æ–ø–æ–ª–æ–≥–∏—á–µ—Å–∫–æ–≥–æ –ø—Ä–æ—Å
                                                  —Ç—Ä–∞–Ω—Å—Ç–≤–∞, —Å–≤—è–∑...

You may provide a definition with
\DeclareUnicodeCharacter 


! Package inputenc Error: Unicode character —Ç (U+0442)
(inputenc)                not set up for use with LaTeX.

See the inputenc package documentation for explanation.
Type  H <return>  for immediate help.
 ...                                              
                                                  
l.2 ...∞ —Ç–æ–ø–æ–ª–æ–≥–∏—á–µ—Å–∫–æ–≥–æ –ø—Ä–æ—Å—Ç
                                                  —Ä–∞–Ω—Å—Ç–≤–∞, —Å–≤—è–∑—å...

You may provide a definition with
\DeclareUnicodeCharacter 


! Package inputenc Error: Unicode character —Ä (U+0440)
(inputenc)                not set up for use with LaTeX.

See the inputenc package documentation for explanation.
Type  H <return>  for immediate help.
 ...                                              
                                                  
l.2 ...—Ç–æ–ø–æ–ª–æ–≥–∏—á–µ—Å–∫–æ–≥–æ –ø—Ä–æ—Å—Ç—Ä
                                                  –∞–Ω—Å—Ç–≤–∞, —Å–≤—è–∑—å –...

You may provide a definition with
\DeclareUnicodeCharacter 


! Package inputenc Error: Unicode character –∞ (U+0430)
(inputenc)                not set up for use with LaTeX.

See the inputenc package documentation for explanation.
Type  H <return>  for immediate help.
 ...                                              
                                                  
l.2 ...–æ–ø–æ–ª–æ–≥–∏—á–µ—Å–∫–æ–≥–æ –ø—Ä–æ—Å—Ç—Ä–∞
                                                  –Ω—Å—Ç–≤–∞, —Å–≤—è–∑—å –º–...

You may provide a definition with
\DeclareUnicodeCharacter 


! Package inputenc Error: Unicode character –Ω (U+043D)
(inputenc)                not set up for use with LaTeX.

See the inputenc package documentation for explanation.
Type  H <return>  for immediate help.
 ...                                              
                                                  
l.2 ...–ø–æ–ª–æ–≥–∏—á–µ—Å–∫–æ–≥–æ –ø—Ä–æ—Å—Ç—Ä–∞–Ω
                                                  —Å—Ç–≤–∞, —Å–≤—è–∑—å –º–µ–...

You may provide a definition with
\DeclareUnicodeCharacter 


! Package inputenc Error: Unicode character —Å (U+0441)
(inputenc)                not set up for use with LaTeX.

See the inputenc package documentation for explanation.
Type  H <return>  for immediate help.
 ...                                              
                                                  
l.2 ...–æ–ª–æ–≥–∏—á–µ—Å–∫–æ–≥–æ –ø—Ä–æ—Å—Ç—Ä–∞–Ω—Å
                                                  —Ç–≤–∞, —Å–≤—è–∑—å –º–µ–∂–...

You may provide a definition with
\DeclareUnicodeCharacter 


! Package inputenc Error: Unicode character —Ç (U+0442)
(inputenc)                not set up for use with LaTeX.

See the inputenc package documentation for explanation.
Type  H <return>  for immediate help.
 ...                                              
                                                  
l.2 ...–ª–æ–≥–∏—á–µ—Å–∫–æ–≥–æ –ø—Ä–æ—Å—Ç—Ä–∞–Ω—Å—Ç
                                                  –≤–∞, —Å–≤—è–∑—å –º–µ–∂–¥—...

You may provide a definition with
\DeclareUnicodeCharacter 


! Package inputenc Error: Unicode character –≤ (U+0432)
(inputenc)                not set up for use with LaTeX.

See the inputenc package documentation for explanation.
Type  H <return>  for immediate help.
 ...                                              
                                                  
l.2 ...–æ–≥–∏—á–µ—Å–∫–æ–≥–æ –ø—Ä–æ—Å—Ç—Ä–∞–Ω—Å—Ç–≤
                                                  –∞, —Å–≤—è–∑—å –º–µ–∂–¥—É ...

You may provide a definition with
\DeclareUnicodeCharacter 


! Package inputenc Error: Unicode character –∞ (U+0430)
(inputenc)                not set up for use with LaTeX.

See the inputenc package documentation for explanation.
Type  H <return>  for immediate help.
 ...                                              
                                                  
l.2 ...–≥–∏—á–µ—Å–∫–æ–≥–æ –ø—Ä–æ—Å—Ç—Ä–∞–Ω—Å—Ç–≤–∞
                                                  , —Å–≤—è–∑—å –º–µ–∂–¥—É –Ω...

You may provide a definition with
\DeclareUnicodeCharacter 

Missing character: There is no , in font nullfont!

! Package inputenc Error: Unicode character —Å (U+0441)
(inputenc)                not set up for use with LaTeX.

See the inputenc package documentation for explanation.
Type  H <return>  for immediate help.
 ...                                              
                                                  
l.2 ...—á–µ—Å–∫–æ–≥–æ –ø—Ä–æ—Å—Ç—Ä–∞–Ω—Å—Ç–≤–∞, —Å
                                                  –≤—è–∑—å –º–µ–∂–¥—É –Ω–∏–º...

You may provide a definition with
\DeclareUnicodeCharacter 


! Package inputenc Error: Unicode character –≤ (U+0432)
(inputenc)                not set up for use with LaTeX.

See the inputenc package documentation for explanation.
Type  H <return>  for immediate help.
 ...                                              
                                                  
l.2 ...–µ—Å–∫–æ–≥–æ –ø—Ä–æ—Å—Ç—Ä–∞–Ω—Å—Ç–≤–∞, —Å–≤
                                                  —è–∑—å –º–µ–∂–¥—É –Ω–∏–º–∏.}
You may provide a definition with
\DeclareUnicodeCharacter 


! Package inputenc Error: Unicode character —è (U+044F)
(inputenc)                not set up for use with LaTeX.

See the inputenc package documentation for explanation.
Type  H <return>  for immediate help.
 ...                                              
                                                  
l.2 ...—Å–∫–æ–≥–æ –ø—Ä–æ—Å—Ç—Ä–∞–Ω—Å—Ç–≤–∞, —Å–≤—è
                                                  –∑—å –º–µ–∂–¥—É –Ω–∏–º–∏.}
You may provide a definition with
\DeclareUnicodeCharacter 


! Package inputenc Error: Unicode character –∑ (U+0437)
(inputenc)                not set up for use with LaTeX.

See the inputenc package documentation for explanation.
Type  H <return>  for immediate help.
 ...                                              
                                                  
l.2 ...–∫–æ–≥–æ –ø—Ä–æ—Å—Ç—Ä–∞–Ω—Å—Ç–≤–∞, —Å–≤—è–∑
                                                  —å –º–µ–∂–¥—É –Ω–∏–º–∏.}
You may provide a definition with
\DeclareUnicodeCharacter 


! Package inputenc Error: Unicode character —å (U+044C)
(inputenc)                not set up for use with LaTeX.

See the inputenc package documentation for explanation.
Type  H <return>  for immediate help.
 ...                                              
                                                  
l.2 ...–æ–≥–æ –ø—Ä–æ—Å—Ç—Ä–∞–Ω—Å—Ç–≤–∞, —Å–≤—è–∑—å
                                                   –º–µ–∂–¥—É –Ω–∏–º–∏.}
You may provide a definition with
\DeclareUnicodeCharacter 


! Package inputenc Error: Unicode character –º (U+043C)
(inputenc)                not set up for use with LaTeX.

See the inputenc package documentation for explanation.
Type  H <return>  for immediate help.
 ...                                              
                                                  
l.2 ...≥–æ –ø—Ä–æ—Å—Ç—Ä–∞–Ω—Å—Ç–≤–∞, —Å–≤—è–∑—å –º
                                                  –µ–∂–¥—É –Ω–∏–º–∏.}
You may provide a definition with
\DeclareUnicodeCharacter 


! Package inputenc Error: Unicode character –µ (U+0435)
(inputenc)                not set up for use with LaTeX.

See the inputenc package documentation for explanation.
Type  H <return>  for immediate help.
 ...                                              
                                                  
l.2 ...æ –ø—Ä–æ—Å—Ç—Ä–∞–Ω—Å—Ç–≤–∞, —Å–≤—è–∑—å –º–µ
                                                  –∂–¥—É –Ω–∏–º–∏.}
You may provide a definition with
\DeclareUnicodeCharacter 


! Package inputenc Error: Unicode character –∂ (U+0436)
(inputenc)                not set up for use with LaTeX.

See the inputenc package documentation for explanation.
Type  H <return>  for immediate help.
 ...                                              
                                                  
l.2 ...–ø—Ä–æ—Å—Ç—Ä–∞–Ω—Å—Ç–≤–∞, —Å–≤—è–∑—å –º–µ–∂
                                                  –¥—É –Ω–∏–º–∏.}
You may provide a definition with
\DeclareUnicodeCharacter 


! Package inputenc Error: Unicode character –¥ (U+0434)
(inputenc)                not set up for use with LaTeX.

See the inputenc package documentation for explanation.
Type  H <return>  for immediate help.
 ...                                              
                                                  
l.2 ...—Ä–æ—Å—Ç—Ä–∞–Ω—Å—Ç–≤–∞, —Å–≤—è–∑—å –º–µ–∂–¥
                                                  —É –Ω–∏–º–∏.}
You may provide a definition with
\DeclareUnicodeCharacter 


! Package inputenc Error: Unicode character —É (U+0443)
(inputenc)                not set up for use with LaTeX.

See the inputenc package documentation for explanation.
Type  H <return>  for immediate help.
 ...                                              
                                                  
l.2 ...–æ—Å—Ç—Ä–∞–Ω—Å—Ç–≤–∞, —Å–≤—è–∑—å –º–µ–∂–¥—É
                                                   –Ω–∏–º–∏.}
You may provide a definition with
\DeclareUnicodeCharacter 


! Package inputenc Error: Unicode character –Ω (U+043D)
(inputenc)                not set up for use with LaTeX.

See the inputenc package documentation for explanation.
Type  H <return>  for immediate help.
 ...                                              
                                                  
l.2 ...Å—Ç—Ä–∞–Ω—Å—Ç–≤–∞, —Å–≤—è–∑—å –º–µ–∂–¥—É –Ω
                                                  –∏–º–∏.}
You may provide a definition with
\DeclareUnicodeCharacter 


! Package inputenc Error: Unicode character –∏ (U+0438)
(inputenc)                not set up for use with LaTeX.

See the inputenc package documentation for explanation.
Type  H <return>  for immediate help.
 ...                                              
                                                  
l.2 ...Ç—Ä–∞–Ω—Å—Ç–≤–∞, —Å–≤—è–∑—å –º–µ–∂–¥—É –Ω–∏
                                                  –º–∏.}
You may provide a definition with
\DeclareUnicodeCharacter 


! Package inputenc Error: Unicode character –º (U+043C)
(inputenc)                not set up for use with LaTeX.

See the inputenc package documentation for explanation.
Type  H <return>  for immediate help.
 ...                                              
                                                  
l.2 ...Ä–∞–Ω—Å—Ç–≤–∞, —Å–≤—è–∑—å –º–µ–∂–¥—É –Ω–∏–º
                                                  –∏.}
You may provide a definition with
\DeclareUnicodeCharacter 


! Package inputenc Error: Unicode character –∏ (U+0438)
(inputenc)                not set up for use with LaTeX.

See the inputenc package documentation for explanation.
Type  H <return>  for immediate help.
 ...                                              
                                                  
l.2 ...∞–Ω—Å—Ç–≤–∞, —Å–≤—è–∑—å –º–µ–∂–¥—É –Ω–∏–º–∏
                                                  .}
You may provide a definition with
\DeclareUnicodeCharacter 

Missing character: There is no . in font nullfont!
)
! Emergency stop.
<*> ./06.tex
            
*** (job aborted, no legal \end found)

 
Here is how much of TeX's memory you used:
 42 strings out of 481257
 548 string characters out of 2908761
 277830 words of memory out of 3000000
 17364 multiletter control sequences out of 15000+600000
 403430 words of font info for 27 fonts, out of 8000000 for 9000
 0 hyphenation exceptions out of 8191
 13i,0n,15p,224b,40s stack positions out of 5000i,500n,10000p,200000b,80000s
!  ==> Fatal error occurred, no output PDF file produced!
