This is pdfTeX, Version 3.141592653-2.6-1.40.22 (MiKTeX 21.3) (preloaded format=pdflatex 2021.4.13)  1 JAN 2022 15:57
entering extended mode
**./07.tex
(07.tex
LaTeX2e <2020-10-01> patch level 4
L3 programming layer <2021-02-18>
! Undefined control sequence.
l.2 \section
            {–ö–æ–º–ø–∞–∫—Ç–Ω—ã–µ –ø–æ–¥–º–Ω–æ–∂–µ—Å—Ç–≤–∞ —Ç–æ–ø–æ–ª–æ–≥–∏—...
The control sequence at the end of the top line
of your error message was never \def'ed. If you have
misspelled it (e.g., `\hobx'), type `I' and the correct
spelling (e.g., `I\hbox'). Otherwise just continue,
and I'll forget about whatever was undefined.


! Package inputenc Error: Unicode character –ö (U+041A)
(inputenc)                not set up for use with LaTeX.

See the inputenc package documentation for explanation.
Type  H <return>  for immediate help.
 ...                                              
                                                  
l.2 \section{–ö
               –æ–º–ø–∞–∫—Ç–Ω—ã–µ –ø–æ–¥–º–Ω–æ–∂–µ—Å—Ç–≤–∞ —Ç–æ–ø–æ–ª–æ–≥–∏—...

You may provide a definition with
\DeclareUnicodeCharacter 


! Package inputenc Error: Unicode character –æ (U+043E)
(inputenc)                not set up for use with LaTeX.

See the inputenc package documentation for explanation.
Type  H <return>  for immediate help.
 ...                                              
                                                  
l.2 \section{–ö–æ
                 –º–ø–∞–∫—Ç–Ω—ã–µ –ø–æ–¥–º–Ω–æ–∂–µ—Å—Ç–≤–∞ —Ç–æ–ø–æ–ª–æ–≥–∏—...

You may provide a definition with
\DeclareUnicodeCharacter 


! Package inputenc Error: Unicode character –º (U+043C)
(inputenc)                not set up for use with LaTeX.

See the inputenc package documentation for explanation.
Type  H <return>  for immediate help.
 ...                                              
                                                  
l.2 \section{–ö–æ–º
                   –ø–∞–∫—Ç–Ω—ã–µ –ø–æ–¥–º–Ω–æ–∂–µ—Å—Ç–≤–∞ —Ç–æ–ø–æ–ª–æ–≥–∏—...

You may provide a definition with
\DeclareUnicodeCharacter 


! Package inputenc Error: Unicode character –ø (U+043F)
(inputenc)                not set up for use with LaTeX.

See the inputenc package documentation for explanation.
Type  H <return>  for immediate help.
 ...                                              
                                                  
l.2 \section{–ö–æ–º–ø
                     –∞–∫—Ç–Ω—ã–µ –ø–æ–¥–º–Ω–æ–∂–µ—Å—Ç–≤–∞ —Ç–æ–ø–æ–ª–æ–≥–∏—...

You may provide a definition with
\DeclareUnicodeCharacter 


! Package inputenc Error: Unicode character –∞ (U+0430)
(inputenc)                not set up for use with LaTeX.

See the inputenc package documentation for explanation.
Type  H <return>  for immediate help.
 ...                                              
                                                  
l.2 \section{–ö–æ–º–ø–∞
                       –∫—Ç–Ω—ã–µ –ø–æ–¥–º–Ω–æ–∂–µ—Å—Ç–≤–∞ —Ç–æ–ø–æ–ª–æ–≥–∏—...

You may provide a definition with
\DeclareUnicodeCharacter 


! Package inputenc Error: Unicode character –∫ (U+043A)
(inputenc)                not set up for use with LaTeX.

See the inputenc package documentation for explanation.
Type  H <return>  for immediate help.
 ...                                              
                                                  
l.2 \section{–ö–æ–º–ø–∞–∫
                         —Ç–Ω—ã–µ –ø–æ–¥–º–Ω–æ–∂–µ—Å—Ç–≤–∞ —Ç–æ–ø–æ–ª–æ–≥–∏—...

You may provide a definition with
\DeclareUnicodeCharacter 


! Package inputenc Error: Unicode character —Ç (U+0442)
(inputenc)                not set up for use with LaTeX.

See the inputenc package documentation for explanation.
Type  H <return>  for immediate help.
 ...                                              
                                                  
l.2 \section{–ö–æ–º–ø–∞–∫—Ç
                           –Ω—ã–µ –ø–æ–¥–º–Ω–æ–∂–µ—Å—Ç–≤–∞ —Ç–æ–ø–æ–ª–æ–≥–∏—...

You may provide a definition with
\DeclareUnicodeCharacter 


! Package inputenc Error: Unicode character –Ω (U+043D)
(inputenc)                not set up for use with LaTeX.

See the inputenc package documentation for explanation.
Type  H <return>  for immediate help.
 ...                                              
                                                  
l.2 \section{–ö–æ–º–ø–∞–∫—Ç–Ω
                             —ã–µ –ø–æ–¥–º–Ω–æ–∂–µ—Å—Ç–≤–∞ —Ç–æ–ø–æ–ª–æ–≥–∏—...

You may provide a definition with
\DeclareUnicodeCharacter 


! Package inputenc Error: Unicode character —ã (U+044B)
(inputenc)                not set up for use with LaTeX.

See the inputenc package documentation for explanation.
Type  H <return>  for immediate help.
 ...                                              
                                                  
l.2 \section{–ö–æ–º–ø–∞–∫—Ç–Ω—ã
                               –µ –ø–æ–¥–º–Ω–æ–∂–µ—Å—Ç–≤–∞ —Ç–æ–ø–æ–ª–æ–≥–∏—...

You may provide a definition with
\DeclareUnicodeCharacter 


! Package inputenc Error: Unicode character –µ (U+0435)
(inputenc)                not set up for use with LaTeX.

See the inputenc package documentation for explanation.
Type  H <return>  for immediate help.
 ...                                              
                                                  
l.2 \section{–ö–æ–º–ø–∞–∫—Ç–Ω—ã–µ
                                  –ø–æ–¥–º–Ω–æ–∂–µ—Å—Ç–≤–∞ —Ç–æ–ø–æ–ª–æ–≥–∏—...

You may provide a definition with
\DeclareUnicodeCharacter 


! Package inputenc Error: Unicode character –ø (U+043F)
(inputenc)                not set up for use with LaTeX.

See the inputenc package documentation for explanation.
Type  H <return>  for immediate help.
 ...                                              
                                                  
l.2 \section{–ö–æ–º–ø–∞–∫—Ç–Ω—ã–µ –ø
                                    –æ–¥–º–Ω–æ–∂–µ—Å—Ç–≤–∞ —Ç–æ–ø–æ–ª–æ–≥–∏—...

You may provide a definition with
\DeclareUnicodeCharacter 


! Package inputenc Error: Unicode character –æ (U+043E)
(inputenc)                not set up for use with LaTeX.

See the inputenc package documentation for explanation.
Type  H <return>  for immediate help.
 ...                                              
                                                  
l.2 \section{–ö–æ–º–ø–∞–∫—Ç–Ω—ã–µ –ø–æ
                                      –¥–º–Ω–æ–∂–µ—Å—Ç–≤–∞ —Ç–æ–ø–æ–ª–æ–≥–∏—...

You may provide a definition with
\DeclareUnicodeCharacter 


! Package inputenc Error: Unicode character –¥ (U+0434)
(inputenc)                not set up for use with LaTeX.

See the inputenc package documentation for explanation.
Type  H <return>  for immediate help.
 ...                                              
                                                  
l.2 \section{–ö–æ–º–ø–∞–∫—Ç–Ω—ã–µ –ø–æ–¥
                                        –º–Ω–æ–∂–µ—Å—Ç–≤–∞ —Ç–æ–ø–æ–ª–æ–≥–∏—...

You may provide a definition with
\DeclareUnicodeCharacter 


! Package inputenc Error: Unicode character –º (U+043C)
(inputenc)                not set up for use with LaTeX.

See the inputenc package documentation for explanation.
Type  H <return>  for immediate help.
 ...                                              
                                                  
l.2 \section{–ö–æ–º–ø–∞–∫—Ç–Ω—ã–µ –ø–æ–¥–º
                                          –Ω–æ–∂–µ—Å—Ç–≤–∞ —Ç–æ–ø–æ–ª–æ–≥–∏—...

You may provide a definition with
\DeclareUnicodeCharacter 


! Package inputenc Error: Unicode character –Ω (U+043D)
(inputenc)                not set up for use with LaTeX.

See the inputenc package documentation for explanation.
Type  H <return>  for immediate help.
 ...                                              
                                                  
l.2 \section{–ö–æ–º–ø–∞–∫—Ç–Ω—ã–µ –ø–æ–¥–º–Ω
                                            –æ–∂–µ—Å—Ç–≤–∞ —Ç–æ–ø–æ–ª–æ–≥–∏—...

You may provide a definition with
\DeclareUnicodeCharacter 


! Package inputenc Error: Unicode character –æ (U+043E)
(inputenc)                not set up for use with LaTeX.

See the inputenc package documentation for explanation.
Type  H <return>  for immediate help.
 ...                                              
                                                  
l.2 \section{–ö–æ–º–ø–∞–∫—Ç–Ω—ã–µ –ø–æ–¥–º–Ω–æ
                                              –∂–µ—Å—Ç–≤–∞ —Ç–æ–ø–æ–ª–æ–≥–∏—...

You may provide a definition with
\DeclareUnicodeCharacter 


! Package inputenc Error: Unicode character –∂ (U+0436)
(inputenc)                not set up for use with LaTeX.

See the inputenc package documentation for explanation.
Type  H <return>  for immediate help.
 ...                                              
                                                  
l.2 \section{–ö–æ–º–ø–∞–∫—Ç–Ω—ã–µ –ø–æ–¥–º–Ω–æ–∂
                                                –µ—Å—Ç–≤–∞ —Ç–æ–ø–æ–ª–æ–≥–∏—...

You may provide a definition with
\DeclareUnicodeCharacter 


! Package inputenc Error: Unicode character –µ (U+0435)
(inputenc)                not set up for use with LaTeX.

See the inputenc package documentation for explanation.
Type  H <return>  for immediate help.
 ...                                              
                                                  
l.2 \section{–ö–æ–º–ø–∞–∫—Ç–Ω—ã–µ –ø–æ–¥–º–Ω–æ–∂–µ
                                                  —Å—Ç–≤–∞ —Ç–æ–ø–æ–ª–æ–≥–∏—...

You may provide a definition with
\DeclareUnicodeCharacter 


! Package inputenc Error: Unicode character —Å (U+0441)
(inputenc)                not set up for use with LaTeX.

See the inputenc package documentation for explanation.
Type  H <return>  for immediate help.
 ...                                              
                                                  
l.2 ...ion{–ö–æ–º–ø–∞–∫—Ç–Ω—ã–µ –ø–æ–¥–º–Ω–æ–∂–µ—Å
                                                  —Ç–≤–∞ —Ç–æ–ø–æ–ª–æ–≥–∏—á–...

You may provide a definition with
\DeclareUnicodeCharacter 


! Package inputenc Error: Unicode character —Ç (U+0442)
(inputenc)                not set up for use with LaTeX.

See the inputenc package documentation for explanation.
Type  H <return>  for immediate help.
 ...                                              
                                                  
l.2 ...n{–ö–æ–º–ø–∞–∫—Ç–Ω—ã–µ –ø–æ–¥–º–Ω–æ–∂–µ—Å—Ç
                                                  –≤–∞ —Ç–æ–ø–æ–ª–æ–≥–∏—á–µ—...

You may provide a definition with
\DeclareUnicodeCharacter 


! Package inputenc Error: Unicode character –≤ (U+0432)
(inputenc)                not set up for use with LaTeX.

See the inputenc package documentation for explanation.
Type  H <return>  for immediate help.
 ...                                              
                                                  
l.2 ...–ö–æ–º–ø–∞–∫—Ç–Ω—ã–µ –ø–æ–¥–º–Ω–æ–∂–µ—Å—Ç–≤
                                                  –∞ —Ç–æ–ø–æ–ª–æ–≥–∏—á–µ—Å–...

You may provide a definition with
\DeclareUnicodeCharacter 


! Package inputenc Error: Unicode character –∞ (U+0430)
(inputenc)                not set up for use with LaTeX.

See the inputenc package documentation for explanation.
Type  H <return>  for immediate help.
 ...                                              
                                                  
l.2 ...–æ–º–ø–∞–∫—Ç–Ω—ã–µ –ø–æ–¥–º–Ω–æ–∂–µ—Å—Ç–≤–∞
                                                   —Ç–æ–ø–æ–ª–æ–≥–∏—á–µ—Å–∫–...

You may provide a definition with
\DeclareUnicodeCharacter 


! Package inputenc Error: Unicode character —Ç (U+0442)
(inputenc)                not set up for use with LaTeX.

See the inputenc package documentation for explanation.
Type  H <return>  for immediate help.
 ...                                              
                                                  
l.2 ...º–ø–∞–∫—Ç–Ω—ã–µ –ø–æ–¥–º–Ω–æ–∂–µ—Å—Ç–≤–∞ —Ç
                                                  –æ–ø–æ–ª–æ–≥–∏—á–µ—Å–∫–æ–≥...

You may provide a definition with
\DeclareUnicodeCharacter 


! Package inputenc Error: Unicode character –æ (U+043E)
(inputenc)                not set up for use with LaTeX.

See the inputenc package documentation for explanation.
Type  H <return>  for immediate help.
 ...                                              
                                                  
l.2 ...ø–∞–∫—Ç–Ω—ã–µ –ø–æ–¥–º–Ω–æ–∂–µ—Å—Ç–≤–∞ —Ç–æ
                                                  –ø–æ–ª–æ–≥–∏—á–µ—Å–∫–æ–≥–æ...

You may provide a definition with
\DeclareUnicodeCharacter 


! Package inputenc Error: Unicode character –ø (U+043F)
(inputenc)                not set up for use with LaTeX.

See the inputenc package documentation for explanation.
Type  H <return>  for immediate help.
 ...                                              
                                                  
l.2 ...∞–∫—Ç–Ω—ã–µ –ø–æ–¥–º–Ω–æ–∂–µ—Å—Ç–≤–∞ —Ç–æ–ø
                                                  –æ–ª–æ–≥–∏—á–µ—Å–∫–æ–≥–æ –...

You may provide a definition with
\DeclareUnicodeCharacter 


! Package inputenc Error: Unicode character –æ (U+043E)
(inputenc)                not set up for use with LaTeX.

See the inputenc package documentation for explanation.
Type  H <return>  for immediate help.
 ...                                              
                                                  
l.2 ...∫—Ç–Ω—ã–µ –ø–æ–¥–º–Ω–æ–∂–µ—Å—Ç–≤–∞ —Ç–æ–ø–æ
                                                  –ª–æ–≥–∏—á–µ—Å–∫–æ–≥–æ –ø—...

You may provide a definition with
\DeclareUnicodeCharacter 


! Package inputenc Error: Unicode character –ª (U+043B)
(inputenc)                not set up for use with LaTeX.

See the inputenc package documentation for explanation.
Type  H <return>  for immediate help.
 ...                                              
                                                  
l.2 ...Ç–Ω—ã–µ –ø–æ–¥–º–Ω–æ–∂–µ—Å—Ç–≤–∞ —Ç–æ–ø–æ–ª
                                                  –æ–≥–∏—á–µ—Å–∫–æ–≥–æ –ø—Ä–...

You may provide a definition with
\DeclareUnicodeCharacter 


! Package inputenc Error: Unicode character –æ (U+043E)
(inputenc)                not set up for use with LaTeX.

See the inputenc package documentation for explanation.
Type  H <return>  for immediate help.
 ...                                              
                                                  
l.2 ...Ω—ã–µ –ø–æ–¥–º–Ω–æ–∂–µ—Å—Ç–≤–∞ —Ç–æ–ø–æ–ª–æ
                                                  –≥–∏—á–µ—Å–∫–æ–≥–æ –ø—Ä–æ—...

You may provide a definition with
\DeclareUnicodeCharacter 


! Package inputenc Error: Unicode character –≥ (U+0433)
(inputenc)                not set up for use with LaTeX.

See the inputenc package documentation for explanation.
Type  H <return>  for immediate help.
 ...                                              
                                                  
l.2 ...ã–µ –ø–æ–¥–º–Ω–æ–∂–µ—Å—Ç–≤–∞ —Ç–æ–ø–æ–ª–æ–≥
                                                  –∏—á–µ—Å–∫–æ–≥–æ –ø—Ä–æ—Å—...

You may provide a definition with
\DeclareUnicodeCharacter 


! Package inputenc Error: Unicode character –∏ (U+0438)
(inputenc)                not set up for use with LaTeX.

See the inputenc package documentation for explanation.
Type  H <return>  for immediate help.
 ...                                              
                                                  
l.2 ...µ –ø–æ–¥–º–Ω–æ–∂–µ—Å—Ç–≤–∞ —Ç–æ–ø–æ–ª–æ–≥–∏
                                                  —á–µ—Å–∫–æ–≥–æ –ø—Ä–æ—Å—Ç—...

You may provide a definition with
\DeclareUnicodeCharacter 


! Package inputenc Error: Unicode character —á (U+0447)
(inputenc)                not set up for use with LaTeX.

See the inputenc package documentation for explanation.
Type  H <return>  for immediate help.
 ...                                              
                                                  
l.2 ...–ø–æ–¥–º–Ω–æ–∂–µ—Å—Ç–≤–∞ —Ç–æ–ø–æ–ª–æ–≥–∏—á
                                                  –µ—Å–∫–æ–≥–æ –ø—Ä–æ—Å—Ç—Ä–...

You may provide a definition with
\DeclareUnicodeCharacter 


! Package inputenc Error: Unicode character –µ (U+0435)
(inputenc)                not set up for use with LaTeX.

See the inputenc package documentation for explanation.
Type  H <return>  for immediate help.
 ...                                              
                                                  
l.2 ...–æ–¥–º–Ω–æ–∂–µ—Å—Ç–≤–∞ —Ç–æ–ø–æ–ª–æ–≥–∏—á–µ
                                                  —Å–∫–æ–≥–æ –ø—Ä–æ—Å—Ç—Ä–∞–...

You may provide a definition with
\DeclareUnicodeCharacter 


! Package inputenc Error: Unicode character —Å (U+0441)
(inputenc)                not set up for use with LaTeX.

See the inputenc package documentation for explanation.
Type  H <return>  for immediate help.
 ...                                              
                                                  
l.2 ...–¥–º–Ω–æ–∂–µ—Å—Ç–≤–∞ —Ç–æ–ø–æ–ª–æ–≥–∏—á–µ—Å
                                                  –∫–æ–≥–æ –ø—Ä–æ—Å—Ç—Ä–∞–Ω—...

You may provide a definition with
\DeclareUnicodeCharacter 


! Package inputenc Error: Unicode character –∫ (U+043A)
(inputenc)                not set up for use with LaTeX.

See the inputenc package documentation for explanation.
Type  H <return>  for immediate help.
 ...                                              
                                                  
l.2 ...–º–Ω–æ–∂–µ—Å—Ç–≤–∞ —Ç–æ–ø–æ–ª–æ–≥–∏—á–µ—Å–∫
                                                  –æ–≥–æ –ø—Ä–æ—Å—Ç—Ä–∞–Ω—Å—...

You may provide a definition with
\DeclareUnicodeCharacter 


! Package inputenc Error: Unicode character –æ (U+043E)
(inputenc)                not set up for use with LaTeX.

See the inputenc package documentation for explanation.
Type  H <return>  for immediate help.
 ...                                              
                                                  
l.2 ...–Ω–æ–∂–µ—Å—Ç–≤–∞ —Ç–æ–ø–æ–ª–æ–≥–∏—á–µ—Å–∫–æ
                                                  –≥–æ –ø—Ä–æ—Å—Ç—Ä–∞–Ω—Å—Ç–...

You may provide a definition with
\DeclareUnicodeCharacter 


! Package inputenc Error: Unicode character –≥ (U+0433)
(inputenc)                not set up for use with LaTeX.

See the inputenc package documentation for explanation.
Type  H <return>  for immediate help.
 ...                                              
                                                  
l.2 ...–æ–∂–µ—Å—Ç–≤–∞ —Ç–æ–ø–æ–ª–æ–≥–∏—á–µ—Å–∫–æ–≥
                                                  –æ –ø—Ä–æ—Å—Ç—Ä–∞–Ω—Å—Ç–≤–...

You may provide a definition with
\DeclareUnicodeCharacter 


! Package inputenc Error: Unicode character –æ (U+043E)
(inputenc)                not set up for use with LaTeX.

See the inputenc package documentation for explanation.
Type  H <return>  for immediate help.
 ...                                              
                                                  
l.2 ...–∂–µ—Å—Ç–≤–∞ —Ç–æ–ø–æ–ª–æ–≥–∏—á–µ—Å–∫–æ–≥–æ
                                                   –ø—Ä–æ—Å—Ç—Ä–∞–Ω—Å—Ç–≤–∞....

You may provide a definition with
\DeclareUnicodeCharacter 


! Package inputenc Error: Unicode character –ø (U+043F)
(inputenc)                not set up for use with LaTeX.

See the inputenc package documentation for explanation.
Type  H <return>  for immediate help.
 ...                                              
                                                  
l.2 ...µ—Å—Ç–≤–∞ —Ç–æ–ø–æ–ª–æ–≥–∏—á–µ—Å–∫–æ–≥–æ –ø
                                                  —Ä–æ—Å—Ç—Ä–∞–Ω—Å—Ç–≤–∞. –¢...

You may provide a definition with
\DeclareUnicodeCharacter 


! Package inputenc Error: Unicode character —Ä (U+0440)
(inputenc)                not set up for use with LaTeX.

See the inputenc package documentation for explanation.
Type  H <return>  for immediate help.
 ...                                              
                                                  
l.2 ...Å—Ç–≤–∞ —Ç–æ–ø–æ–ª–æ–≥–∏—á–µ—Å–∫–æ–≥–æ –ø—Ä
                                                  –æ—Å—Ç—Ä–∞–Ω—Å—Ç–≤–∞. –¢–µ...

You may provide a definition with
\DeclareUnicodeCharacter 


! Package inputenc Error: Unicode character –æ (U+043E)
(inputenc)                not set up for use with LaTeX.

See the inputenc package documentation for explanation.
Type  H <return>  for immediate help.
 ...                                              
                                                  
l.2 ...Ç–≤–∞ —Ç–æ–ø–æ–ª–æ–≥–∏—á–µ—Å–∫–æ–≥–æ –ø—Ä–æ
                                                  —Å—Ç—Ä–∞–Ω—Å—Ç–≤–∞. –¢–µ–æ...

You may provide a definition with
\DeclareUnicodeCharacter 


! Package inputenc Error: Unicode character —Å (U+0441)
(inputenc)                not set up for use with LaTeX.

See the inputenc package documentation for explanation.
Type  H <return>  for immediate help.
 ...                                              
                                                  
l.2 ...≤–∞ —Ç–æ–ø–æ–ª–æ–≥–∏—á–µ—Å–∫–æ–≥–æ –ø—Ä–æ—Å
                                                  —Ç—Ä–∞–Ω—Å—Ç–≤–∞. –¢–µ–æ—Ä...

You may provide a definition with
\DeclareUnicodeCharacter 


! Package inputenc Error: Unicode character —Ç (U+0442)
(inputenc)                not set up for use with LaTeX.

See the inputenc package documentation for explanation.
Type  H <return>  for immediate help.
 ...                                              
                                                  
l.2 ...∞ —Ç–æ–ø–æ–ª–æ–≥–∏—á–µ—Å–∫–æ–≥–æ –ø—Ä–æ—Å—Ç
                                                  —Ä–∞–Ω—Å—Ç–≤–∞. –¢–µ–æ—Ä–µ...

You may provide a definition with
\DeclareUnicodeCharacter 


! Package inputenc Error: Unicode character —Ä (U+0440)
(inputenc)                not set up for use with LaTeX.

See the inputenc package documentation for explanation.
Type  H <return>  for immediate help.
 ...                                              
                                                  
l.2 ...—Ç–æ–ø–æ–ª–æ–≥–∏—á–µ—Å–∫–æ–≥–æ –ø—Ä–æ—Å—Ç—Ä
                                                  –∞–Ω—Å—Ç–≤–∞. –¢–µ–æ—Ä–µ–º...

You may provide a definition with
\DeclareUnicodeCharacter 


! Package inputenc Error: Unicode character –∞ (U+0430)
(inputenc)                not set up for use with LaTeX.

See the inputenc package documentation for explanation.
Type  H <return>  for immediate help.
 ...                                              
                                                  
l.2 ...–æ–ø–æ–ª–æ–≥–∏—á–µ—Å–∫–æ–≥–æ –ø—Ä–æ—Å—Ç—Ä–∞
                                                  –Ω—Å—Ç–≤–∞. –¢–µ–æ—Ä–µ–º–∞...

You may provide a definition with
\DeclareUnicodeCharacter 


! Package inputenc Error: Unicode character –Ω (U+043D)
(inputenc)                not set up for use with LaTeX.

See the inputenc package documentation for explanation.
Type  H <return>  for immediate help.
 ...                                              
                                                  
l.2 ...–ø–æ–ª–æ–≥–∏—á–µ—Å–∫–æ–≥–æ –ø—Ä–æ—Å—Ç—Ä–∞–Ω
                                                  —Å—Ç–≤–∞. –¢–µ–æ—Ä–µ–º–∞ –...

You may provide a definition with
\DeclareUnicodeCharacter 


! Package inputenc Error: Unicode character —Å (U+0441)
(inputenc)                not set up for use with LaTeX.

See the inputenc package documentation for explanation.
Type  H <return>  for immediate help.
 ...                                              
                                                  
l.2 ...–æ–ª–æ–≥–∏—á–µ—Å–∫–æ–≥–æ –ø—Ä–æ—Å—Ç—Ä–∞–Ω—Å
                                                  —Ç–≤–∞. –¢–µ–æ—Ä–µ–º–∞ –ê–...

You may provide a definition with
\DeclareUnicodeCharacter 


! Package inputenc Error: Unicode character —Ç (U+0442)
(inputenc)                not set up for use with LaTeX.

See the inputenc package documentation for explanation.
Type  H <return>  for immediate help.
 ...                                              
                                                  
l.2 ...–ª–æ–≥–∏—á–µ—Å–∫–æ–≥–æ –ø—Ä–æ—Å—Ç—Ä–∞–Ω—Å—Ç
                                                  –≤–∞. –¢–µ–æ—Ä–µ–º–∞ –ê–ª–...

You may provide a definition with
\DeclareUnicodeCharacter 


! Package inputenc Error: Unicode character –≤ (U+0432)
(inputenc)                not set up for use with LaTeX.

See the inputenc package documentation for explanation.
Type  H <return>  for immediate help.
 ...                                              
                                                  
l.2 ...–æ–≥–∏—á–µ—Å–∫–æ–≥–æ –ø—Ä–æ—Å—Ç—Ä–∞–Ω—Å—Ç–≤
                                                  –∞. –¢–µ–æ—Ä–µ–º–∞ –ê–ª–µ–...

You may provide a definition with
\DeclareUnicodeCharacter 


! Package inputenc Error: Unicode character –∞ (U+0430)
(inputenc)                not set up for use with LaTeX.

See the inputenc package documentation for explanation.
Type  H <return>  for immediate help.
 ...                                              
                                                  
l.2 ...–≥–∏—á–µ—Å–∫–æ–≥–æ –ø—Ä–æ—Å—Ç—Ä–∞–Ω—Å—Ç–≤–∞
                                                  . –¢–µ–æ—Ä–µ–º–∞ –ê–ª–µ–∫—...

You may provide a definition with
\DeclareUnicodeCharacter 


! LaTeX Error: Missing \begin{document}.

See the LaTeX manual or LaTeX Companion for explanation.
Type  H <return>  for immediate help.
 ...                                              
                                                  
l.2 ...≥–∏—á–µ—Å–∫–æ–≥–æ –ø—Ä–æ—Å—Ç—Ä–∞–Ω—Å—Ç–≤–∞.
                                                   –¢–µ–æ—Ä–µ–º–∞ –ê–ª–µ–∫—Å...

You're in trouble here.  Try typing  <return>  to proceed.
If that doesn't work, type  X <return>  to quit.

Missing character: There is no . in font nullfont!

! Package inputenc Error: Unicode character –¢ (U+0422)
(inputenc)                not set up for use with LaTeX.

See the inputenc package documentation for explanation.
Type  H <return>  for immediate help.
 ...                                              
                                                  
l.2 ...—á–µ—Å–∫–æ–≥–æ –ø—Ä–æ—Å—Ç—Ä–∞–Ω—Å—Ç–≤–∞. –¢
                                                  –µ–æ—Ä–µ–º–∞ –ê–ª–µ–∫—Å–∞–...

You may provide a definition with
\DeclareUnicodeCharacter 


! Package inputenc Error: Unicode character –µ (U+0435)
(inputenc)                not set up for use with LaTeX.

See the inputenc package documentation for explanation.
Type  H <return>  for immediate help.
 ...                                              
                                                  
l.2 ...–µ—Å–∫–æ–≥–æ –ø—Ä–æ—Å—Ç—Ä–∞–Ω—Å—Ç–≤–∞. –¢–µ
                                                  –æ—Ä–µ–º–∞ –ê–ª–µ–∫—Å–∞–Ω–...

You may provide a definition with
\DeclareUnicodeCharacter 


! Package inputenc Error: Unicode character –æ (U+043E)
(inputenc)                not set up for use with LaTeX.

See the inputenc package documentation for explanation.
Type  H <return>  for immediate help.
 ...                                              
                                                  
l.2 ...—Å–∫–æ–≥–æ –ø—Ä–æ—Å—Ç—Ä–∞–Ω—Å—Ç–≤–∞. –¢–µ–æ
                                                  —Ä–µ–º–∞ –ê–ª–µ–∫—Å–∞–Ω–¥–...

You may provide a definition with
\DeclareUnicodeCharacter 


! Package inputenc Error: Unicode character —Ä (U+0440)
(inputenc)                not set up for use with LaTeX.

See the inputenc package documentation for explanation.
Type  H <return>  for immediate help.
 ...                                              
                                                  
l.2 ...–∫–æ–≥–æ –ø—Ä–æ—Å—Ç—Ä–∞–Ω—Å—Ç–≤–∞. –¢–µ–æ—Ä
                                                  –µ–º–∞ –ê–ª–µ–∫—Å–∞–Ω–¥–µ—...

You may provide a definition with
\DeclareUnicodeCharacter 


! Package inputenc Error: Unicode character –µ (U+0435)
(inputenc)                not set up for use with LaTeX.

See the inputenc package documentation for explanation.
Type  H <return>  for immediate help.
 ...                                              
                                                  
l.2 ...–æ–≥–æ –ø—Ä–æ—Å—Ç—Ä–∞–Ω—Å—Ç–≤–∞. –¢–µ–æ—Ä–µ
                                                  –º–∞ –ê–ª–µ–∫—Å–∞–Ω–¥–µ—Ä–...

You may provide a definition with
\DeclareUnicodeCharacter 


! Package inputenc Error: Unicode character –º (U+043C)
(inputenc)                not set up for use with LaTeX.

See the inputenc package documentation for explanation.
Type  H <return>  for immediate help.
 ...                                              
                                                  
l.2 ...–≥–æ –ø—Ä–æ—Å—Ç—Ä–∞–Ω—Å—Ç–≤–∞. –¢–µ–æ—Ä–µ–º
                                                  –∞ –ê–ª–µ–∫—Å–∞–Ω–¥–µ—Ä–∞ ...

You may provide a definition with
\DeclareUnicodeCharacter 


! Package inputenc Error: Unicode character –∞ (U+0430)
(inputenc)                not set up for use with LaTeX.

See the inputenc package documentation for explanation.
Type  H <return>  for immediate help.
 ...                                              
                                                  
l.2 ...–æ –ø—Ä–æ—Å—Ç—Ä–∞–Ω—Å—Ç–≤–∞. –¢–µ–æ—Ä–µ–º–∞
                                                   –ê–ª–µ–∫—Å–∞–Ω–¥–µ—Ä–∞ –æ...

You may provide a definition with
\DeclareUnicodeCharacter 


! Package inputenc Error: Unicode character –ê (U+0410)
(inputenc)                not set up for use with LaTeX.

See the inputenc package documentation for explanation.
Type  H <return>  for immediate help.
 ...                                              
                                                  
l.2 ...–ø—Ä–æ—Å—Ç—Ä–∞–Ω—Å—Ç–≤–∞. –¢–µ–æ—Ä–µ–º–∞ –ê
                                                  –ª–µ–∫—Å–∞–Ω–¥–µ—Ä–∞ –æ –ø...

You may provide a definition with
\DeclareUnicodeCharacter 


! Package inputenc Error: Unicode character –ª (U+043B)
(inputenc)                not set up for use with LaTeX.

See the inputenc package documentation for explanation.
Type  H <return>  for immediate help.
 ...                                              
                                                  
l.2 ...—Ä–æ—Å—Ç—Ä–∞–Ω—Å—Ç–≤–∞. –¢–µ–æ—Ä–µ–º–∞ –ê–ª
                                                  –µ–∫—Å–∞–Ω–¥–µ—Ä–∞ –æ –ø—Ä...

You may provide a definition with
\DeclareUnicodeCharacter 


! Package inputenc Error: Unicode character –µ (U+0435)
(inputenc)                not set up for use with LaTeX.

See the inputenc package documentation for explanation.
Type  H <return>  for immediate help.
 ...                                              
                                                  
l.2 ...–æ—Å—Ç—Ä–∞–Ω—Å—Ç–≤–∞. –¢–µ–æ—Ä–µ–º–∞ –ê–ª–µ
                                                  –∫—Å–∞–Ω–¥–µ—Ä–∞ –æ –ø—Ä–µ...

You may provide a definition with
\DeclareUnicodeCharacter 


! Package inputenc Error: Unicode character –∫ (U+043A)
(inputenc)                not set up for use with LaTeX.

See the inputenc package documentation for explanation.
Type  H <return>  for immediate help.
 ...                                              
                                                  
l.2 ...—Å—Ç—Ä–∞–Ω—Å—Ç–≤–∞. –¢–µ–æ—Ä–µ–º–∞ –ê–ª–µ–∫
                                                  —Å–∞–Ω–¥–µ—Ä–∞ –æ –ø—Ä–µ–¥...

You may provide a definition with
\DeclareUnicodeCharacter 


! Package inputenc Error: Unicode character —Å (U+0441)
(inputenc)                not set up for use with LaTeX.

See the inputenc package documentation for explanation.
Type  H <return>  for immediate help.
 ...                                              
                                                  
l.2 ...—Ç—Ä–∞–Ω—Å—Ç–≤–∞. –¢–µ–æ—Ä–µ–º–∞ –ê–ª–µ–∫—Å
                                                  –∞–Ω–¥–µ—Ä–∞ –æ –ø—Ä–µ–¥–±...

You may provide a definition with
\DeclareUnicodeCharacter 


! Package inputenc Error: Unicode character –∞ (U+0430)
(inputenc)                not set up for use with LaTeX.

See the inputenc package documentation for explanation.
Type  H <return>  for immediate help.
 ...                                              
                                                  
l.2 ...—Ä–∞–Ω—Å—Ç–≤–∞. –¢–µ–æ—Ä–µ–º–∞ –ê–ª–µ–∫—Å–∞
                                                  –Ω–¥–µ—Ä–∞ –æ –ø—Ä–µ–¥–±–∞...

You may provide a definition with
\DeclareUnicodeCharacter 


! Package inputenc Error: Unicode character –Ω (U+043D)
(inputenc)                not set up for use with LaTeX.

See the inputenc package documentation for explanation.
Type  H <return>  for immediate help.
 ...                                              
                                                  
l.2 ...–∞–Ω—Å—Ç–≤–∞. –¢–µ–æ—Ä–µ–º–∞ –ê–ª–µ–∫—Å–∞–Ω
                                                  –¥–µ—Ä–∞ –æ –ø—Ä–µ–¥–±–∞–∑...

You may provide a definition with
\DeclareUnicodeCharacter 


! Package inputenc Error: Unicode character –¥ (U+0434)
(inputenc)                not set up for use with LaTeX.

See the inputenc package documentation for explanation.
Type  H <return>  for immediate help.
 ...                                              
                                                  
l.2 ...–Ω—Å—Ç–≤–∞. –¢–µ–æ—Ä–µ–º–∞ –ê–ª–µ–∫—Å–∞–Ω–¥
                                                  –µ—Ä–∞ –æ –ø—Ä–µ–¥–±–∞–∑–µ.}
You may provide a definition with
\DeclareUnicodeCharacter 


! Package inputenc Error: Unicode character –µ (U+0435)
(inputenc)                not set up for use with LaTeX.

See the inputenc package documentation for explanation.
Type  H <return>  for immediate help.
 ...                                              
                                                  
l.2 ...—Å—Ç–≤–∞. –¢–µ–æ—Ä–µ–º–∞ –ê–ª–µ–∫—Å–∞–Ω–¥–µ
                                                  —Ä–∞ –æ –ø—Ä–µ–¥–±–∞–∑–µ.}
You may provide a definition with
\DeclareUnicodeCharacter 


! Package inputenc Error: Unicode character —Ä (U+0440)
(inputenc)                not set up for use with LaTeX.

See the inputenc package documentation for explanation.
Type  H <return>  for immediate help.
 ...                                              
                                                  
l.2 ...—Ç–≤–∞. –¢–µ–æ—Ä–µ–º–∞ –ê–ª–µ–∫—Å–∞–Ω–¥–µ—Ä
                                                  –∞ –æ –ø—Ä–µ–¥–±–∞–∑–µ.}
You may provide a definition with
\DeclareUnicodeCharacter 


! Package inputenc Error: Unicode character –∞ (U+0430)
(inputenc)                not set up for use with LaTeX.

See the inputenc package documentation for explanation.
Type  H <return>  for immediate help.
 ...                                              
                                                  
l.2 ...–≤–∞. –¢–µ–æ—Ä–µ–º–∞ –ê–ª–µ–∫—Å–∞–Ω–¥–µ—Ä–∞
                                                   –æ –ø—Ä–µ–¥–±–∞–∑–µ.}
You may provide a definition with
\DeclareUnicodeCharacter 


! Package inputenc Error: Unicode character –æ (U+043E)
(inputenc)                not set up for use with LaTeX.

See the inputenc package documentation for explanation.
Type  H <return>  for immediate help.
 ...                                              
                                                  
l.2 ...∞. –¢–µ–æ—Ä–µ–º–∞ –ê–ª–µ–∫—Å–∞–Ω–¥–µ—Ä–∞ –æ
                                                   –ø—Ä–µ–¥–±–∞–∑–µ.}
You may provide a definition with
\DeclareUnicodeCharacter 


! Package inputenc Error: Unicode character –ø (U+043F)
(inputenc)                not set up for use with LaTeX.

See the inputenc package documentation for explanation.
Type  H <return>  for immediate help.
 ...                                              
                                                  
l.2 ...–¢–µ–æ—Ä–µ–º–∞ –ê–ª–µ–∫—Å–∞–Ω–¥–µ—Ä–∞ –æ –ø
                                                  —Ä–µ–¥–±–∞–∑–µ.}
You may provide a definition with
\DeclareUnicodeCharacter 


! Package inputenc Error: Unicode character —Ä (U+0440)
(inputenc)                not set up for use with LaTeX.

See the inputenc package documentation for explanation.
Type  H <return>  for immediate help.
 ...                                              
                                                  
l.2 ...–µ–æ—Ä–µ–º–∞ –ê–ª–µ–∫—Å–∞–Ω–¥–µ—Ä–∞ –æ –ø—Ä
                                                  –µ–¥–±–∞–∑–µ.}
You may provide a definition with
\DeclareUnicodeCharacter 


! Package inputenc Error: Unicode character –µ (U+0435)
(inputenc)                not set up for use with LaTeX.

See the inputenc package documentation for explanation.
Type  H <return>  for immediate help.
 ...                                              
                                                  
l.2 ...–æ—Ä–µ–º–∞ –ê–ª–µ–∫—Å–∞–Ω–¥–µ—Ä–∞ –æ –ø—Ä–µ
                                                  –¥–±–∞–∑–µ.}
You may provide a definition with
\DeclareUnicodeCharacter 


! Package inputenc Error: Unicode character –¥ (U+0434)
(inputenc)                not set up for use with LaTeX.

See the inputenc package documentation for explanation.
Type  H <return>  for immediate help.
 ...                                              
                                                  
l.2 ...—Ä–µ–º–∞ –ê–ª–µ–∫—Å–∞–Ω–¥–µ—Ä–∞ –æ –ø—Ä–µ–¥
                                                  –±–∞–∑–µ.}
You may provide a definition with
\DeclareUnicodeCharacter 


! Package inputenc Error: Unicode character –± (U+0431)
(inputenc)                not set up for use with LaTeX.

See the inputenc package documentation for explanation.
Type  H <return>  for immediate help.
 ...                                              
                                                  
l.2 ...–µ–º–∞ –ê–ª–µ–∫—Å–∞–Ω–¥–µ—Ä–∞ –æ –ø—Ä–µ–¥–±
                                                  –∞–∑–µ.}
You may provide a definition with
\DeclareUnicodeCharacter 


! Package inputenc Error: Unicode character –∞ (U+0430)
(inputenc)                not set up for use with LaTeX.

See the inputenc package documentation for explanation.
Type  H <return>  for immediate help.
 ...                                              
                                                  
l.2 ...–º–∞ –ê–ª–µ–∫—Å–∞–Ω–¥–µ—Ä–∞ –æ –ø—Ä–µ–¥–±–∞
                                                  –∑–µ.}
You may provide a definition with
\DeclareUnicodeCharacter 


! Package inputenc Error: Unicode character –∑ (U+0437)
(inputenc)                not set up for use with LaTeX.

See the inputenc package documentation for explanation.
Type  H <return>  for immediate help.
 ...                                              
                                                  
l.2 ...–∞ –ê–ª–µ–∫—Å–∞–Ω–¥–µ—Ä–∞ –æ –ø—Ä–µ–¥–±–∞–∑
                                                  –µ.}
You may provide a definition with
\DeclareUnicodeCharacter 


! Package inputenc Error: Unicode character –µ (U+0435)
(inputenc)                not set up for use with LaTeX.

See the inputenc package documentation for explanation.
Type  H <return>  for immediate help.
 ...                                              
                                                  
l.2 ... –ê–ª–µ–∫—Å–∞–Ω–¥–µ—Ä–∞ –æ –ø—Ä–µ–¥–±–∞–∑–µ
                                                  .}
You may provide a definition with
\DeclareUnicodeCharacter 

Missing character: There is no . in font nullfont!

Overfull \hbox (20.0pt too wide) in paragraph at lines 2--3
[]
 []


! LaTeX Error: Environment definition undefined.

See the LaTeX manual or LaTeX Companion for explanation.
Type  H <return>  for immediate help.
 ...                                              
                                                  
l.4 \begin{definition}
                      
Your command was ignored.
Type  I <command> <return>  to replace it with another command,
or  <return>  to continue without it.


! LaTeX Error: Missing \begin{document}.

See the LaTeX manual or LaTeX Companion for explanation.
Type  H <return>  for immediate help.
 ...                                              
                                                  
l.5 	$
      K \subset X$ –Ω–∞–∑—ã–≤–∞–µ—Ç—Å—è —Ç–æ–ø–æ–ª–æ–≥–∏—á–µ—Å–∫–∏–º –∫–æ–º–...

You're in trouble here.  Try typing  <return>  to proceed.
If that doesn't work, type  X <return>  to quit.

LaTeX Font Info:    External font `cmex10' loaded for size
(Font)              <7> on input line 5.
LaTeX Font Info:    External font `cmex10' loaded for size
(Font)              <5> on input line 5.

! Package inputenc Error: Unicode character –Ω (U+043D)
(inputenc)                not set up for use with LaTeX.

See the inputenc package documentation for explanation.
Type  H <return>  for immediate help.
 ...                                              
                                                  
l.5 	$K \subset X$ –Ω
                     –∞–∑—ã–≤–∞–µ—Ç—Å—è —Ç–æ–ø–æ–ª–æ–≥–∏—á–µ—Å–∫–∏–º –∫–æ–º–...

You may provide a definition with
\DeclareUnicodeCharacter 


! Package inputenc Error: Unicode character –∞ (U+0430)
(inputenc)                not set up for use with LaTeX.

See the inputenc package documentation for explanation.
Type  H <return>  for immediate help.
 ...                                              
                                                  
l.5 	$K \subset X$ –Ω–∞
                       –∑—ã–≤–∞–µ—Ç—Å—è —Ç–æ–ø–æ–ª–æ–≥–∏—á–µ—Å–∫–∏–º –∫–æ–º–...

You may provide a definition with
\DeclareUnicodeCharacter 


! Package inputenc Error: Unicode character –∑ (U+0437)
(inputenc)                not set up for use with LaTeX.

See the inputenc package documentation for explanation.
Type  H <return>  for immediate help.
 ...                                              
                                                  
l.5 	$K \subset X$ –Ω–∞–∑
                         —ã–≤–∞–µ—Ç—Å—è —Ç–æ–ø–æ–ª–æ–≥–∏—á–µ—Å–∫–∏–º –∫–æ–º–...

You may provide a definition with
\DeclareUnicodeCharacter 


! Package inputenc Error: Unicode character —ã (U+044B)
(inputenc)                not set up for use with LaTeX.

See the inputenc package documentation for explanation.
Type  H <return>  for immediate help.
 ...                                              
                                                  
l.5 	$K \subset X$ –Ω–∞–∑—ã
                           –≤–∞–µ—Ç—Å—è —Ç–æ–ø–æ–ª–æ–≥–∏—á–µ—Å–∫–∏–º –∫–æ–º–...

You may provide a definition with
\DeclareUnicodeCharacter 


! Package inputenc Error: Unicode character –≤ (U+0432)
(inputenc)                not set up for use with LaTeX.

See the inputenc package documentation for explanation.
Type  H <return>  for immediate help.
 ...                                              
                                                  
l.5 	$K \subset X$ –Ω–∞–∑—ã–≤
                             –∞–µ—Ç—Å—è —Ç–æ–ø–æ–ª–æ–≥–∏—á–µ—Å–∫–∏–º –∫–æ–º–...

You may provide a definition with
\DeclareUnicodeCharacter 


! Package inputenc Error: Unicode character –∞ (U+0430)
(inputenc)                not set up for use with LaTeX.

See the inputenc package documentation for explanation.
Type  H <return>  for immediate help.
 ...                                              
                                                  
l.5 	$K \subset X$ –Ω–∞–∑—ã–≤–∞
                               –µ—Ç—Å—è —Ç–æ–ø–æ–ª–æ–≥–∏—á–µ—Å–∫–∏–º –∫–æ–º–...

You may provide a definition with
\DeclareUnicodeCharacter 


! Package inputenc Error: Unicode character –µ (U+0435)
(inputenc)                not set up for use with LaTeX.

See the inputenc package documentation for explanation.
Type  H <return>  for immediate help.
 ...                                              
                                                  
l.5 	$K \subset X$ –Ω–∞–∑—ã–≤–∞–µ
                                 —Ç—Å—è —Ç–æ–ø–æ–ª–æ–≥–∏—á–µ—Å–∫–∏–º –∫–æ–º–...

You may provide a definition with
\DeclareUnicodeCharacter 


! Package inputenc Error: Unicode character —Ç (U+0442)
(inputenc)                not set up for use with LaTeX.

See the inputenc package documentation for explanation.
Type  H <return>  for immediate help.
 ...                                              
                                                  
l.5 	$K \subset X$ –Ω–∞–∑—ã–≤–∞–µ—Ç
                                   —Å—è —Ç–æ–ø–æ–ª–æ–≥–∏—á–µ—Å–∫–∏–º –∫–æ–º–...

You may provide a definition with
\DeclareUnicodeCharacter 


! Package inputenc Error: Unicode character —Å (U+0441)
(inputenc)                not set up for use with LaTeX.

See the inputenc package documentation for explanation.
Type  H <return>  for immediate help.
 ...                                              
                                                  
l.5 	$K \subset X$ –Ω–∞–∑—ã–≤–∞–µ—Ç—Å
                                     —è —Ç–æ–ø–æ–ª–æ–≥–∏—á–µ—Å–∫–∏–º –∫–æ–º–...

You may provide a definition with
\DeclareUnicodeCharacter 


! Package inputenc Error: Unicode character —è (U+044F)
(inputenc)                not set up for use with LaTeX.

See the inputenc package documentation for explanation.
Type  H <return>  for immediate help.
 ...                                              
                                                  
l.5 	$K \subset X$ –Ω–∞–∑—ã–≤–∞–µ—Ç—Å—è
                                        —Ç–æ–ø–æ–ª–æ–≥–∏—á–µ—Å–∫–∏–º –∫–æ–º–...

You may provide a definition with
\DeclareUnicodeCharacter 


! Package inputenc Error: Unicode character —Ç (U+0442)
(inputenc)                not set up for use with LaTeX.

See the inputenc package documentation for explanation.
Type  H <return>  for immediate help.
 ...                                              
                                                  
l.5 	$K \subset X$ –Ω–∞–∑—ã–≤–∞–µ—Ç—Å—è —Ç
                                          –æ–ø–æ–ª–æ–≥–∏—á–µ—Å–∫–∏–º –∫–æ–º–...

You may provide a definition with
\DeclareUnicodeCharacter 


! Package inputenc Error: Unicode character –æ (U+043E)
(inputenc)                not set up for use with LaTeX.

See the inputenc package documentation for explanation.
Type  H <return>  for immediate help.
 ...                                              
                                                  
l.5 	$K \subset X$ –Ω–∞–∑—ã–≤–∞–µ—Ç—Å—è —Ç–æ
                                            –ø–æ–ª–æ–≥–∏—á–µ—Å–∫–∏–º –∫–æ–º–...

You may provide a definition with
\DeclareUnicodeCharacter 


! Package inputenc Error: Unicode character –ø (U+043F)
(inputenc)                not set up for use with LaTeX.

See the inputenc package documentation for explanation.
Type  H <return>  for immediate help.
 ...                                              
                                                  
l.5 	$K \subset X$ –Ω–∞–∑—ã–≤–∞–µ—Ç—Å—è —Ç–æ–ø
                                              –æ–ª–æ–≥–∏—á–µ—Å–∫–∏–º –∫–æ–º–...

You may provide a definition with
\DeclareUnicodeCharacter 


! Package inputenc Error: Unicode character –æ (U+043E)
(inputenc)                not set up for use with LaTeX.

See the inputenc package documentation for explanation.
Type  H <return>  for immediate help.
 ...                                              
                                                  
l.5 	$K \subset X$ –Ω–∞–∑—ã–≤–∞–µ—Ç—Å—è —Ç–æ–ø–æ
                                                –ª–æ–≥–∏—á–µ—Å–∫–∏–º –∫–æ–º–...

You may provide a definition with
\DeclareUnicodeCharacter 


! Package inputenc Error: Unicode character –ª (U+043B)
(inputenc)                not set up for use with LaTeX.

See the inputenc package documentation for explanation.
Type  H <return>  for immediate help.
 ...                                              
                                                  
l.5 	$K \subset X$ –Ω–∞–∑—ã–≤–∞–µ—Ç—Å—è —Ç–æ–ø–æ–ª
                                                  –æ–≥–∏—á–µ—Å–∫–∏–º –∫–æ–º–...

You may provide a definition with
\DeclareUnicodeCharacter 


! Package inputenc Error: Unicode character –æ (U+043E)
(inputenc)                not set up for use with LaTeX.

See the inputenc package documentation for explanation.
Type  H <return>  for immediate help.
 ...                                              
                                                  
l.5 ...subset X$ –Ω–∞–∑—ã–≤–∞–µ—Ç—Å—è —Ç–æ–ø–æ–ª–æ
                                                  –≥–∏—á–µ—Å–∫–∏–º –∫–æ–º–ø–...

You may provide a definition with
\DeclareUnicodeCharacter 


! Package inputenc Error: Unicode character –≥ (U+0433)
(inputenc)                not set up for use with LaTeX.

See the inputenc package documentation for explanation.
Type  H <return>  for immediate help.
 ...                                              
                                                  
l.5 ...bset X$ –Ω–∞–∑—ã–≤–∞–µ—Ç—Å—è —Ç–æ–ø–æ–ª–æ–≥
                                                  –∏—á–µ—Å–∫–∏–º –∫–æ–º–ø–∞–...

You may provide a definition with
\DeclareUnicodeCharacter 


! Package inputenc Error: Unicode character –∏ (U+0438)
(inputenc)                not set up for use with LaTeX.

See the inputenc package documentation for explanation.
Type  H <return>  for immediate help.
 ...                                              
                                                  
l.5 ...et X$ –Ω–∞–∑—ã–≤–∞–µ—Ç—Å—è —Ç–æ–ø–æ–ª–æ–≥–∏
                                                  —á–µ—Å–∫–∏–º –∫–æ–º–ø–∞–∫—...

You may provide a definition with
\DeclareUnicodeCharacter 


! Package inputenc Error: Unicode character —á (U+0447)
(inputenc)                not set up for use with LaTeX.

See the inputenc package documentation for explanation.
Type  H <return>  for immediate help.
 ...                                              
                                                  
l.5 ... X$ –Ω–∞–∑—ã–≤–∞–µ—Ç—Å—è —Ç–æ–ø–æ–ª–æ–≥–∏—á
                                                  –µ—Å–∫–∏–º –∫–æ–º–ø–∞–∫—Ç–...

You may provide a definition with
\DeclareUnicodeCharacter 


! Package inputenc Error: Unicode character –µ (U+0435)
(inputenc)                not set up for use with LaTeX.

See the inputenc package documentation for explanation.
Type  H <return>  for immediate help.
 ...                                              
                                                  
l.5 ...$ –Ω–∞–∑—ã–≤–∞–µ—Ç—Å—è —Ç–æ–ø–æ–ª–æ–≥–∏—á–µ
                                                  —Å–∫–∏–º –∫–æ–º–ø–∞–∫—Ç–æ–...

You may provide a definition with
\DeclareUnicodeCharacter 


! Package inputenc Error: Unicode character —Å (U+0441)
(inputenc)                not set up for use with LaTeX.

See the inputenc package documentation for explanation.
Type  H <return>  for immediate help.
 ...                                              
                                                  
l.5 ...–Ω–∞–∑—ã–≤–∞–µ—Ç—Å—è —Ç–æ–ø–æ–ª–æ–≥–∏—á–µ—Å
                                                  –∫–∏–º –∫–æ–º–ø–∞–∫—Ç–æ–º ...

You may provide a definition with
\DeclareUnicodeCharacter 


! Package inputenc Error: Unicode character –∫ (U+043A)
(inputenc)                not set up for use with LaTeX.

See the inputenc package documentation for explanation.
Type  H <return>  for immediate help.
 ...                                              
                                                  
l.5 ...–∞–∑—ã–≤–∞–µ—Ç—Å—è —Ç–æ–ø–æ–ª–æ–≥–∏—á–µ—Å–∫
                                                  –∏–º –∫–æ–º–ø–∞–∫—Ç–æ–º –≤...

You may provide a definition with
\DeclareUnicodeCharacter 


! Package inputenc Error: Unicode character –∏ (U+0438)
(inputenc)                not set up for use with LaTeX.

See the inputenc package documentation for explanation.
Type  H <return>  for immediate help.
 ...                                              
                                                  
l.5 ...–∑—ã–≤–∞–µ—Ç—Å—è —Ç–æ–ø–æ–ª–æ–≥–∏—á–µ—Å–∫–∏
                                                  –º –∫–æ–º–ø–∞–∫—Ç–æ–º –≤ $...

You may provide a definition with
\DeclareUnicodeCharacter 


! Package inputenc Error: Unicode character –º (U+043C)
(inputenc)                not set up for use with LaTeX.

See the inputenc package documentation for explanation.
Type  H <return>  for immediate help.
 ...                                              
                                                  
l.5 ...—ã–≤–∞–µ—Ç—Å—è —Ç–æ–ø–æ–ª–æ–≥–∏—á–µ—Å–∫–∏–º
                                                   –∫–æ–º–ø–∞–∫—Ç–æ–º –≤ $(X...

You may provide a definition with
\DeclareUnicodeCharacter 


! Package inputenc Error: Unicode character –∫ (U+043A)
(inputenc)                not set up for use with LaTeX.

See the inputenc package documentation for explanation.
Type  H <return>  for immediate help.
 ...                                              
                                                  
l.5 ...≤–∞–µ—Ç—Å—è —Ç–æ–ø–æ–ª–æ–≥–∏—á–µ—Å–∫–∏–º –∫
                                                  –æ–º–ø–∞–∫—Ç–æ–º –≤ $(X, \...

You may provide a definition with
\DeclareUnicodeCharacter 


! Package inputenc Error: Unicode character –æ (U+043E)
(inputenc)                not set up for use with LaTeX.

See the inputenc package documentation for explanation.
Type  H <return>  for immediate help.
 ...                                              
                                                  
l.5 ...∞–µ—Ç—Å—è —Ç–æ–ø–æ–ª–æ–≥–∏—á–µ—Å–∫–∏–º –∫–æ
                                                  –º–ø–∞–∫—Ç–æ–º –≤ $(X, \ta...

You may provide a definition with
\DeclareUnicodeCharacter 


! Package inputenc Error: Unicode character –º (U+043C)
(inputenc)                not set up for use with LaTeX.

See the inputenc package documentation for explanation.
Type  H <return>  for immediate help.
 ...                                              
                                                  
l.5 ...µ—Ç—Å—è —Ç–æ–ø–æ–ª–æ–≥–∏—á–µ—Å–∫–∏–º –∫–æ–º
                                                  –ø–∞–∫—Ç–æ–º –≤ $(X, \tau)...

You may provide a definition with
\DeclareUnicodeCharacter 


! Package inputenc Error: Unicode character –ø (U+043F)
(inputenc)                not set up for use with LaTeX.

See the inputenc package documentation for explanation.
Type  H <return>  for immediate help.
 ...                                              
                                                  
l.5 ...Ç—Å—è —Ç–æ–ø–æ–ª–æ–≥–∏—á–µ—Å–∫–∏–º –∫–æ–º–ø
                                                  –∞–∫—Ç–æ–º –≤ $(X, \tau)$ ...

You may provide a definition with
\DeclareUnicodeCharacter 


! Package inputenc Error: Unicode character –∞ (U+0430)
(inputenc)                not set up for use with LaTeX.

See the inputenc package documentation for explanation.
Type  H <return>  for immediate help.
 ...                                              
                                                  
l.5 ...Å—è —Ç–æ–ø–æ–ª–æ–≥–∏—á–µ—Å–∫–∏–º –∫–æ–º–ø–∞
                                                  –∫—Ç–æ–º –≤ $(X, \tau)$ –µ...

You may provide a definition with
\DeclareUnicodeCharacter 


! Package inputenc Error: Unicode character –∫ (U+043A)
(inputenc)                not set up for use with LaTeX.

See the inputenc package documentation for explanation.
Type  H <return>  for immediate help.
 ...                                              
                                                  
l.5 ...è —Ç–æ–ø–æ–ª–æ–≥–∏—á–µ—Å–∫–∏–º –∫–æ–º–ø–∞–∫
                                                  —Ç–æ–º –≤ $(X, \tau)$ –µ—Å...

You may provide a definition with
\DeclareUnicodeCharacter 


! Package inputenc Error: Unicode character —Ç (U+0442)
(inputenc)                not set up for use with LaTeX.

See the inputenc package documentation for explanation.
Type  H <return>  for immediate help.
 ...                                              
                                                  
l.5 ...—Ç–æ–ø–æ–ª–æ–≥–∏—á–µ—Å–∫–∏–º –∫–æ–º–ø–∞–∫—Ç
                                                  –æ–º –≤ $(X, \tau)$ –µ—Å–ª...

You may provide a definition with
\DeclareUnicodeCharacter 


! Package inputenc Error: Unicode character –æ (U+043E)
(inputenc)                not set up for use with LaTeX.

See the inputenc package documentation for explanation.
Type  H <return>  for immediate help.
 ...                                              
                                                  
l.5 ...–æ–ø–æ–ª–æ–≥–∏—á–µ—Å–∫–∏–º –∫–æ–º–ø–∞–∫—Ç–æ
                                                  –º –≤ $(X, \tau)$ –µ—Å–ª–∏...

You may provide a definition with
\DeclareUnicodeCharacter 


! Package inputenc Error: Unicode character –º (U+043C)
(inputenc)                not set up for use with LaTeX.

See the inputenc package documentation for explanation.
Type  H <return>  for immediate help.
 ...                                              
                                                  
l.5 ...–ø–æ–ª–æ–≥–∏—á–µ—Å–∫–∏–º –∫–æ–º–ø–∞–∫—Ç–æ–º
                                                   –≤ $(X, \tau)$ –µ—Å–ª–∏ –...

You may provide a definition with
\DeclareUnicodeCharacter 


! Package inputenc Error: Unicode character –≤ (U+0432)
(inputenc)                not set up for use with LaTeX.

See the inputenc package documentation for explanation.
Type  H <return>  for immediate help.
 ...                                              
                                                  
l.5 ...æ–ª–æ–≥–∏—á–µ—Å–∫–∏–º –∫–æ–º–ø–∞–∫—Ç–æ–º –≤
                                                   $(X, \tau)$ –µ—Å–ª–∏ –¥–ª...

You may provide a definition with
\DeclareUnicodeCharacter 


! Package inputenc Error: Unicode character –µ (U+0435)
(inputenc)                not set up for use with LaTeX.

See the inputenc package documentation for explanation.
Type  H <return>  for immediate help.
 ...                                              
                                                  
l.5 ...–∫–∏–º –∫–æ–º–ø–∞–∫—Ç–æ–º –≤ $(X, \tau)$ –µ
                                                  —Å–ª–∏ –¥–ª—è –ª—é–±–æ–≥–æ...

You may provide a definition with
\DeclareUnicodeCharacter 


! Package inputenc Error: Unicode character —Å (U+0441)
(inputenc)                not set up for use with LaTeX.

See the inputenc package documentation for explanation.
Type  H <return>  for immediate help.
 ...                                              
                                                  
l.5 ...–∏–º –∫–æ–º–ø–∞–∫—Ç–æ–º –≤ $(X, \tau)$ –µ—Å
                                                  –ª–∏ –¥–ª—è –ª—é–±–æ–≥–æ $...

You may provide a definition with
\DeclareUnicodeCharacter 


! Package inputenc Error: Unicode character –ª (U+043B)
(inputenc)                not set up for use with LaTeX.

See the inputenc package documentation for explanation.
Type  H <return>  for immediate help.
 ...                                              
                                                  
l.5 ...–º –∫–æ–º–ø–∞–∫—Ç–æ–º –≤ $(X, \tau)$ –µ—Å–ª
                                                  –∏ –¥–ª—è –ª—é–±–æ–≥–æ $\t...

You may provide a definition with
\DeclareUnicodeCharacter 


! Package inputenc Error: Unicode character –∏ (U+0438)
(inputenc)                not set up for use with LaTeX.

See the inputenc package documentation for explanation.
Type  H <return>  for immediate help.
 ...                                              
                                                  
l.5 ... –∫–æ–º–ø–∞–∫—Ç–æ–º –≤ $(X, \tau)$ –µ—Å–ª–∏
                                                   –¥–ª—è –ª—é–±–æ–≥–æ $\tau...

You may provide a definition with
\DeclareUnicodeCharacter 


! Package inputenc Error: Unicode character –¥ (U+0434)
(inputenc)                not set up for use with LaTeX.

See the inputenc package documentation for explanation.
Type  H <return>  for immediate help.
 ...                                              
                                                  
l.5 ...–æ–º–ø–∞–∫—Ç–æ–º –≤ $(X, \tau)$ –µ—Å–ª–∏ –¥
                                                  –ª—è –ª—é–±–æ–≥–æ $\tau$- ...

You may provide a definition with
\DeclareUnicodeCharacter 


! Package inputenc Error: Unicode character –ª (U+043B)
(inputenc)                not set up for use with LaTeX.

See the inputenc package documentation for explanation.
Type  H <return>  for immediate help.
 ...                                              
                                                  
l.5 ...–º–ø–∞–∫—Ç–æ–º –≤ $(X, \tau)$ –µ—Å–ª–∏ –¥–ª
                                                  —è –ª—é–±–æ–≥–æ $\tau$- –ø...

You may provide a definition with
\DeclareUnicodeCharacter 


! Package inputenc Error: Unicode character —è (U+044F)
(inputenc)                not set up for use with LaTeX.

See the inputenc package documentation for explanation.
Type  H <return>  for immediate help.
 ...                                              
                                                  
l.5 ...–ø–∞–∫—Ç–æ–º –≤ $(X, \tau)$ –µ—Å–ª–∏ –¥–ª—è
                                                   –ª—é–±–æ–≥–æ $\tau$- –ø–æ...

You may provide a definition with
\DeclareUnicodeCharacter 


! Package inputenc Error: Unicode character –ª (U+043B)
(inputenc)                not set up for use with LaTeX.

See the inputenc package documentation for explanation.
Type  H <return>  for immediate help.
 ...                                              
                                                  
l.5 ...∞–∫—Ç–æ–º –≤ $(X, \tau)$ –µ—Å–ª–∏ –¥–ª—è –ª
                                                  —é–±–æ–≥–æ $\tau$- –ø–æ–∫—...

You may provide a definition with
\DeclareUnicodeCharacter 


! Package inputenc Error: Unicode character —é (U+044E)
(inputenc)                not set up for use with LaTeX.

See the inputenc package documentation for explanation.
Type  H <return>  for immediate help.
 ...                                              
                                                  
l.5 ...∫—Ç–æ–º –≤ $(X, \tau)$ –µ—Å–ª–∏ –¥–ª—è –ª—é
                                                  –±–æ–≥–æ $\tau$- –ø–æ–∫—Ä—...

You may provide a definition with
\DeclareUnicodeCharacter 


! Package inputenc Error: Unicode character –± (U+0431)
(inputenc)                not set up for use with LaTeX.

See the inputenc package documentation for explanation.
Type  H <return>  for immediate help.
 ...                                              
                                                  
l.5 ...Ç–æ–º –≤ $(X, \tau)$ –µ—Å–ª–∏ –¥–ª—è –ª—é–±
                                                  –æ–≥–æ $\tau$- –ø–æ–∫—Ä—ã—...

You may provide a definition with
\DeclareUnicodeCharacter 


! Package inputenc Error: Unicode character –æ (U+043E)
(inputenc)                not set up for use with LaTeX.

See the inputenc package documentation for explanation.
Type  H <return>  for immediate help.
 ...                                              
                                                  
l.5 ...æ–º –≤ $(X, \tau)$ –µ—Å–ª–∏ –¥–ª—è –ª—é–±–æ
                                                  –≥–æ $\tau$- –ø–æ–∫—Ä—ã—Ç–...

You may provide a definition with
\DeclareUnicodeCharacter 


! Package inputenc Error: Unicode character –≥ (U+0433)
(inputenc)                not set up for use with LaTeX.

See the inputenc package documentation for explanation.
Type  H <return>  for immediate help.
 ...                                              
                                                  
l.5 ...º –≤ $(X, \tau)$ –µ—Å–ª–∏ –¥–ª—è –ª—é–±–æ–≥
                                                  –æ $\tau$- –ø–æ–∫—Ä—ã—Ç–∏—...

You may provide a definition with
\DeclareUnicodeCharacter 


! Package inputenc Error: Unicode character –æ (U+043E)
(inputenc)                not set up for use with LaTeX.

See the inputenc package documentation for explanation.
Type  H <return>  for immediate help.
 ...                                              
                                                  
l.5 ...–≤ $(X, \tau)$ –µ—Å–ª–∏ –¥–ª—è –ª—é–±–æ–≥–æ
                                                   $\tau$- –ø–æ–∫—Ä—ã—Ç–∏—è ...

You may provide a definition with
\DeclareUnicodeCharacter 

Missing character: There is no - in font nullfont!

! Package inputenc Error: Unicode character –ø (U+043F)
(inputenc)                not set up for use with LaTeX.

See the inputenc package documentation for explanation.
Type  H <return>  for immediate help.
 ...                                              
                                                  
l.5 ...u)$ –µ—Å–ª–∏ –¥–ª—è –ª—é–±–æ–≥–æ $\tau$- –ø
                                                  –æ–∫—Ä—ã—Ç–∏—è –º–Ω–æ–∂–µ—...

You may provide a definition with
\DeclareUnicodeCharacter 


! Package inputenc Error: Unicode character –æ (U+043E)
(inputenc)                not set up for use with LaTeX.

See the inputenc package documentation for explanation.
Type  H <return>  for immediate help.
 ...                                              
                                                  
l.5 ...$ –µ—Å–ª–∏ –¥–ª—è –ª—é–±–æ–≥–æ $\tau$- –ø–æ
                                                  –∫—Ä—ã—Ç–∏—è –º–Ω–æ–∂–µ—Å—...

You may provide a definition with
\DeclareUnicodeCharacter 


! Package inputenc Error: Unicode character –∫ (U+043A)
(inputenc)                not set up for use with LaTeX.

See the inputenc package documentation for explanation.
Type  H <return>  for immediate help.
 ...                                              
                                                  
l.5 ...–µ—Å–ª–∏ –¥–ª—è –ª—é–±–æ–≥–æ $\tau$- –ø–æ–∫
                                                  —Ä—ã—Ç–∏—è –º–Ω–æ–∂–µ—Å—Ç–...

You may provide a definition with
\DeclareUnicodeCharacter 


! Package inputenc Error: Unicode character —Ä (U+0440)
(inputenc)                not set up for use with LaTeX.

See the inputenc package documentation for explanation.
Type  H <return>  for immediate help.
 ...                                              
                                                  
l.5 ...—Å–ª–∏ –¥–ª—è –ª—é–±–æ–≥–æ $\tau$- –ø–æ–∫—Ä
                                                  —ã—Ç–∏—è –º–Ω–æ–∂–µ—Å—Ç–≤–...

You may provide a definition with
\DeclareUnicodeCharacter 


! Package inputenc Error: Unicode character —ã (U+044B)
(inputenc)                not set up for use with LaTeX.

See the inputenc package documentation for explanation.
Type  H <return>  for immediate help.
 ...                                              
                                                  
l.5 ...–ª–∏ –¥–ª—è –ª—é–±–æ–≥–æ $\tau$- –ø–æ–∫—Ä—ã
                                                  —Ç–∏—è –º–Ω–æ–∂–µ—Å—Ç–≤–∞ ...

You may provide a definition with
\DeclareUnicodeCharacter 


! Package inputenc Error: Unicode character —Ç (U+0442)
(inputenc)                not set up for use with LaTeX.

See the inputenc package documentation for explanation.
Type  H <return>  for immediate help.
 ...                                              
                                                  
l.5 ...–∏ –¥–ª—è –ª—é–±–æ–≥–æ $\tau$- –ø–æ–∫—Ä—ã—Ç
                                                  –∏—è –º–Ω–æ–∂–µ—Å—Ç–≤–∞ $K...

You may provide a definition with
\DeclareUnicodeCharacter 


! Package inputenc Error: Unicode character –∏ (U+0438)
(inputenc)                not set up for use with LaTeX.

See the inputenc package documentation for explanation.
Type  H <return>  for immediate help.
 ...                                              
                                                  
l.5 ... –¥–ª—è –ª—é–±–æ–≥–æ $\tau$- –ø–æ–∫—Ä—ã—Ç–∏
                                                  —è –º–Ω–æ–∂–µ—Å—Ç–≤–∞ $K$ ...

You may provide a definition with
\DeclareUnicodeCharacter 


! Package inputenc Error: Unicode character —è (U+044F)
(inputenc)                not set up for use with LaTeX.

See the inputenc package documentation for explanation.
Type  H <return>  for immediate help.
 ...                                              
                                                  
l.5 ...¥–ª—è –ª—é–±–æ–≥–æ $\tau$- –ø–æ–∫—Ä—ã—Ç–∏—è
                                                   –º–Ω–æ–∂–µ—Å—Ç–≤–∞ $K$ —Å...

You may provide a definition with
\DeclareUnicodeCharacter 


! Package inputenc Error: Unicode character –º (U+043C)
(inputenc)                not set up for use with LaTeX.

See the inputenc package documentation for explanation.
Type  H <return>  for immediate help.
 ...                                              
                                                  
l.5 ...—è –ª—é–±–æ–≥–æ $\tau$- –ø–æ–∫—Ä—ã—Ç–∏—è –º
                                                  –Ω–æ–∂–µ—Å—Ç–≤–∞ $K$ —Å—É—...

You may provide a definition with
\DeclareUnicodeCharacter 


! Package inputenc Error: Unicode character –Ω (U+043D)
(inputenc)                not set up for use with LaTeX.

See the inputenc package documentation for explanation.
Type  H <return>  for immediate help.
 ...                                              
                                                  
l.5 ... –ª—é–±–æ–≥–æ $\tau$- –ø–æ–∫—Ä—ã—Ç–∏—è –º–Ω
                                                  –æ–∂–µ—Å—Ç–≤–∞ $K$ —Å—É—â–...

You may provide a definition with
\DeclareUnicodeCharacter 


! Package inputenc Error: Unicode character –æ (U+043E)
(inputenc)                not set up for use with LaTeX.

See the inputenc package documentation for explanation.
Type  H <return>  for immediate help.
 ...                                              
                                                  
l.5 ...ª—é–±–æ–≥–æ $\tau$- –ø–æ–∫—Ä—ã—Ç–∏—è –º–Ω–æ
                                                  –∂–µ—Å—Ç–≤–∞ $K$ —Å—É—â–µ—...

You may provide a definition with
\DeclareUnicodeCharacter 


! Package inputenc Error: Unicode character –∂ (U+0436)
(inputenc)                not set up for use with LaTeX.

See the inputenc package documentation for explanation.
Type  H <return>  for immediate help.
 ...                                              
                                                  
l.5 ...é–±–æ–≥–æ $\tau$- –ø–æ–∫—Ä—ã—Ç–∏—è –º–Ω–æ–∂
                                                  –µ—Å—Ç–≤–∞ $K$ —Å—É—â–µ—Å—...

You may provide a definition with
\DeclareUnicodeCharacter 


! Package inputenc Error: Unicode character –µ (U+0435)
(inputenc)                not set up for use with LaTeX.

See the inputenc package documentation for explanation.
Type  H <return>  for immediate help.
 ...                                              
                                                  
l.5 ...±–æ–≥–æ $\tau$- –ø–æ–∫—Ä—ã—Ç–∏—è –º–Ω–æ–∂–µ
                                                  —Å—Ç–≤–∞ $K$ —Å—É—â–µ—Å—Ç–...

You may provide a definition with
\DeclareUnicodeCharacter 


! Package inputenc Error: Unicode character —Å (U+0441)
(inputenc)                not set up for use with LaTeX.

See the inputenc package documentation for explanation.
Type  H <return>  for immediate help.
 ...                                              
                                                  
l.5 ...æ–≥–æ $\tau$- –ø–æ–∫—Ä—ã—Ç–∏—è –º–Ω–æ–∂–µ—Å
                                                  —Ç–≤–∞ $K$ —Å—É—â–µ—Å—Ç–≤—...

You may provide a definition with
\DeclareUnicodeCharacter 


! Package inputenc Error: Unicode character —Ç (U+0442)
(inputenc)                not set up for use with LaTeX.

See the inputenc package documentation for explanation.
Type  H <return>  for immediate help.
 ...                                              
                                                  
l.5 ...≥–æ $\tau$- –ø–æ–∫—Ä—ã—Ç–∏—è –º–Ω–æ–∂–µ—Å—Ç
                                                  –≤–∞ $K$ —Å—É—â–µ—Å—Ç–≤—É–...

You may provide a definition with
\DeclareUnicodeCharacter 


! Package inputenc Error: Unicode character –≤ (U+0432)
(inputenc)                not set up for use with LaTeX.

See the inputenc package documentation for explanation.
Type  H <return>  for immediate help.
 ...                                              
                                                  
l.5 ...æ $\tau$- –ø–æ–∫—Ä—ã—Ç–∏—è –º–Ω–æ–∂–µ—Å—Ç–≤
                                                  –∞ $K$ —Å—É—â–µ—Å—Ç–≤—É–µ—...

You may provide a definition with
\DeclareUnicodeCharacter 


! Package inputenc Error: Unicode character –∞ (U+0430)
(inputenc)                not set up for use with LaTeX.

See the inputenc package documentation for explanation.
Type  H <return>  for immediate help.
 ...                                              
                                                  
l.5 ...$\tau$- –ø–æ–∫—Ä—ã—Ç–∏—è –º–Ω–æ–∂–µ—Å—Ç–≤–∞
                                                   $K$ —Å—É—â–µ—Å—Ç–≤—É–µ—Ç ...

You may provide a definition with
\DeclareUnicodeCharacter 


! Package inputenc Error: Unicode character —Å (U+0441)
(inputenc)                not set up for use with LaTeX.

See the inputenc package documentation for explanation.
Type  H <return>  for immediate help.
 ...                                              
                                                  
l.5 ... –ø–æ–∫—Ä—ã—Ç–∏—è –º–Ω–æ–∂–µ—Å—Ç–≤–∞ $K$ —Å
                                                  —É—â–µ—Å—Ç–≤—É–µ—Ç –µ–≥–æ ...

You may provide a definition with
\DeclareUnicodeCharacter 


! Package inputenc Error: Unicode character —É (U+0443)
(inputenc)                not set up for use with LaTeX.

See the inputenc package documentation for explanation.
Type  H <return>  for immediate help.
 ...                                              
                                                  
l.5 ...ø–æ–∫—Ä—ã—Ç–∏—è –º–Ω–æ–∂–µ—Å—Ç–≤–∞ $K$ —Å—É
                                                  —â–µ—Å—Ç–≤—É–µ—Ç –µ–≥–æ –∫...

You may provide a definition with
\DeclareUnicodeCharacter 


! Package inputenc Error: Unicode character —â (U+0449)
(inputenc)                not set up for use with LaTeX.

See the inputenc package documentation for explanation.
Type  H <return>  for immediate help.
 ...                                              
                                                  
l.5 ...æ–∫—Ä—ã—Ç–∏—è –º–Ω–æ–∂–µ—Å—Ç–≤–∞ $K$ —Å—É—â
                                                  –µ—Å—Ç–≤—É–µ—Ç –µ–≥–æ –∫–æ...

You may provide a definition with
\DeclareUnicodeCharacter 


! Package inputenc Error: Unicode character –µ (U+0435)
(inputenc)                not set up for use with LaTeX.

See the inputenc package documentation for explanation.
Type  H <return>  for immediate help.
 ...                                              
                                                  
l.5 ...∫—Ä—ã—Ç–∏—è –º–Ω–æ–∂–µ—Å—Ç–≤–∞ $K$ —Å—É—â–µ
                                                  —Å—Ç–≤—É–µ—Ç –µ–≥–æ –∫–æ–Ω...

You may provide a definition with
\DeclareUnicodeCharacter 


! Package inputenc Error: Unicode character —Å (U+0441)
(inputenc)                not set up for use with LaTeX.

See the inputenc package documentation for explanation.
Type  H <return>  for immediate help.
 ...                                              
                                                  
l.5 ...Ä—ã—Ç–∏—è –º–Ω–æ–∂–µ—Å—Ç–≤–∞ $K$ —Å—É—â–µ—Å
                                                  —Ç–≤—É–µ—Ç –µ–≥–æ –∫–æ–Ω–µ...

You may provide a definition with
\DeclareUnicodeCharacter 


! Package inputenc Error: Unicode character —Ç (U+0442)
(inputenc)                not set up for use with LaTeX.

See the inputenc package documentation for explanation.
Type  H <return>  for immediate help.
 ...                                              
                                                  
l.5 ...ã—Ç–∏—è –º–Ω–æ–∂–µ—Å—Ç–≤–∞ $K$ —Å—É—â–µ—Å—Ç
                                                  –≤—É–µ—Ç –µ–≥–æ –∫–æ–Ω–µ—á...

You may provide a definition with
\DeclareUnicodeCharacter 


! Package inputenc Error: Unicode character –≤ (U+0432)
(inputenc)                not set up for use with LaTeX.

See the inputenc package documentation for explanation.
Type  H <return>  for immediate help.
 ...                                              
                                                  
l.5 ...Ç–∏—è –º–Ω–æ–∂–µ—Å—Ç–≤–∞ $K$ —Å—É—â–µ—Å—Ç–≤
                                                  —É–µ—Ç –µ–≥–æ –∫–æ–Ω–µ—á–Ω...

You may provide a definition with
\DeclareUnicodeCharacter 


! Package inputenc Error: Unicode character —É (U+0443)
(inputenc)                not set up for use with LaTeX.

See the inputenc package documentation for explanation.
Type  H <return>  for immediate help.
 ...                                              
                                                  
l.5 ...∏—è –º–Ω–æ–∂–µ—Å—Ç–≤–∞ $K$ —Å—É—â–µ—Å—Ç–≤—É
                                                  –µ—Ç –µ–≥–æ –∫–æ–Ω–µ—á–Ω–æ...

You may provide a definition with
\DeclareUnicodeCharacter 


! Package inputenc Error: Unicode character –µ (U+0435)
(inputenc)                not set up for use with LaTeX.

See the inputenc package documentation for explanation.
Type  H <return>  for immediate help.
 ...                                              
                                                  
l.5 ...è –º–Ω–æ–∂–µ—Å—Ç–≤–∞ $K$ —Å—É—â–µ—Å—Ç–≤—É–µ
                                                  —Ç –µ–≥–æ –∫–æ–Ω–µ—á–Ω–æ–µ...

You may provide a definition with
\DeclareUnicodeCharacter 


! Package inputenc Error: Unicode character —Ç (U+0442)
(inputenc)                not set up for use with LaTeX.

See the inputenc package documentation for explanation.
Type  H <return>  for immediate help.
 ...                                              
                                                  
l.5 ...–º–Ω–æ–∂–µ—Å—Ç–≤–∞ $K$ —Å—É—â–µ—Å—Ç–≤—É–µ—Ç
                                                   –µ–≥–æ –∫–æ–Ω–µ—á–Ω–æ–µ –...

You may provide a definition with
\DeclareUnicodeCharacter 


! Package inputenc Error: Unicode character –µ (U+0435)
(inputenc)                not set up for use with LaTeX.

See the inputenc package documentation for explanation.
Type  H <return>  for immediate help.
 ...                                              
                                                  
l.5 ...Ω–æ–∂–µ—Å—Ç–≤–∞ $K$ —Å—É—â–µ—Å—Ç–≤—É–µ—Ç –µ
                                                  –≥–æ –∫–æ–Ω–µ—á–Ω–æ–µ –ø–æ...

You may provide a definition with
\DeclareUnicodeCharacter 


! Package inputenc Error: Unicode character –≥ (U+0433)
(inputenc)                not set up for use with LaTeX.

See the inputenc package documentation for explanation.
Type  H <return>  for immediate help.
 ...                                              
                                                  
l.5 ...æ–∂–µ—Å—Ç–≤–∞ $K$ —Å—É—â–µ—Å—Ç–≤—É–µ—Ç –µ–≥
                                                  –æ –∫–æ–Ω–µ—á–Ω–æ–µ –ø–æ–¥...

You may provide a definition with
\DeclareUnicodeCharacter 


! Package inputenc Error: Unicode character –æ (U+043E)
(inputenc)                not set up for use with LaTeX.

See the inputenc package documentation for explanation.
Type  H <return>  for immediate help.
 ...                                              
                                                  
l.5 ...∂–µ—Å—Ç–≤–∞ $K$ —Å—É—â–µ—Å—Ç–≤—É–µ—Ç –µ–≥–æ
                                                   –∫–æ–Ω–µ—á–Ω–æ–µ –ø–æ–¥–ø...

You may provide a definition with
\DeclareUnicodeCharacter 


! Package inputenc Error: Unicode character –∫ (U+043A)
(inputenc)                not set up for use with LaTeX.

See the inputenc package documentation for explanation.
Type  H <return>  for immediate help.
 ...                                              
                                                  
l.5 ...—Å—Ç–≤–∞ $K$ —Å—É—â–µ—Å—Ç–≤—É–µ—Ç –µ–≥–æ –∫
                                                  –æ–Ω–µ—á–Ω–æ–µ –ø–æ–¥–ø–æ–...

You may provide a definition with
\DeclareUnicodeCharacter 


! Package inputenc Error: Unicode character –æ (U+043E)
(inputenc)                not set up for use with LaTeX.

See the inputenc package documentation for explanation.
Type  H <return>  for immediate help.
 ...                                              
                                                  
l.5 ...—Ç–≤–∞ $K$ —Å—É—â–µ—Å—Ç–≤—É–µ—Ç –µ–≥–æ –∫–æ
                                                  –Ω–µ—á–Ω–æ–µ –ø–æ–¥–ø–æ–∫—...

You may provide a definition with
\DeclareUnicodeCharacter 


! Package inputenc Error: Unicode character –Ω (U+043D)
(inputenc)                not set up for use with LaTeX.

See the inputenc package documentation for explanation.
Type  H <return>  for immediate help.
 ...                                              
                                                  
l.5 ...–≤–∞ $K$ —Å—É—â–µ—Å—Ç–≤—É–µ—Ç –µ–≥–æ –∫–æ–Ω
                                                  –µ—á–Ω–æ–µ –ø–æ–¥–ø–æ–∫—Ä—...

You may provide a definition with
\DeclareUnicodeCharacter 


! Package inputenc Error: Unicode character –µ (U+0435)
(inputenc)                not set up for use with LaTeX.

See the inputenc package documentation for explanation.
Type  H <return>  for immediate help.
 ...                                              
                                                  
l.5 ...–∞ $K$ —Å—É—â–µ—Å—Ç–≤—É–µ—Ç –µ–≥–æ –∫–æ–Ω–µ
                                                  —á–Ω–æ–µ –ø–æ–¥–ø–æ–∫—Ä—ã—...

You may provide a definition with
\DeclareUnicodeCharacter 


! Package inputenc Error: Unicode character —á (U+0447)
(inputenc)                not set up for use with LaTeX.

See the inputenc package documentation for explanation.
Type  H <return>  for immediate help.
 ...                                              
                                                  
l.5 ... $K$ —Å—É—â–µ—Å—Ç–≤—É–µ—Ç –µ–≥–æ –∫–æ–Ω–µ—á
                                                  –Ω–æ–µ –ø–æ–¥–ø–æ–∫—Ä—ã—Ç–...

You may provide a definition with
\DeclareUnicodeCharacter 


! Package inputenc Error: Unicode character –Ω (U+043D)
(inputenc)                not set up for use with LaTeX.

See the inputenc package documentation for explanation.
Type  H <return>  for immediate help.
 ...                                              
                                                  
l.5 ...K$ —Å—É—â–µ—Å—Ç–≤—É–µ—Ç –µ–≥–æ –∫–æ–Ω–µ—á–Ω
                                                  –æ–µ –ø–æ–¥–ø–æ–∫—Ä—ã—Ç–∏–...

You may provide a definition with
\DeclareUnicodeCharacter 


! Package inputenc Error: Unicode character –æ (U+043E)
(inputenc)                not set up for use with LaTeX.

See the inputenc package documentation for explanation.
Type  H <return>  for immediate help.
 ...                                              
                                                  
l.5 ... —Å—É—â–µ—Å—Ç–≤—É–µ—Ç –µ–≥–æ –∫–æ–Ω–µ—á–Ω–æ
                                                  –µ –ø–æ–¥–ø–æ–∫—Ä—ã—Ç–∏–µ....

You may provide a definition with
\DeclareUnicodeCharacter 


! Package inputenc Error: Unicode character –µ (U+0435)
(inputenc)                not set up for use with LaTeX.

See the inputenc package documentation for explanation.
Type  H <return>  for immediate help.
 ...                                              
                                                  
l.5 ...Å—É—â–µ—Å—Ç–≤—É–µ—Ç –µ–≥–æ –∫–æ–Ω–µ—á–Ω–æ–µ
                                                   –ø–æ–¥–ø–æ–∫—Ä—ã—Ç–∏–µ. –...

You may provide a definition with
\DeclareUnicodeCharacter 


! Package inputenc Error: Unicode character –ø (U+043F)
(inputenc)                not set up for use with LaTeX.

See the inputenc package documentation for explanation.
Type  H <return>  for immediate help.
 ...                                              
                                                  
l.5 ...—â–µ—Å—Ç–≤—É–µ—Ç –µ–≥–æ –∫–æ–Ω–µ—á–Ω–æ–µ –ø
                                                  –æ–¥–ø–æ–∫—Ä—ã—Ç–∏–µ. –ï—Å...

You may provide a definition with
\DeclareUnicodeCharacter 


! Package inputenc Error: Unicode character –æ (U+043E)
(inputenc)                not set up for use with LaTeX.

See the inputenc package documentation for explanation.
Type  H <return>  for immediate help.
 ...                                              
                                                  
l.5 ...–µ—Å—Ç–≤—É–µ—Ç –µ–≥–æ –∫–æ–Ω–µ—á–Ω–æ–µ –ø–æ
                                                  –¥–ø–æ–∫—Ä—ã—Ç–∏–µ. –ï—Å–ª...

You may provide a definition with
\DeclareUnicodeCharacter 


! Package inputenc Error: Unicode character –¥ (U+0434)
(inputenc)                not set up for use with LaTeX.

See the inputenc package documentation for explanation.
Type  H <return>  for immediate help.
 ...                                              
                                                  
l.5 ...—Å—Ç–≤—É–µ—Ç –µ–≥–æ –∫–æ–Ω–µ—á–Ω–æ–µ –ø–æ–¥
                                                  –ø–æ–∫—Ä—ã—Ç–∏–µ. –ï—Å–ª–∏...

You may provide a definition with
\DeclareUnicodeCharacter 


! Package inputenc Error: Unicode character –ø (U+043F)
(inputenc)                not set up for use with LaTeX.

See the inputenc package documentation for explanation.
Type  H <return>  for immediate help.
 ...                                              
                                                  
l.5 ...—Ç–≤—É–µ—Ç –µ–≥–æ –∫–æ–Ω–µ—á–Ω–æ–µ –ø–æ–¥–ø
                                                  –æ–∫—Ä—ã—Ç–∏–µ. –ï—Å–ª–∏ $...

You may provide a definition with
\DeclareUnicodeCharacter 


! Package inputenc Error: Unicode character –æ (U+043E)
(inputenc)                not set up for use with LaTeX.

See the inputenc package documentation for explanation.
Type  H <return>  for immediate help.
 ...                                              
                                                  
l.5 ...–≤—É–µ—Ç –µ–≥–æ –∫–æ–Ω–µ—á–Ω–æ–µ –ø–æ–¥–ø–æ
                                                  –∫—Ä—ã—Ç–∏–µ. –ï—Å–ª–∏ $X ...

You may provide a definition with
\DeclareUnicodeCharacter 


! Package inputenc Error: Unicode character –∫ (U+043A)
(inputenc)                not set up for use with LaTeX.

See the inputenc package documentation for explanation.
Type  H <return>  for immediate help.
 ...                                              
                                                  
l.5 ...—É–µ—Ç –µ–≥–æ –∫–æ–Ω–µ—á–Ω–æ–µ –ø–æ–¥–ø–æ–∫
                                                  —Ä—ã—Ç–∏–µ. –ï—Å–ª–∏ $X = ...

You may provide a definition with
\DeclareUnicodeCharacter 


! Package inputenc Error: Unicode character —Ä (U+0440)
(inputenc)                not set up for use with LaTeX.

See the inputenc package documentation for explanation.
Type  H <return>  for immediate help.
 ...                                              
                                                  
l.5 ...–µ—Ç –µ–≥–æ –∫–æ–Ω–µ—á–Ω–æ–µ –ø–æ–¥–ø–æ–∫—Ä
                                                  —ã—Ç–∏–µ. –ï—Å–ª–∏ $X = K$...

You may provide a definition with
\DeclareUnicodeCharacter 


! Package inputenc Error: Unicode character —ã (U+044B)
(inputenc)                not set up for use with LaTeX.

See the inputenc package documentation for explanation.
Type  H <return>  for immediate help.
 ...                                              
                                                  
l.5 ...—Ç –µ–≥–æ –∫–æ–Ω–µ—á–Ω–æ–µ –ø–æ–¥–ø–æ–∫—Ä—ã
                                                  —Ç–∏–µ. –ï—Å–ª–∏ $X = K$, ...

You may provide a definition with
\DeclareUnicodeCharacter 


! Package inputenc Error: Unicode character —Ç (U+0442)
(inputenc)                not set up for use with LaTeX.

See the inputenc package documentation for explanation.
Type  H <return>  for immediate help.
 ...                                              
                                                  
l.5 ... –µ–≥–æ –∫–æ–Ω–µ—á–Ω–æ–µ –ø–æ–¥–ø–æ–∫—Ä—ã—Ç
                                                  –∏–µ. –ï—Å–ª–∏ $X = K$, —Ç...

You may provide a definition with
\DeclareUnicodeCharacter 


! Package inputenc Error: Unicode character –∏ (U+0438)
(inputenc)                not set up for use with LaTeX.

See the inputenc package documentation for explanation.
Type  H <return>  for immediate help.
 ...                                              
                                                  
l.5 ...µ–≥–æ –∫–æ–Ω–µ—á–Ω–æ–µ –ø–æ–¥–ø–æ–∫—Ä—ã—Ç–∏
                                                  –µ. –ï—Å–ª–∏ $X = K$, —Ç–æ...

You may provide a definition with
\DeclareUnicodeCharacter 


! Package inputenc Error: Unicode character –µ (U+0435)
(inputenc)                not set up for use with LaTeX.

See the inputenc package documentation for explanation.
Type  H <return>  for immediate help.
 ...                                              
                                                  
l.5 ...≥–æ –∫–æ–Ω–µ—á–Ω–æ–µ –ø–æ–¥–ø–æ–∫—Ä—ã—Ç–∏–µ
                                                  . –ï—Å–ª–∏ $X = K$, —Ç–æ $...

You may provide a definition with
\DeclareUnicodeCharacter 

Missing character: There is no . in font nullfont!

! Package inputenc Error: Unicode character –ï (U+0415)
(inputenc)                not set up for use with LaTeX.

See the inputenc package documentation for explanation.
Type  H <return>  for immediate help.
 ...                                              
                                                  
l.5 ...–∫–æ–Ω–µ—á–Ω–æ–µ –ø–æ–¥–ø–æ–∫—Ä—ã—Ç–∏–µ. –ï
                                                  —Å–ª–∏ $X = K$, —Ç–æ $(X, ...

You may provide a definition with
\DeclareUnicodeCharacter 


! Package inputenc Error: Unicode character —Å (U+0441)
(inputenc)                not set up for use with LaTeX.

See the inputenc package documentation for explanation.
Type  H <return>  for immediate help.
 ...                                              
                                                  
l.5 ...–æ–Ω–µ—á–Ω–æ–µ –ø–æ–¥–ø–æ–∫—Ä—ã—Ç–∏–µ. –ï—Å
                                                  –ª–∏ $X = K$, —Ç–æ $(X, \t...
(That makes 100 errors; please try again.) 
Here is how much of TeX's memory you used:
 49 strings out of 481257
 800 string characters out of 2908761
 277830 words of memory out of 3000000
 17370 multiletter control sequences out of 15000+600000
 403430 words of font info for 27 fonts, out of 8000000 for 9000
 0 hyphenation exceptions out of 8191
 18i,1n,15p,400b,58s stack positions out of 5000i,500n,10000p,200000b,80000s

!  ==> Fatal error occurred, no output PDF file produced!
