This is pdfTeX, Version 3.141592653-2.6-1.40.22 (MiKTeX 21.3) (preloaded format=pdflatex 2021.4.13)  1 JAN 2022 14:26
entering extended mode
**./9.tex
(9.tex
LaTeX2e <2020-10-01> patch level 4
L3 programming layer <2021-02-18>
! Undefined control sequence.
l.1 \section
            {–î–µ–∫–∞—Ä—Ç–æ–≤–æ –ø—Ä–æ–∏–∑–≤–µ–¥–µ–Ω–∏–µ —Ç–æ–ø–æ–ª–æ–≥–∏—á–...
The control sequence at the end of the top line
of your error message was never \def'ed. If you have
misspelled it (e.g., `\hobx'), type `I' and the correct
spelling (e.g., `I\hbox'). Otherwise just continue,
and I'll forget about whatever was undefined.


! Package inputenc Error: Unicode character –î (U+0414)
(inputenc)                not set up for use with LaTeX.

See the inputenc package documentation for explanation.
Type  H <return>  for immediate help.
 ...                                              
                                                  
l.1 \section{–î
               –µ–∫–∞—Ä—Ç–æ–≤–æ –ø—Ä–æ–∏–∑–≤–µ–¥–µ–Ω–∏–µ —Ç–æ–ø–æ–ª–æ–≥–∏—á–...

You may provide a definition with
\DeclareUnicodeCharacter 


! Package inputenc Error: Unicode character –µ (U+0435)
(inputenc)                not set up for use with LaTeX.

See the inputenc package documentation for explanation.
Type  H <return>  for immediate help.
 ...                                              
                                                  
l.1 \section{–î–µ
                 –∫–∞—Ä—Ç–æ–≤–æ –ø—Ä–æ–∏–∑–≤–µ–¥–µ–Ω–∏–µ —Ç–æ–ø–æ–ª–æ–≥–∏—á–...

You may provide a definition with
\DeclareUnicodeCharacter 


! Package inputenc Error: Unicode character –∫ (U+043A)
(inputenc)                not set up for use with LaTeX.

See the inputenc package documentation for explanation.
Type  H <return>  for immediate help.
 ...                                              
                                                  
l.1 \section{–î–µ–∫
                   –∞—Ä—Ç–æ–≤–æ –ø—Ä–æ–∏–∑–≤–µ–¥–µ–Ω–∏–µ —Ç–æ–ø–æ–ª–æ–≥–∏—á–...

You may provide a definition with
\DeclareUnicodeCharacter 


! Package inputenc Error: Unicode character –∞ (U+0430)
(inputenc)                not set up for use with LaTeX.

See the inputenc package documentation for explanation.
Type  H <return>  for immediate help.
 ...                                              
                                                  
l.1 \section{–î–µ–∫–∞
                     —Ä—Ç–æ–≤–æ –ø—Ä–æ–∏–∑–≤–µ–¥–µ–Ω–∏–µ —Ç–æ–ø–æ–ª–æ–≥–∏—á–...

You may provide a definition with
\DeclareUnicodeCharacter 


! Package inputenc Error: Unicode character —Ä (U+0440)
(inputenc)                not set up for use with LaTeX.

See the inputenc package documentation for explanation.
Type  H <return>  for immediate help.
 ...                                              
                                                  
l.1 \section{–î–µ–∫–∞—Ä
                       —Ç–æ–≤–æ –ø—Ä–æ–∏–∑–≤–µ–¥–µ–Ω–∏–µ —Ç–æ–ø–æ–ª–æ–≥–∏—á–...

You may provide a definition with
\DeclareUnicodeCharacter 


! Package inputenc Error: Unicode character —Ç (U+0442)
(inputenc)                not set up for use with LaTeX.

See the inputenc package documentation for explanation.
Type  H <return>  for immediate help.
 ...                                              
                                                  
l.1 \section{–î–µ–∫–∞—Ä—Ç
                         –æ–≤–æ –ø—Ä–æ–∏–∑–≤–µ–¥–µ–Ω–∏–µ —Ç–æ–ø–æ–ª–æ–≥–∏—á–...

You may provide a definition with
\DeclareUnicodeCharacter 


! Package inputenc Error: Unicode character –æ (U+043E)
(inputenc)                not set up for use with LaTeX.

See the inputenc package documentation for explanation.
Type  H <return>  for immediate help.
 ...                                              
                                                  
l.1 \section{–î–µ–∫–∞—Ä—Ç–æ
                           –≤–æ –ø—Ä–æ–∏–∑–≤–µ–¥–µ–Ω–∏–µ —Ç–æ–ø–æ–ª–æ–≥–∏—á–...

You may provide a definition with
\DeclareUnicodeCharacter 


! Package inputenc Error: Unicode character –≤ (U+0432)
(inputenc)                not set up for use with LaTeX.

See the inputenc package documentation for explanation.
Type  H <return>  for immediate help.
 ...                                              
                                                  
l.1 \section{–î–µ–∫–∞—Ä—Ç–æ–≤
                             –æ –ø—Ä–æ–∏–∑–≤–µ–¥–µ–Ω–∏–µ —Ç–æ–ø–æ–ª–æ–≥–∏—á–...

You may provide a definition with
\DeclareUnicodeCharacter 


! Package inputenc Error: Unicode character –æ (U+043E)
(inputenc)                not set up for use with LaTeX.

See the inputenc package documentation for explanation.
Type  H <return>  for immediate help.
 ...                                              
                                                  
l.1 \section{–î–µ–∫–∞—Ä—Ç–æ–≤–æ
                                –ø—Ä–æ–∏–∑–≤–µ–¥–µ–Ω–∏–µ —Ç–æ–ø–æ–ª–æ–≥–∏—á–...

You may provide a definition with
\DeclareUnicodeCharacter 


! Package inputenc Error: Unicode character –ø (U+043F)
(inputenc)                not set up for use with LaTeX.

See the inputenc package documentation for explanation.
Type  H <return>  for immediate help.
 ...                                              
                                                  
l.1 \section{–î–µ–∫–∞—Ä—Ç–æ–≤–æ –ø
                                  —Ä–æ–∏–∑–≤–µ–¥–µ–Ω–∏–µ —Ç–æ–ø–æ–ª–æ–≥–∏—á–...

You may provide a definition with
\DeclareUnicodeCharacter 


! Package inputenc Error: Unicode character —Ä (U+0440)
(inputenc)                not set up for use with LaTeX.

See the inputenc package documentation for explanation.
Type  H <return>  for immediate help.
 ...                                              
                                                  
l.1 \section{–î–µ–∫–∞—Ä—Ç–æ–≤–æ –ø—Ä
                                    –æ–∏–∑–≤–µ–¥–µ–Ω–∏–µ —Ç–æ–ø–æ–ª–æ–≥–∏—á–...

You may provide a definition with
\DeclareUnicodeCharacter 


! Package inputenc Error: Unicode character –æ (U+043E)
(inputenc)                not set up for use with LaTeX.

See the inputenc package documentation for explanation.
Type  H <return>  for immediate help.
 ...                                              
                                                  
l.1 \section{–î–µ–∫–∞—Ä—Ç–æ–≤–æ –ø—Ä–æ
                                      –∏–∑–≤–µ–¥–µ–Ω–∏–µ —Ç–æ–ø–æ–ª–æ–≥–∏—á–...

You may provide a definition with
\DeclareUnicodeCharacter 


! Package inputenc Error: Unicode character –∏ (U+0438)
(inputenc)                not set up for use with LaTeX.

See the inputenc package documentation for explanation.
Type  H <return>  for immediate help.
 ...                                              
                                                  
l.1 \section{–î–µ–∫–∞—Ä—Ç–æ–≤–æ –ø—Ä–æ–∏
                                        –∑–≤–µ–¥–µ–Ω–∏–µ —Ç–æ–ø–æ–ª–æ–≥–∏—á–...

You may provide a definition with
\DeclareUnicodeCharacter 


! Package inputenc Error: Unicode character –∑ (U+0437)
(inputenc)                not set up for use with LaTeX.

See the inputenc package documentation for explanation.
Type  H <return>  for immediate help.
 ...                                              
                                                  
l.1 \section{–î–µ–∫–∞—Ä—Ç–æ–≤–æ –ø—Ä–æ–∏–∑
                                          –≤–µ–¥–µ–Ω–∏–µ —Ç–æ–ø–æ–ª–æ–≥–∏—á–...

You may provide a definition with
\DeclareUnicodeCharacter 


! Package inputenc Error: Unicode character –≤ (U+0432)
(inputenc)                not set up for use with LaTeX.

See the inputenc package documentation for explanation.
Type  H <return>  for immediate help.
 ...                                              
                                                  
l.1 \section{–î–µ–∫–∞—Ä—Ç–æ–≤–æ –ø—Ä–æ–∏–∑–≤
                                            –µ–¥–µ–Ω–∏–µ —Ç–æ–ø–æ–ª–æ–≥–∏—á–...

You may provide a definition with
\DeclareUnicodeCharacter 


! Package inputenc Error: Unicode character –µ (U+0435)
(inputenc)                not set up for use with LaTeX.

See the inputenc package documentation for explanation.
Type  H <return>  for immediate help.
 ...                                              
                                                  
l.1 \section{–î–µ–∫–∞—Ä—Ç–æ–≤–æ –ø—Ä–æ–∏–∑–≤–µ
                                              –¥–µ–Ω–∏–µ —Ç–æ–ø–æ–ª–æ–≥–∏—á–...

You may provide a definition with
\DeclareUnicodeCharacter 


! Package inputenc Error: Unicode character –¥ (U+0434)
(inputenc)                not set up for use with LaTeX.

See the inputenc package documentation for explanation.
Type  H <return>  for immediate help.
 ...                                              
                                                  
l.1 \section{–î–µ–∫–∞—Ä—Ç–æ–≤–æ –ø—Ä–æ–∏–∑–≤–µ–¥
                                                –µ–Ω–∏–µ —Ç–æ–ø–æ–ª–æ–≥–∏—á–...

You may provide a definition with
\DeclareUnicodeCharacter 


! Package inputenc Error: Unicode character –µ (U+0435)
(inputenc)                not set up for use with LaTeX.

See the inputenc package documentation for explanation.
Type  H <return>  for immediate help.
 ...                                              
                                                  
l.1 \section{–î–µ–∫–∞—Ä—Ç–æ–≤–æ –ø—Ä–æ–∏–∑–≤–µ–¥–µ
                                                  –Ω–∏–µ —Ç–æ–ø–æ–ª–æ–≥–∏—á–...

You may provide a definition with
\DeclareUnicodeCharacter 


! Package inputenc Error: Unicode character –Ω (U+043D)
(inputenc)                not set up for use with LaTeX.

See the inputenc package documentation for explanation.
Type  H <return>  for immediate help.
 ...                                              
                                                  
l.1 ...ion{–î–µ–∫–∞—Ä—Ç–æ–≤–æ –ø—Ä–æ–∏–∑–≤–µ–¥–µ–Ω
                                                  –∏–µ —Ç–æ–ø–æ–ª–æ–≥–∏—á–µ—...

You may provide a definition with
\DeclareUnicodeCharacter 


! Package inputenc Error: Unicode character –∏ (U+0438)
(inputenc)                not set up for use with LaTeX.

See the inputenc package documentation for explanation.
Type  H <return>  for immediate help.
 ...                                              
                                                  
l.1 ...n{–î–µ–∫–∞—Ä—Ç–æ–≤–æ –ø—Ä–æ–∏–∑–≤–µ–¥–µ–Ω–∏
                                                  –µ —Ç–æ–ø–æ–ª–æ–≥–∏—á–µ—Å–...

You may provide a definition with
\DeclareUnicodeCharacter 


! Package inputenc Error: Unicode character –µ (U+0435)
(inputenc)                not set up for use with LaTeX.

See the inputenc package documentation for explanation.
Type  H <return>  for immediate help.
 ...                                              
                                                  
l.1 ...–î–µ–∫–∞—Ä—Ç–æ–≤–æ –ø—Ä–æ–∏–∑–≤–µ–¥–µ–Ω–∏–µ
                                                   —Ç–æ–ø–æ–ª–æ–≥–∏—á–µ—Å–∫–...

You may provide a definition with
\DeclareUnicodeCharacter 


! Package inputenc Error: Unicode character —Ç (U+0442)
(inputenc)                not set up for use with LaTeX.

See the inputenc package documentation for explanation.
Type  H <return>  for immediate help.
 ...                                              
                                                  
l.1 ...µ–∫–∞—Ä—Ç–æ–≤–æ –ø—Ä–æ–∏–∑–≤–µ–¥–µ–Ω–∏–µ —Ç
                                                  –æ–ø–æ–ª–æ–≥–∏—á–µ—Å–∫–∏—Ö...

You may provide a definition with
\DeclareUnicodeCharacter 


! Package inputenc Error: Unicode character –æ (U+043E)
(inputenc)                not set up for use with LaTeX.

See the inputenc package documentation for explanation.
Type  H <return>  for immediate help.
 ...                                              
                                                  
l.1 ...∫–∞—Ä—Ç–æ–≤–æ –ø—Ä–æ–∏–∑–≤–µ–¥–µ–Ω–∏–µ —Ç–æ
                                                  –ø–æ–ª–æ–≥–∏—á–µ—Å–∫–∏—Ö –...

You may provide a definition with
\DeclareUnicodeCharacter 


! Package inputenc Error: Unicode character –ø (U+043F)
(inputenc)                not set up for use with LaTeX.

See the inputenc package documentation for explanation.
Type  H <return>  for immediate help.
 ...                                              
                                                  
l.1 ...∞—Ä—Ç–æ–≤–æ –ø—Ä–æ–∏–∑–≤–µ–¥–µ–Ω–∏–µ —Ç–æ–ø
                                                  –æ–ª–æ–≥–∏—á–µ—Å–∫–∏—Ö –ø—...

You may provide a definition with
\DeclareUnicodeCharacter 


! Package inputenc Error: Unicode character –æ (U+043E)
(inputenc)                not set up for use with LaTeX.

See the inputenc package documentation for explanation.
Type  H <return>  for immediate help.
 ...                                              
                                                  
l.1 ...Ä—Ç–æ–≤–æ –ø—Ä–æ–∏–∑–≤–µ–¥–µ–Ω–∏–µ —Ç–æ–ø–æ
                                                  –ª–æ–≥–∏—á–µ—Å–∫–∏—Ö –ø—Ä–...

You may provide a definition with
\DeclareUnicodeCharacter 


! Package inputenc Error: Unicode character –ª (U+043B)
(inputenc)                not set up for use with LaTeX.

See the inputenc package documentation for explanation.
Type  H <return>  for immediate help.
 ...                                              
                                                  
l.1 ...Ç–æ–≤–æ –ø—Ä–æ–∏–∑–≤–µ–¥–µ–Ω–∏–µ —Ç–æ–ø–æ–ª
                                                  –æ–≥–∏—á–µ—Å–∫–∏—Ö –ø—Ä–æ—...

You may provide a definition with
\DeclareUnicodeCharacter 


! Package inputenc Error: Unicode character –æ (U+043E)
(inputenc)                not set up for use with LaTeX.

See the inputenc package documentation for explanation.
Type  H <return>  for immediate help.
 ...                                              
                                                  
l.1 ...æ–≤–æ –ø—Ä–æ–∏–∑–≤–µ–¥–µ–Ω–∏–µ —Ç–æ–ø–æ–ª–æ
                                                  –≥–∏—á–µ—Å–∫–∏—Ö –ø—Ä–æ—Å—...

You may provide a definition with
\DeclareUnicodeCharacter 


! Package inputenc Error: Unicode character –≥ (U+0433)
(inputenc)                not set up for use with LaTeX.

See the inputenc package documentation for explanation.
Type  H <return>  for immediate help.
 ...                                              
                                                  
l.1 ...≤–æ –ø—Ä–æ–∏–∑–≤–µ–¥–µ–Ω–∏–µ —Ç–æ–ø–æ–ª–æ–≥
                                                  –∏—á–µ—Å–∫–∏—Ö –ø—Ä–æ—Å—Ç—...

You may provide a definition with
\DeclareUnicodeCharacter 


! Package inputenc Error: Unicode character –∏ (U+0438)
(inputenc)                not set up for use with LaTeX.

See the inputenc package documentation for explanation.
Type  H <return>  for immediate help.
 ...                                              
                                                  
l.1 ...æ –ø—Ä–æ–∏–∑–≤–µ–¥–µ–Ω–∏–µ —Ç–æ–ø–æ–ª–æ–≥–∏
                                                  —á–µ—Å–∫–∏—Ö –ø—Ä–æ—Å—Ç—Ä–...

You may provide a definition with
\DeclareUnicodeCharacter 


! Package inputenc Error: Unicode character —á (U+0447)
(inputenc)                not set up for use with LaTeX.

See the inputenc package documentation for explanation.
Type  H <return>  for immediate help.
 ...                                              
                                                  
l.1 ...–ø—Ä–æ–∏–∑–≤–µ–¥–µ–Ω–∏–µ —Ç–æ–ø–æ–ª–æ–≥–∏—á
                                                  –µ—Å–∫–∏—Ö –ø—Ä–æ—Å—Ç—Ä–∞–...

You may provide a definition with
\DeclareUnicodeCharacter 


! Package inputenc Error: Unicode character –µ (U+0435)
(inputenc)                not set up for use with LaTeX.

See the inputenc package documentation for explanation.
Type  H <return>  for immediate help.
 ...                                              
                                                  
l.1 ...—Ä–æ–∏–∑–≤–µ–¥–µ–Ω–∏–µ —Ç–æ–ø–æ–ª–æ–≥–∏—á–µ
                                                  —Å–∫–∏—Ö –ø—Ä–æ—Å—Ç—Ä–∞–Ω—...

You may provide a definition with
\DeclareUnicodeCharacter 


! Package inputenc Error: Unicode character —Å (U+0441)
(inputenc)                not set up for use with LaTeX.

See the inputenc package documentation for explanation.
Type  H <return>  for immediate help.
 ...                                              
                                                  
l.1 ...–æ–∏–∑–≤–µ–¥–µ–Ω–∏–µ —Ç–æ–ø–æ–ª–æ–≥–∏—á–µ—Å
                                                  –∫–∏—Ö –ø—Ä–æ—Å—Ç—Ä–∞–Ω—Å—...

You may provide a definition with
\DeclareUnicodeCharacter 


! Package inputenc Error: Unicode character –∫ (U+043A)
(inputenc)                not set up for use with LaTeX.

See the inputenc package documentation for explanation.
Type  H <return>  for immediate help.
 ...                                              
                                                  
l.1 ...–∏–∑–≤–µ–¥–µ–Ω–∏–µ —Ç–æ–ø–æ–ª–æ–≥–∏—á–µ—Å–∫
                                                  –∏—Ö –ø—Ä–æ—Å—Ç—Ä–∞–Ω—Å—Ç–...

You may provide a definition with
\DeclareUnicodeCharacter 


! Package inputenc Error: Unicode character –∏ (U+0438)
(inputenc)                not set up for use with LaTeX.

See the inputenc package documentation for explanation.
Type  H <return>  for immediate help.
 ...                                              
                                                  
l.1 ...–∑–≤–µ–¥–µ–Ω–∏–µ —Ç–æ–ø–æ–ª–æ–≥–∏—á–µ—Å–∫–∏
                                                  —Ö –ø—Ä–æ—Å—Ç—Ä–∞–Ω—Å—Ç–≤....

You may provide a definition with
\DeclareUnicodeCharacter 


! Package inputenc Error: Unicode character —Ö (U+0445)
(inputenc)                not set up for use with LaTeX.

See the inputenc package documentation for explanation.
Type  H <return>  for immediate help.
 ...                                              
                                                  
l.1 ...–≤–µ–¥–µ–Ω–∏–µ —Ç–æ–ø–æ–ª–æ–≥–∏—á–µ—Å–∫–∏—Ö
                                                   –ø—Ä–æ—Å—Ç—Ä–∞–Ω—Å—Ç–≤. –...

You may provide a definition with
\DeclareUnicodeCharacter 


! Package inputenc Error: Unicode character –ø (U+043F)
(inputenc)                not set up for use with LaTeX.

See the inputenc package documentation for explanation.
Type  H <return>  for immediate help.
 ...                                              
                                                  
l.1 ...µ–¥–µ–Ω–∏–µ —Ç–æ–ø–æ–ª–æ–≥–∏—á–µ—Å–∫–∏—Ö –ø
                                                  —Ä–æ—Å—Ç—Ä–∞–Ω—Å—Ç–≤. –¢–æ...

You may provide a definition with
\DeclareUnicodeCharacter 


! Package inputenc Error: Unicode character —Ä (U+0440)
(inputenc)                not set up for use with LaTeX.

See the inputenc package documentation for explanation.
Type  H <return>  for immediate help.
 ...                                              
                                                  
l.1 ...¥–µ–Ω–∏–µ —Ç–æ–ø–æ–ª–æ–≥–∏—á–µ—Å–∫–∏—Ö –ø—Ä
                                                  –æ—Å—Ç—Ä–∞–Ω—Å—Ç–≤. –¢–æ–ø...

You may provide a definition with
\DeclareUnicodeCharacter 


! Package inputenc Error: Unicode character –æ (U+043E)
(inputenc)                not set up for use with LaTeX.

See the inputenc package documentation for explanation.
Type  H <return>  for immediate help.
 ...                                              
                                                  
l.1 ...µ–Ω–∏–µ —Ç–æ–ø–æ–ª–æ–≥–∏—á–µ—Å–∫–∏—Ö –ø—Ä–æ
                                                  —Å—Ç—Ä–∞–Ω—Å—Ç–≤. –¢–æ–ø–æ...

You may provide a definition with
\DeclareUnicodeCharacter 


! Package inputenc Error: Unicode character —Å (U+0441)
(inputenc)                not set up for use with LaTeX.

See the inputenc package documentation for explanation.
Type  H <return>  for immediate help.
 ...                                              
                                                  
l.1 ...Ω–∏–µ —Ç–æ–ø–æ–ª–æ–≥–∏—á–µ—Å–∫–∏—Ö –ø—Ä–æ—Å
                                                  —Ç—Ä–∞–Ω—Å—Ç–≤. –¢–æ–ø–æ–ª...

You may provide a definition with
\DeclareUnicodeCharacter 


! Package inputenc Error: Unicode character —Ç (U+0442)
(inputenc)                not set up for use with LaTeX.

See the inputenc package documentation for explanation.
Type  H <return>  for immediate help.
 ...                                              
                                                  
l.1 ...∏–µ —Ç–æ–ø–æ–ª–æ–≥–∏—á–µ—Å–∫–∏—Ö –ø—Ä–æ—Å—Ç
                                                  —Ä–∞–Ω—Å—Ç–≤. –¢–æ–ø–æ–ª–æ...

You may provide a definition with
\DeclareUnicodeCharacter 


! Package inputenc Error: Unicode character —Ä (U+0440)
(inputenc)                not set up for use with LaTeX.

See the inputenc package documentation for explanation.
Type  H <return>  for immediate help.
 ...                                              
                                                  
l.1 ...µ —Ç–æ–ø–æ–ª–æ–≥–∏—á–µ—Å–∫–∏—Ö –ø—Ä–æ—Å—Ç—Ä
                                                  –∞–Ω—Å—Ç–≤. –¢–æ–ø–æ–ª–æ–≥...

You may provide a definition with
\DeclareUnicodeCharacter 


! Package inputenc Error: Unicode character –∞ (U+0430)
(inputenc)                not set up for use with LaTeX.

See the inputenc package documentation for explanation.
Type  H <return>  for immediate help.
 ...                                              
                                                  
l.1 ...—Ç–æ–ø–æ–ª–æ–≥–∏—á–µ—Å–∫–∏—Ö –ø—Ä–æ—Å—Ç—Ä–∞
                                                  –Ω—Å—Ç–≤. –¢–æ–ø–æ–ª–æ–≥–∏...

You may provide a definition with
\DeclareUnicodeCharacter 


! Package inputenc Error: Unicode character –Ω (U+043D)
(inputenc)                not set up for use with LaTeX.

See the inputenc package documentation for explanation.
Type  H <return>  for immediate help.
 ...                                              
                                                  
l.1 ...–æ–ø–æ–ª–æ–≥–∏—á–µ—Å–∫–∏—Ö –ø—Ä–æ—Å—Ç—Ä–∞–Ω
                                                  —Å—Ç–≤. –¢–æ–ø–æ–ª–æ–≥–∏—è...

You may provide a definition with
\DeclareUnicodeCharacter 


! Package inputenc Error: Unicode character —Å (U+0441)
(inputenc)                not set up for use with LaTeX.

See the inputenc package documentation for explanation.
Type  H <return>  for immediate help.
 ...                                              
                                                  
l.1 ...–ø–æ–ª–æ–≥–∏—á–µ—Å–∫–∏—Ö –ø—Ä–æ—Å—Ç—Ä–∞–Ω—Å
                                                  —Ç–≤. –¢–æ–ø–æ–ª–æ–≥–∏—è –...

You may provide a definition with
\DeclareUnicodeCharacter 


! Package inputenc Error: Unicode character —Ç (U+0442)
(inputenc)                not set up for use with LaTeX.

See the inputenc package documentation for explanation.
Type  H <return>  for immediate help.
 ...                                              
                                                  
l.1 ...–æ–ª–æ–≥–∏—á–µ—Å–∫–∏—Ö –ø—Ä–æ—Å—Ç—Ä–∞–Ω—Å—Ç
                                                  –≤. –¢–æ–ø–æ–ª–æ–≥–∏—è –¢–...

You may provide a definition with
\DeclareUnicodeCharacter 


! Package inputenc Error: Unicode character –≤ (U+0432)
(inputenc)                not set up for use with LaTeX.

See the inputenc package documentation for explanation.
Type  H <return>  for immediate help.
 ...                                              
                                                  
l.1 ...–ª–æ–≥–∏—á–µ—Å–∫–∏—Ö –ø—Ä–æ—Å—Ç—Ä–∞–Ω—Å—Ç–≤
                                                  . –¢–æ–ø–æ–ª–æ–≥–∏—è –¢–∏—...

You may provide a definition with
\DeclareUnicodeCharacter 


! LaTeX Error: Missing \begin{document}.

See the LaTeX manual or LaTeX Companion for explanation.
Type  H <return>  for immediate help.
 ...                                              
                                                  
l.1 ...ª–æ–≥–∏—á–µ—Å–∫–∏—Ö –ø—Ä–æ—Å—Ç—Ä–∞–Ω—Å—Ç–≤.
                                                   –¢–æ–ø–æ–ª–æ–≥–∏—è –¢–∏—Ö...

You're in trouble here.  Try typing  <return>  to proceed.
If that doesn't work, type  X <return>  to quit.

Missing character: There is no . in font nullfont!

! Package inputenc Error: Unicode character –¢ (U+0422)
(inputenc)                not set up for use with LaTeX.

See the inputenc package documentation for explanation.
Type  H <return>  for immediate help.
 ...                                              
                                                  
l.1 ...–≥–∏—á–µ—Å–∫–∏—Ö –ø—Ä–æ—Å—Ç—Ä–∞–Ω—Å—Ç–≤. –¢
                                                  –æ–ø–æ–ª–æ–≥–∏—è –¢–∏—Ö–æ–...

You may provide a definition with
\DeclareUnicodeCharacter 


! Package inputenc Error: Unicode character –æ (U+043E)
(inputenc)                not set up for use with LaTeX.

See the inputenc package documentation for explanation.
Type  H <return>  for immediate help.
 ...                                              
                                                  
l.1 ...–∏—á–µ—Å–∫–∏—Ö –ø—Ä–æ—Å—Ç—Ä–∞–Ω—Å—Ç–≤. –¢–æ
                                                  –ø–æ–ª–æ–≥–∏—è –¢–∏—Ö–æ–Ω–...

You may provide a definition with
\DeclareUnicodeCharacter 


! Package inputenc Error: Unicode character –ø (U+043F)
(inputenc)                not set up for use with LaTeX.

See the inputenc package documentation for explanation.
Type  H <return>  for immediate help.
 ...                                              
                                                  
l.1 ...—á–µ—Å–∫–∏—Ö –ø—Ä–æ—Å—Ç—Ä–∞–Ω—Å—Ç–≤. –¢–æ–ø
                                                  –æ–ª–æ–≥–∏—è –¢–∏—Ö–æ–Ω–æ–...

You may provide a definition with
\DeclareUnicodeCharacter 


! Package inputenc Error: Unicode character –æ (U+043E)
(inputenc)                not set up for use with LaTeX.

See the inputenc package documentation for explanation.
Type  H <return>  for immediate help.
 ...                                              
                                                  
l.1 ...–µ—Å–∫–∏—Ö –ø—Ä–æ—Å—Ç—Ä–∞–Ω—Å—Ç–≤. –¢–æ–ø–æ
                                                  –ª–æ–≥–∏—è –¢–∏—Ö–æ–Ω–æ–≤–∞}
You may provide a definition with
\DeclareUnicodeCharacter 


! Package inputenc Error: Unicode character –ª (U+043B)
(inputenc)                not set up for use with LaTeX.

See the inputenc package documentation for explanation.
Type  H <return>  for immediate help.
 ...                                              
                                                  
l.1 ...—Å–∫–∏—Ö –ø—Ä–æ—Å—Ç—Ä–∞–Ω—Å—Ç–≤. –¢–æ–ø–æ–ª
                                                  –æ–≥–∏—è –¢–∏—Ö–æ–Ω–æ–≤–∞}
You may provide a definition with
\DeclareUnicodeCharacter 


! Package inputenc Error: Unicode character –æ (U+043E)
(inputenc)                not set up for use with LaTeX.

See the inputenc package documentation for explanation.
Type  H <return>  for immediate help.
 ...                                              
                                                  
l.1 ...–∫–∏—Ö –ø—Ä–æ—Å—Ç—Ä–∞–Ω—Å—Ç–≤. –¢–æ–ø–æ–ª–æ
                                                  –≥–∏—è –¢–∏—Ö–æ–Ω–æ–≤–∞}
You may provide a definition with
\DeclareUnicodeCharacter 


! Package inputenc Error: Unicode character –≥ (U+0433)
(inputenc)                not set up for use with LaTeX.

See the inputenc package documentation for explanation.
Type  H <return>  for immediate help.
 ...                                              
                                                  
l.1 ...–∏—Ö –ø—Ä–æ—Å—Ç—Ä–∞–Ω—Å—Ç–≤. –¢–æ–ø–æ–ª–æ–≥
                                                  –∏—è –¢–∏—Ö–æ–Ω–æ–≤–∞}
You may provide a definition with
\DeclareUnicodeCharacter 


! Package inputenc Error: Unicode character –∏ (U+0438)
(inputenc)                not set up for use with LaTeX.

See the inputenc package documentation for explanation.
Type  H <return>  for immediate help.
 ...                                              
                                                  
l.1 ...—Ö –ø—Ä–æ—Å—Ç—Ä–∞–Ω—Å—Ç–≤. –¢–æ–ø–æ–ª–æ–≥–∏
                                                  —è –¢–∏—Ö–æ–Ω–æ–≤–∞}
You may provide a definition with
\DeclareUnicodeCharacter 


! Package inputenc Error: Unicode character —è (U+044F)
(inputenc)                not set up for use with LaTeX.

See the inputenc package documentation for explanation.
Type  H <return>  for immediate help.
 ...                                              
                                                  
l.1 ... –ø—Ä–æ—Å—Ç—Ä–∞–Ω—Å—Ç–≤. –¢–æ–ø–æ–ª–æ–≥–∏—è
                                                   –¢–∏—Ö–æ–Ω–æ–≤–∞}
You may provide a definition with
\DeclareUnicodeCharacter 


! Package inputenc Error: Unicode character –¢ (U+0422)
(inputenc)                not set up for use with LaTeX.

See the inputenc package documentation for explanation.
Type  H <return>  for immediate help.
 ...                                              
                                                  
l.1 ...—Ä–æ—Å—Ç—Ä–∞–Ω—Å—Ç–≤. –¢–æ–ø–æ–ª–æ–≥–∏—è –¢
                                                  –∏—Ö–æ–Ω–æ–≤–∞}
You may provide a definition with
\DeclareUnicodeCharacter 


! Package inputenc Error: Unicode character –∏ (U+0438)
(inputenc)                not set up for use with LaTeX.

See the inputenc package documentation for explanation.
Type  H <return>  for immediate help.
 ...                                              
                                                  
l.1 ...–æ—Å—Ç—Ä–∞–Ω—Å—Ç–≤. –¢–æ–ø–æ–ª–æ–≥–∏—è –¢–∏
                                                  —Ö–æ–Ω–æ–≤–∞}
You may provide a definition with
\DeclareUnicodeCharacter 


! Package inputenc Error: Unicode character —Ö (U+0445)
(inputenc)                not set up for use with LaTeX.

See the inputenc package documentation for explanation.
Type  H <return>  for immediate help.
 ...                                              
                                                  
l.1 ...—Å—Ç—Ä–∞–Ω—Å—Ç–≤. –¢–æ–ø–æ–ª–æ–≥–∏—è –¢–∏—Ö
                                                  –æ–Ω–æ–≤–∞}
You may provide a definition with
\DeclareUnicodeCharacter 


! Package inputenc Error: Unicode character –æ (U+043E)
(inputenc)                not set up for use with LaTeX.

See the inputenc package documentation for explanation.
Type  H <return>  for immediate help.
 ...                                              
                                                  
l.1 ...—Ç—Ä–∞–Ω—Å—Ç–≤. –¢–æ–ø–æ–ª–æ–≥–∏—è –¢–∏—Ö–æ
                                                  –Ω–æ–≤–∞}
You may provide a definition with
\DeclareUnicodeCharacter 


! Package inputenc Error: Unicode character –Ω (U+043D)
(inputenc)                not set up for use with LaTeX.

See the inputenc package documentation for explanation.
Type  H <return>  for immediate help.
 ...                                              
                                                  
l.1 ...—Ä–∞–Ω—Å—Ç–≤. –¢–æ–ø–æ–ª–æ–≥–∏—è –¢–∏—Ö–æ–Ω
                                                  –æ–≤–∞}
You may provide a definition with
\DeclareUnicodeCharacter 


! Package inputenc Error: Unicode character –æ (U+043E)
(inputenc)                not set up for use with LaTeX.

See the inputenc package documentation for explanation.
Type  H <return>  for immediate help.
 ...                                              
                                                  
l.1 ...–∞–Ω—Å—Ç–≤. –¢–æ–ø–æ–ª–æ–≥–∏—è –¢–∏—Ö–æ–Ω–æ
                                                  –≤–∞}
You may provide a definition with
\DeclareUnicodeCharacter 


! Package inputenc Error: Unicode character –≤ (U+0432)
(inputenc)                not set up for use with LaTeX.

See the inputenc package documentation for explanation.
Type  H <return>  for immediate help.
 ...                                              
                                                  
l.1 ...–Ω—Å—Ç–≤. –¢–æ–ø–æ–ª–æ–≥–∏—è –¢–∏—Ö–æ–Ω–æ–≤
                                                  –∞}
You may provide a definition with
\DeclareUnicodeCharacter 


! Package inputenc Error: Unicode character –∞ (U+0430)
(inputenc)                not set up for use with LaTeX.

See the inputenc package documentation for explanation.
Type  H <return>  for immediate help.
 ...                                              
                                                  
l.1 ...—Å—Ç–≤. –¢–æ–ø–æ–ª–æ–≥–∏—è –¢–∏—Ö–æ–Ω–æ–≤–∞
                                                  }
You may provide a definition with
\DeclareUnicodeCharacter 


! Package inputenc Error: Unicode character –ü (U+041F)
(inputenc)                not set up for use with LaTeX.

See the inputenc package documentation for explanation.
Type  H <return>  for immediate help.
 ...                                              
                                                  
l.2 –ü
      —É—Å—Ç—å $\mathcal{A}$
You may provide a definition with
\DeclareUnicodeCharacter 


! Package inputenc Error: Unicode character —É (U+0443)
(inputenc)                not set up for use with LaTeX.

See the inputenc package documentation for explanation.
Type  H <return>  for immediate help.
 ...                                              
                                                  
l.2 –ü—É
        —Å—Ç—å $\mathcal{A}$
You may provide a definition with
\DeclareUnicodeCharacter 


! Package inputenc Error: Unicode character —Å (U+0441)
(inputenc)                not set up for use with LaTeX.

See the inputenc package documentation for explanation.
Type  H <return>  for immediate help.
 ...                                              
                                                  
l.2 –ü—É—Å
          —Ç—å $\mathcal{A}$
You may provide a definition with
\DeclareUnicodeCharacter 


! Package inputenc Error: Unicode character —Ç (U+0442)
(inputenc)                not set up for use with LaTeX.

See the inputenc package documentation for explanation.
Type  H <return>  for immediate help.
 ...                                              
                                                  
l.2 –ü—É—Å—Ç
            —å $\mathcal{A}$
You may provide a definition with
\DeclareUnicodeCharacter 


! Package inputenc Error: Unicode character —å (U+044C)
(inputenc)                not set up for use with LaTeX.

See the inputenc package documentation for explanation.
Type  H <return>  for immediate help.
 ...                                              
                                                  
l.2 –ü—É—Å—Ç—å
               $\mathcal{A}$
You may provide a definition with
\DeclareUnicodeCharacter 

LaTeX Font Info:    External font `cmex10' loaded for size
(Font)              <7> on input line 2.
LaTeX Font Info:    External font `cmex10' loaded for size
(Font)              <5> on input line 2.
)
! Emergency stop.
<*> ./9.tex
           
*** (job aborted, no legal \end found)

 
Here is how much of TeX's memory you used:
 43 strings out of 481257
 566 string characters out of 2908761
 277830 words of memory out of 3000000
 17365 multiletter control sequences out of 15000+600000
 403430 words of font info for 27 fonts, out of 8000000 for 9000
 0 hyphenation exceptions out of 8191
 18i,2n,15p,181b,56s stack positions out of 5000i,500n,10000p,200000b,80000s
!  ==> Fatal error occurred, no output PDF file produced!
