This is pdfTeX, Version 3.141592653-2.6-1.40.22 (MiKTeX 21.3) (preloaded format=pdflatex 2021.4.13)  27 MAR 2022 16:22
entering extended mode
**./l2_1.tex
(l2_1.tex
LaTeX2e <2020-10-01> patch level 4
L3 programming layer <2021-02-18>
! Undefined control sequence.
l.2 \section
            {–õ–µ–∫—Ü–∏—è 1. –ü—Ä–æ—Å—Ç—Ä–∞–Ω—Å—Ç–≤–æ –Ω–µ–ø—Ä–µ—Ä—ã–≤–Ω—ã—Ö...
The control sequence at the end of the top line
of your error message was never \def'ed. If you have
misspelled it (e.g., `\hobx'), type `I' and the correct
spelling (e.g., `I\hbox'). Otherwise just continue,
and I'll forget about whatever was undefined.


! Package inputenc Error: Unicode character –õ (U+041B)
(inputenc)                not set up for use with LaTeX.

See the inputenc package documentation for explanation.
Type  H <return>  for immediate help.
 ...                                              
                                                  
l.2 \section{–õ
               –µ–∫—Ü–∏—è 1. –ü—Ä–æ—Å—Ç—Ä–∞–Ω—Å—Ç–≤–æ –Ω–µ–ø—Ä–µ—Ä—ã–≤–Ω—ã—Ö...

You may provide a definition with
\DeclareUnicodeCharacter 


! Package inputenc Error: Unicode character –µ (U+0435)
(inputenc)                not set up for use with LaTeX.

See the inputenc package documentation for explanation.
Type  H <return>  for immediate help.
 ...                                              
                                                  
l.2 \section{–õ–µ
                 –∫—Ü–∏—è 1. –ü—Ä–æ—Å—Ç—Ä–∞–Ω—Å—Ç–≤–æ –Ω–µ–ø—Ä–µ—Ä—ã–≤–Ω—ã—Ö...

You may provide a definition with
\DeclareUnicodeCharacter 


! Package inputenc Error: Unicode character –∫ (U+043A)
(inputenc)                not set up for use with LaTeX.

See the inputenc package documentation for explanation.
Type  H <return>  for immediate help.
 ...                                              
                                                  
l.2 \section{–õ–µ–∫
                   —Ü–∏—è 1. –ü—Ä–æ—Å—Ç—Ä–∞–Ω—Å—Ç–≤–æ –Ω–µ–ø—Ä–µ—Ä—ã–≤–Ω—ã—Ö...

You may provide a definition with
\DeclareUnicodeCharacter 


! Package inputenc Error: Unicode character —Ü (U+0446)
(inputenc)                not set up for use with LaTeX.

See the inputenc package documentation for explanation.
Type  H <return>  for immediate help.
 ...                                              
                                                  
l.2 \section{–õ–µ–∫—Ü
                     –∏—è 1. –ü—Ä–æ—Å—Ç—Ä–∞–Ω—Å—Ç–≤–æ –Ω–µ–ø—Ä–µ—Ä—ã–≤–Ω—ã—Ö...

You may provide a definition with
\DeclareUnicodeCharacter 


! Package inputenc Error: Unicode character –∏ (U+0438)
(inputenc)                not set up for use with LaTeX.

See the inputenc package documentation for explanation.
Type  H <return>  for immediate help.
 ...                                              
                                                  
l.2 \section{–õ–µ–∫—Ü–∏
                       —è 1. –ü—Ä–æ—Å—Ç—Ä–∞–Ω—Å—Ç–≤–æ –Ω–µ–ø—Ä–µ—Ä—ã–≤–Ω—ã—Ö...

You may provide a definition with
\DeclareUnicodeCharacter 


! Package inputenc Error: Unicode character —è (U+044F)
(inputenc)                not set up for use with LaTeX.

See the inputenc package documentation for explanation.
Type  H <return>  for immediate help.
 ...                                              
                                                  
l.2 \section{–õ–µ–∫—Ü–∏—è
                          1. –ü—Ä–æ—Å—Ç—Ä–∞–Ω—Å—Ç–≤–æ –Ω–µ–ø—Ä–µ—Ä—ã–≤–Ω—ã—Ö...

You may provide a definition with
\DeclareUnicodeCharacter 


! LaTeX Error: Missing \begin{document}.

See the LaTeX manual or LaTeX Companion for explanation.
Type  H <return>  for immediate help.
 ...                                              
                                                  
l.2 \section{–õ–µ–∫—Ü–∏—è 1
                           . –ü—Ä–æ—Å—Ç—Ä–∞–Ω—Å—Ç–≤–æ –Ω–µ–ø—Ä–µ—Ä—ã–≤–Ω—ã—Ö...

You're in trouble here.  Try typing  <return>  to proceed.
If that doesn't work, type  X <return>  to quit.

Missing character: There is no 1 in font nullfont!
Missing character: There is no . in font nullfont!

! Package inputenc Error: Unicode character –ü (U+041F)
(inputenc)                not set up for use with LaTeX.

See the inputenc package documentation for explanation.
Type  H <return>  for immediate help.
 ...                                              
                                                  
l.2 \section{–õ–µ–∫—Ü–∏—è 1. –ü
                               —Ä–æ—Å—Ç—Ä–∞–Ω—Å—Ç–≤–æ –Ω–µ–ø—Ä–µ—Ä—ã–≤–Ω—ã—Ö...

You may provide a definition with
\DeclareUnicodeCharacter 


! Package inputenc Error: Unicode character —Ä (U+0440)
(inputenc)                not set up for use with LaTeX.

See the inputenc package documentation for explanation.
Type  H <return>  for immediate help.
 ...                                              
                                                  
l.2 \section{–õ–µ–∫—Ü–∏—è 1. –ü—Ä
                                 –æ—Å—Ç—Ä–∞–Ω—Å—Ç–≤–æ –Ω–µ–ø—Ä–µ—Ä—ã–≤–Ω—ã—Ö...

You may provide a definition with
\DeclareUnicodeCharacter 


! Package inputenc Error: Unicode character –æ (U+043E)
(inputenc)                not set up for use with LaTeX.

See the inputenc package documentation for explanation.
Type  H <return>  for immediate help.
 ...                                              
                                                  
l.2 \section{–õ–µ–∫—Ü–∏—è 1. –ü—Ä–æ
                                   —Å—Ç—Ä–∞–Ω—Å—Ç–≤–æ –Ω–µ–ø—Ä–µ—Ä—ã–≤–Ω—ã—Ö...

You may provide a definition with
\DeclareUnicodeCharacter 


! Package inputenc Error: Unicode character —Å (U+0441)
(inputenc)                not set up for use with LaTeX.

See the inputenc package documentation for explanation.
Type  H <return>  for immediate help.
 ...                                              
                                                  
l.2 \section{–õ–µ–∫—Ü–∏—è 1. –ü—Ä–æ—Å
                                     —Ç—Ä–∞–Ω—Å—Ç–≤–æ –Ω–µ–ø—Ä–µ—Ä—ã–≤–Ω—ã—Ö...

You may provide a definition with
\DeclareUnicodeCharacter 


! Package inputenc Error: Unicode character —Ç (U+0442)
(inputenc)                not set up for use with LaTeX.

See the inputenc package documentation for explanation.
Type  H <return>  for immediate help.
 ...                                              
                                                  
l.2 \section{–õ–µ–∫—Ü–∏—è 1. –ü—Ä–æ—Å—Ç
                                       —Ä–∞–Ω—Å—Ç–≤–æ –Ω–µ–ø—Ä–µ—Ä—ã–≤–Ω—ã—Ö...

You may provide a definition with
\DeclareUnicodeCharacter 


! Package inputenc Error: Unicode character —Ä (U+0440)
(inputenc)                not set up for use with LaTeX.

See the inputenc package documentation for explanation.
Type  H <return>  for immediate help.
 ...                                              
                                                  
l.2 \section{–õ–µ–∫—Ü–∏—è 1. –ü—Ä–æ—Å—Ç—Ä
                                         –∞–Ω—Å—Ç–≤–æ –Ω–µ–ø—Ä–µ—Ä—ã–≤–Ω—ã—Ö...

You may provide a definition with
\DeclareUnicodeCharacter 


! Package inputenc Error: Unicode character –∞ (U+0430)
(inputenc)                not set up for use with LaTeX.

See the inputenc package documentation for explanation.
Type  H <return>  for immediate help.
 ...                                              
                                                  
l.2 \section{–õ–µ–∫—Ü–∏—è 1. –ü—Ä–æ—Å—Ç—Ä–∞
                                           –Ω—Å—Ç–≤–æ –Ω–µ–ø—Ä–µ—Ä—ã–≤–Ω—ã—Ö...

You may provide a definition with
\DeclareUnicodeCharacter 


! Package inputenc Error: Unicode character –Ω (U+043D)
(inputenc)                not set up for use with LaTeX.

See the inputenc package documentation for explanation.
Type  H <return>  for immediate help.
 ...                                              
                                                  
l.2 \section{–õ–µ–∫—Ü–∏—è 1. –ü—Ä–æ—Å—Ç—Ä–∞–Ω
                                             —Å—Ç–≤–æ –Ω–µ–ø—Ä–µ—Ä—ã–≤–Ω—ã—Ö...

You may provide a definition with
\DeclareUnicodeCharacter 


! Package inputenc Error: Unicode character —Å (U+0441)
(inputenc)                not set up for use with LaTeX.

See the inputenc package documentation for explanation.
Type  H <return>  for immediate help.
 ...                                              
                                                  
l.2 \section{–õ–µ–∫—Ü–∏—è 1. –ü—Ä–æ—Å—Ç—Ä–∞–Ω—Å
                                               —Ç–≤–æ –Ω–µ–ø—Ä–µ—Ä—ã–≤–Ω—ã—Ö...

You may provide a definition with
\DeclareUnicodeCharacter 


! Package inputenc Error: Unicode character —Ç (U+0442)
(inputenc)                not set up for use with LaTeX.

See the inputenc package documentation for explanation.
Type  H <return>  for immediate help.
 ...                                              
                                                  
l.2 \section{–õ–µ–∫—Ü–∏—è 1. –ü—Ä–æ—Å—Ç—Ä–∞–Ω—Å—Ç
                                                 –≤–æ –Ω–µ–ø—Ä–µ—Ä—ã–≤–Ω—ã—Ö...

You may provide a definition with
\DeclareUnicodeCharacter 


! Package inputenc Error: Unicode character –≤ (U+0432)
(inputenc)                not set up for use with LaTeX.

See the inputenc package documentation for explanation.
Type  H <return>  for immediate help.
 ...                                              
                                                  
l.2 ...tion{–õ–µ–∫—Ü–∏—è 1. –ü—Ä–æ—Å—Ç—Ä–∞–Ω—Å—Ç–≤
                                                  –æ –Ω–µ–ø—Ä–µ—Ä—ã–≤–Ω—ã—Ö ...

You may provide a definition with
\DeclareUnicodeCharacter 


! Package inputenc Error: Unicode character –æ (U+043E)
(inputenc)                not set up for use with LaTeX.

See the inputenc package documentation for explanation.
Type  H <return>  for immediate help.
 ...                                              
                                                  
l.2 ...on{–õ–µ–∫—Ü–∏—è 1. –ü—Ä–æ—Å—Ç—Ä–∞–Ω—Å—Ç–≤–æ
                                                   –Ω–µ–ø—Ä–µ—Ä—ã–≤–Ω—ã—Ö –ª...

You may provide a definition with
\DeclareUnicodeCharacter 


! Package inputenc Error: Unicode character –Ω (U+043D)
(inputenc)                not set up for use with LaTeX.

See the inputenc package documentation for explanation.
Type  H <return>  for immediate help.
 ...                                              
                                                  
l.2 ...–õ–µ–∫—Ü–∏—è 1. –ü—Ä–æ—Å—Ç—Ä–∞–Ω—Å—Ç–≤–æ –Ω
                                                  –µ–ø—Ä–µ—Ä—ã–≤–Ω—ã—Ö –ª–∏–...

You may provide a definition with
\DeclareUnicodeCharacter 


! Package inputenc Error: Unicode character –µ (U+0435)
(inputenc)                not set up for use with LaTeX.

See the inputenc package documentation for explanation.
Type  H <return>  for immediate help.
 ...                                              
                                                  
l.2 ...–µ–∫—Ü–∏—è 1. –ü—Ä–æ—Å—Ç—Ä–∞–Ω—Å—Ç–≤–æ –Ω–µ
                                                  –ø—Ä–µ—Ä—ã–≤–Ω—ã—Ö –ª–∏–Ω–...

You may provide a definition with
\DeclareUnicodeCharacter 


! Package inputenc Error: Unicode character –ø (U+043F)
(inputenc)                not set up for use with LaTeX.

See the inputenc package documentation for explanation.
Type  H <return>  for immediate help.
 ...                                              
                                                  
l.2 ...–∫—Ü–∏—è 1. –ü—Ä–æ—Å—Ç—Ä–∞–Ω—Å—Ç–≤–æ –Ω–µ–ø
                                                  —Ä–µ—Ä—ã–≤–Ω—ã—Ö –ª–∏–Ω–µ–...

You may provide a definition with
\DeclareUnicodeCharacter 


! Package inputenc Error: Unicode character —Ä (U+0440)
(inputenc)                not set up for use with LaTeX.

See the inputenc package documentation for explanation.
Type  H <return>  for immediate help.
 ...                                              
                                                  
l.2 ...—Ü–∏—è 1. –ü—Ä–æ—Å—Ç—Ä–∞–Ω—Å—Ç–≤–æ –Ω–µ–ø—Ä
                                                  –µ—Ä—ã–≤–Ω—ã—Ö –ª–∏–Ω–µ–π–...

You may provide a definition with
\DeclareUnicodeCharacter 


! Package inputenc Error: Unicode character –µ (U+0435)
(inputenc)                not set up for use with LaTeX.

See the inputenc package documentation for explanation.
Type  H <return>  for immediate help.
 ...                                              
                                                  
l.2 ...–∏—è 1. –ü—Ä–æ—Å—Ç—Ä–∞–Ω—Å—Ç–≤–æ –Ω–µ–ø—Ä–µ
                                                  —Ä—ã–≤–Ω—ã—Ö –ª–∏–Ω–µ–π–Ω—...

You may provide a definition with
\DeclareUnicodeCharacter 


! Package inputenc Error: Unicode character —Ä (U+0440)
(inputenc)                not set up for use with LaTeX.

See the inputenc package documentation for explanation.
Type  H <return>  for immediate help.
 ...                                              
                                                  
l.2 ...—è 1. –ü—Ä–æ—Å—Ç—Ä–∞–Ω—Å—Ç–≤–æ –Ω–µ–ø—Ä–µ—Ä
                                                  —ã–≤–Ω—ã—Ö –ª–∏–Ω–µ–π–Ω—ã—...

You may provide a definition with
\DeclareUnicodeCharacter 


! Package inputenc Error: Unicode character —ã (U+044B)
(inputenc)                not set up for use with LaTeX.

See the inputenc package documentation for explanation.
Type  H <return>  for immediate help.
 ...                                              
                                                  
l.2 ... 1. –ü—Ä–æ—Å—Ç—Ä–∞–Ω—Å—Ç–≤–æ –Ω–µ–ø—Ä–µ—Ä—ã
                                                  –≤–Ω—ã—Ö –ª–∏–Ω–µ–π–Ω—ã—Ö ...

You may provide a definition with
\DeclareUnicodeCharacter 


! Package inputenc Error: Unicode character –≤ (U+0432)
(inputenc)                not set up for use with LaTeX.

See the inputenc package documentation for explanation.
Type  H <return>  for immediate help.
 ...                                              
                                                  
l.2 .... –ü—Ä–æ—Å—Ç—Ä–∞–Ω—Å—Ç–≤–æ –Ω–µ–ø—Ä–µ—Ä—ã–≤
                                                  –Ω—ã—Ö –ª–∏–Ω–µ–π–Ω—ã—Ö –æ...

You may provide a definition with
\DeclareUnicodeCharacter 


! Package inputenc Error: Unicode character –Ω (U+043D)
(inputenc)                not set up for use with LaTeX.

See the inputenc package documentation for explanation.
Type  H <return>  for immediate help.
 ...                                              
                                                  
l.2 ...–ü—Ä–æ—Å—Ç—Ä–∞–Ω—Å—Ç–≤–æ –Ω–µ–ø—Ä–µ—Ä—ã–≤–Ω
                                                  —ã—Ö –ª–∏–Ω–µ–π–Ω—ã—Ö –æ–ø...

You may provide a definition with
\DeclareUnicodeCharacter 


! Package inputenc Error: Unicode character —ã (U+044B)
(inputenc)                not set up for use with LaTeX.

See the inputenc package documentation for explanation.
Type  H <return>  for immediate help.
 ...                                              
                                                  
l.2 ...—Ä–æ—Å—Ç—Ä–∞–Ω—Å—Ç–≤–æ –Ω–µ–ø—Ä–µ—Ä—ã–≤–Ω—ã
                                                  —Ö –ª–∏–Ω–µ–π–Ω—ã—Ö –æ–ø–µ...

You may provide a definition with
\DeclareUnicodeCharacter 


! Package inputenc Error: Unicode character —Ö (U+0445)
(inputenc)                not set up for use with LaTeX.

See the inputenc package documentation for explanation.
Type  H <return>  for immediate help.
 ...                                              
                                                  
l.2 ...–æ—Å—Ç—Ä–∞–Ω—Å—Ç–≤–æ –Ω–µ–ø—Ä–µ—Ä—ã–≤–Ω—ã—Ö
                                                   –ª–∏–Ω–µ–π–Ω—ã—Ö –æ–ø–µ—Ä...

You may provide a definition with
\DeclareUnicodeCharacter 


! Package inputenc Error: Unicode character –ª (U+043B)
(inputenc)                not set up for use with LaTeX.

See the inputenc package documentation for explanation.
Type  H <return>  for immediate help.
 ...                                              
                                                  
l.2 ...Å—Ç—Ä–∞–Ω—Å—Ç–≤–æ –Ω–µ–ø—Ä–µ—Ä—ã–≤–Ω—ã—Ö –ª
                                                  –∏–Ω–µ–π–Ω—ã—Ö –æ–ø–µ—Ä–∞—...

You may provide a definition with
\DeclareUnicodeCharacter 


! Package inputenc Error: Unicode character –∏ (U+0438)
(inputenc)                not set up for use with LaTeX.

See the inputenc package documentation for explanation.
Type  H <return>  for immediate help.
 ...                                              
                                                  
l.2 ...Ç—Ä–∞–Ω—Å—Ç–≤–æ –Ω–µ–ø—Ä–µ—Ä—ã–≤–Ω—ã—Ö –ª–∏
                                                  –Ω–µ–π–Ω—ã—Ö –æ–ø–µ—Ä–∞—Ç–...

You may provide a definition with
\DeclareUnicodeCharacter 


! Package inputenc Error: Unicode character –Ω (U+043D)
(inputenc)                not set up for use with LaTeX.

See the inputenc package documentation for explanation.
Type  H <return>  for immediate help.
 ...                                              
                                                  
l.2 ...Ä–∞–Ω—Å—Ç–≤–æ –Ω–µ–ø—Ä–µ—Ä—ã–≤–Ω—ã—Ö –ª–∏–Ω
                                                  –µ–π–Ω—ã—Ö –æ–ø–µ—Ä–∞—Ç–æ—...

You may provide a definition with
\DeclareUnicodeCharacter 


! Package inputenc Error: Unicode character –µ (U+0435)
(inputenc)                not set up for use with LaTeX.

See the inputenc package documentation for explanation.
Type  H <return>  for immediate help.
 ...                                              
                                                  
l.2 ...∞–Ω—Å—Ç–≤–æ –Ω–µ–ø—Ä–µ—Ä—ã–≤–Ω—ã—Ö –ª–∏–Ω–µ
                                                  –π–Ω—ã—Ö –æ–ø–µ—Ä–∞—Ç–æ—Ä–...

You may provide a definition with
\DeclareUnicodeCharacter 


! Package inputenc Error: Unicode character –π (U+0439)
(inputenc)                not set up for use with LaTeX.

See the inputenc package documentation for explanation.
Type  H <return>  for immediate help.
 ...                                              
                                                  
l.2 ...Ω—Å—Ç–≤–æ –Ω–µ–ø—Ä–µ—Ä—ã–≤–Ω—ã—Ö –ª–∏–Ω–µ–π
                                                  –Ω—ã—Ö –æ–ø–µ—Ä–∞—Ç–æ—Ä–æ–...

You may provide a definition with
\DeclareUnicodeCharacter 


! Package inputenc Error: Unicode character –Ω (U+043D)
(inputenc)                not set up for use with LaTeX.

See the inputenc package documentation for explanation.
Type  H <return>  for immediate help.
 ...                                              
                                                  
l.2 ...Å—Ç–≤–æ –Ω–µ–ø—Ä–µ—Ä—ã–≤–Ω—ã—Ö –ª–∏–Ω–µ–π–Ω
                                                  —ã—Ö –æ–ø–µ—Ä–∞—Ç–æ—Ä–æ–≤,...

You may provide a definition with
\DeclareUnicodeCharacter 


! Package inputenc Error: Unicode character —ã (U+044B)
(inputenc)                not set up for use with LaTeX.

See the inputenc package documentation for explanation.
Type  H <return>  for immediate help.
 ...                                              
                                                  
l.2 ...Ç–≤–æ –Ω–µ–ø—Ä–µ—Ä—ã–≤–Ω—ã—Ö –ª–∏–Ω–µ–π–Ω—ã
                                                  —Ö –æ–ø–µ—Ä–∞—Ç–æ—Ä–æ–≤, —...

You may provide a definition with
\DeclareUnicodeCharacter 


! Package inputenc Error: Unicode character —Ö (U+0445)
(inputenc)                not set up for use with LaTeX.

See the inputenc package documentation for explanation.
Type  H <return>  for immediate help.
 ...                                              
                                                  
l.2 ...≤–æ –Ω–µ–ø—Ä–µ—Ä—ã–≤–Ω—ã—Ö –ª–∏–Ω–µ–π–Ω—ã—Ö
                                                   –æ–ø–µ—Ä–∞—Ç–æ—Ä–æ–≤, —Å–...

You may provide a definition with
\DeclareUnicodeCharacter 


! Package inputenc Error: Unicode character –æ (U+043E)
(inputenc)                not set up for use with LaTeX.

See the inputenc package documentation for explanation.
Type  H <return>  for immediate help.
 ...                                              
                                                  
l.2 ... –Ω–µ–ø—Ä–µ—Ä—ã–≤–Ω—ã—Ö –ª–∏–Ω–µ–π–Ω—ã—Ö –æ
                                                  –ø–µ—Ä–∞—Ç–æ—Ä–æ–≤, —Å–æ–ø...

You may provide a definition with
\DeclareUnicodeCharacter 


! Package inputenc Error: Unicode character –ø (U+043F)
(inputenc)                not set up for use with LaTeX.

See the inputenc package documentation for explanation.
Type  H <return>  for immediate help.
 ...                                              
                                                  
l.2 ...Ω–µ–ø—Ä–µ—Ä—ã–≤–Ω—ã—Ö –ª–∏–Ω–µ–π–Ω—ã—Ö –æ–ø
                                                  –µ—Ä–∞—Ç–æ—Ä–æ–≤, —Å–æ–ø—Ä...

You may provide a definition with
\DeclareUnicodeCharacter 


! Package inputenc Error: Unicode character –µ (U+0435)
(inputenc)                not set up for use with LaTeX.

See the inputenc package documentation for explanation.
Type  H <return>  for immediate help.
 ...                                              
                                                  
l.2 ...µ–ø—Ä–µ—Ä—ã–≤–Ω—ã—Ö –ª–∏–Ω–µ–π–Ω—ã—Ö –æ–ø–µ
                                                  —Ä–∞—Ç–æ—Ä–æ–≤, —Å–æ–ø—Ä—è...

You may provide a definition with
\DeclareUnicodeCharacter 


! Package inputenc Error: Unicode character —Ä (U+0440)
(inputenc)                not set up for use with LaTeX.

See the inputenc package documentation for explanation.
Type  H <return>  for immediate help.
 ...                                              
                                                  
l.2 ...ø—Ä–µ—Ä—ã–≤–Ω—ã—Ö –ª–∏–Ω–µ–π–Ω—ã—Ö –æ–ø–µ—Ä
                                                  –∞—Ç–æ—Ä–æ–≤, —Å–æ–ø—Ä—è–∂...

You may provide a definition with
\DeclareUnicodeCharacter 


! Package inputenc Error: Unicode character –∞ (U+0430)
(inputenc)                not set up for use with LaTeX.

See the inputenc package documentation for explanation.
Type  H <return>  for immediate help.
 ...                                              
                                                  
l.2 ...Ä–µ—Ä—ã–≤–Ω—ã—Ö –ª–∏–Ω–µ–π–Ω—ã—Ö –æ–ø–µ—Ä–∞
                                                  —Ç–æ—Ä–æ–≤, —Å–æ–ø—Ä—è–∂–µ...

You may provide a definition with
\DeclareUnicodeCharacter 


! Package inputenc Error: Unicode character —Ç (U+0442)
(inputenc)                not set up for use with LaTeX.

See the inputenc package documentation for explanation.
Type  H <return>  for immediate help.
 ...                                              
                                                  
l.2 ...µ—Ä—ã–≤–Ω—ã—Ö –ª–∏–Ω–µ–π–Ω—ã—Ö –æ–ø–µ—Ä–∞—Ç
                                                  –æ—Ä–æ–≤, —Å–æ–ø—Ä—è–∂–µ–Ω...

You may provide a definition with
\DeclareUnicodeCharacter 


! Package inputenc Error: Unicode character –æ (U+043E)
(inputenc)                not set up for use with LaTeX.

See the inputenc package documentation for explanation.
Type  H <return>  for immediate help.
 ...                                              
                                                  
l.2 ...Ä—ã–≤–Ω—ã—Ö –ª–∏–Ω–µ–π–Ω—ã—Ö –æ–ø–µ—Ä–∞—Ç–æ
                                                  —Ä–æ–≤, —Å–æ–ø—Ä—è–∂–µ–Ω–Ω...

You may provide a definition with
\DeclareUnicodeCharacter 


! Package inputenc Error: Unicode character —Ä (U+0440)
(inputenc)                not set up for use with LaTeX.

See the inputenc package documentation for explanation.
Type  H <return>  for immediate help.
 ...                                              
                                                  
l.2 ...ã–≤–Ω—ã—Ö –ª–∏–Ω–µ–π–Ω—ã—Ö –æ–ø–µ—Ä–∞—Ç–æ—Ä
                                                  –æ–≤, —Å–æ–ø—Ä—è–∂–µ–Ω–Ω–æ...

You may provide a definition with
\DeclareUnicodeCharacter 


! Package inputenc Error: Unicode character –æ (U+043E)
(inputenc)                not set up for use with LaTeX.

See the inputenc package documentation for explanation.
Type  H <return>  for immediate help.
 ...                                              
                                                  
l.2 ...≤–Ω—ã—Ö –ª–∏–Ω–µ–π–Ω—ã—Ö –æ–ø–µ—Ä–∞—Ç–æ—Ä–æ
                                                  –≤, —Å–æ–ø—Ä—è–∂–µ–Ω–Ω–æ–µ...

You may provide a definition with
\DeclareUnicodeCharacter 


! Package inputenc Error: Unicode character –≤ (U+0432)
(inputenc)                not set up for use with LaTeX.

See the inputenc package documentation for explanation.
Type  H <return>  for immediate help.
 ...                                              
                                                  
l.2 ...Ω—ã—Ö –ª–∏–Ω–µ–π–Ω—ã—Ö –æ–ø–µ—Ä–∞—Ç–æ—Ä–æ–≤
                                                  , —Å–æ–ø—Ä—è–∂–µ–Ω–Ω–æ–µ –...

You may provide a definition with
\DeclareUnicodeCharacter 

Missing character: There is no , in font nullfont!

! Package inputenc Error: Unicode character —Å (U+0441)
(inputenc)                not set up for use with LaTeX.

See the inputenc package documentation for explanation.
Type  H <return>  for immediate help.
 ...                                              
                                                  
l.2 ...Ö –ª–∏–Ω–µ–π–Ω—ã—Ö –æ–ø–µ—Ä–∞—Ç–æ—Ä–æ–≤, —Å
                                                  –æ–ø—Ä—è–∂–µ–Ω–Ω–æ–µ –ø—Ä–...

You may provide a definition with
\DeclareUnicodeCharacter 


! Package inputenc Error: Unicode character –æ (U+043E)
(inputenc)                not set up for use with LaTeX.

See the inputenc package documentation for explanation.
Type  H <return>  for immediate help.
 ...                                              
                                                  
l.2 ...–ª–∏–Ω–µ–π–Ω—ã—Ö –æ–ø–µ—Ä–∞—Ç–æ—Ä–æ–≤, —Å–æ
                                                  –ø—Ä—è–∂–µ–Ω–Ω–æ–µ –ø—Ä–æ—...

You may provide a definition with
\DeclareUnicodeCharacter 


! Package inputenc Error: Unicode character –ø (U+043F)
(inputenc)                not set up for use with LaTeX.

See the inputenc package documentation for explanation.
Type  H <return>  for immediate help.
 ...                                              
                                                  
l.2 ...–∏–Ω–µ–π–Ω—ã—Ö –æ–ø–µ—Ä–∞—Ç–æ—Ä–æ–≤, —Å–æ–ø
                                                  —Ä—è–∂–µ–Ω–Ω–æ–µ –ø—Ä–æ—Å—...

You may provide a definition with
\DeclareUnicodeCharacter 


! Package inputenc Error: Unicode character —Ä (U+0440)
(inputenc)                not set up for use with LaTeX.

See the inputenc package documentation for explanation.
Type  H <return>  for immediate help.
 ...                                              
                                                  
l.2 ...–Ω–µ–π–Ω—ã—Ö –æ–ø–µ—Ä–∞—Ç–æ—Ä–æ–≤, —Å–æ–ø—Ä
                                                  —è–∂–µ–Ω–Ω–æ–µ –ø—Ä–æ—Å—Ç—...

You may provide a definition with
\DeclareUnicodeCharacter 


! Package inputenc Error: Unicode character —è (U+044F)
(inputenc)                not set up for use with LaTeX.

See the inputenc package documentation for explanation.
Type  H <return>  for immediate help.
 ...                                              
                                                  
l.2 ...–µ–π–Ω—ã—Ö –æ–ø–µ—Ä–∞—Ç–æ—Ä–æ–≤, —Å–æ–ø—Ä—è
                                                  –∂–µ–Ω–Ω–æ–µ –ø—Ä–æ—Å—Ç—Ä–...

You may provide a definition with
\DeclareUnicodeCharacter 


! Package inputenc Error: Unicode character –∂ (U+0436)
(inputenc)                not set up for use with LaTeX.

See the inputenc package documentation for explanation.
Type  H <return>  for immediate help.
 ...                                              
                                                  
l.2 ...–π–Ω—ã—Ö –æ–ø–µ—Ä–∞—Ç–æ—Ä–æ–≤, —Å–æ–ø—Ä—è–∂
                                                  –µ–Ω–Ω–æ–µ –ø—Ä–æ—Å—Ç—Ä–∞–...

You may provide a definition with
\DeclareUnicodeCharacter 


! Package inputenc Error: Unicode character –µ (U+0435)
(inputenc)                not set up for use with LaTeX.

See the inputenc package documentation for explanation.
Type  H <return>  for immediate help.
 ...                                              
                                                  
l.2 ...–Ω—ã—Ö –æ–ø–µ—Ä–∞—Ç–æ—Ä–æ–≤, —Å–æ–ø—Ä—è–∂–µ
                                                  –Ω–Ω–æ–µ –ø—Ä–æ—Å—Ç—Ä–∞–Ω—...

You may provide a definition with
\DeclareUnicodeCharacter 


! Package inputenc Error: Unicode character –Ω (U+043D)
(inputenc)                not set up for use with LaTeX.

See the inputenc package documentation for explanation.
Type  H <return>  for immediate help.
 ...                                              
                                                  
l.2 ...—ã—Ö –æ–ø–µ—Ä–∞—Ç–æ—Ä–æ–≤, —Å–æ–ø—Ä—è–∂–µ–Ω
                                                  –Ω–æ–µ –ø—Ä–æ—Å—Ç—Ä–∞–Ω—Å—...

You may provide a definition with
\DeclareUnicodeCharacter 


! Package inputenc Error: Unicode character –Ω (U+043D)
(inputenc)                not set up for use with LaTeX.

See the inputenc package documentation for explanation.
Type  H <return>  for immediate help.
 ...                                              
                                                  
l.2 ...—Ö –æ–ø–µ—Ä–∞—Ç–æ—Ä–æ–≤, —Å–æ–ø—Ä—è–∂–µ–Ω–Ω
                                                  –æ–µ –ø—Ä–æ—Å—Ç—Ä–∞–Ω—Å—Ç–...

You may provide a definition with
\DeclareUnicodeCharacter 


! Package inputenc Error: Unicode character –æ (U+043E)
(inputenc)                not set up for use with LaTeX.

See the inputenc package documentation for explanation.
Type  H <return>  for immediate help.
 ...                                              
                                                  
l.2 ... –æ–ø–µ—Ä–∞—Ç–æ—Ä–æ–≤, —Å–æ–ø—Ä—è–∂–µ–Ω–Ω–æ
                                                  –µ –ø—Ä–æ—Å—Ç—Ä–∞–Ω—Å—Ç–≤–...

You may provide a definition with
\DeclareUnicodeCharacter 


! Package inputenc Error: Unicode character –µ (U+0435)
(inputenc)                not set up for use with LaTeX.

See the inputenc package documentation for explanation.
Type  H <return>  for immediate help.
 ...                                              
                                                  
l.2 ...æ–ø–µ—Ä–∞—Ç–æ—Ä–æ–≤, —Å–æ–ø—Ä—è–∂–µ–Ω–Ω–æ–µ
                                                   –ø—Ä–æ—Å—Ç—Ä–∞–Ω—Å—Ç–≤–æ,...

You may provide a definition with
\DeclareUnicodeCharacter 


! Package inputenc Error: Unicode character –ø (U+043F)
(inputenc)                not set up for use with LaTeX.

See the inputenc package documentation for explanation.
Type  H <return>  for immediate help.
 ...                                              
                                                  
l.2 ...–µ—Ä–∞—Ç–æ—Ä–æ–≤, —Å–æ–ø—Ä—è–∂–µ–Ω–Ω–æ–µ –ø
                                                  —Ä–æ—Å—Ç—Ä–∞–Ω—Å—Ç–≤–æ, —Ç...

You may provide a definition with
\DeclareUnicodeCharacter 


! Package inputenc Error: Unicode character —Ä (U+0440)
(inputenc)                not set up for use with LaTeX.

See the inputenc package documentation for explanation.
Type  H <return>  for immediate help.
 ...                                              
                                                  
l.2 ...—Ä–∞—Ç–æ—Ä–æ–≤, —Å–æ–ø—Ä—è–∂–µ–Ω–Ω–æ–µ –ø—Ä
                                                  –æ—Å—Ç—Ä–∞–Ω—Å—Ç–≤–æ, —Ç–µ...

You may provide a definition with
\DeclareUnicodeCharacter 


! Package inputenc Error: Unicode character –æ (U+043E)
(inputenc)                not set up for use with LaTeX.

See the inputenc package documentation for explanation.
Type  H <return>  for immediate help.
 ...                                              
                                                  
l.2 ...–∞—Ç–æ—Ä–æ–≤, —Å–æ–ø—Ä—è–∂–µ–Ω–Ω–æ–µ –ø—Ä–æ
                                                  —Å—Ç—Ä–∞–Ω—Å—Ç–≤–æ, —Ç–µ–æ...

You may provide a definition with
\DeclareUnicodeCharacter 


! Package inputenc Error: Unicode character —Å (U+0441)
(inputenc)                not set up for use with LaTeX.

See the inputenc package documentation for explanation.
Type  H <return>  for immediate help.
 ...                                              
                                                  
l.2 ...—Ç–æ—Ä–æ–≤, —Å–æ–ø—Ä—è–∂–µ–Ω–Ω–æ–µ –ø—Ä–æ—Å
                                                  —Ç—Ä–∞–Ω—Å—Ç–≤–æ, —Ç–µ–æ—Ä...

You may provide a definition with
\DeclareUnicodeCharacter 


! Package inputenc Error: Unicode character —Ç (U+0442)
(inputenc)                not set up for use with LaTeX.

See the inputenc package documentation for explanation.
Type  H <return>  for immediate help.
 ...                                              
                                                  
l.2 ...–æ—Ä–æ–≤, —Å–æ–ø—Ä—è–∂–µ–Ω–Ω–æ–µ –ø—Ä–æ—Å—Ç
                                                  —Ä–∞–Ω—Å—Ç–≤–æ, —Ç–µ–æ—Ä–µ...

You may provide a definition with
\DeclareUnicodeCharacter 


! Package inputenc Error: Unicode character —Ä (U+0440)
(inputenc)                not set up for use with LaTeX.

See the inputenc package documentation for explanation.
Type  H <return>  for immediate help.
 ...                                              
                                                  
l.2 ...—Ä–æ–≤, —Å–æ–ø—Ä—è–∂–µ–Ω–Ω–æ–µ –ø—Ä–æ—Å—Ç—Ä
                                                  –∞–Ω—Å—Ç–≤–æ, —Ç–µ–æ—Ä–µ–º...

You may provide a definition with
\DeclareUnicodeCharacter 


! Package inputenc Error: Unicode character –∞ (U+0430)
(inputenc)                not set up for use with LaTeX.

See the inputenc package documentation for explanation.
Type  H <return>  for immediate help.
 ...                                              
                                                  
l.2 ...–æ–≤, —Å–æ–ø—Ä—è–∂–µ–Ω–Ω–æ–µ –ø—Ä–æ—Å—Ç—Ä–∞
                                                  –Ω—Å—Ç–≤–æ, —Ç–µ–æ—Ä–µ–º–∞...

You may provide a definition with
\DeclareUnicodeCharacter 


! Package inputenc Error: Unicode character –Ω (U+043D)
(inputenc)                not set up for use with LaTeX.

See the inputenc package documentation for explanation.
Type  H <return>  for immediate help.
 ...                                              
                                                  
l.2 ...–≤, —Å–æ–ø—Ä—è–∂–µ–Ω–Ω–æ–µ –ø—Ä–æ—Å—Ç—Ä–∞–Ω
                                                  —Å—Ç–≤–æ, —Ç–µ–æ—Ä–µ–º–∞ –...

You may provide a definition with
\DeclareUnicodeCharacter 


! Package inputenc Error: Unicode character —Å (U+0441)
(inputenc)                not set up for use with LaTeX.

See the inputenc package documentation for explanation.
Type  H <return>  for immediate help.
 ...                                              
                                                  
l.2 ..., —Å–æ–ø—Ä—è–∂–µ–Ω–Ω–æ–µ –ø—Ä–æ—Å—Ç—Ä–∞–Ω—Å
                                                  —Ç–≤–æ, —Ç–µ–æ—Ä–µ–º–∞ –•–...

You may provide a definition with
\DeclareUnicodeCharacter 


! Package inputenc Error: Unicode character —Ç (U+0442)
(inputenc)                not set up for use with LaTeX.

See the inputenc package documentation for explanation.
Type  H <return>  for immediate help.
 ...                                              
                                                  
l.2 ...—Å–æ–ø—Ä—è–∂–µ–Ω–Ω–æ–µ –ø—Ä–æ—Å—Ç—Ä–∞–Ω—Å—Ç
                                                  –≤–æ, —Ç–µ–æ—Ä–µ–º–∞ –•–∞–...

You may provide a definition with
\DeclareUnicodeCharacter 


! Package inputenc Error: Unicode character –≤ (U+0432)
(inputenc)                not set up for use with LaTeX.

See the inputenc package documentation for explanation.
Type  H <return>  for immediate help.
 ...                                              
                                                  
l.2 ...–æ–ø—Ä—è–∂–µ–Ω–Ω–æ–µ –ø—Ä–æ—Å—Ç—Ä–∞–Ω—Å—Ç–≤
                                                  –æ, —Ç–µ–æ—Ä–µ–º–∞ –•–∞–Ω–...

You may provide a definition with
\DeclareUnicodeCharacter 


! Package inputenc Error: Unicode character –æ (U+043E)
(inputenc)                not set up for use with LaTeX.

See the inputenc package documentation for explanation.
Type  H <return>  for immediate help.
 ...                                              
                                                  
l.2 ...–ø—Ä—è–∂–µ–Ω–Ω–æ–µ –ø—Ä–æ—Å—Ç—Ä–∞–Ω—Å—Ç–≤–æ
                                                  , —Ç–µ–æ—Ä–µ–º–∞ –•–∞–Ω–∞-...

You may provide a definition with
\DeclareUnicodeCharacter 

Missing character: There is no , in font nullfont!

! Package inputenc Error: Unicode character —Ç (U+0442)
(inputenc)                not set up for use with LaTeX.

See the inputenc package documentation for explanation.
Type  H <return>  for immediate help.
 ...                                              
                                                  
l.2 ...—è–∂–µ–Ω–Ω–æ–µ –ø—Ä–æ—Å—Ç—Ä–∞–Ω—Å—Ç–≤–æ, —Ç
                                                  –µ–æ—Ä–µ–º–∞ –•–∞–Ω–∞-–ë–∞...

You may provide a definition with
\DeclareUnicodeCharacter 


! Package inputenc Error: Unicode character –µ (U+0435)
(inputenc)                not set up for use with LaTeX.

See the inputenc package documentation for explanation.
Type  H <return>  for immediate help.
 ...                                              
                                                  
l.2 ...–∂–µ–Ω–Ω–æ–µ –ø—Ä–æ—Å—Ç—Ä–∞–Ω—Å—Ç–≤–æ, —Ç–µ
                                                  –æ—Ä–µ–º–∞ –•–∞–Ω–∞-–ë–∞–Ω...

You may provide a definition with
\DeclareUnicodeCharacter 


! Package inputenc Error: Unicode character –æ (U+043E)
(inputenc)                not set up for use with LaTeX.

See the inputenc package documentation for explanation.
Type  H <return>  for immediate help.
 ...                                              
                                                  
l.2 ...–µ–Ω–Ω–æ–µ –ø—Ä–æ—Å—Ç—Ä–∞–Ω—Å—Ç–≤–æ, —Ç–µ–æ
                                                  —Ä–µ–º–∞ –•–∞–Ω–∞-–ë–∞–Ω–∞...

You may provide a definition with
\DeclareUnicodeCharacter 


! Package inputenc Error: Unicode character —Ä (U+0440)
(inputenc)                not set up for use with LaTeX.

See the inputenc package documentation for explanation.
Type  H <return>  for immediate help.
 ...                                              
                                                  
l.2 ...–Ω–Ω–æ–µ –ø—Ä–æ—Å—Ç—Ä–∞–Ω—Å—Ç–≤–æ, —Ç–µ–æ—Ä
                                                  –µ–º–∞ –•–∞–Ω–∞-–ë–∞–Ω–∞—Ö–∞}

You may provide a definition with
\DeclareUnicodeCharacter 


! Package inputenc Error: Unicode character –µ (U+0435)
(inputenc)                not set up for use with LaTeX.

See the inputenc package documentation for explanation.
Type  H <return>  for immediate help.
 ...                                              
                                                  
l.2 ...–Ω–æ–µ –ø—Ä–æ—Å—Ç—Ä–∞–Ω—Å—Ç–≤–æ, —Ç–µ–æ—Ä–µ
                                                  –º–∞ –•–∞–Ω–∞-–ë–∞–Ω–∞—Ö–∞}
You may provide a definition with
\DeclareUnicodeCharacter 


! Package inputenc Error: Unicode character –º (U+043C)
(inputenc)                not set up for use with LaTeX.

See the inputenc package documentation for explanation.
Type  H <return>  for immediate help.
 ...                                              
                                                  
l.2 ...–æ–µ –ø—Ä–æ—Å—Ç—Ä–∞–Ω—Å—Ç–≤–æ, —Ç–µ–æ—Ä–µ–º
                                                  –∞ –•–∞–Ω–∞-–ë–∞–Ω–∞—Ö–∞}
You may provide a definition with
\DeclareUnicodeCharacter 


! Package inputenc Error: Unicode character –∞ (U+0430)
(inputenc)                not set up for use with LaTeX.

See the inputenc package documentation for explanation.
Type  H <return>  for immediate help.
 ...                                              
                                                  
l.2 ...–µ –ø—Ä–æ—Å—Ç—Ä–∞–Ω—Å—Ç–≤–æ, —Ç–µ–æ—Ä–µ–º–∞
                                                   –•–∞–Ω–∞-–ë–∞–Ω–∞—Ö–∞}
You may provide a definition with
\DeclareUnicodeCharacter 


! Package inputenc Error: Unicode character –• (U+0425)
(inputenc)                not set up for use with LaTeX.

See the inputenc package documentation for explanation.
Type  H <return>  for immediate help.
 ...                                              
                                                  
l.2 ...–ø—Ä–æ—Å—Ç—Ä–∞–Ω—Å—Ç–≤–æ, —Ç–µ–æ—Ä–µ–º–∞ –•
                                                  –∞–Ω–∞-–ë–∞–Ω–∞—Ö–∞}
You may provide a definition with
\DeclareUnicodeCharacter 


! Package inputenc Error: Unicode character –∞ (U+0430)
(inputenc)                not set up for use with LaTeX.

See the inputenc package documentation for explanation.
Type  H <return>  for immediate help.
 ...                                              
                                                  
l.2 ...—Ä–æ—Å—Ç—Ä–∞–Ω—Å—Ç–≤–æ, —Ç–µ–æ—Ä–µ–º–∞ –•–∞
                                                  –Ω–∞-–ë–∞–Ω–∞—Ö–∞}
You may provide a definition with
\DeclareUnicodeCharacter 


! Package inputenc Error: Unicode character –Ω (U+043D)
(inputenc)                not set up for use with LaTeX.

See the inputenc package documentation for explanation.
Type  H <return>  for immediate help.
 ...                                              
                                                  
l.2 ...–æ—Å—Ç—Ä–∞–Ω—Å—Ç–≤–æ, —Ç–µ–æ—Ä–µ–º–∞ –•–∞–Ω
                                                  –∞-–ë–∞–Ω–∞—Ö–∞}
You may provide a definition with
\DeclareUnicodeCharacter 


! Package inputenc Error: Unicode character –∞ (U+0430)
(inputenc)                not set up for use with LaTeX.

See the inputenc package documentation for explanation.
Type  H <return>  for immediate help.
 ...                                              
                                                  
l.2 ...—Å—Ç—Ä–∞–Ω—Å—Ç–≤–æ, —Ç–µ–æ—Ä–µ–º–∞ –•–∞–Ω–∞
                                                  -–ë–∞–Ω–∞—Ö–∞}
You may provide a definition with
\DeclareUnicodeCharacter 

Missing character: There is no - in font nullfont!

! Package inputenc Error: Unicode character –ë (U+0411)
(inputenc)                not set up for use with LaTeX.

See the inputenc package documentation for explanation.
Type  H <return>  for immediate help.
 ...                                              
                                                  
l.2 ...Ç—Ä–∞–Ω—Å—Ç–≤–æ, —Ç–µ–æ—Ä–µ–º–∞ –•–∞–Ω–∞-–ë
                                                  –∞–Ω–∞—Ö–∞}
You may provide a definition with
\DeclareUnicodeCharacter 


! Package inputenc Error: Unicode character –∞ (U+0430)
(inputenc)                not set up for use with LaTeX.

See the inputenc package documentation for explanation.
Type  H <return>  for immediate help.
 ...                                              
                                                  
l.2 ...Ä–∞–Ω—Å—Ç–≤–æ, —Ç–µ–æ—Ä–µ–º–∞ –•–∞–Ω–∞-–ë–∞
                                                  –Ω–∞—Ö–∞}
You may provide a definition with
\DeclareUnicodeCharacter 


! Package inputenc Error: Unicode character –Ω (U+043D)
(inputenc)                not set up for use with LaTeX.

See the inputenc package documentation for explanation.
Type  H <return>  for immediate help.
 ...                                              
                                                  
l.2 ...∞–Ω—Å—Ç–≤–æ, —Ç–µ–æ—Ä–µ–º–∞ –•–∞–Ω–∞-–ë–∞–Ω
                                                  –∞—Ö–∞}
You may provide a definition with
\DeclareUnicodeCharacter 


! Package inputenc Error: Unicode character –∞ (U+0430)
(inputenc)                not set up for use with LaTeX.

See the inputenc package documentation for explanation.
Type  H <return>  for immediate help.
 ...                                              
                                                  
l.2 ...Ω—Å—Ç–≤–æ, —Ç–µ–æ—Ä–µ–º–∞ –•–∞–Ω–∞-–ë–∞–Ω–∞
                                                  —Ö–∞}
You may provide a definition with
\DeclareUnicodeCharacter 


! Package inputenc Error: Unicode character —Ö (U+0445)
(inputenc)                not set up for use with LaTeX.

See the inputenc package documentation for explanation.
Type  H <return>  for immediate help.
 ...                                              
                                                  
l.2 ...Å—Ç–≤–æ, —Ç–µ–æ—Ä–µ–º–∞ –•–∞–Ω–∞-–ë–∞–Ω–∞—Ö
                                                  –∞}
You may provide a definition with
\DeclareUnicodeCharacter 


! Package inputenc Error: Unicode character –∞ (U+0430)
(inputenc)                not set up for use with LaTeX.

See the inputenc package documentation for explanation.
Type  H <return>  for immediate help.
 ...                                              
                                                  
l.2 ...Ç–≤–æ, —Ç–µ–æ—Ä–µ–º–∞ –•–∞–Ω–∞-–ë–∞–Ω–∞—Ö–∞
                                                  }
You may provide a definition with
\DeclareUnicodeCharacter 


Overfull \hbox (20.0pt too wide) in paragraph at lines 2--3
[]
 []


! LaTeX Error: Environment definition undefined.

See the LaTeX manual or LaTeX Companion for explanation.
Type  H <return>  for immediate help.
 ...                                              
                                                  
l.5 \begin{definition}
                      
Your command was ignored.
Type  I <command> <return>  to replace it with another command,
or  <return>  to continue without it.


! Package inputenc Error: Unicode character –ü (U+041F)
(inputenc)                not set up for use with LaTeX.

See the inputenc package documentation for explanation.
Type  H <return>  for immediate help.
 ...                                              
                                                  
l.6 	–ü
       —É—Å—Ç—å $X,Y$ --- –ª–∏–Ω–µ–π–Ω—ã–µ –Ω–æ—Ä–º–∏—Ä–æ–≤–∞–Ω–Ω—ã–µ –ø—Ä–æ...

You may provide a definition with
\DeclareUnicodeCharacter 


! Package inputenc Error: Unicode character —É (U+0443)
(inputenc)                not set up for use with LaTeX.

See the inputenc package documentation for explanation.
Type  H <return>  for immediate help.
 ...                                              
                                                  
l.6 	–ü—É
         —Å—Ç—å $X,Y$ --- –ª–∏–Ω–µ–π–Ω—ã–µ –Ω–æ—Ä–º–∏—Ä–æ–≤–∞–Ω–Ω—ã–µ –ø—Ä–æ...

You may provide a definition with
\DeclareUnicodeCharacter 


! Package inputenc Error: Unicode character —Å (U+0441)
(inputenc)                not set up for use with LaTeX.

See the inputenc package documentation for explanation.
Type  H <return>  for immediate help.
 ...                                              
                                                  
l.6 	–ü—É—Å
           —Ç—å $X,Y$ --- –ª–∏–Ω–µ–π–Ω—ã–µ –Ω–æ—Ä–º–∏—Ä–æ–≤–∞–Ω–Ω—ã–µ –ø—Ä–æ...

You may provide a definition with
\DeclareUnicodeCharacter 


! Package inputenc Error: Unicode character —Ç (U+0442)
(inputenc)                not set up for use with LaTeX.

See the inputenc package documentation for explanation.
Type  H <return>  for immediate help.
 ...                                              
                                                  
l.6 	–ü—É—Å—Ç
             —å $X,Y$ --- –ª–∏–Ω–µ–π–Ω—ã–µ –Ω–æ—Ä–º–∏—Ä–æ–≤–∞–Ω–Ω—ã–µ –ø—Ä–æ...

You may provide a definition with
\DeclareUnicodeCharacter 


! Package inputenc Error: Unicode character —å (U+044C)
(inputenc)                not set up for use with LaTeX.

See the inputenc package documentation for explanation.
Type  H <return>  for immediate help.
 ...                                              
                                                  
l.6 	–ü—É—Å—Ç—å
                $X,Y$ --- –ª–∏–Ω–µ–π–Ω—ã–µ –Ω–æ—Ä–º–∏—Ä–æ–≤–∞–Ω–Ω—ã–µ –ø—Ä–æ...

You may provide a definition with
\DeclareUnicodeCharacter 


! LaTeX Error: Missing \begin{document}.

See the LaTeX manual or LaTeX Companion for explanation.
Type  H <return>  for immediate help.
 ...                                              
                                                  
l.6 	–ü—É—Å—Ç—å $
                 X,Y$ --- –ª–∏–Ω–µ–π–Ω—ã–µ –Ω–æ—Ä–º–∏—Ä–æ–≤–∞–Ω–Ω—ã–µ –ø—Ä–æ...

You're in trouble here.  Try typing  <return>  to proceed.
If that doesn't work, type  X <return>  to quit.

LaTeX Font Info:    External font `cmex10' loaded for size
(Font)              <7> on input line 6.
LaTeX Font Info:    External font `cmex10' loaded for size
(Font)              <5> on input line 6.
Missing character: There is no - in font nullfont!
Missing character: There is no - in font nullfont!
Missing character: There is no - in font nullfont!

! Package inputenc Error: Unicode character –ª (U+043B)
(inputenc)                not set up for use with LaTeX.

See the inputenc package documentation for explanation.
Type  H <return>  for immediate help.
 ...                                              
                                                  
l.6 	–ü—É—Å—Ç—å $X,Y$ --- –ª
                            –∏–Ω–µ–π–Ω—ã–µ –Ω–æ—Ä–º–∏—Ä–æ–≤–∞–Ω–Ω—ã–µ –ø—Ä–æ...

You may provide a definition with
\DeclareUnicodeCharacter 


! Package inputenc Error: Unicode character –∏ (U+0438)
(inputenc)                not set up for use with LaTeX.

See the inputenc package documentation for explanation.
Type  H <return>  for immediate help.
 ...                                              
                                                  
l.6 	–ü—É—Å—Ç—å $X,Y$ --- –ª–∏
                              –Ω–µ–π–Ω—ã–µ –Ω–æ—Ä–º–∏—Ä–æ–≤–∞–Ω–Ω—ã–µ –ø—Ä–æ...

You may provide a definition with
\DeclareUnicodeCharacter 


! Package inputenc Error: Unicode character –Ω (U+043D)
(inputenc)                not set up for use with LaTeX.

See the inputenc package documentation for explanation.
Type  H <return>  for immediate help.
 ...                                              
                                                  
l.6 	–ü—É—Å—Ç—å $X,Y$ --- –ª–∏–Ω
                                –µ–π–Ω—ã–µ –Ω–æ—Ä–º–∏—Ä–æ–≤–∞–Ω–Ω—ã–µ –ø—Ä–æ...

You may provide a definition with
\DeclareUnicodeCharacter 


! Package inputenc Error: Unicode character –µ (U+0435)
(inputenc)                not set up for use with LaTeX.

See the inputenc package documentation for explanation.
Type  H <return>  for immediate help.
 ...                                              
                                                  
l.6 	–ü—É—Å—Ç—å $X,Y$ --- –ª–∏–Ω–µ
                                  –π–Ω—ã–µ –Ω–æ—Ä–º–∏—Ä–æ–≤–∞–Ω–Ω—ã–µ –ø—Ä–æ...

You may provide a definition with
\DeclareUnicodeCharacter 


! Package inputenc Error: Unicode character –π (U+0439)
(inputenc)                not set up for use with LaTeX.

See the inputenc package documentation for explanation.
Type  H <return>  for immediate help.
 ...                                              
                                                  
l.6 	–ü—É—Å—Ç—å $X,Y$ --- –ª–∏–Ω–µ–π
                                    –Ω—ã–µ –Ω–æ—Ä–º–∏—Ä–æ–≤–∞–Ω–Ω—ã–µ –ø—Ä–æ...

You may provide a definition with
\DeclareUnicodeCharacter 


! Package inputenc Error: Unicode character –Ω (U+043D)
(inputenc)                not set up for use with LaTeX.

See the inputenc package documentation for explanation.
Type  H <return>  for immediate help.
 ...                                              
                                                  
l.6 	–ü—É—Å—Ç—å $X,Y$ --- –ª–∏–Ω–µ–π–Ω
                                      —ã–µ –Ω–æ—Ä–º–∏—Ä–æ–≤–∞–Ω–Ω—ã–µ –ø—Ä–æ...

You may provide a definition with
\DeclareUnicodeCharacter 


! Package inputenc Error: Unicode character —ã (U+044B)
(inputenc)                not set up for use with LaTeX.

See the inputenc package documentation for explanation.
Type  H <return>  for immediate help.
 ...                                              
                                                  
l.6 	–ü—É—Å—Ç—å $X,Y$ --- –ª–∏–Ω–µ–π–Ω—ã
                                        –µ –Ω–æ—Ä–º–∏—Ä–æ–≤–∞–Ω–Ω—ã–µ –ø—Ä–æ...

You may provide a definition with
\DeclareUnicodeCharacter 


! Package inputenc Error: Unicode character –µ (U+0435)
(inputenc)                not set up for use with LaTeX.

See the inputenc package documentation for explanation.
Type  H <return>  for immediate help.
 ...                                              
                                                  
l.6 	–ü—É—Å—Ç—å $X,Y$ --- –ª–∏–Ω–µ–π–Ω—ã–µ
                                           –Ω–æ—Ä–º–∏—Ä–æ–≤–∞–Ω–Ω—ã–µ –ø—Ä–æ...

You may provide a definition with
\DeclareUnicodeCharacter 


! Package inputenc Error: Unicode character –Ω (U+043D)
(inputenc)                not set up for use with LaTeX.

See the inputenc package documentation for explanation.
Type  H <return>  for immediate help.
 ...                                              
                                                  
l.6 	–ü—É—Å—Ç—å $X,Y$ --- –ª–∏–Ω–µ–π–Ω—ã–µ –Ω
                                             –æ—Ä–º–∏—Ä–æ–≤–∞–Ω–Ω—ã–µ –ø—Ä–æ...

You may provide a definition with
\DeclareUnicodeCharacter 


! Package inputenc Error: Unicode character –æ (U+043E)
(inputenc)                not set up for use with LaTeX.

See the inputenc package documentation for explanation.
Type  H <return>  for immediate help.
 ...                                              
                                                  
l.6 	–ü—É—Å—Ç—å $X,Y$ --- –ª–∏–Ω–µ–π–Ω—ã–µ –Ω–æ
                                               —Ä–º–∏—Ä–æ–≤–∞–Ω–Ω—ã–µ –ø—Ä–æ...

You may provide a definition with
\DeclareUnicodeCharacter 


! Package inputenc Error: Unicode character —Ä (U+0440)
(inputenc)                not set up for use with LaTeX.

See the inputenc package documentation for explanation.
Type  H <return>  for immediate help.
 ...                                              
                                                  
l.6 	–ü—É—Å—Ç—å $X,Y$ --- –ª–∏–Ω–µ–π–Ω—ã–µ –Ω–æ—Ä
                                                 –º–∏—Ä–æ–≤–∞–Ω–Ω—ã–µ –ø—Ä–æ...

You may provide a definition with
\DeclareUnicodeCharacter 


! Package inputenc Error: Unicode character –º (U+043C)
(inputenc)                not set up for use with LaTeX.

See the inputenc package documentation for explanation.
Type  H <return>  for immediate help.
 ...                                              
                                                  
l.6 ...É—Å—Ç—å $X,Y$ --- –ª–∏–Ω–µ–π–Ω—ã–µ –Ω–æ—Ä–º
                                                  –∏—Ä–æ–≤–∞–Ω–Ω—ã–µ –ø—Ä–æ—...

You may provide a definition with
\DeclareUnicodeCharacter 


! Package inputenc Error: Unicode character –∏ (U+0438)
(inputenc)                not set up for use with LaTeX.

See the inputenc package documentation for explanation.
Type  H <return>  for immediate help.
 ...                                              
                                                  
l.6 ...Å—Ç—å $X,Y$ --- –ª–∏–Ω–µ–π–Ω—ã–µ –Ω–æ—Ä–º–∏
                                                  —Ä–æ–≤–∞–Ω–Ω—ã–µ –ø—Ä–æ—Å—...

You may provide a definition with
\DeclareUnicodeCharacter 


! Package inputenc Error: Unicode character —Ä (U+0440)
(inputenc)                not set up for use with LaTeX.

See the inputenc package documentation for explanation.
Type  H <return>  for immediate help.
 ...                                              
                                                  
l.6 ...Ç—å $X,Y$ --- –ª–∏–Ω–µ–π–Ω—ã–µ –Ω–æ—Ä–º–∏—Ä
                                                  –æ–≤–∞–Ω–Ω—ã–µ –ø—Ä–æ—Å—Ç—...

You may provide a definition with
\DeclareUnicodeCharacter 


! Package inputenc Error: Unicode character –æ (U+043E)
(inputenc)                not set up for use with LaTeX.

See the inputenc package documentation for explanation.
Type  H <return>  for immediate help.
 ...                                              
                                                  
l.6 ...å $X,Y$ --- –ª–∏–Ω–µ–π–Ω—ã–µ –Ω–æ—Ä–º–∏—Ä–æ
                                                  –≤–∞–Ω–Ω—ã–µ –ø—Ä–æ—Å—Ç—Ä–...

You may provide a definition with
\DeclareUnicodeCharacter 


! Package inputenc Error: Unicode character –≤ (U+0432)
(inputenc)                not set up for use with LaTeX.

See the inputenc package documentation for explanation.
Type  H <return>  for immediate help.
 ...                                              
                                                  
l.6 ...$X,Y$ --- –ª–∏–Ω–µ–π–Ω—ã–µ –Ω–æ—Ä–º–∏—Ä–æ–≤
                                                  –∞–Ω–Ω—ã–µ –ø—Ä–æ—Å—Ç—Ä–∞–...

You may provide a definition with
\DeclareUnicodeCharacter 


! Package inputenc Error: Unicode character –∞ (U+0430)
(inputenc)                not set up for use with LaTeX.

See the inputenc package documentation for explanation.
Type  H <return>  for immediate help.
 ...                                              
                                                  
l.6 ...,Y$ --- –ª–∏–Ω–µ–π–Ω—ã–µ –Ω–æ—Ä–º–∏—Ä–æ–≤–∞
                                                  –Ω–Ω—ã–µ –ø—Ä–æ—Å—Ç—Ä–∞–Ω—...

You may provide a definition with
\DeclareUnicodeCharacter 


! Package inputenc Error: Unicode character –Ω (U+043D)
(inputenc)                not set up for use with LaTeX.

See the inputenc package documentation for explanation.
Type  H <return>  for immediate help.
 ...                                              
                                                  
l.6 ...$ --- –ª–∏–Ω–µ–π–Ω—ã–µ –Ω–æ—Ä–º–∏—Ä–æ–≤–∞–Ω
                                                  –Ω—ã–µ –ø—Ä–æ—Å—Ç—Ä–∞–Ω—Å—...

You may provide a definition with
\DeclareUnicodeCharacter 


! Package inputenc Error: Unicode character –Ω (U+043D)
(inputenc)                not set up for use with LaTeX.

See the inputenc package documentation for explanation.
Type  H <return>  for immediate help.
 ...                                              
                                                  
l.6 ...--- –ª–∏–Ω–µ–π–Ω—ã–µ –Ω–æ—Ä–º–∏—Ä–æ–≤–∞–Ω–Ω
                                                  —ã–µ –ø—Ä–æ—Å—Ç—Ä–∞–Ω—Å—Ç–...

You may provide a definition with
\DeclareUnicodeCharacter 


! Package inputenc Error: Unicode character —ã (U+044B)
(inputenc)                not set up for use with LaTeX.

See the inputenc package documentation for explanation.
Type  H <return>  for immediate help.
 ...                                              
                                                  
l.6 ...- –ª–∏–Ω–µ–π–Ω—ã–µ –Ω–æ—Ä–º–∏—Ä–æ–≤–∞–Ω–Ω—ã
                                                  –µ –ø—Ä–æ—Å—Ç—Ä–∞–Ω—Å—Ç–≤–...

You may provide a definition with
\DeclareUnicodeCharacter 


! Package inputenc Error: Unicode character –µ (U+0435)
(inputenc)                not set up for use with LaTeX.

See the inputenc package documentation for explanation.
Type  H <return>  for immediate help.
 ...                                              
                                                  
l.6 ...–ª–∏–Ω–µ–π–Ω—ã–µ –Ω–æ—Ä–º–∏—Ä–æ–≤–∞–Ω–Ω—ã–µ
                                                   –ø—Ä–æ—Å—Ç—Ä–∞–Ω—Å—Ç–≤–∞ ...

You may provide a definition with
\DeclareUnicodeCharacter 


! Package inputenc Error: Unicode character –ø (U+043F)
(inputenc)                not set up for use with LaTeX.

See the inputenc package documentation for explanation.
Type  H <return>  for immediate help.
 ...                                              
                                                  
l.6 ...∏–Ω–µ–π–Ω—ã–µ –Ω–æ—Ä–º–∏—Ä–æ–≤–∞–Ω–Ω—ã–µ –ø
                                                  —Ä–æ—Å—Ç—Ä–∞–Ω—Å—Ç–≤–∞ –æ—...

You may provide a definition with
\DeclareUnicodeCharacter 


! Package inputenc Error: Unicode character —Ä (U+0440)
(inputenc)                not set up for use with LaTeX.

See the inputenc package documentation for explanation.
Type  H <return>  for immediate help.
 ...                                              
                                                  
l.6 ...Ω–µ–π–Ω—ã–µ –Ω–æ—Ä–º–∏—Ä–æ–≤–∞–Ω–Ω—ã–µ –ø—Ä
                                                  –æ—Å—Ç—Ä–∞–Ω—Å—Ç–≤–∞ –æ—Ç–...

You may provide a definition with
\DeclareUnicodeCharacter 


! Package inputenc Error: Unicode character –æ (U+043E)
(inputenc)                not set up for use with LaTeX.

See the inputenc package documentation for explanation.
Type  H <return>  for immediate help.
 ...                                              
                                                  
l.6 ...µ–π–Ω—ã–µ –Ω–æ—Ä–º–∏—Ä–æ–≤–∞–Ω–Ω—ã–µ –ø—Ä–æ
                                                  —Å—Ç—Ä–∞–Ω—Å—Ç–≤–∞ –æ—Ç–Ω–...

You may provide a definition with
\DeclareUnicodeCharacter 


! Package inputenc Error: Unicode character —Å (U+0441)
(inputenc)                not set up for use with LaTeX.

See the inputenc package documentation for explanation.
Type  H <return>  for immediate help.
 ...                                              
                                                  
l.6 ...π–Ω—ã–µ –Ω–æ—Ä–º–∏—Ä–æ–≤–∞–Ω–Ω—ã–µ –ø—Ä–æ—Å
                                                  —Ç—Ä–∞–Ω—Å—Ç–≤–∞ –æ—Ç–Ω–æ—...

You may provide a definition with
\DeclareUnicodeCharacter 


! Package inputenc Error: Unicode character —Ç (U+0442)
(inputenc)                not set up for use with LaTeX.

See the inputenc package documentation for explanation.
Type  H <return>  for immediate help.
 ...                                              
                                                  
l.6 ...Ω—ã–µ –Ω–æ—Ä–º–∏—Ä–æ–≤–∞–Ω–Ω—ã–µ –ø—Ä–æ—Å—Ç
                                                  —Ä–∞–Ω—Å—Ç–≤–∞ –æ—Ç–Ω–æ—Å–...

You may provide a definition with
\DeclareUnicodeCharacter 


! Package inputenc Error: Unicode character —Ä (U+0440)
(inputenc)                not set up for use with LaTeX.

See the inputenc package documentation for explanation.
Type  H <return>  for immediate help.
 ...                                              
                                                  
l.6 ...ã–µ –Ω–æ—Ä–º–∏—Ä–æ–≤–∞–Ω–Ω—ã–µ –ø—Ä–æ—Å—Ç—Ä
                                                  –∞–Ω—Å—Ç–≤–∞ –æ—Ç–Ω–æ—Å–∏—...

You may provide a definition with
\DeclareUnicodeCharacter 


! Package inputenc Error: Unicode character –∞ (U+0430)
(inputenc)                not set up for use with LaTeX.

See the inputenc package documentation for explanation.
Type  H <return>  for immediate help.
 ...                                              
                                                  
l.6 ...µ –Ω–æ—Ä–º–∏—Ä–æ–≤–∞–Ω–Ω—ã–µ –ø—Ä–æ—Å—Ç—Ä–∞
                                                  –Ω—Å—Ç–≤–∞ –æ—Ç–Ω–æ—Å–∏—Ç–...

You may provide a definition with
\DeclareUnicodeCharacter 


! Package inputenc Error: Unicode character –Ω (U+043D)
(inputenc)                not set up for use with LaTeX.

See the inputenc package documentation for explanation.
Type  H <return>  for immediate help.
 ...                                              
                                                  
l.6 ...–Ω–æ—Ä–º–∏—Ä–æ–≤–∞–Ω–Ω—ã–µ –ø—Ä–æ—Å—Ç—Ä–∞–Ω
                                                  —Å—Ç–≤–∞ –æ—Ç–Ω–æ—Å–∏—Ç–µ–...

You may provide a definition with
\DeclareUnicodeCharacter 


! Package inputenc Error: Unicode character —Å (U+0441)
(inputenc)                not set up for use with LaTeX.

See the inputenc package documentation for explanation.
Type  H <return>  for immediate help.
 ...                                              
                                                  
l.6 ...–æ—Ä–º–∏—Ä–æ–≤–∞–Ω–Ω—ã–µ –ø—Ä–æ—Å—Ç—Ä–∞–Ω—Å
                                                  —Ç–≤–∞ –æ—Ç–Ω–æ—Å–∏—Ç–µ–ª—...

You may provide a definition with
\DeclareUnicodeCharacter 


! Package inputenc Error: Unicode character —Ç (U+0442)
(inputenc)                not set up for use with LaTeX.

See the inputenc package documentation for explanation.
Type  H <return>  for immediate help.
 ...                                              
                                                  
l.6 ...—Ä–º–∏—Ä–æ–≤–∞–Ω–Ω—ã–µ –ø—Ä–æ—Å—Ç—Ä–∞–Ω—Å—Ç
                                                  –≤–∞ –æ—Ç–Ω–æ—Å–∏—Ç–µ–ª—å–...

You may provide a definition with
\DeclareUnicodeCharacter 


! Package inputenc Error: Unicode character –≤ (U+0432)
(inputenc)                not set up for use with LaTeX.

See the inputenc package documentation for explanation.
Type  H <return>  for immediate help.
 ...                                              
                                                  
l.6 ...–º–∏—Ä–æ–≤–∞–Ω–Ω—ã–µ –ø—Ä–æ—Å—Ç—Ä–∞–Ω—Å—Ç–≤
                                                  –∞ –æ—Ç–Ω–æ—Å–∏—Ç–µ–ª—å–Ω–...

You may provide a definition with
\DeclareUnicodeCharacter 


! Package inputenc Error: Unicode character –∞ (U+0430)
(inputenc)                not set up for use with LaTeX.

See the inputenc package documentation for explanation.
Type  H <return>  for immediate help.
 ...                                              
                                                  
l.6 ...–∏—Ä–æ–≤–∞–Ω–Ω—ã–µ –ø—Ä–æ—Å—Ç—Ä–∞–Ω—Å—Ç–≤–∞
                                                   –æ—Ç–Ω–æ—Å–∏—Ç–µ–ª—å–Ω–æ ...

You may provide a definition with
\DeclareUnicodeCharacter 


! Package inputenc Error: Unicode character –æ (U+043E)
(inputenc)                not set up for use with LaTeX.

See the inputenc package documentation for explanation.
Type  H <return>  for immediate help.
 ...                                              
                                                  
l.6 ...Ä–æ–≤–∞–Ω–Ω—ã–µ –ø—Ä–æ—Å—Ç—Ä–∞–Ω—Å—Ç–≤–∞ –æ
                                                  —Ç–Ω–æ—Å–∏—Ç–µ–ª—å–Ω–æ –ø–...

You may provide a definition with
\DeclareUnicodeCharacter 


! Package inputenc Error: Unicode character —Ç (U+0442)
(inputenc)                not set up for use with LaTeX.

See the inputenc package documentation for explanation.
Type  H <return>  for immediate help.
 ...                                              
                                                  
l.6 ...æ–≤–∞–Ω–Ω—ã–µ –ø—Ä–æ—Å—Ç—Ä–∞–Ω—Å—Ç–≤–∞ –æ—Ç
                                                  –Ω–æ—Å–∏—Ç–µ–ª—å–Ω–æ –ø–æ–...

You may provide a definition with
\DeclareUnicodeCharacter 


! Package inputenc Error: Unicode character –Ω (U+043D)
(inputenc)                not set up for use with LaTeX.

See the inputenc package documentation for explanation.
Type  H <return>  for immediate help.
 ...                                              
                                                  
l.6 ...≤–∞–Ω–Ω—ã–µ –ø—Ä–æ—Å—Ç—Ä–∞–Ω—Å—Ç–≤–∞ –æ—Ç–Ω
                                                  –æ—Å–∏—Ç–µ–ª—å–Ω–æ –ø–æ–ª—...

You may provide a definition with
\DeclareUnicodeCharacter 


! Package inputenc Error: Unicode character –æ (U+043E)
(inputenc)                not set up for use with LaTeX.

See the inputenc package documentation for explanation.
Type  H <return>  for immediate help.
 ...                                              
                                                  
l.6 ...∞–Ω–Ω—ã–µ –ø—Ä–æ—Å—Ç—Ä–∞–Ω—Å—Ç–≤–∞ –æ—Ç–Ω–æ
                                                  —Å–∏—Ç–µ–ª—å–Ω–æ –ø–æ–ª—è ...

You may provide a definition with
\DeclareUnicodeCharacter 


! Package inputenc Error: Unicode character —Å (U+0441)
(inputenc)                not set up for use with LaTeX.

See the inputenc package documentation for explanation.
Type  H <return>  for immediate help.
 ...                                              
                                                  
l.6 ...Ω–Ω—ã–µ –ø—Ä–æ—Å—Ç—Ä–∞–Ω—Å—Ç–≤–∞ –æ—Ç–Ω–æ—Å
                                                  –∏—Ç–µ–ª—å–Ω–æ –ø–æ–ª—è $\...

You may provide a definition with
\DeclareUnicodeCharacter 


! Package inputenc Error: Unicode character –∏ (U+0438)
(inputenc)                not set up for use with LaTeX.

See the inputenc package documentation for explanation.
Type  H <return>  for immediate help.
 ...                                              
                                                  
l.6 ...Ω—ã–µ –ø—Ä–æ—Å—Ç—Ä–∞–Ω—Å—Ç–≤–∞ –æ—Ç–Ω–æ—Å–∏
                                                  —Ç–µ–ª—å–Ω–æ –ø–æ–ª—è $\Cx...

You may provide a definition with
\DeclareUnicodeCharacter 


! Package inputenc Error: Unicode character —Ç (U+0442)
(inputenc)                not set up for use with LaTeX.

See the inputenc package documentation for explanation.
Type  H <return>  for immediate help.
 ...                                              
                                                  
l.6 ...ã–µ –ø—Ä–æ—Å—Ç—Ä–∞–Ω—Å—Ç–≤–∞ –æ—Ç–Ω–æ—Å–∏—Ç
                                                  –µ–ª—å–Ω–æ –ø–æ–ª—è $\Cx$....

You may provide a definition with
\DeclareUnicodeCharacter 


! Package inputenc Error: Unicode character –µ (U+0435)
(inputenc)                not set up for use with LaTeX.

See the inputenc package documentation for explanation.
Type  H <return>  for immediate help.
 ...                                              
                                                  
l.6 ...µ –ø—Ä–æ—Å—Ç—Ä–∞–Ω—Å—Ç–≤–∞ –æ—Ç–Ω–æ—Å–∏—Ç–µ
                                                  –ª—å–Ω–æ –ø–æ–ª—è $\Cx$. –...

You may provide a definition with
\DeclareUnicodeCharacter 


! Package inputenc Error: Unicode character –ª (U+043B)
(inputenc)                not set up for use with LaTeX.

See the inputenc package documentation for explanation.
Type  H <return>  for immediate help.
 ...                                              
                                                  
l.6 ...–ø—Ä–æ—Å—Ç—Ä–∞–Ω—Å—Ç–≤–∞ –æ—Ç–Ω–æ—Å–∏—Ç–µ–ª
                                                  —å–Ω–æ –ø–æ–ª—è $\Cx$. –¢–...

You may provide a definition with
\DeclareUnicodeCharacter 


! Package inputenc Error: Unicode character —å (U+044C)
(inputenc)                not set up for use with LaTeX.

See the inputenc package documentation for explanation.
Type  H <return>  for immediate help.
 ...                                              
                                                  
l.6 ...—Ä–æ—Å—Ç—Ä–∞–Ω—Å—Ç–≤–∞ –æ—Ç–Ω–æ—Å–∏—Ç–µ–ª—å
                                                  –Ω–æ –ø–æ–ª—è $\Cx$. –¢–æ–...

You may provide a definition with
\DeclareUnicodeCharacter 


! Package inputenc Error: Unicode character –Ω (U+043D)
(inputenc)                not set up for use with LaTeX.

See the inputenc package documentation for explanation.
Type  H <return>  for immediate help.
 ...                                              
                                                  
l.6 ...–æ—Å—Ç—Ä–∞–Ω—Å—Ç–≤–∞ –æ—Ç–Ω–æ—Å–∏—Ç–µ–ª—å–Ω
                                                  –æ –ø–æ–ª—è $\Cx$. –¢–æ–≥–...

You may provide a definition with
\DeclareUnicodeCharacter 


! Package inputenc Error: Unicode character –æ (U+043E)
(inputenc)                not set up for use with LaTeX.

See the inputenc package documentation for explanation.
Type  H <return>  for immediate help.
 ...                                              
                                                  
l.6 ...—Å—Ç—Ä–∞–Ω—Å—Ç–≤–∞ –æ—Ç–Ω–æ—Å–∏—Ç–µ–ª—å–Ω–æ
                                                   –ø–æ–ª—è $\Cx$. –¢–æ–≥–¥–...

You may provide a definition with
\DeclareUnicodeCharacter 


! Package inputenc Error: Unicode character –ø (U+043F)
(inputenc)                not set up for use with LaTeX.

See the inputenc package documentation for explanation.
Type  H <return>  for immediate help.
 ...                                              
                                                  
l.6 ...Ç—Ä–∞–Ω—Å—Ç–≤–∞ –æ—Ç–Ω–æ—Å–∏—Ç–µ–ª—å–Ω–æ –ø
                                                  –æ–ª—è $\Cx$. –¢–æ–≥–¥–∞ –...

You may provide a definition with
\DeclareUnicodeCharacter 


! Package inputenc Error: Unicode character –æ (U+043E)
(inputenc)                not set up for use with LaTeX.

See the inputenc package documentation for explanation.
Type  H <return>  for immediate help.
 ...                                              
                                                  
l.6 ...Ä–∞–Ω—Å—Ç–≤–∞ –æ—Ç–Ω–æ—Å–∏—Ç–µ–ª—å–Ω–æ –ø–æ
                                                  –ª—è $\Cx$. –¢–æ–≥–¥–∞ –º–...

You may provide a definition with
\DeclareUnicodeCharacter 


! Package inputenc Error: Unicode character –ª (U+043B)
(inputenc)                not set up for use with LaTeX.

See the inputenc package documentation for explanation.
Type  H <return>  for immediate help.
 ...                                              
                                                  
l.6 ...∞–Ω—Å—Ç–≤–∞ –æ—Ç–Ω–æ—Å–∏—Ç–µ–ª—å–Ω–æ –ø–æ–ª
                                                  —è $\Cx$. –¢–æ–≥–¥–∞ –º–Ω–...

You may provide a definition with
\DeclareUnicodeCharacter 


! Package inputenc Error: Unicode character —è (U+044F)
(inputenc)                not set up for use with LaTeX.

See the inputenc package documentation for explanation.
Type  H <return>  for immediate help.
 ...                                              
                                                  
l.6 ...Ω—Å—Ç–≤–∞ –æ—Ç–Ω–æ—Å–∏—Ç–µ–ª—å–Ω–æ –ø–æ–ª—è
                                                   $\Cx$. –¢–æ–≥–¥–∞ –º–Ω–æ–...

You may provide a definition with
\DeclareUnicodeCharacter 

! Undefined control sequence.
<recently read> \Cx 
                    
l.6 ...–≤–∞ –æ—Ç–Ω–æ—Å–∏—Ç–µ–ª—å–Ω–æ –ø–æ–ª—è $\Cx
                                                  $. –¢–æ–≥–¥–∞ –º–Ω–æ–∂–µ—Å...
The control sequence at the end of the top line
of your error message was never \def'ed. If you have
misspelled it (e.g., `\hobx'), type `I' and the correct
spelling (e.g., `I\hbox'). Otherwise just continue,
and I'll forget about whatever was undefined.

Missing character: There is no . in font nullfont!

! Package inputenc Error: Unicode character –¢ (U+0422)
(inputenc)                not set up for use with LaTeX.

See the inputenc package documentation for explanation.
Type  H <return>  for immediate help.
 ...                                              
                                                  
l.6 ...–æ—Ç–Ω–æ—Å–∏—Ç–µ–ª—å–Ω–æ –ø–æ–ª—è $\Cx$. –¢
                                                  –æ–≥–¥–∞ –º–Ω–æ–∂–µ—Å—Ç–≤–...

You may provide a definition with
\DeclareUnicodeCharacter 


! Package inputenc Error: Unicode character –æ (U+043E)
(inputenc)                not set up for use with LaTeX.

See the inputenc package documentation for explanation.
Type  H <return>  for immediate help.
 ...                                              
                                                  
l.6 ...—Ç–Ω–æ—Å–∏—Ç–µ–ª—å–Ω–æ –ø–æ–ª—è $\Cx$. –¢–æ
                                                  –≥–¥–∞ –º–Ω–æ–∂–µ—Å—Ç–≤–æ ...

You may provide a definition with
\DeclareUnicodeCharacter 


! Package inputenc Error: Unicode character –≥ (U+0433)
(inputenc)                not set up for use with LaTeX.

See the inputenc package documentation for explanation.
Type  H <return>  for immediate help.
 ...                                              
                                                  
l.6 ...–Ω–æ—Å–∏—Ç–µ–ª—å–Ω–æ –ø–æ–ª—è $\Cx$. –¢–æ–≥
                                                  –¥–∞ –º–Ω–æ–∂–µ—Å—Ç–≤–æ –≤...

You may provide a definition with
\DeclareUnicodeCharacter 


! Package inputenc Error: Unicode character –¥ (U+0434)
(inputenc)                not set up for use with LaTeX.

See the inputenc package documentation for explanation.
Type  H <return>  for immediate help.
 ...                                              
                                                  
l.6 ...–æ—Å–∏—Ç–µ–ª—å–Ω–æ –ø–æ–ª—è $\Cx$. –¢–æ–≥–¥
                                                  –∞ –º–Ω–æ–∂–µ—Å—Ç–≤–æ –≤—Å...

You may provide a definition with
\DeclareUnicodeCharacter 


! Package inputenc Error: Unicode character –∞ (U+0430)
(inputenc)                not set up for use with LaTeX.

See the inputenc package documentation for explanation.
Type  H <return>  for immediate help.
 ...                                              
                                                  
l.6 ...—Å–∏—Ç–µ–ª—å–Ω–æ –ø–æ–ª—è $\Cx$. –¢–æ–≥–¥–∞
                                                   –º–Ω–æ–∂–µ—Å—Ç–≤–æ –≤—Å–µ...

You may provide a definition with
\DeclareUnicodeCharacter 


! Package inputenc Error: Unicode character –º (U+043C)
(inputenc)                not set up for use with LaTeX.

See the inputenc package documentation for explanation.
Type  H <return>  for immediate help.
 ...                                              
                                                  
l.6 ...∏—Ç–µ–ª—å–Ω–æ –ø–æ–ª—è $\Cx$. –¢–æ–≥–¥–∞ –º
                                                  –Ω–æ–∂–µ—Å—Ç–≤–æ –≤—Å–µ—Ö ...

You may provide a definition with
\DeclareUnicodeCharacter 


! Package inputenc Error: Unicode character –Ω (U+043D)
(inputenc)                not set up for use with LaTeX.

See the inputenc package documentation for explanation.
Type  H <return>  for immediate help.
 ...                                              
                                                  
l.6 ...Ç–µ–ª—å–Ω–æ –ø–æ–ª—è $\Cx$. –¢–æ–≥–¥–∞ –º–Ω
                                                  –æ–∂–µ—Å—Ç–≤–æ –≤—Å–µ—Ö –Ω...

You may provide a definition with
\DeclareUnicodeCharacter 


! Package inputenc Error: Unicode character –æ (U+043E)
(inputenc)                not set up for use with LaTeX.

See the inputenc package documentation for explanation.
Type  H <return>  for immediate help.
 ...                                              
                                                  
l.6 ...µ–ª—å–Ω–æ –ø–æ–ª—è $\Cx$. –¢–æ–≥–¥–∞ –º–Ω–æ
                                                  –∂–µ—Å—Ç–≤–æ –≤—Å–µ—Ö –Ω–µ...

You may provide a definition with
\DeclareUnicodeCharacter 


! Package inputenc Error: Unicode character –∂ (U+0436)
(inputenc)                not set up for use with LaTeX.

See the inputenc package documentation for explanation.
Type  H <return>  for immediate help.
 ...                                              
                                                  
l.6 ...ª—å–Ω–æ –ø–æ–ª—è $\Cx$. –¢–æ–≥–¥–∞ –º–Ω–æ–∂
                                                  –µ—Å—Ç–≤–æ –≤—Å–µ—Ö –Ω–µ–ø...

You may provide a definition with
\DeclareUnicodeCharacter 


! Package inputenc Error: Unicode character –µ (U+0435)
(inputenc)                not set up for use with LaTeX.

See the inputenc package documentation for explanation.
Type  H <return>  for immediate help.
 ...                                              
                                                  
l.6 ...å–Ω–æ –ø–æ–ª—è $\Cx$. –¢–æ–≥–¥–∞ –º–Ω–æ–∂–µ
                                                  —Å—Ç–≤–æ –≤—Å–µ—Ö –Ω–µ–ø—Ä...

You may provide a definition with
\DeclareUnicodeCharacter 


! Package inputenc Error: Unicode character —Å (U+0441)
(inputenc)                not set up for use with LaTeX.

See the inputenc package documentation for explanation.
Type  H <return>  for immediate help.
 ...                                              
                                                  
l.6 ...Ω–æ –ø–æ–ª—è $\Cx$. –¢–æ–≥–¥–∞ –º–Ω–æ–∂–µ—Å
                                                  —Ç–≤–æ –≤—Å–µ—Ö –Ω–µ–ø—Ä–µ...

You may provide a definition with
\DeclareUnicodeCharacter 


! Package inputenc Error: Unicode character —Ç (U+0442)
(inputenc)                not set up for use with LaTeX.

See the inputenc package documentation for explanation.
Type  H <return>  for immediate help.
 ...                                              
                                                  
l.6 ...æ –ø–æ–ª—è $\Cx$. –¢–æ–≥–¥–∞ –º–Ω–æ–∂–µ—Å—Ç
                                                  –≤–æ –≤—Å–µ—Ö –Ω–µ–ø—Ä–µ—Ä...

You may provide a definition with
\DeclareUnicodeCharacter 


! Package inputenc Error: Unicode character –≤ (U+0432)
(inputenc)                not set up for use with LaTeX.

See the inputenc package documentation for explanation.
Type  H <return>  for immediate help.
 ...                                              
                                                  
l.6 ...–ø–æ–ª—è $\Cx$. –¢–æ–≥–¥–∞ –º–Ω–æ–∂–µ—Å—Ç–≤
                                                  –æ –≤—Å–µ—Ö –Ω–µ–ø—Ä–µ—Ä—ã...

You may provide a definition with
\DeclareUnicodeCharacter 


! Package inputenc Error: Unicode character –æ (U+043E)
(inputenc)                not set up for use with LaTeX.

See the inputenc package documentation for explanation.
Type  H <return>  for immediate help.
 ...                                              
                                                  
l.6 ...–æ–ª—è $\Cx$. –¢–æ–≥–¥–∞ –º–Ω–æ–∂–µ—Å—Ç–≤–æ
                                                   –≤—Å–µ—Ö –Ω–µ–ø—Ä–µ—Ä—ã–≤...

You may provide a definition with
\DeclareUnicodeCharacter 


! Package inputenc Error: Unicode character –≤ (U+0432)
(inputenc)                not set up for use with LaTeX.

See the inputenc package documentation for explanation.
Type  H <return>  for immediate help.
 ...                                              
                                                  
l.6 ...ª—è $\Cx$. –¢–æ–≥–¥–∞ –º–Ω–æ–∂–µ—Å—Ç–≤–æ –≤
                                                  —Å–µ—Ö –Ω–µ–ø—Ä–µ—Ä—ã–≤–Ω—...

You may provide a definition with
\DeclareUnicodeCharacter 


! Package inputenc Error: Unicode character —Å (U+0441)
(inputenc)                not set up for use with LaTeX.

See the inputenc package documentation for explanation.
Type  H <return>  for immediate help.
 ...                                              
                                                  
l.6 ...è $\Cx$. –¢–æ–≥–¥–∞ –º–Ω–æ–∂–µ—Å—Ç–≤–æ –≤—Å
                                                  –µ—Ö –Ω–µ–ø—Ä–µ—Ä—ã–≤–Ω—ã—...

You may provide a definition with
\DeclareUnicodeCharacter 


! Package inputenc Error: Unicode character –µ (U+0435)
(inputenc)                not set up for use with LaTeX.

See the inputenc package documentation for explanation.
Type  H <return>  for immediate help.
 ...                                              
                                                  
l.6 ...$\Cx$. –¢–æ–≥–¥–∞ –º–Ω–æ–∂–µ—Å—Ç–≤–æ –≤—Å–µ
                                                  —Ö –Ω–µ–ø—Ä–µ—Ä—ã–≤–Ω—ã—Ö ...

You may provide a definition with
\DeclareUnicodeCharacter 


! Package inputenc Error: Unicode character —Ö (U+0445)
(inputenc)                not set up for use with LaTeX.

See the inputenc package documentation for explanation.
Type  H <return>  for immediate help.
 ...                                              
                                                  
l.6 ...Cx$. –¢–æ–≥–¥–∞ –º–Ω–æ–∂–µ—Å—Ç–≤–æ –≤—Å–µ—Ö
                                                   –Ω–µ–ø—Ä–µ—Ä—ã–≤–Ω—ã—Ö –ª...

You may provide a definition with
\DeclareUnicodeCharacter 


! Package inputenc Error: Unicode character –Ω (U+043D)
(inputenc)                not set up for use with LaTeX.

See the inputenc package documentation for explanation.
Type  H <return>  for immediate help.
 ...                                              
                                                  
l.6 .... –¢–æ–≥–¥–∞ –º–Ω–æ–∂–µ—Å—Ç–≤–æ –≤—Å–µ—Ö –Ω
                                                  –µ–ø—Ä–µ—Ä—ã–≤–Ω—ã—Ö –ª–∏–...

You may provide a definition with
\DeclareUnicodeCharacter 


! Package inputenc Error: Unicode character –µ (U+0435)
(inputenc)                not set up for use with LaTeX.

See the inputenc package documentation for explanation.
Type  H <return>  for immediate help.
 ...                                              
                                                  
l.6 ...–¢–æ–≥–¥–∞ –º–Ω–æ–∂–µ—Å—Ç–≤–æ –≤—Å–µ—Ö –Ω–µ
                                                  –ø—Ä–µ—Ä—ã–≤–Ω—ã—Ö –ª–∏–Ω–...

You may provide a definition with
\DeclareUnicodeCharacter 


! Package inputenc Error: Unicode character –ø (U+043F)
(inputenc)                not set up for use with LaTeX.

See the inputenc package documentation for explanation.
Type  H <return>  for immediate help.
 ...                                              
                                                  
l.6 ...–æ–≥–¥–∞ –º–Ω–æ–∂–µ—Å—Ç–≤–æ –≤—Å–µ—Ö –Ω–µ–ø
                                                  —Ä–µ—Ä—ã–≤–Ω—ã—Ö –ª–∏–Ω–µ–...

You may provide a definition with
\DeclareUnicodeCharacter 


! Package inputenc Error: Unicode character —Ä (U+0440)
(inputenc)                not set up for use with LaTeX.

See the inputenc package documentation for explanation.
Type  H <return>  for immediate help.
 ...                                              
                                                  
l.6 ...–≥–¥–∞ –º–Ω–æ–∂–µ—Å—Ç–≤–æ –≤—Å–µ—Ö –Ω–µ–ø—Ä
                                                  –µ—Ä—ã–≤–Ω—ã—Ö –ª–∏–Ω–µ–π–...

You may provide a definition with
\DeclareUnicodeCharacter 


! Package inputenc Error: Unicode character –µ (U+0435)
(inputenc)                not set up for use with LaTeX.

See the inputenc package documentation for explanation.
Type  H <return>  for immediate help.
 ...                                              
                                                  
l.6 ...–¥–∞ –º–Ω–æ–∂–µ—Å—Ç–≤–æ –≤—Å–µ—Ö –Ω–µ–ø—Ä–µ
                                                  —Ä—ã–≤–Ω—ã—Ö –ª–∏–Ω–µ–π–Ω—...

You may provide a definition with
\DeclareUnicodeCharacter 


! Package inputenc Error: Unicode character —Ä (U+0440)
(inputenc)                not set up for use with LaTeX.

See the inputenc package documentation for explanation.
Type  H <return>  for immediate help.
 ...                                              
                                                  
l.6 ...–∞ –º–Ω–æ–∂–µ—Å—Ç–≤–æ –≤—Å–µ—Ö –Ω–µ–ø—Ä–µ—Ä
                                                  —ã–≤–Ω—ã—Ö –ª–∏–Ω–µ–π–Ω—ã—...

You may provide a definition with
\DeclareUnicodeCharacter 


! Package inputenc Error: Unicode character —ã (U+044B)
(inputenc)                not set up for use with LaTeX.

See the inputenc package documentation for explanation.
Type  H <return>  for immediate help.
 ...                                              
                                                  
l.6 ... –º–Ω–æ–∂–µ—Å—Ç–≤–æ –≤—Å–µ—Ö –Ω–µ–ø—Ä–µ—Ä—ã
                                                  –≤–Ω—ã—Ö –ª–∏–Ω–µ–π–Ω—ã—Ö ...

You may provide a definition with
\DeclareUnicodeCharacter 


! Package inputenc Error: Unicode character –≤ (U+0432)
(inputenc)                not set up for use with LaTeX.

See the inputenc package documentation for explanation.
Type  H <return>  for immediate help.
 ...                                              
                                                  
l.6 ...º–Ω–æ–∂–µ—Å—Ç–≤–æ –≤—Å–µ—Ö –Ω–µ–ø—Ä–µ—Ä—ã–≤
                                                  –Ω—ã—Ö –ª–∏–Ω–µ–π–Ω—ã—Ö –æ...

You may provide a definition with
\DeclareUnicodeCharacter 


! Package inputenc Error: Unicode character –Ω (U+043D)
(inputenc)                not set up for use with LaTeX.

See the inputenc package documentation for explanation.
Type  H <return>  for immediate help.
 ...                                              
                                                  
l.6 ...Ω–æ–∂–µ—Å—Ç–≤–æ –≤—Å–µ—Ö –Ω–µ–ø—Ä–µ—Ä—ã–≤–Ω
                                                  —ã—Ö –ª–∏–Ω–µ–π–Ω—ã—Ö –æ—Ç...

You may provide a definition with
\DeclareUnicodeCharacter 


! Package inputenc Error: Unicode character —ã (U+044B)
(inputenc)                not set up for use with LaTeX.

See the inputenc package documentation for explanation.
Type  H <return>  for immediate help.
 ...                                              
                                                  
l.6 ...æ–∂–µ—Å—Ç–≤–æ –≤—Å–µ—Ö –Ω–µ–ø—Ä–µ—Ä—ã–≤–Ω—ã
                                                  —Ö –ª–∏–Ω–µ–π–Ω—ã—Ö –æ—Ç–æ...

You may provide a definition with
\DeclareUnicodeCharacter 


! Package inputenc Error: Unicode character —Ö (U+0445)
(inputenc)                not set up for use with LaTeX.

See the inputenc package documentation for explanation.
Type  H <return>  for immediate help.
 ...                                              
                                                  
l.6 ...∂–µ—Å—Ç–≤–æ –≤—Å–µ—Ö –Ω–µ–ø—Ä–µ—Ä—ã–≤–Ω—ã—Ö
                                                   –ª–∏–Ω–µ–π–Ω—ã—Ö –æ—Ç–æ–±...

You may provide a definition with
\DeclareUnicodeCharacter 


! Package inputenc Error: Unicode character –ª (U+043B)
(inputenc)                not set up for use with LaTeX.

See the inputenc package documentation for explanation.
Type  H <return>  for immediate help.
 ...                                              
                                                  
l.6 ...—Å—Ç–≤–æ –≤—Å–µ—Ö –Ω–µ–ø—Ä–µ—Ä—ã–≤–Ω—ã—Ö –ª
                                                  –∏–Ω–µ–π–Ω—ã—Ö –æ—Ç–æ–±—Ä–...

You may provide a definition with
\DeclareUnicodeCharacter 


! Package inputenc Error: Unicode character –∏ (U+0438)
(inputenc)                not set up for use with LaTeX.

See the inputenc package documentation for explanation.
Type  H <return>  for immediate help.
 ...                                              
                                                  
l.6 ...—Ç–≤–æ –≤—Å–µ—Ö –Ω–µ–ø—Ä–µ—Ä—ã–≤–Ω—ã—Ö –ª–∏
                                                  –Ω–µ–π–Ω—ã—Ö –æ—Ç–æ–±—Ä–∞–...

You may provide a definition with
\DeclareUnicodeCharacter 


! Package inputenc Error: Unicode character –Ω (U+043D)
(inputenc)                not set up for use with LaTeX.

See the inputenc package documentation for explanation.
Type  H <return>  for immediate help.
 ...                                              
                                                  
l.6 ...–≤–æ –≤—Å–µ—Ö –Ω–µ–ø—Ä–µ—Ä—ã–≤–Ω—ã—Ö –ª–∏–Ω
                                                  –µ–π–Ω—ã—Ö –æ—Ç–æ–±—Ä–∞–∂–...

You may provide a definition with
\DeclareUnicodeCharacter 


! Package inputenc Error: Unicode character –µ (U+0435)
(inputenc)                not set up for use with LaTeX.

See the inputenc package documentation for explanation.
Type  H <return>  for immediate help.
 ...                                              
                                                  
l.6 ...–æ –≤—Å–µ—Ö –Ω–µ–ø—Ä–µ—Ä—ã–≤–Ω—ã—Ö –ª–∏–Ω–µ
                                                  –π–Ω—ã—Ö –æ—Ç–æ–±—Ä–∞–∂–µ–...

You may provide a definition with
\DeclareUnicodeCharacter 


! Package inputenc Error: Unicode character –π (U+0439)
(inputenc)                not set up for use with LaTeX.

See the inputenc package documentation for explanation.
Type  H <return>  for immediate help.
 ...                                              
                                                  
l.6 ... –≤—Å–µ—Ö –Ω–µ–ø—Ä–µ—Ä—ã–≤–Ω—ã—Ö –ª–∏–Ω–µ–π
                                                  –Ω—ã—Ö –æ—Ç–æ–±—Ä–∞–∂–µ–Ω–...

You may provide a definition with
\DeclareUnicodeCharacter 


! Package inputenc Error: Unicode character –Ω (U+043D)
(inputenc)                not set up for use with LaTeX.

See the inputenc package documentation for explanation.
Type  H <return>  for immediate help.
 ...                                              
                                                  
l.6 ...≤—Å–µ—Ö –Ω–µ–ø—Ä–µ—Ä—ã–≤–Ω—ã—Ö –ª–∏–Ω–µ–π–Ω
                                                  —ã—Ö –æ—Ç–æ–±—Ä–∞–∂–µ–Ω–∏–...

You may provide a definition with
\DeclareUnicodeCharacter 


! Package inputenc Error: Unicode character —ã (U+044B)
(inputenc)                not set up for use with LaTeX.

See the inputenc package documentation for explanation.
Type  H <return>  for immediate help.
 ...                                              
                                                  
l.6 ...Å–µ—Ö –Ω–µ–ø—Ä–µ—Ä—ã–≤–Ω—ã—Ö –ª–∏–Ω–µ–π–Ω—ã
                                                  —Ö –æ—Ç–æ–±—Ä–∞–∂–µ–Ω–∏–π ...

You may provide a definition with
\DeclareUnicodeCharacter 


! Package inputenc Error: Unicode character —Ö (U+0445)
(inputenc)                not set up for use with LaTeX.

See the inputenc package documentation for explanation.
Type  H <return>  for immediate help.
 ...                                              
                                                  
l.6 ...µ—Ö –Ω–µ–ø—Ä–µ—Ä—ã–≤–Ω—ã—Ö –ª–∏–Ω–µ–π–Ω—ã—Ö
                                                   –æ—Ç–æ–±—Ä–∞–∂–µ–Ω–∏–π –æ...

You may provide a definition with
\DeclareUnicodeCharacter 


! Package inputenc Error: Unicode character –æ (U+043E)
(inputenc)                not set up for use with LaTeX.

See the inputenc package documentation for explanation.
Type  H <return>  for immediate help.
 ...                                              
                                                  
l.6 ... –Ω–µ–ø—Ä–µ—Ä—ã–≤–Ω—ã—Ö –ª–∏–Ω–µ–π–Ω—ã—Ö –æ
                                                  —Ç–æ–±—Ä–∞–∂–µ–Ω–∏–π –æ–±–...

You may provide a definition with
\DeclareUnicodeCharacter 


! Package inputenc Error: Unicode character —Ç (U+0442)
(inputenc)                not set up for use with LaTeX.

See the inputenc package documentation for explanation.
Type  H <return>  for immediate help.
 ...                                              
                                                  
l.6 ...Ω–µ–ø—Ä–µ—Ä—ã–≤–Ω—ã—Ö –ª–∏–Ω–µ–π–Ω—ã—Ö –æ—Ç
                                                  –æ–±—Ä–∞–∂–µ–Ω–∏–π –æ–±–æ–...

You may provide a definition with
\DeclareUnicodeCharacter 


! Package inputenc Error: Unicode character –æ (U+043E)
(inputenc)                not set up for use with LaTeX.

See the inputenc package documentation for explanation.
Type  H <return>  for immediate help.
 ...                                              
                                                  
l.6 ...µ–ø—Ä–µ—Ä—ã–≤–Ω—ã—Ö –ª–∏–Ω–µ–π–Ω—ã—Ö –æ—Ç–æ
                                                  –±—Ä–∞–∂–µ–Ω–∏–π –æ–±–æ–∑–...

You may provide a definition with
\DeclareUnicodeCharacter 


! Package inputenc Error: Unicode character –± (U+0431)
(inputenc)                not set up for use with LaTeX.

See the inputenc package documentation for explanation.
Type  H <return>  for immediate help.
 ...                                              
                                                  
l.6 ...ø—Ä–µ—Ä—ã–≤–Ω—ã—Ö –ª–∏–Ω–µ–π–Ω—ã—Ö –æ—Ç–æ–±
                                                  —Ä–∞–∂–µ–Ω–∏–π –æ–±–æ–∑–Ω–...

You may provide a definition with
\DeclareUnicodeCharacter 


! Package inputenc Error: Unicode character —Ä (U+0440)
(inputenc)                not set up for use with LaTeX.

See the inputenc package documentation for explanation.
Type  H <return>  for immediate help.
 ...                                              
                                                  
l.6 ...Ä–µ—Ä—ã–≤–Ω—ã—Ö –ª–∏–Ω–µ–π–Ω—ã—Ö –æ—Ç–æ–±—Ä
                                                  –∞–∂–µ–Ω–∏–π –æ–±–æ–∑–Ω–∞—...

You may provide a definition with
\DeclareUnicodeCharacter 


! Package inputenc Error: Unicode character –∞ (U+0430)
(inputenc)                not set up for use with LaTeX.

See the inputenc package documentation for explanation.
Type  H <return>  for immediate help.
 ...                                              
                                                  
l.6 ...µ—Ä—ã–≤–Ω—ã—Ö –ª–∏–Ω–µ–π–Ω—ã—Ö –æ—Ç–æ–±—Ä–∞
                                                  –∂–µ–Ω–∏–π –æ–±–æ–∑–Ω–∞—á–...
(That makes 100 errors; please try again.) 
Here is how much of TeX's memory you used:
 51 strings out of 481257
 817 string characters out of 2908761
 277830 words of memory out of 3000000
 17372 multiletter control sequences out of 15000+600000
 403430 words of font info for 27 fonts, out of 8000000 for 9000
 0 hyphenation exceptions out of 8191
 18i,1n,15p,288b,63s stack positions out of 5000i,500n,10000p,200000b,80000s

!  ==> Fatal error occurred, no output PDF file produced!
