This is pdfTeX, Version 3.141592653-2.6-1.40.22 (MiKTeX 21.3) (preloaded format=pdflatex 2021.4.13)  27 FEB 2022 22:46
entering extended mode
**./l2_3.tex
(l2_3.tex
LaTeX2e <2020-10-01> patch level 4
L3 programming layer <2021-02-18>
! Undefined control sequence.
l.1 \section
            {–ü—Ä–æ–¥–æ–ª–∂–µ–Ω–∏–µ –∏—Å—Å–ª–µ–¥–æ–≤–∞–Ω–∏—è –ø–æ–ª–Ω–æ—Ç—ã ...
The control sequence at the end of the top line
of your error message was never \def'ed. If you have
misspelled it (e.g., `\hobx'), type `I' and the correct
spelling (e.g., `I\hbox'). Otherwise just continue,
and I'll forget about whatever was undefined.


! Package inputenc Error: Unicode character –ü (U+041F)
(inputenc)                not set up for use with LaTeX.

See the inputenc package documentation for explanation.
Type  H <return>  for immediate help.
 ...                                              
                                                  
l.1 \section{–ü
               —Ä–æ–¥–æ–ª–∂–µ–Ω–∏–µ –∏—Å—Å–ª–µ–¥–æ–≤–∞–Ω–∏—è –ø–æ–ª–Ω–æ—Ç—ã ...

You may provide a definition with
\DeclareUnicodeCharacter 


! Package inputenc Error: Unicode character —Ä (U+0440)
(inputenc)                not set up for use with LaTeX.

See the inputenc package documentation for explanation.
Type  H <return>  for immediate help.
 ...                                              
                                                  
l.1 \section{–ü—Ä
                 –æ–¥–æ–ª–∂–µ–Ω–∏–µ –∏—Å—Å–ª–µ–¥–æ–≤–∞–Ω–∏—è –ø–æ–ª–Ω–æ—Ç—ã ...

You may provide a definition with
\DeclareUnicodeCharacter 


! Package inputenc Error: Unicode character –æ (U+043E)
(inputenc)                not set up for use with LaTeX.

See the inputenc package documentation for explanation.
Type  H <return>  for immediate help.
 ...                                              
                                                  
l.1 \section{–ü—Ä–æ
                   –¥–æ–ª–∂–µ–Ω–∏–µ –∏—Å—Å–ª–µ–¥–æ–≤–∞–Ω–∏—è –ø–æ–ª–Ω–æ—Ç—ã ...

You may provide a definition with
\DeclareUnicodeCharacter 


! Package inputenc Error: Unicode character –¥ (U+0434)
(inputenc)                not set up for use with LaTeX.

See the inputenc package documentation for explanation.
Type  H <return>  for immediate help.
 ...                                              
                                                  
l.1 \section{–ü—Ä–æ–¥
                     –æ–ª–∂–µ–Ω–∏–µ –∏—Å—Å–ª–µ–¥–æ–≤–∞–Ω–∏—è –ø–æ–ª–Ω–æ—Ç—ã ...

You may provide a definition with
\DeclareUnicodeCharacter 


! Package inputenc Error: Unicode character –æ (U+043E)
(inputenc)                not set up for use with LaTeX.

See the inputenc package documentation for explanation.
Type  H <return>  for immediate help.
 ...                                              
                                                  
l.1 \section{–ü—Ä–æ–¥–æ
                       –ª–∂–µ–Ω–∏–µ –∏—Å—Å–ª–µ–¥–æ–≤–∞–Ω–∏—è –ø–æ–ª–Ω–æ—Ç—ã ...

You may provide a definition with
\DeclareUnicodeCharacter 


! Package inputenc Error: Unicode character –ª (U+043B)
(inputenc)                not set up for use with LaTeX.

See the inputenc package documentation for explanation.
Type  H <return>  for immediate help.
 ...                                              
                                                  
l.1 \section{–ü—Ä–æ–¥–æ–ª
                         –∂–µ–Ω–∏–µ –∏—Å—Å–ª–µ–¥–æ–≤–∞–Ω–∏—è –ø–æ–ª–Ω–æ—Ç—ã ...

You may provide a definition with
\DeclareUnicodeCharacter 


! Package inputenc Error: Unicode character –∂ (U+0436)
(inputenc)                not set up for use with LaTeX.

See the inputenc package documentation for explanation.
Type  H <return>  for immediate help.
 ...                                              
                                                  
l.1 \section{–ü—Ä–æ–¥–æ–ª–∂
                           –µ–Ω–∏–µ –∏—Å—Å–ª–µ–¥–æ–≤–∞–Ω–∏—è –ø–æ–ª–Ω–æ—Ç—ã ...

You may provide a definition with
\DeclareUnicodeCharacter 


! Package inputenc Error: Unicode character –µ (U+0435)
(inputenc)                not set up for use with LaTeX.

See the inputenc package documentation for explanation.
Type  H <return>  for immediate help.
 ...                                              
                                                  
l.1 \section{–ü—Ä–æ–¥–æ–ª–∂–µ
                             –Ω–∏–µ –∏—Å—Å–ª–µ–¥–æ–≤–∞–Ω–∏—è –ø–æ–ª–Ω–æ—Ç—ã ...

You may provide a definition with
\DeclareUnicodeCharacter 


! Package inputenc Error: Unicode character –Ω (U+043D)
(inputenc)                not set up for use with LaTeX.

See the inputenc package documentation for explanation.
Type  H <return>  for immediate help.
 ...                                              
                                                  
l.1 \section{–ü—Ä–æ–¥–æ–ª–∂–µ–Ω
                               –∏–µ –∏—Å—Å–ª–µ–¥–æ–≤–∞–Ω–∏—è –ø–æ–ª–Ω–æ—Ç—ã ...

You may provide a definition with
\DeclareUnicodeCharacter 


! Package inputenc Error: Unicode character –∏ (U+0438)
(inputenc)                not set up for use with LaTeX.

See the inputenc package documentation for explanation.
Type  H <return>  for immediate help.
 ...                                              
                                                  
l.1 \section{–ü—Ä–æ–¥–æ–ª–∂–µ–Ω–∏
                                 –µ –∏—Å—Å–ª–µ–¥–æ–≤–∞–Ω–∏—è –ø–æ–ª–Ω–æ—Ç—ã ...

You may provide a definition with
\DeclareUnicodeCharacter 


! Package inputenc Error: Unicode character –µ (U+0435)
(inputenc)                not set up for use with LaTeX.

See the inputenc package documentation for explanation.
Type  H <return>  for immediate help.
 ...                                              
                                                  
l.1 \section{–ü—Ä–æ–¥–æ–ª–∂–µ–Ω–∏–µ
                                    –∏—Å—Å–ª–µ–¥–æ–≤–∞–Ω–∏—è –ø–æ–ª–Ω–æ—Ç—ã ...

You may provide a definition with
\DeclareUnicodeCharacter 


! Package inputenc Error: Unicode character –∏ (U+0438)
(inputenc)                not set up for use with LaTeX.

See the inputenc package documentation for explanation.
Type  H <return>  for immediate help.
 ...                                              
                                                  
l.1 \section{–ü—Ä–æ–¥–æ–ª–∂–µ–Ω–∏–µ –∏
                                      —Å—Å–ª–µ–¥–æ–≤–∞–Ω–∏—è –ø–æ–ª–Ω–æ—Ç—ã ...

You may provide a definition with
\DeclareUnicodeCharacter 


! Package inputenc Error: Unicode character —Å (U+0441)
(inputenc)                not set up for use with LaTeX.

See the inputenc package documentation for explanation.
Type  H <return>  for immediate help.
 ...                                              
                                                  
l.1 \section{–ü—Ä–æ–¥–æ–ª–∂–µ–Ω–∏–µ –∏—Å
                                        —Å–ª–µ–¥–æ–≤–∞–Ω–∏—è –ø–æ–ª–Ω–æ—Ç—ã ...

You may provide a definition with
\DeclareUnicodeCharacter 


! Package inputenc Error: Unicode character —Å (U+0441)
(inputenc)                not set up for use with LaTeX.

See the inputenc package documentation for explanation.
Type  H <return>  for immediate help.
 ...                                              
                                                  
l.1 \section{–ü—Ä–æ–¥–æ–ª–∂–µ–Ω–∏–µ –∏—Å—Å
                                          –ª–µ–¥–æ–≤–∞–Ω–∏—è –ø–æ–ª–Ω–æ—Ç—ã ...

You may provide a definition with
\DeclareUnicodeCharacter 


! Package inputenc Error: Unicode character –ª (U+043B)
(inputenc)                not set up for use with LaTeX.

See the inputenc package documentation for explanation.
Type  H <return>  for immediate help.
 ...                                              
                                                  
l.1 \section{–ü—Ä–æ–¥–æ–ª–∂–µ–Ω–∏–µ –∏—Å—Å–ª
                                            –µ–¥–æ–≤–∞–Ω–∏—è –ø–æ–ª–Ω–æ—Ç—ã ...

You may provide a definition with
\DeclareUnicodeCharacter 


! Package inputenc Error: Unicode character –µ (U+0435)
(inputenc)                not set up for use with LaTeX.

See the inputenc package documentation for explanation.
Type  H <return>  for immediate help.
 ...                                              
                                                  
l.1 \section{–ü—Ä–æ–¥–æ–ª–∂–µ–Ω–∏–µ –∏—Å—Å–ª–µ
                                              –¥–æ–≤–∞–Ω–∏—è –ø–æ–ª–Ω–æ—Ç—ã ...

You may provide a definition with
\DeclareUnicodeCharacter 


! Package inputenc Error: Unicode character –¥ (U+0434)
(inputenc)                not set up for use with LaTeX.

See the inputenc package documentation for explanation.
Type  H <return>  for immediate help.
 ...                                              
                                                  
l.1 \section{–ü—Ä–æ–¥–æ–ª–∂–µ–Ω–∏–µ –∏—Å—Å–ª–µ–¥
                                                –æ–≤–∞–Ω–∏—è –ø–æ–ª–Ω–æ—Ç—ã ...

You may provide a definition with
\DeclareUnicodeCharacter 


! Package inputenc Error: Unicode character –æ (U+043E)
(inputenc)                not set up for use with LaTeX.

See the inputenc package documentation for explanation.
Type  H <return>  for immediate help.
 ...                                              
                                                  
l.1 \section{–ü—Ä–æ–¥–æ–ª–∂–µ–Ω–∏–µ –∏—Å—Å–ª–µ–¥–æ
                                                  –≤–∞–Ω–∏—è –ø–æ–ª–Ω–æ—Ç—ã ...

You may provide a definition with
\DeclareUnicodeCharacter 


! Package inputenc Error: Unicode character –≤ (U+0432)
(inputenc)                not set up for use with LaTeX.

See the inputenc package documentation for explanation.
Type  H <return>  for immediate help.
 ...                                              
                                                  
l.1 ...ion{–ü—Ä–æ–¥–æ–ª–∂–µ–Ω–∏–µ –∏—Å—Å–ª–µ–¥–æ–≤
                                                  –∞–Ω–∏—è –ø–æ–ª–Ω–æ—Ç—ã –ø...

You may provide a definition with
\DeclareUnicodeCharacter 


! Package inputenc Error: Unicode character –∞ (U+0430)
(inputenc)                not set up for use with LaTeX.

See the inputenc package documentation for explanation.
Type  H <return>  for immediate help.
 ...                                              
                                                  
l.1 ...n{–ü—Ä–æ–¥–æ–ª–∂–µ–Ω–∏–µ –∏—Å—Å–ª–µ–¥–æ–≤–∞
                                                  –Ω–∏—è –ø–æ–ª–Ω–æ—Ç—ã –ø—Ä...

You may provide a definition with
\DeclareUnicodeCharacter 


! Package inputenc Error: Unicode character –Ω (U+043D)
(inputenc)                not set up for use with LaTeX.

See the inputenc package documentation for explanation.
Type  H <return>  for immediate help.
 ...                                              
                                                  
l.1 ...–ü—Ä–æ–¥–æ–ª–∂–µ–Ω–∏–µ –∏—Å—Å–ª–µ–¥–æ–≤–∞–Ω
                                                  –∏—è –ø–æ–ª–Ω–æ—Ç—ã –ø—Ä–æ...

You may provide a definition with
\DeclareUnicodeCharacter 


! Package inputenc Error: Unicode character –∏ (U+0438)
(inputenc)                not set up for use with LaTeX.

See the inputenc package documentation for explanation.
Type  H <return>  for immediate help.
 ...                                              
                                                  
l.1 ...—Ä–æ–¥–æ–ª–∂–µ–Ω–∏–µ –∏—Å—Å–ª–µ–¥–æ–≤–∞–Ω–∏
                                                  —è –ø–æ–ª–Ω–æ—Ç—ã –ø—Ä–æ—Å...

You may provide a definition with
\DeclareUnicodeCharacter 


! Package inputenc Error: Unicode character —è (U+044F)
(inputenc)                not set up for use with LaTeX.

See the inputenc package documentation for explanation.
Type  H <return>  for immediate help.
 ...                                              
                                                  
l.1 ...–æ–¥–æ–ª–∂–µ–Ω–∏–µ –∏—Å—Å–ª–µ–¥–æ–≤–∞–Ω–∏—è
                                                   –ø–æ–ª–Ω–æ—Ç—ã –ø—Ä–æ—Å—Ç...

You may provide a definition with
\DeclareUnicodeCharacter 


! Package inputenc Error: Unicode character –ø (U+043F)
(inputenc)                not set up for use with LaTeX.

See the inputenc package documentation for explanation.
Type  H <return>  for immediate help.
 ...                                              
                                                  
l.1 ...¥–æ–ª–∂–µ–Ω–∏–µ –∏—Å—Å–ª–µ–¥–æ–≤–∞–Ω–∏—è –ø
                                                  –æ–ª–Ω–æ—Ç—ã –ø—Ä–æ—Å—Ç—Ä–...

You may provide a definition with
\DeclareUnicodeCharacter 


! Package inputenc Error: Unicode character –æ (U+043E)
(inputenc)                not set up for use with LaTeX.

See the inputenc package documentation for explanation.
Type  H <return>  for immediate help.
 ...                                              
                                                  
l.1 ...æ–ª–∂–µ–Ω–∏–µ –∏—Å—Å–ª–µ–¥–æ–≤–∞–Ω–∏—è –ø–æ
                                                  –ª–Ω–æ—Ç—ã –ø—Ä–æ—Å—Ç—Ä–∞–...

You may provide a definition with
\DeclareUnicodeCharacter 


! Package inputenc Error: Unicode character –ª (U+043B)
(inputenc)                not set up for use with LaTeX.

See the inputenc package documentation for explanation.
Type  H <return>  for immediate help.
 ...                                              
                                                  
l.1 ...ª–∂–µ–Ω–∏–µ –∏—Å—Å–ª–µ–¥–æ–≤–∞–Ω–∏—è –ø–æ–ª
                                                  –Ω–æ—Ç—ã –ø—Ä–æ—Å—Ç—Ä–∞–Ω—...

You may provide a definition with
\DeclareUnicodeCharacter 


! Package inputenc Error: Unicode character –Ω (U+043D)
(inputenc)                not set up for use with LaTeX.

See the inputenc package documentation for explanation.
Type  H <return>  for immediate help.
 ...                                              
                                                  
l.1 ...∂–µ–Ω–∏–µ –∏—Å—Å–ª–µ–¥–æ–≤–∞–Ω–∏—è –ø–æ–ª–Ω
                                                  –æ—Ç—ã –ø—Ä–æ—Å—Ç—Ä–∞–Ω—Å—...

You may provide a definition with
\DeclareUnicodeCharacter 


! Package inputenc Error: Unicode character –æ (U+043E)
(inputenc)                not set up for use with LaTeX.

See the inputenc package documentation for explanation.
Type  H <return>  for immediate help.
 ...                                              
                                                  
l.1 ...µ–Ω–∏–µ –∏—Å—Å–ª–µ–¥–æ–≤–∞–Ω–∏—è –ø–æ–ª–Ω–æ
                                                  —Ç—ã –ø—Ä–æ—Å—Ç—Ä–∞–Ω—Å—Ç–...

You may provide a definition with
\DeclareUnicodeCharacter 


! Package inputenc Error: Unicode character —Ç (U+0442)
(inputenc)                not set up for use with LaTeX.

See the inputenc package documentation for explanation.
Type  H <return>  for immediate help.
 ...                                              
                                                  
l.1 ...Ω–∏–µ –∏—Å—Å–ª–µ–¥–æ–≤–∞–Ω–∏—è –ø–æ–ª–Ω–æ—Ç
                                                  —ã –ø—Ä–æ—Å—Ç—Ä–∞–Ω—Å—Ç–≤–...

You may provide a definition with
\DeclareUnicodeCharacter 


! Package inputenc Error: Unicode character —ã (U+044B)
(inputenc)                not set up for use with LaTeX.

See the inputenc package documentation for explanation.
Type  H <return>  for immediate help.
 ...                                              
                                                  
l.1 ...∏–µ –∏—Å—Å–ª–µ–¥–æ–≤–∞–Ω–∏—è –ø–æ–ª–Ω–æ—Ç—ã
                                                   –ø—Ä–æ—Å—Ç—Ä–∞–Ω—Å—Ç–≤–∞ ...

You may provide a definition with
\DeclareUnicodeCharacter 


! Package inputenc Error: Unicode character –ø (U+043F)
(inputenc)                not set up for use with LaTeX.

See the inputenc package documentation for explanation.
Type  H <return>  for immediate help.
 ...                                              
                                                  
l.1 ... –∏—Å—Å–ª–µ–¥–æ–≤–∞–Ω–∏—è –ø–æ–ª–Ω–æ—Ç—ã –ø
                                                  —Ä–æ—Å—Ç—Ä–∞–Ω—Å—Ç–≤–∞ –æ–...

You may provide a definition with
\DeclareUnicodeCharacter 


! Package inputenc Error: Unicode character —Ä (U+0440)
(inputenc)                not set up for use with LaTeX.

See the inputenc package documentation for explanation.
Type  H <return>  for immediate help.
 ...                                              
                                                  
l.1 ...∏—Å—Å–ª–µ–¥–æ–≤–∞–Ω–∏—è –ø–æ–ª–Ω–æ—Ç—ã –ø—Ä
                                                  –æ—Å—Ç—Ä–∞–Ω—Å—Ç–≤–∞ –æ–ø–...

You may provide a definition with
\DeclareUnicodeCharacter 


! Package inputenc Error: Unicode character –æ (U+043E)
(inputenc)                not set up for use with LaTeX.

See the inputenc package documentation for explanation.
Type  H <return>  for immediate help.
 ...                                              
                                                  
l.1 ...Å—Å–ª–µ–¥–æ–≤–∞–Ω–∏—è –ø–æ–ª–Ω–æ—Ç—ã –ø—Ä–æ
                                                  —Å—Ç—Ä–∞–Ω—Å—Ç–≤–∞ –æ–ø–µ—...

You may provide a definition with
\DeclareUnicodeCharacter 


! Package inputenc Error: Unicode character —Å (U+0441)
(inputenc)                not set up for use with LaTeX.

See the inputenc package documentation for explanation.
Type  H <return>  for immediate help.
 ...                                              
                                                  
l.1 ...Å–ª–µ–¥–æ–≤–∞–Ω–∏—è –ø–æ–ª–Ω–æ—Ç—ã –ø—Ä–æ—Å
                                                  —Ç—Ä–∞–Ω—Å—Ç–≤–∞ –æ–ø–µ—Ä–...

You may provide a definition with
\DeclareUnicodeCharacter 


! Package inputenc Error: Unicode character —Ç (U+0442)
(inputenc)                not set up for use with LaTeX.

See the inputenc package documentation for explanation.
Type  H <return>  for immediate help.
 ...                                              
                                                  
l.1 ...ª–µ–¥–æ–≤–∞–Ω–∏—è –ø–æ–ª–Ω–æ—Ç—ã –ø—Ä–æ—Å—Ç
                                                  —Ä–∞–Ω—Å—Ç–≤–∞ –æ–ø–µ—Ä–∞—...

You may provide a definition with
\DeclareUnicodeCharacter 


! Package inputenc Error: Unicode character —Ä (U+0440)
(inputenc)                not set up for use with LaTeX.

See the inputenc package documentation for explanation.
Type  H <return>  for immediate help.
 ...                                              
                                                  
l.1 ...µ–¥–æ–≤–∞–Ω–∏—è –ø–æ–ª–Ω–æ—Ç—ã –ø—Ä–æ—Å—Ç—Ä
                                                  –∞–Ω—Å—Ç–≤–∞ –æ–ø–µ—Ä–∞—Ç–...

You may provide a definition with
\DeclareUnicodeCharacter 


! Package inputenc Error: Unicode character –∞ (U+0430)
(inputenc)                not set up for use with LaTeX.

See the inputenc package documentation for explanation.
Type  H <return>  for immediate help.
 ...                                              
                                                  
l.1 ...¥–æ–≤–∞–Ω–∏—è –ø–æ–ª–Ω–æ—Ç—ã –ø—Ä–æ—Å—Ç—Ä–∞
                                                  –Ω—Å—Ç–≤–∞ –æ–ø–µ—Ä–∞—Ç–æ—...

You may provide a definition with
\DeclareUnicodeCharacter 


! Package inputenc Error: Unicode character –Ω (U+043D)
(inputenc)                not set up for use with LaTeX.

See the inputenc package documentation for explanation.
Type  H <return>  for immediate help.
 ...                                              
                                                  
l.1 ...æ–≤–∞–Ω–∏—è –ø–æ–ª–Ω–æ—Ç—ã –ø—Ä–æ—Å—Ç—Ä–∞–Ω
                                                  —Å—Ç–≤–∞ –æ–ø–µ—Ä–∞—Ç–æ—Ä–...

You may provide a definition with
\DeclareUnicodeCharacter 


! Package inputenc Error: Unicode character —Å (U+0441)
(inputenc)                not set up for use with LaTeX.

See the inputenc package documentation for explanation.
Type  H <return>  for immediate help.
 ...                                              
                                                  
l.1 ...≤–∞–Ω–∏—è –ø–æ–ª–Ω–æ—Ç—ã –ø—Ä–æ—Å—Ç—Ä–∞–Ω—Å
                                                  —Ç–≤–∞ –æ–ø–µ—Ä–∞—Ç–æ—Ä–æ–...

You may provide a definition with
\DeclareUnicodeCharacter 


! Package inputenc Error: Unicode character —Ç (U+0442)
(inputenc)                not set up for use with LaTeX.

See the inputenc package documentation for explanation.
Type  H <return>  for immediate help.
 ...                                              
                                                  
l.1 ...∞–Ω–∏—è –ø–æ–ª–Ω–æ—Ç—ã –ø—Ä–æ—Å—Ç—Ä–∞–Ω—Å—Ç
                                                  –≤–∞ –æ–ø–µ—Ä–∞—Ç–æ—Ä–æ–≤....

You may provide a definition with
\DeclareUnicodeCharacter 


! Package inputenc Error: Unicode character –≤ (U+0432)
(inputenc)                not set up for use with LaTeX.

See the inputenc package documentation for explanation.
Type  H <return>  for immediate help.
 ...                                              
                                                  
l.1 ...Ω–∏—è –ø–æ–ª–Ω–æ—Ç—ã –ø—Ä–æ—Å—Ç—Ä–∞–Ω—Å—Ç–≤
                                                  –∞ –æ–ø–µ—Ä–∞—Ç–æ—Ä–æ–≤. –...

You may provide a definition with
\DeclareUnicodeCharacter 


! Package inputenc Error: Unicode character –∞ (U+0430)
(inputenc)                not set up for use with LaTeX.

See the inputenc package documentation for explanation.
Type  H <return>  for immediate help.
 ...                                              
                                                  
l.1 ...∏—è –ø–æ–ª–Ω–æ—Ç—ã –ø—Ä–æ—Å—Ç—Ä–∞–Ω—Å—Ç–≤–∞
                                                   –æ–ø–µ—Ä–∞—Ç–æ—Ä–æ–≤. –¢–...

You may provide a definition with
\DeclareUnicodeCharacter 


! Package inputenc Error: Unicode character –æ (U+043E)
(inputenc)                not set up for use with LaTeX.

See the inputenc package documentation for explanation.
Type  H <return>  for immediate help.
 ...                                              
                                                  
l.1 ... –ø–æ–ª–Ω–æ—Ç—ã –ø—Ä–æ—Å—Ç—Ä–∞–Ω—Å—Ç–≤–∞ –æ
                                                  –ø–µ—Ä–∞—Ç–æ—Ä–æ–≤. –¢–µ–æ...

You may provide a definition with
\DeclareUnicodeCharacter 


! Package inputenc Error: Unicode character –ø (U+043F)
(inputenc)                not set up for use with LaTeX.

See the inputenc package documentation for explanation.
Type  H <return>  for immediate help.
 ...                                              
                                                  
l.1 ...ø–æ–ª–Ω–æ—Ç—ã –ø—Ä–æ—Å—Ç—Ä–∞–Ω—Å—Ç–≤–∞ –æ–ø
                                                  –µ—Ä–∞—Ç–æ—Ä–æ–≤. –¢–µ–æ—Ä...

You may provide a definition with
\DeclareUnicodeCharacter 


! Package inputenc Error: Unicode character –µ (U+0435)
(inputenc)                not set up for use with LaTeX.

See the inputenc package documentation for explanation.
Type  H <return>  for immediate help.
 ...                                              
                                                  
l.1 ...æ–ª–Ω–æ—Ç—ã –ø—Ä–æ—Å—Ç—Ä–∞–Ω—Å—Ç–≤–∞ –æ–ø–µ
                                                  —Ä–∞—Ç–æ—Ä–æ–≤. –¢–µ–æ—Ä–µ...

You may provide a definition with
\DeclareUnicodeCharacter 


! Package inputenc Error: Unicode character —Ä (U+0440)
(inputenc)                not set up for use with LaTeX.

See the inputenc package documentation for explanation.
Type  H <return>  for immediate help.
 ...                                              
                                                  
l.1 ...ª–Ω–æ—Ç—ã –ø—Ä–æ—Å—Ç—Ä–∞–Ω—Å—Ç–≤–∞ –æ–ø–µ—Ä
                                                  –∞—Ç–æ—Ä–æ–≤. –¢–µ–æ—Ä–µ–º...

You may provide a definition with
\DeclareUnicodeCharacter 


! Package inputenc Error: Unicode character –∞ (U+0430)
(inputenc)                not set up for use with LaTeX.

See the inputenc package documentation for explanation.
Type  H <return>  for immediate help.
 ...                                              
                                                  
l.1 ...Ω–æ—Ç—ã –ø—Ä–æ—Å—Ç—Ä–∞–Ω—Å—Ç–≤–∞ –æ–ø–µ—Ä–∞
                                                  —Ç–æ—Ä–æ–≤. –¢–µ–æ—Ä–µ–º–∞...

You may provide a definition with
\DeclareUnicodeCharacter 


! Package inputenc Error: Unicode character —Ç (U+0442)
(inputenc)                not set up for use with LaTeX.

See the inputenc package documentation for explanation.
Type  H <return>  for immediate help.
 ...                                              
                                                  
l.1 ...æ—Ç—ã –ø—Ä–æ—Å—Ç—Ä–∞–Ω—Å—Ç–≤–∞ –æ–ø–µ—Ä–∞—Ç
                                                  –æ—Ä–æ–≤. –¢–µ–æ—Ä–µ–º–∞ –...

You may provide a definition with
\DeclareUnicodeCharacter 


! Package inputenc Error: Unicode character –æ (U+043E)
(inputenc)                not set up for use with LaTeX.

See the inputenc package documentation for explanation.
Type  H <return>  for immediate help.
 ...                                              
                                                  
l.1 ...Ç—ã –ø—Ä–æ—Å—Ç—Ä–∞–Ω—Å—Ç–≤–∞ –æ–ø–µ—Ä–∞—Ç–æ
                                                  —Ä–æ–≤. –¢–µ–æ—Ä–µ–º–∞ –ë–...

You may provide a definition with
\DeclareUnicodeCharacter 


! Package inputenc Error: Unicode character —Ä (U+0440)
(inputenc)                not set up for use with LaTeX.

See the inputenc package documentation for explanation.
Type  H <return>  for immediate help.
 ...                                              
                                                  
l.1 ...ã –ø—Ä–æ—Å—Ç—Ä–∞–Ω—Å—Ç–≤–∞ –æ–ø–µ—Ä–∞—Ç–æ—Ä
                                                  –æ–≤. –¢–µ–æ—Ä–µ–º–∞ –ë–∞–...

You may provide a definition with
\DeclareUnicodeCharacter 


! Package inputenc Error: Unicode character –æ (U+043E)
(inputenc)                not set up for use with LaTeX.

See the inputenc package documentation for explanation.
Type  H <return>  for immediate help.
 ...                                              
                                                  
l.1 ...–ø—Ä–æ—Å—Ç—Ä–∞–Ω—Å—Ç–≤–∞ –æ–ø–µ—Ä–∞—Ç–æ—Ä–æ
                                                  –≤. –¢–µ–æ—Ä–µ–º–∞ –ë–∞–Ω–...

You may provide a definition with
\DeclareUnicodeCharacter 


! Package inputenc Error: Unicode character –≤ (U+0432)
(inputenc)                not set up for use with LaTeX.

See the inputenc package documentation for explanation.
Type  H <return>  for immediate help.
 ...                                              
                                                  
l.1 ...—Ä–æ—Å—Ç—Ä–∞–Ω—Å—Ç–≤–∞ –æ–ø–µ—Ä–∞—Ç–æ—Ä–æ–≤
                                                  . –¢–µ–æ—Ä–µ–º–∞ –ë–∞–Ω–∞—...

You may provide a definition with
\DeclareUnicodeCharacter 


! LaTeX Error: Missing \begin{document}.

See the LaTeX manual or LaTeX Companion for explanation.
Type  H <return>  for immediate help.
 ...                                              
                                                  
l.1 ...Ä–æ—Å—Ç—Ä–∞–Ω—Å—Ç–≤–∞ –æ–ø–µ—Ä–∞—Ç–æ—Ä–æ–≤.
                                                   –¢–µ–æ—Ä–µ–º–∞ –ë–∞–Ω–∞—Ö...

You're in trouble here.  Try typing  <return>  to proceed.
If that doesn't work, type  X <return>  to quit.

Missing character: There is no . in font nullfont!

! Package inputenc Error: Unicode character –¢ (U+0422)
(inputenc)                not set up for use with LaTeX.

See the inputenc package documentation for explanation.
Type  H <return>  for immediate help.
 ...                                              
                                                  
l.1 ...—Å—Ç—Ä–∞–Ω—Å—Ç–≤–∞ –æ–ø–µ—Ä–∞—Ç–æ—Ä–æ–≤. –¢
                                                  –µ–æ—Ä–µ–º–∞ –ë–∞–Ω–∞—Ö–∞-...

You may provide a definition with
\DeclareUnicodeCharacter 


! Package inputenc Error: Unicode character –µ (U+0435)
(inputenc)                not set up for use with LaTeX.

See the inputenc package documentation for explanation.
Type  H <return>  for immediate help.
 ...                                              
                                                  
l.1 ...—Ç—Ä–∞–Ω—Å—Ç–≤–∞ –æ–ø–µ—Ä–∞—Ç–æ—Ä–æ–≤. –¢–µ
                                                  –æ—Ä–µ–º–∞ –ë–∞–Ω–∞—Ö–∞-–®...

You may provide a definition with
\DeclareUnicodeCharacter 


! Package inputenc Error: Unicode character –æ (U+043E)
(inputenc)                not set up for use with LaTeX.

See the inputenc package documentation for explanation.
Type  H <return>  for immediate help.
 ...                                              
                                                  
l.1 ...—Ä–∞–Ω—Å—Ç–≤–∞ –æ–ø–µ—Ä–∞—Ç–æ—Ä–æ–≤. –¢–µ–æ
                                                  —Ä–µ–º–∞ –ë–∞–Ω–∞—Ö–∞-–®—Ç...

You may provide a definition with
\DeclareUnicodeCharacter 


! Package inputenc Error: Unicode character —Ä (U+0440)
(inputenc)                not set up for use with LaTeX.

See the inputenc package documentation for explanation.
Type  H <return>  for immediate help.
 ...                                              
                                                  
l.1 ...–∞–Ω—Å—Ç–≤–∞ –æ–ø–µ—Ä–∞—Ç–æ—Ä–æ–≤. –¢–µ–æ—Ä
                                                  –µ–º–∞ –ë–∞–Ω–∞—Ö–∞-–®—Ç–µ...

You may provide a definition with
\DeclareUnicodeCharacter 


! Package inputenc Error: Unicode character –µ (U+0435)
(inputenc)                not set up for use with LaTeX.

See the inputenc package documentation for explanation.
Type  H <return>  for immediate help.
 ...                                              
                                                  
l.1 ...–Ω—Å—Ç–≤–∞ –æ–ø–µ—Ä–∞—Ç–æ—Ä–æ–≤. –¢–µ–æ—Ä–µ
                                                  –º–∞ –ë–∞–Ω–∞—Ö–∞-–®—Ç–µ–π...

You may provide a definition with
\DeclareUnicodeCharacter 


! Package inputenc Error: Unicode character –º (U+043C)
(inputenc)                not set up for use with LaTeX.

See the inputenc package documentation for explanation.
Type  H <return>  for immediate help.
 ...                                              
                                                  
l.1 ...—Å—Ç–≤–∞ –æ–ø–µ—Ä–∞—Ç–æ—Ä–æ–≤. –¢–µ–æ—Ä–µ–º
                                                  –∞ –ë–∞–Ω–∞—Ö–∞-–®—Ç–µ–π–Ω...

You may provide a definition with
\DeclareUnicodeCharacter 


! Package inputenc Error: Unicode character –∞ (U+0430)
(inputenc)                not set up for use with LaTeX.

See the inputenc package documentation for explanation.
Type  H <return>  for immediate help.
 ...                                              
                                                  
l.1 ...—Ç–≤–∞ –æ–ø–µ—Ä–∞—Ç–æ—Ä–æ–≤. –¢–µ–æ—Ä–µ–º–∞
                                                   –ë–∞–Ω–∞—Ö–∞-–®—Ç–µ–π–Ω–≥...

You may provide a definition with
\DeclareUnicodeCharacter 


! Package inputenc Error: Unicode character –ë (U+0411)
(inputenc)                not set up for use with LaTeX.

See the inputenc package documentation for explanation.
Type  H <return>  for immediate help.
 ...                                              
                                                  
l.1 ...≤–∞ –æ–ø–µ—Ä–∞—Ç–æ—Ä–æ–≤. –¢–µ–æ—Ä–µ–º–∞ –ë
                                                  –∞–Ω–∞—Ö–∞-–®—Ç–µ–π–Ω–≥–∞—...

You may provide a definition with
\DeclareUnicodeCharacter 


! Package inputenc Error: Unicode character –∞ (U+0430)
(inputenc)                not set up for use with LaTeX.

See the inputenc package documentation for explanation.
Type  H <return>  for immediate help.
 ...                                              
                                                  
l.1 ...∞ –æ–ø–µ—Ä–∞—Ç–æ—Ä–æ–≤. –¢–µ–æ—Ä–µ–º–∞ –ë–∞
                                                  –Ω–∞—Ö–∞-–®—Ç–µ–π–Ω–≥–∞—É–...

You may provide a definition with
\DeclareUnicodeCharacter 


! Package inputenc Error: Unicode character –Ω (U+043D)
(inputenc)                not set up for use with LaTeX.

See the inputenc package documentation for explanation.
Type  H <return>  for immediate help.
 ...                                              
                                                  
l.1 ...–æ–ø–µ—Ä–∞—Ç–æ—Ä–æ–≤. –¢–µ–æ—Ä–µ–º–∞ –ë–∞–Ω
                                                  –∞—Ö–∞-–®—Ç–µ–π–Ω–≥–∞—É–∑–∞}
You may provide a definition with
\DeclareUnicodeCharacter 


! Package inputenc Error: Unicode character –∞ (U+0430)
(inputenc)                not set up for use with LaTeX.

See the inputenc package documentation for explanation.
Type  H <return>  for immediate help.
 ...                                              
                                                  
l.1 ...–ø–µ—Ä–∞—Ç–æ—Ä–æ–≤. –¢–µ–æ—Ä–µ–º–∞ –ë–∞–Ω–∞
                                                  —Ö–∞-–®—Ç–µ–π–Ω–≥–∞—É–∑–∞}
You may provide a definition with
\DeclareUnicodeCharacter 


! Package inputenc Error: Unicode character —Ö (U+0445)
(inputenc)                not set up for use with LaTeX.

See the inputenc package documentation for explanation.
Type  H <return>  for immediate help.
 ...                                              
                                                  
l.1 ...–µ—Ä–∞—Ç–æ—Ä–æ–≤. –¢–µ–æ—Ä–µ–º–∞ –ë–∞–Ω–∞—Ö
                                                  –∞-–®—Ç–µ–π–Ω–≥–∞—É–∑–∞}
You may provide a definition with
\DeclareUnicodeCharacter 


! Package inputenc Error: Unicode character –∞ (U+0430)
(inputenc)                not set up for use with LaTeX.

See the inputenc package documentation for explanation.
Type  H <return>  for immediate help.
 ...                                              
                                                  
l.1 ...—Ä–∞—Ç–æ—Ä–æ–≤. –¢–µ–æ—Ä–µ–º–∞ –ë–∞–Ω–∞—Ö–∞
                                                  -–®—Ç–µ–π–Ω–≥–∞—É–∑–∞}
You may provide a definition with
\DeclareUnicodeCharacter 

Missing character: There is no - in font nullfont!

! Package inputenc Error: Unicode character –® (U+0428)
(inputenc)                not set up for use with LaTeX.

See the inputenc package documentation for explanation.
Type  H <return>  for immediate help.
 ...                                              
                                                  
l.1 ...∞—Ç–æ—Ä–æ–≤. –¢–µ–æ—Ä–µ–º–∞ –ë–∞–Ω–∞—Ö–∞-–®
                                                  —Ç–µ–π–Ω–≥–∞—É–∑–∞}
You may provide a definition with
\DeclareUnicodeCharacter 


! Package inputenc Error: Unicode character —Ç (U+0442)
(inputenc)                not set up for use with LaTeX.

See the inputenc package documentation for explanation.
Type  H <return>  for immediate help.
 ...                                              
                                                  
l.1 ...Ç–æ—Ä–æ–≤. –¢–µ–æ—Ä–µ–º–∞ –ë–∞–Ω–∞—Ö–∞-–®—Ç
                                                  –µ–π–Ω–≥–∞—É–∑–∞}
You may provide a definition with
\DeclareUnicodeCharacter 


! Package inputenc Error: Unicode character –µ (U+0435)
(inputenc)                not set up for use with LaTeX.

See the inputenc package documentation for explanation.
Type  H <return>  for immediate help.
 ...                                              
                                                  
l.1 ...æ—Ä–æ–≤. –¢–µ–æ—Ä–µ–º–∞ –ë–∞–Ω–∞—Ö–∞-–®—Ç–µ
                                                  –π–Ω–≥–∞—É–∑–∞}
You may provide a definition with
\DeclareUnicodeCharacter 


! Package inputenc Error: Unicode character –π (U+0439)
(inputenc)                not set up for use with LaTeX.

See the inputenc package documentation for explanation.
Type  H <return>  for immediate help.
 ...                                              
                                                  
l.1 ...Ä–æ–≤. –¢–µ–æ—Ä–µ–º–∞ –ë–∞–Ω–∞—Ö–∞-–®—Ç–µ–π
                                                  –Ω–≥–∞—É–∑–∞}
You may provide a definition with
\DeclareUnicodeCharacter 


! Package inputenc Error: Unicode character –Ω (U+043D)
(inputenc)                not set up for use with LaTeX.

See the inputenc package documentation for explanation.
Type  H <return>  for immediate help.
 ...                                              
                                                  
l.1 ...æ–≤. –¢–µ–æ—Ä–µ–º–∞ –ë–∞–Ω–∞—Ö–∞-–®—Ç–µ–π–Ω
                                                  –≥–∞—É–∑–∞}
You may provide a definition with
\DeclareUnicodeCharacter 


! Package inputenc Error: Unicode character –≥ (U+0433)
(inputenc)                not set up for use with LaTeX.

See the inputenc package documentation for explanation.
Type  H <return>  for immediate help.
 ...                                              
                                                  
l.1 ...≤. –¢–µ–æ—Ä–µ–º–∞ –ë–∞–Ω–∞—Ö–∞-–®—Ç–µ–π–Ω–≥
                                                  –∞—É–∑–∞}
You may provide a definition with
\DeclareUnicodeCharacter 


! Package inputenc Error: Unicode character –∞ (U+0430)
(inputenc)                not set up for use with LaTeX.

See the inputenc package documentation for explanation.
Type  H <return>  for immediate help.
 ...                                              
                                                  
l.1 ... –¢–µ–æ—Ä–µ–º–∞ –ë–∞–Ω–∞—Ö–∞-–®—Ç–µ–π–Ω–≥–∞
                                                  —É–∑–∞}
You may provide a definition with
\DeclareUnicodeCharacter 


! Package inputenc Error: Unicode character —É (U+0443)
(inputenc)                not set up for use with LaTeX.

See the inputenc package documentation for explanation.
Type  H <return>  for immediate help.
 ...                                              
                                                  
l.1 ...¢–µ–æ—Ä–µ–º–∞ –ë–∞–Ω–∞—Ö–∞-–®—Ç–µ–π–Ω–≥–∞—É
                                                  –∑–∞}
You may provide a definition with
\DeclareUnicodeCharacter 


! Package inputenc Error: Unicode character –∑ (U+0437)
(inputenc)                not set up for use with LaTeX.

See the inputenc package documentation for explanation.
Type  H <return>  for immediate help.
 ...                                              
                                                  
l.1 ...µ–æ—Ä–µ–º–∞ –ë–∞–Ω–∞—Ö–∞-–®—Ç–µ–π–Ω–≥–∞—É–∑
                                                  –∞}
You may provide a definition with
\DeclareUnicodeCharacter 


! Package inputenc Error: Unicode character –∞ (U+0430)
(inputenc)                not set up for use with LaTeX.

See the inputenc package documentation for explanation.
Type  H <return>  for immediate help.
 ...                                              
                                                  
l.1 ...æ—Ä–µ–º–∞ –ë–∞–Ω–∞—Ö–∞-–®—Ç–µ–π–Ω–≥–∞—É–∑–∞
                                                  }
You may provide a definition with
\DeclareUnicodeCharacter 

! Undefined control sequence.
l.2 \subsubsection
                  *{–†–∞—Å—Å—É–∂–¥–µ–Ω–∏—è, –∫–æ—Ç–æ—Ä—ã–µ –ø—Ä–∏–≤–µ–¥—É—Ç ...
The control sequence at the end of the top line
of your error message was never \def'ed. If you have
misspelled it (e.g., `\hobx'), type `I' and the correct
spelling (e.g., `I\hbox'). Otherwise just continue,
and I'll forget about whatever was undefined.

Missing character: There is no * in font nullfont!

! Package inputenc Error: Unicode character –† (U+0420)
(inputenc)                not set up for use with LaTeX.

See the inputenc package documentation for explanation.
Type  H <return>  for immediate help.
 ...                                              
                                                  
l.2 \subsubsection*{–†
                      –∞—Å—Å—É–∂–¥–µ–Ω–∏—è, –∫–æ—Ç–æ—Ä—ã–µ –ø—Ä–∏–≤–µ–¥—É—Ç ...

You may provide a definition with
\DeclareUnicodeCharacter 


! Package inputenc Error: Unicode character –∞ (U+0430)
(inputenc)                not set up for use with LaTeX.

See the inputenc package documentation for explanation.
Type  H <return>  for immediate help.
 ...                                              
                                                  
l.2 \subsubsection*{–†–∞
                        —Å—Å—É–∂–¥–µ–Ω–∏—è, –∫–æ—Ç–æ—Ä—ã–µ –ø—Ä–∏–≤–µ–¥—É—Ç ...

You may provide a definition with
\DeclareUnicodeCharacter 


! Package inputenc Error: Unicode character —Å (U+0441)
(inputenc)                not set up for use with LaTeX.

See the inputenc package documentation for explanation.
Type  H <return>  for immediate help.
 ...                                              
                                                  
l.2 \subsubsection*{–†–∞—Å
                          —Å—É–∂–¥–µ–Ω–∏—è, –∫–æ—Ç–æ—Ä—ã–µ –ø—Ä–∏–≤–µ–¥—É—Ç ...

You may provide a definition with
\DeclareUnicodeCharacter 


! Package inputenc Error: Unicode character —Å (U+0441)
(inputenc)                not set up for use with LaTeX.

See the inputenc package documentation for explanation.
Type  H <return>  for immediate help.
 ...                                              
                                                  
l.2 \subsubsection*{–†–∞—Å—Å
                            —É–∂–¥–µ–Ω–∏—è, –∫–æ—Ç–æ—Ä—ã–µ –ø—Ä–∏–≤–µ–¥—É—Ç ...

You may provide a definition with
\DeclareUnicodeCharacter 


! Package inputenc Error: Unicode character —É (U+0443)
(inputenc)                not set up for use with LaTeX.

See the inputenc package documentation for explanation.
Type  H <return>  for immediate help.
 ...                                              
                                                  
l.2 \subsubsection*{–†–∞—Å—Å—É
                              –∂–¥–µ–Ω–∏—è, –∫–æ—Ç–æ—Ä—ã–µ –ø—Ä–∏–≤–µ–¥—É—Ç ...

You may provide a definition with
\DeclareUnicodeCharacter 


! Package inputenc Error: Unicode character –∂ (U+0436)
(inputenc)                not set up for use with LaTeX.

See the inputenc package documentation for explanation.
Type  H <return>  for immediate help.
 ...                                              
                                                  
l.2 \subsubsection*{–†–∞—Å—Å—É–∂
                                –¥–µ–Ω–∏—è, –∫–æ—Ç–æ—Ä—ã–µ –ø—Ä–∏–≤–µ–¥—É—Ç ...

You may provide a definition with
\DeclareUnicodeCharacter 


! Package inputenc Error: Unicode character –¥ (U+0434)
(inputenc)                not set up for use with LaTeX.

See the inputenc package documentation for explanation.
Type  H <return>  for immediate help.
 ...                                              
                                                  
l.2 \subsubsection*{–†–∞—Å—Å—É–∂–¥
                                  –µ–Ω–∏—è, –∫–æ—Ç–æ—Ä—ã–µ –ø—Ä–∏–≤–µ–¥—É—Ç ...

You may provide a definition with
\DeclareUnicodeCharacter 


! Package inputenc Error: Unicode character –µ (U+0435)
(inputenc)                not set up for use with LaTeX.

See the inputenc package documentation for explanation.
Type  H <return>  for immediate help.
 ...                                              
                                                  
l.2 \subsubsection*{–†–∞—Å—Å—É–∂–¥–µ
                                    –Ω–∏—è, –∫–æ—Ç–æ—Ä—ã–µ –ø—Ä–∏–≤–µ–¥—É—Ç ...

You may provide a definition with
\DeclareUnicodeCharacter 


! Package inputenc Error: Unicode character –Ω (U+043D)
(inputenc)                not set up for use with LaTeX.

See the inputenc package documentation for explanation.
Type  H <return>  for immediate help.
 ...                                              
                                                  
l.2 \subsubsection*{–†–∞—Å—Å—É–∂–¥–µ–Ω
                                      –∏—è, –∫–æ—Ç–æ—Ä—ã–µ –ø—Ä–∏–≤–µ–¥—É—Ç ...

You may provide a definition with
\DeclareUnicodeCharacter 


! Package inputenc Error: Unicode character –∏ (U+0438)
(inputenc)                not set up for use with LaTeX.

See the inputenc package documentation for explanation.
Type  H <return>  for immediate help.
 ...                                              
                                                  
l.2 \subsubsection*{–†–∞—Å—Å—É–∂–¥–µ–Ω–∏
                                        —è, –∫–æ—Ç–æ—Ä—ã–µ –ø—Ä–∏–≤–µ–¥—É—Ç ...

You may provide a definition with
\DeclareUnicodeCharacter 


! Package inputenc Error: Unicode character —è (U+044F)
(inputenc)                not set up for use with LaTeX.

See the inputenc package documentation for explanation.
Type  H <return>  for immediate help.
 ...                                              
                                                  
l.2 \subsubsection*{–†–∞—Å—Å—É–∂–¥–µ–Ω–∏—è
                                          , –∫–æ—Ç–æ—Ä—ã–µ –ø—Ä–∏–≤–µ–¥—É—Ç ...

You may provide a definition with
\DeclareUnicodeCharacter 

Missing character: There is no , in font nullfont!

! Package inputenc Error: Unicode character –∫ (U+043A)
(inputenc)                not set up for use with LaTeX.

See the inputenc package documentation for explanation.
Type  H <return>  for immediate help.
 ...                                              
                                                  
l.2 \subsubsection*{–†–∞—Å—Å—É–∂–¥–µ–Ω–∏—è, –∫
                                              –æ—Ç–æ—Ä—ã–µ –ø—Ä–∏–≤–µ–¥—É—Ç ...

You may provide a definition with
\DeclareUnicodeCharacter 


! Package inputenc Error: Unicode character –æ (U+043E)
(inputenc)                not set up for use with LaTeX.

See the inputenc package documentation for explanation.
Type  H <return>  for immediate help.
 ...                                              
                                                  
l.2 \subsubsection*{–†–∞—Å—Å—É–∂–¥–µ–Ω–∏—è, –∫–æ
                                                —Ç–æ—Ä—ã–µ –ø—Ä–∏–≤–µ–¥—É—Ç ...

You may provide a definition with
\DeclareUnicodeCharacter 


! Package inputenc Error: Unicode character —Ç (U+0442)
(inputenc)                not set up for use with LaTeX.

See the inputenc package documentation for explanation.
Type  H <return>  for immediate help.
 ...                                              
                                                  
l.2 \subsubsection*{–†–∞—Å—Å—É–∂–¥–µ–Ω–∏—è, –∫–æ—Ç
                                                  –æ—Ä—ã–µ –ø—Ä–∏–≤–µ–¥—É—Ç ...

You may provide a definition with
\DeclareUnicodeCharacter 


! Package inputenc Error: Unicode character –æ (U+043E)
(inputenc)                not set up for use with LaTeX.

See the inputenc package documentation for explanation.
Type  H <return>  for immediate help.
 ...                                              
                                                  
l.2 ...ubsection*{–†–∞—Å—Å—É–∂–¥–µ–Ω–∏—è, –∫–æ—Ç–æ
                                                  —Ä—ã–µ –ø—Ä–∏–≤–µ–¥—É—Ç –Ω...

You may provide a definition with
\DeclareUnicodeCharacter 


! Package inputenc Error: Unicode character —Ä (U+0440)
(inputenc)                not set up for use with LaTeX.

See the inputenc package documentation for explanation.
Type  H <return>  for immediate help.
 ...                                              
                                                  
l.2 ...section*{–†–∞—Å—Å—É–∂–¥–µ–Ω–∏—è, –∫–æ—Ç–æ—Ä
                                                  —ã–µ –ø—Ä–∏–≤–µ–¥—É—Ç –Ω–∞...

You may provide a definition with
\DeclareUnicodeCharacter 


! Package inputenc Error: Unicode character —ã (U+044B)
(inputenc)                not set up for use with LaTeX.

See the inputenc package documentation for explanation.
Type  H <return>  for immediate help.
 ...                                              
                                                  
l.2 ...ction*{–†–∞—Å—Å—É–∂–¥–µ–Ω–∏—è, –∫–æ—Ç–æ—Ä—ã
                                                  –µ –ø—Ä–∏–≤–µ–¥—É—Ç –Ω–∞—Å...

You may provide a definition with
\DeclareUnicodeCharacter 


! Package inputenc Error: Unicode character –µ (U+0435)
(inputenc)                not set up for use with LaTeX.

See the inputenc package documentation for explanation.
Type  H <return>  for immediate help.
 ...                                              
                                                  
l.2 ...ion*{–†–∞—Å—Å—É–∂–¥–µ–Ω–∏—è, –∫–æ—Ç–æ—Ä—ã–µ
                                                   –ø—Ä–∏–≤–µ–¥—É—Ç –Ω–∞—Å –...

You may provide a definition with
\DeclareUnicodeCharacter 


! Package inputenc Error: Unicode character –ø (U+043F)
(inputenc)                not set up for use with LaTeX.

See the inputenc package documentation for explanation.
Type  H <return>  for immediate help.
 ...                                              
                                                  
l.2 ...*{–†–∞—Å—Å—É–∂–¥–µ–Ω–∏—è, –∫–æ—Ç–æ—Ä—ã–µ –ø
                                                  —Ä–∏–≤–µ–¥—É—Ç –Ω–∞—Å –∫ –...

You may provide a definition with
\DeclareUnicodeCharacter 


! Package inputenc Error: Unicode character —Ä (U+0440)
(inputenc)                not set up for use with LaTeX.

See the inputenc package documentation for explanation.
Type  H <return>  for immediate help.
 ...                                              
                                                  
l.2 ...–†–∞—Å—Å—É–∂–¥–µ–Ω–∏—è, –∫–æ—Ç–æ—Ä—ã–µ –ø—Ä
                                                  –∏–≤–µ–¥—É—Ç –Ω–∞—Å –∫ –Ω—...

You may provide a definition with
\DeclareUnicodeCharacter 


! Package inputenc Error: Unicode character –∏ (U+0438)
(inputenc)                not set up for use with LaTeX.

See the inputenc package documentation for explanation.
Type  H <return>  for immediate help.
 ...                                              
                                                  
l.2 ...–∞—Å—Å—É–∂–¥–µ–Ω–∏—è, –∫–æ—Ç–æ—Ä—ã–µ –ø—Ä–∏
                                                  –≤–µ–¥—É—Ç –Ω–∞—Å –∫ –Ω—É–...

You may provide a definition with
\DeclareUnicodeCharacter 


! Package inputenc Error: Unicode character –≤ (U+0432)
(inputenc)                not set up for use with LaTeX.

See the inputenc package documentation for explanation.
Type  H <return>  for immediate help.
 ...                                              
                                                  
l.2 ...—Å—Å—É–∂–¥–µ–Ω–∏—è, –∫–æ—Ç–æ—Ä—ã–µ –ø—Ä–∏–≤
                                                  –µ–¥—É—Ç –Ω–∞—Å –∫ –Ω—É–∂–...
(That makes 100 errors; please try again.) 
Here is how much of TeX's memory you used:
 46 strings out of 481257
 777 string characters out of 2908761
 277830 words of memory out of 3000000
 17367 multiletter control sequences out of 15000+600000
 403430 words of font info for 27 fonts, out of 8000000 for 9000
 0 hyphenation exceptions out of 8191
 13i,0n,15p,210b,41s stack positions out of 5000i,500n,10000p,200000b,80000s

!  ==> Fatal error occurred, no output PDF file produced!
