This is pdfTeX, Version 3.141592653-2.6-1.40.22 (MiKTeX 21.3) (preloaded format=pdflatex 2021.4.13)  12 MAR 2022 21:00
entering extended mode
**./l2_5.tex
(l2_5.tex
LaTeX2e <2020-10-01> patch level 4
L3 programming layer <2021-02-18>
! Undefined control sequence.
l.1 \section
            {sdf}
The control sequence at the end of the top line
of your error message was never \def'ed. If you have
misspelled it (e.g., `\hobx'), type `I' and the correct
spelling (e.g., `I\hbox'). Otherwise just continue,
and I'll forget about whatever was undefined.


! LaTeX Error: Missing \begin{document}.

See the LaTeX manual or LaTeX Companion for explanation.
Type  H <return>  for immediate help.
 ...                                              
                                                  
l.1 \section{s
              df}
You're in trouble here.  Try typing  <return>  to proceed.
If that doesn't work, type  X <return>  to quit.

Missing character: There is no s in font nullfont!
Missing character: There is no d in font nullfont!
Missing character: There is no f in font nullfont!

Overfull \hbox (20.0pt too wide) in paragraph at lines 1--2
[] 
 []


! LaTeX Error: Environment theorem undefined.

See the LaTeX manual or LaTeX Companion for explanation.
Type  H <return>  for immediate help.
 ...                                              
                                                  
l.3 \begin{theorem}
                   [–ë–∞–Ω–∞—Ö–∞ –æ –∑–∞–º–∫–Ω—É—Ç–æ–º –≥—Ä–∞—Ñ–∏–∫–µ]
Your command was ignored.
Type  I <command> <return>  to replace it with another command,
or  <return>  to continue without it.


! LaTeX Error: Missing \begin{document}.

See the LaTeX manual or LaTeX Companion for explanation.
Type  H <return>  for immediate help.
 ...                                              
                                                  
l.3 \begin{theorem}[
                    –ë–∞–Ω–∞—Ö–∞ –æ –∑–∞–º–∫–Ω—É—Ç–æ–º –≥—Ä–∞—Ñ–∏–∫–µ]
You're in trouble here.  Try typing  <return>  to proceed.
If that doesn't work, type  X <return>  to quit.

Missing character: There is no [ in font nullfont!

! Package inputenc Error: Unicode character –ë (U+0411)
(inputenc)                not set up for use with LaTeX.

See the inputenc package documentation for explanation.
Type  H <return>  for immediate help.
 ...                                              
                                                  
l.3 \begin{theorem}[–ë
                      –∞–Ω–∞—Ö–∞ –æ –∑–∞–º–∫–Ω—É—Ç–æ–º –≥—Ä–∞—Ñ–∏–∫–µ]
You may provide a definition with
\DeclareUnicodeCharacter 


! Package inputenc Error: Unicode character –∞ (U+0430)
(inputenc)                not set up for use with LaTeX.

See the inputenc package documentation for explanation.
Type  H <return>  for immediate help.
 ...                                              
                                                  
l.3 \begin{theorem}[–ë–∞
                        –Ω–∞—Ö–∞ –æ –∑–∞–º–∫–Ω—É—Ç–æ–º –≥—Ä–∞—Ñ–∏–∫–µ]
You may provide a definition with
\DeclareUnicodeCharacter 


! Package inputenc Error: Unicode character –Ω (U+043D)
(inputenc)                not set up for use with LaTeX.

See the inputenc package documentation for explanation.
Type  H <return>  for immediate help.
 ...                                              
                                                  
l.3 \begin{theorem}[–ë–∞–Ω
                          –∞—Ö–∞ –æ –∑–∞–º–∫–Ω—É—Ç–æ–º –≥—Ä–∞—Ñ–∏–∫–µ]
You may provide a definition with
\DeclareUnicodeCharacter 


! Package inputenc Error: Unicode character –∞ (U+0430)
(inputenc)                not set up for use with LaTeX.

See the inputenc package documentation for explanation.
Type  H <return>  for immediate help.
 ...                                              
                                                  
l.3 \begin{theorem}[–ë–∞–Ω–∞
                            —Ö–∞ –æ –∑–∞–º–∫–Ω—É—Ç–æ–º –≥—Ä–∞—Ñ–∏–∫–µ]
You may provide a definition with
\DeclareUnicodeCharacter 


! Package inputenc Error: Unicode character —Ö (U+0445)
(inputenc)                not set up for use with LaTeX.

See the inputenc package documentation for explanation.
Type  H <return>  for immediate help.
 ...                                              
                                                  
l.3 \begin{theorem}[–ë–∞–Ω–∞—Ö
                              –∞ –æ –∑–∞–º–∫–Ω—É—Ç–æ–º –≥—Ä–∞—Ñ–∏–∫–µ]
You may provide a definition with
\DeclareUnicodeCharacter 


! Package inputenc Error: Unicode character –∞ (U+0430)
(inputenc)                not set up for use with LaTeX.

See the inputenc package documentation for explanation.
Type  H <return>  for immediate help.
 ...                                              
                                                  
l.3 \begin{theorem}[–ë–∞–Ω–∞—Ö–∞
                                 –æ –∑–∞–º–∫–Ω—É—Ç–æ–º –≥—Ä–∞—Ñ–∏–∫–µ]
You may provide a definition with
\DeclareUnicodeCharacter 


! Package inputenc Error: Unicode character –æ (U+043E)
(inputenc)                not set up for use with LaTeX.

See the inputenc package documentation for explanation.
Type  H <return>  for immediate help.
 ...                                              
                                                  
l.3 \begin{theorem}[–ë–∞–Ω–∞—Ö–∞ –æ
                                    –∑–∞–º–∫–Ω—É—Ç–æ–º –≥—Ä–∞—Ñ–∏–∫–µ]
You may provide a definition with
\DeclareUnicodeCharacter 


! Package inputenc Error: Unicode character –∑ (U+0437)
(inputenc)                not set up for use with LaTeX.

See the inputenc package documentation for explanation.
Type  H <return>  for immediate help.
 ...                                              
                                                  
l.3 \begin{theorem}[–ë–∞–Ω–∞—Ö–∞ –æ –∑
                                      –∞–º–∫–Ω—É—Ç–æ–º –≥—Ä–∞—Ñ–∏–∫–µ]
You may provide a definition with
\DeclareUnicodeCharacter 


! Package inputenc Error: Unicode character –∞ (U+0430)
(inputenc)                not set up for use with LaTeX.

See the inputenc package documentation for explanation.
Type  H <return>  for immediate help.
 ...                                              
                                                  
l.3 \begin{theorem}[–ë–∞–Ω–∞—Ö–∞ –æ –∑–∞
                                        –º–∫–Ω—É—Ç–æ–º –≥—Ä–∞—Ñ–∏–∫–µ]
You may provide a definition with
\DeclareUnicodeCharacter 


! Package inputenc Error: Unicode character –º (U+043C)
(inputenc)                not set up for use with LaTeX.

See the inputenc package documentation for explanation.
Type  H <return>  for immediate help.
 ...                                              
                                                  
l.3 \begin{theorem}[–ë–∞–Ω–∞—Ö–∞ –æ –∑–∞–º
                                          –∫–Ω—É—Ç–æ–º –≥—Ä–∞—Ñ–∏–∫–µ]
You may provide a definition with
\DeclareUnicodeCharacter 


! Package inputenc Error: Unicode character –∫ (U+043A)
(inputenc)                not set up for use with LaTeX.

See the inputenc package documentation for explanation.
Type  H <return>  for immediate help.
 ...                                              
                                                  
l.3 \begin{theorem}[–ë–∞–Ω–∞—Ö–∞ –æ –∑–∞–º–∫
                                            –Ω—É—Ç–æ–º –≥—Ä–∞—Ñ–∏–∫–µ]
You may provide a definition with
\DeclareUnicodeCharacter 


! Package inputenc Error: Unicode character –Ω (U+043D)
(inputenc)                not set up for use with LaTeX.

See the inputenc package documentation for explanation.
Type  H <return>  for immediate help.
 ...                                              
                                                  
l.3 \begin{theorem}[–ë–∞–Ω–∞—Ö–∞ –æ –∑–∞–º–∫–Ω
                                              —É—Ç–æ–º –≥—Ä–∞—Ñ–∏–∫–µ]
You may provide a definition with
\DeclareUnicodeCharacter 


! Package inputenc Error: Unicode character —É (U+0443)
(inputenc)                not set up for use with LaTeX.

See the inputenc package documentation for explanation.
Type  H <return>  for immediate help.
 ...                                              
                                                  
l.3 \begin{theorem}[–ë–∞–Ω–∞—Ö–∞ –æ –∑–∞–º–∫–Ω—É
                                                —Ç–æ–º –≥—Ä–∞—Ñ–∏–∫–µ]
You may provide a definition with
\DeclareUnicodeCharacter 


! Package inputenc Error: Unicode character —Ç (U+0442)
(inputenc)                not set up for use with LaTeX.

See the inputenc package documentation for explanation.
Type  H <return>  for immediate help.
 ...                                              
                                                  
l.3 \begin{theorem}[–ë–∞–Ω–∞—Ö–∞ –æ –∑–∞–º–∫–Ω—É—Ç
                                                  –æ–º –≥—Ä–∞—Ñ–∏–∫–µ]
You may provide a definition with
\DeclareUnicodeCharacter 


! Package inputenc Error: Unicode character –æ (U+043E)
(inputenc)                not set up for use with LaTeX.

See the inputenc package documentation for explanation.
Type  H <return>  for immediate help.
 ...                                              
                                                  
l.3 ...n{theorem}[–ë–∞–Ω–∞—Ö–∞ –æ –∑–∞–º–∫–Ω—É—Ç–æ
                                                  –º –≥—Ä–∞—Ñ–∏–∫–µ]
You may provide a definition with
\DeclareUnicodeCharacter 


! Package inputenc Error: Unicode character –º (U+043C)
(inputenc)                not set up for use with LaTeX.

See the inputenc package documentation for explanation.
Type  H <return>  for immediate help.
 ...                                              
                                                  
l.3 ...theorem}[–ë–∞–Ω–∞—Ö–∞ –æ –∑–∞–º–∫–Ω—É—Ç–æ–º
                                                   –≥—Ä–∞—Ñ–∏–∫–µ]
You may provide a definition with
\DeclareUnicodeCharacter 


! Package inputenc Error: Unicode character –≥ (U+0433)
(inputenc)                not set up for use with LaTeX.

See the inputenc package documentation for explanation.
Type  H <return>  for immediate help.
 ...                                              
                                                  
l.3 ...orem}[–ë–∞–Ω–∞—Ö–∞ –æ –∑–∞–º–∫–Ω—É—Ç–æ–º –≥
                                                  —Ä–∞—Ñ–∏–∫–µ]
You may provide a definition with
\DeclareUnicodeCharacter 


! Package inputenc Error: Unicode character —Ä (U+0440)
(inputenc)                not set up for use with LaTeX.

See the inputenc package documentation for explanation.
Type  H <return>  for immediate help.
 ...                                              
                                                  
l.3 ...em}[–ë–∞–Ω–∞—Ö–∞ –æ –∑–∞–º–∫–Ω—É—Ç–æ–º –≥—Ä
                                                  –∞—Ñ–∏–∫–µ]
You may provide a definition with
\DeclareUnicodeCharacter 


! Package inputenc Error: Unicode character –∞ (U+0430)
(inputenc)                not set up for use with LaTeX.

See the inputenc package documentation for explanation.
Type  H <return>  for immediate help.
 ...                                              
                                                  
l.3 ...}[–ë–∞–Ω–∞—Ö–∞ –æ –∑–∞–º–∫–Ω—É—Ç–æ–º –≥—Ä–∞
                                                  —Ñ–∏–∫–µ]
You may provide a definition with
\DeclareUnicodeCharacter 


! Package inputenc Error: Unicode character —Ñ (U+0444)
(inputenc)                not set up for use with LaTeX.

See the inputenc package documentation for explanation.
Type  H <return>  for immediate help.
 ...                                              
                                                  
l.3 ...–ë–∞–Ω–∞—Ö–∞ –æ –∑–∞–º–∫–Ω—É—Ç–æ–º –≥—Ä–∞—Ñ
                                                  –∏–∫–µ]
You may provide a definition with
\DeclareUnicodeCharacter 


! Package inputenc Error: Unicode character –∏ (U+0438)
(inputenc)                not set up for use with LaTeX.

See the inputenc package documentation for explanation.
Type  H <return>  for immediate help.
 ...                                              
                                                  
l.3 ...–∞–Ω–∞—Ö–∞ –æ –∑–∞–º–∫–Ω—É—Ç–æ–º –≥—Ä–∞—Ñ–∏
                                                  –∫–µ]
You may provide a definition with
\DeclareUnicodeCharacter 


! Package inputenc Error: Unicode character –∫ (U+043A)
(inputenc)                not set up for use with LaTeX.

See the inputenc package documentation for explanation.
Type  H <return>  for immediate help.
 ...                                              
                                                  
l.3 ...–Ω–∞—Ö–∞ –æ –∑–∞–º–∫–Ω—É—Ç–æ–º –≥—Ä–∞—Ñ–∏–∫
                                                  –µ]
You may provide a definition with
\DeclareUnicodeCharacter 


! Package inputenc Error: Unicode character –µ (U+0435)
(inputenc)                not set up for use with LaTeX.

See the inputenc package documentation for explanation.
Type  H <return>  for immediate help.
 ...                                              
                                                  
l.3 ...–∞—Ö–∞ –æ –∑–∞–º–∫–Ω—É—Ç–æ–º –≥—Ä–∞—Ñ–∏–∫–µ
                                                  ]
You may provide a definition with
\DeclareUnicodeCharacter 

Missing character: There is no ] in font nullfont!

! Package inputenc Error: Unicode character –ü (U+041F)
(inputenc)                not set up for use with LaTeX.

See the inputenc package documentation for explanation.
Type  H <return>  for immediate help.
 ...                                              
                                                  
l.4 	 –ü
        —É—Å—Ç—å $X,Y$ --- –±–∞–Ω–∞—Ö–æ–≤—ã –ø—Ä–æ—Å—Ç—Ä–∞–Ω—Å—Ç–≤–∞. –ò $A\...

You may provide a definition with
\DeclareUnicodeCharacter 


! Package inputenc Error: Unicode character —É (U+0443)
(inputenc)                not set up for use with LaTeX.

See the inputenc package documentation for explanation.
Type  H <return>  for immediate help.
 ...                                              
                                                  
l.4 	 –ü—É
          —Å—Ç—å $X,Y$ --- –±–∞–Ω–∞—Ö–æ–≤—ã –ø—Ä–æ—Å—Ç—Ä–∞–Ω—Å—Ç–≤–∞. –ò $A\...

You may provide a definition with
\DeclareUnicodeCharacter 


! Package inputenc Error: Unicode character —Å (U+0441)
(inputenc)                not set up for use with LaTeX.

See the inputenc package documentation for explanation.
Type  H <return>  for immediate help.
 ...                                              
                                                  
l.4 	 –ü—É—Å
            —Ç—å $X,Y$ --- –±–∞–Ω–∞—Ö–æ–≤—ã –ø—Ä–æ—Å—Ç—Ä–∞–Ω—Å—Ç–≤–∞. –ò $A\...

You may provide a definition with
\DeclareUnicodeCharacter 


! Package inputenc Error: Unicode character —Ç (U+0442)
(inputenc)                not set up for use with LaTeX.

See the inputenc package documentation for explanation.
Type  H <return>  for immediate help.
 ...                                              
                                                  
l.4 	 –ü—É—Å—Ç
              —å $X,Y$ --- –±–∞–Ω–∞—Ö–æ–≤—ã –ø—Ä–æ—Å—Ç—Ä–∞–Ω—Å—Ç–≤–∞. –ò $A\...

You may provide a definition with
\DeclareUnicodeCharacter 


! Package inputenc Error: Unicode character —å (U+044C)
(inputenc)                not set up for use with LaTeX.

See the inputenc package documentation for explanation.
Type  H <return>  for immediate help.
 ...                                              
                                                  
l.4 	 –ü—É—Å—Ç—å
                 $X,Y$ --- –±–∞–Ω–∞—Ö–æ–≤—ã –ø—Ä–æ—Å—Ç—Ä–∞–Ω—Å—Ç–≤–∞. –ò $A\...

You may provide a definition with
\DeclareUnicodeCharacter 

LaTeX Font Info:    External font `cmex10' loaded for size
(Font)              <7> on input line 4.
LaTeX Font Info:    External font `cmex10' loaded for size
(Font)              <5> on input line 4.
Missing character: There is no - in font nullfont!
Missing character: There is no - in font nullfont!
Missing character: There is no - in font nullfont!

! Package inputenc Error: Unicode character –± (U+0431)
(inputenc)                not set up for use with LaTeX.

See the inputenc package documentation for explanation.
Type  H <return>  for immediate help.
 ...                                              
                                                  
l.4 	 –ü—É—Å—Ç—å $X,Y$ --- –±
                             –∞–Ω–∞—Ö–æ–≤—ã –ø—Ä–æ—Å—Ç—Ä–∞–Ω—Å—Ç–≤–∞. –ò $A\...

You may provide a definition with
\DeclareUnicodeCharacter 


! Package inputenc Error: Unicode character –∞ (U+0430)
(inputenc)                not set up for use with LaTeX.

See the inputenc package documentation for explanation.
Type  H <return>  for immediate help.
 ...                                              
                                                  
l.4 	 –ü—É—Å—Ç—å $X,Y$ --- –±–∞
                               –Ω–∞—Ö–æ–≤—ã –ø—Ä–æ—Å—Ç—Ä–∞–Ω—Å—Ç–≤–∞. –ò $A\...

You may provide a definition with
\DeclareUnicodeCharacter 


! Package inputenc Error: Unicode character –Ω (U+043D)
(inputenc)                not set up for use with LaTeX.

See the inputenc package documentation for explanation.
Type  H <return>  for immediate help.
 ...                                              
                                                  
l.4 	 –ü—É—Å—Ç—å $X,Y$ --- –±–∞–Ω
                                 –∞—Ö–æ–≤—ã –ø—Ä–æ—Å—Ç—Ä–∞–Ω—Å—Ç–≤–∞. –ò $A\...

You may provide a definition with
\DeclareUnicodeCharacter 


! Package inputenc Error: Unicode character –∞ (U+0430)
(inputenc)                not set up for use with LaTeX.

See the inputenc package documentation for explanation.
Type  H <return>  for immediate help.
 ...                                              
                                                  
l.4 	 –ü—É—Å—Ç—å $X,Y$ --- –±–∞–Ω–∞
                                   —Ö–æ–≤—ã –ø—Ä–æ—Å—Ç—Ä–∞–Ω—Å—Ç–≤–∞. –ò $A\...

You may provide a definition with
\DeclareUnicodeCharacter 


! Package inputenc Error: Unicode character —Ö (U+0445)
(inputenc)                not set up for use with LaTeX.

See the inputenc package documentation for explanation.
Type  H <return>  for immediate help.
 ...                                              
                                                  
l.4 	 –ü—É—Å—Ç—å $X,Y$ --- –±–∞–Ω–∞—Ö
                                     –æ–≤—ã –ø—Ä–æ—Å—Ç—Ä–∞–Ω—Å—Ç–≤–∞. –ò $A\...

You may provide a definition with
\DeclareUnicodeCharacter 


! Package inputenc Error: Unicode character –æ (U+043E)
(inputenc)                not set up for use with LaTeX.

See the inputenc package documentation for explanation.
Type  H <return>  for immediate help.
 ...                                              
                                                  
l.4 	 –ü—É—Å—Ç—å $X,Y$ --- –±–∞–Ω–∞—Ö–æ
                                       –≤—ã –ø—Ä–æ—Å—Ç—Ä–∞–Ω—Å—Ç–≤–∞. –ò $A\...

You may provide a definition with
\DeclareUnicodeCharacter 


! Package inputenc Error: Unicode character –≤ (U+0432)
(inputenc)                not set up for use with LaTeX.

See the inputenc package documentation for explanation.
Type  H <return>  for immediate help.
 ...                                              
                                                  
l.4 	 –ü—É—Å—Ç—å $X,Y$ --- –±–∞–Ω–∞—Ö–æ–≤
                                         —ã –ø—Ä–æ—Å—Ç—Ä–∞–Ω—Å—Ç–≤–∞. –ò $A\...

You may provide a definition with
\DeclareUnicodeCharacter 


! Package inputenc Error: Unicode character —ã (U+044B)
(inputenc)                not set up for use with LaTeX.

See the inputenc package documentation for explanation.
Type  H <return>  for immediate help.
 ...                                              
                                                  
l.4 	 –ü—É—Å—Ç—å $X,Y$ --- –±–∞–Ω–∞—Ö–æ–≤—ã
                                            –ø—Ä–æ—Å—Ç—Ä–∞–Ω—Å—Ç–≤–∞. –ò $A\...

You may provide a definition with
\DeclareUnicodeCharacter 


! Package inputenc Error: Unicode character –ø (U+043F)
(inputenc)                not set up for use with LaTeX.

See the inputenc package documentation for explanation.
Type  H <return>  for immediate help.
 ...                                              
                                                  
l.4 	 –ü—É—Å—Ç—å $X,Y$ --- –±–∞–Ω–∞—Ö–æ–≤—ã –ø
                                              —Ä–æ—Å—Ç—Ä–∞–Ω—Å—Ç–≤–∞. –ò $A\...

You may provide a definition with
\DeclareUnicodeCharacter 


! Package inputenc Error: Unicode character —Ä (U+0440)
(inputenc)                not set up for use with LaTeX.

See the inputenc package documentation for explanation.
Type  H <return>  for immediate help.
 ...                                              
                                                  
l.4 	 –ü—É—Å—Ç—å $X,Y$ --- –±–∞–Ω–∞—Ö–æ–≤—ã –ø—Ä
                                                –æ—Å—Ç—Ä–∞–Ω—Å—Ç–≤–∞. –ò $A\...

You may provide a definition with
\DeclareUnicodeCharacter 


! Package inputenc Error: Unicode character –æ (U+043E)
(inputenc)                not set up for use with LaTeX.

See the inputenc package documentation for explanation.
Type  H <return>  for immediate help.
 ...                                              
                                                  
l.4 	 –ü—É—Å—Ç—å $X,Y$ --- –±–∞–Ω–∞—Ö–æ–≤—ã –ø—Ä–æ
                                                  —Å—Ç—Ä–∞–Ω—Å—Ç–≤–∞. –ò $A\...

You may provide a definition with
\DeclareUnicodeCharacter 


! Package inputenc Error: Unicode character —Å (U+0441)
(inputenc)                not set up for use with LaTeX.

See the inputenc package documentation for explanation.
Type  H <return>  for immediate help.
 ...                                              
                                                  
l.4 ...É—Å—Ç—å $X,Y$ --- –±–∞–Ω–∞—Ö–æ–≤—ã –ø—Ä–æ—Å
                                                  —Ç—Ä–∞–Ω—Å—Ç–≤–∞. –ò $A\co...

You may provide a definition with
\DeclareUnicodeCharacter 


! Package inputenc Error: Unicode character —Ç (U+0442)
(inputenc)                not set up for use with LaTeX.

See the inputenc package documentation for explanation.
Type  H <return>  for immediate help.
 ...                                              
                                                  
l.4 ...Å—Ç—å $X,Y$ --- –±–∞–Ω–∞—Ö–æ–≤—ã –ø—Ä–æ—Å—Ç
                                                  —Ä–∞–Ω—Å—Ç–≤–∞. –ò $A\colo...

You may provide a definition with
\DeclareUnicodeCharacter 


! Package inputenc Error: Unicode character —Ä (U+0440)
(inputenc)                not set up for use with LaTeX.

See the inputenc package documentation for explanation.
Type  H <return>  for immediate help.
 ...                                              
                                                  
l.4 ...Ç—å $X,Y$ --- –±–∞–Ω–∞—Ö–æ–≤—ã –ø—Ä–æ—Å—Ç—Ä
                                                  –∞–Ω—Å—Ç–≤–∞. –ò $A\colon ...

You may provide a definition with
\DeclareUnicodeCharacter 


! Package inputenc Error: Unicode character –∞ (U+0430)
(inputenc)                not set up for use with LaTeX.

See the inputenc package documentation for explanation.
Type  H <return>  for immediate help.
 ...                                              
                                                  
l.4 ...å $X,Y$ --- –±–∞–Ω–∞—Ö–æ–≤—ã –ø—Ä–æ—Å—Ç—Ä–∞
                                                  –Ω—Å—Ç–≤–∞. –ò $A\colon X ...

You may provide a definition with
\DeclareUnicodeCharacter 


! Package inputenc Error: Unicode character –Ω (U+043D)
(inputenc)                not set up for use with LaTeX.

See the inputenc package documentation for explanation.
Type  H <return>  for immediate help.
 ...                                              
                                                  
l.4 ...$X,Y$ --- –±–∞–Ω–∞—Ö–æ–≤—ã –ø—Ä–æ—Å—Ç—Ä–∞–Ω
                                                  —Å—Ç–≤–∞. –ò $A\colon X \t...

You may provide a definition with
\DeclareUnicodeCharacter 


! Package inputenc Error: Unicode character —Å (U+0441)
(inputenc)                not set up for use with LaTeX.

See the inputenc package documentation for explanation.
Type  H <return>  for immediate help.
 ...                                              
                                                  
l.4 ...,Y$ --- –±–∞–Ω–∞—Ö–æ–≤—ã –ø—Ä–æ—Å—Ç—Ä–∞–Ω—Å
                                                  —Ç–≤–∞. –ò $A\colon X \to ...

You may provide a definition with
\DeclareUnicodeCharacter 


! Package inputenc Error: Unicode character —Ç (U+0442)
(inputenc)                not set up for use with LaTeX.

See the inputenc package documentation for explanation.
Type  H <return>  for immediate help.
 ...                                              
                                                  
l.4 ...$ --- –±–∞–Ω–∞—Ö–æ–≤—ã –ø—Ä–æ—Å—Ç—Ä–∞–Ω—Å—Ç
                                                  –≤–∞. –ò $A\colon X \to Y$...

You may provide a definition with
\DeclareUnicodeCharacter 


! Package inputenc Error: Unicode character –≤ (U+0432)
(inputenc)                not set up for use with LaTeX.

See the inputenc package documentation for explanation.
Type  H <return>  for immediate help.
 ...                                              
                                                  
l.4 ...--- –±–∞–Ω–∞—Ö–æ–≤—ã –ø—Ä–æ—Å—Ç—Ä–∞–Ω—Å—Ç–≤
                                                  –∞. –ò $A\colon X \to Y$ -...

You may provide a definition with
\DeclareUnicodeCharacter 


! Package inputenc Error: Unicode character –∞ (U+0430)
(inputenc)                not set up for use with LaTeX.

See the inputenc package documentation for explanation.
Type  H <return>  for immediate help.
 ...                                              
                                                  
l.4 ...- –±–∞–Ω–∞—Ö–æ–≤—ã –ø—Ä–æ—Å—Ç—Ä–∞–Ω—Å—Ç–≤–∞
                                                  . –ò $A\colon X \to Y$ ---...

You may provide a definition with
\DeclareUnicodeCharacter 

Missing character: There is no . in font nullfont!

! Package inputenc Error: Unicode character –ò (U+0418)
(inputenc)                not set up for use with LaTeX.

See the inputenc package documentation for explanation.
Type  H <return>  for immediate help.
 ...                                              
                                                  
l.4 ...–∞–Ω–∞—Ö–æ–≤—ã –ø—Ä–æ—Å—Ç—Ä–∞–Ω—Å—Ç–≤–∞. –ò
                                                   $A\colon X \to Y$ --- –ª–...

You may provide a definition with
\DeclareUnicodeCharacter 

Missing character: There is no - in font nullfont!
Missing character: There is no - in font nullfont!
Missing character: There is no - in font nullfont!

! Package inputenc Error: Unicode character –ª (U+043B)
(inputenc)                not set up for use with LaTeX.

See the inputenc package documentation for explanation.
Type  H <return>  for immediate help.
 ...                                              
                                                  
l.4 ...—Ä–∞–Ω—Å—Ç–≤–∞. –ò $A\colon X \to Y$ --- –ª
                                                  –∏–Ω–µ–π–Ω—ã–π –æ–ø–µ—Ä–∞—...

You may provide a definition with
\DeclareUnicodeCharacter 


! Package inputenc Error: Unicode character –∏ (U+0438)
(inputenc)                not set up for use with LaTeX.

See the inputenc package documentation for explanation.
Type  H <return>  for immediate help.
 ...                                              
                                                  
l.4 ...–∞–Ω—Å—Ç–≤–∞. –ò $A\colon X \to Y$ --- –ª–∏
                                                  –Ω–µ–π–Ω—ã–π –æ–ø–µ—Ä–∞—Ç–...

You may provide a definition with
\DeclareUnicodeCharacter 


! Package inputenc Error: Unicode character –Ω (U+043D)
(inputenc)                not set up for use with LaTeX.

See the inputenc package documentation for explanation.
Type  H <return>  for immediate help.
 ...                                              
                                                  
l.4 ...–Ω—Å—Ç–≤–∞. –ò $A\colon X \to Y$ --- –ª–∏–Ω
                                                  –µ–π–Ω—ã–π –æ–ø–µ—Ä–∞—Ç–æ—...

You may provide a definition with
\DeclareUnicodeCharacter 


! Package inputenc Error: Unicode character –µ (U+0435)
(inputenc)                not set up for use with LaTeX.

See the inputenc package documentation for explanation.
Type  H <return>  for immediate help.
 ...                                              
                                                  
l.4 ...—Å—Ç–≤–∞. –ò $A\colon X \to Y$ --- –ª–∏–Ω–µ
                                                  –π–Ω—ã–π –æ–ø–µ—Ä–∞—Ç–æ—Ä ...

You may provide a definition with
\DeclareUnicodeCharacter 


! Package inputenc Error: Unicode character –π (U+0439)
(inputenc)                not set up for use with LaTeX.

See the inputenc package documentation for explanation.
Type  H <return>  for immediate help.
 ...                                              
                                                  
l.4 ...—Ç–≤–∞. –ò $A\colon X \to Y$ --- –ª–∏–Ω–µ–π
                                                  –Ω—ã–π –æ–ø–µ—Ä–∞—Ç–æ—Ä —Å...

You may provide a definition with
\DeclareUnicodeCharacter 


! Package inputenc Error: Unicode character –Ω (U+043D)
(inputenc)                not set up for use with LaTeX.

See the inputenc package documentation for explanation.
Type  H <return>  for immediate help.
 ...                                              
                                                  
l.4 ...–≤–∞. –ò $A\colon X \to Y$ --- –ª–∏–Ω–µ–π–Ω
                                                  —ã–π –æ–ø–µ—Ä–∞—Ç–æ—Ä —Å –...

You may provide a definition with
\DeclareUnicodeCharacter 


! Package inputenc Error: Unicode character —ã (U+044B)
(inputenc)                not set up for use with LaTeX.

See the inputenc package documentation for explanation.
Type  H <return>  for immediate help.
 ...                                              
                                                  
l.4 ...–∞. –ò $A\colon X \to Y$ --- –ª–∏–Ω–µ–π–Ω—ã
                                                  –π –æ–ø–µ—Ä–∞—Ç–æ—Ä —Å –∑–...

You may provide a definition with
\DeclareUnicodeCharacter 


! Package inputenc Error: Unicode character –π (U+0439)
(inputenc)                not set up for use with LaTeX.

See the inputenc package documentation for explanation.
Type  H <return>  for immediate help.
 ...                                              
                                                  
l.4 .... –ò $A\colon X \to Y$ --- –ª–∏–Ω–µ–π–Ω—ã–π
                                                   –æ–ø–µ—Ä–∞—Ç–æ—Ä —Å –∑–∞–...

You may provide a definition with
\DeclareUnicodeCharacter 


! Package inputenc Error: Unicode character –æ (U+043E)
(inputenc)                not set up for use with LaTeX.

See the inputenc package documentation for explanation.
Type  H <return>  for immediate help.
 ...                                              
                                                  
l.4 ...ò $A\colon X \to Y$ --- –ª–∏–Ω–µ–π–Ω—ã–π –æ
                                                  –ø–µ—Ä–∞—Ç–æ—Ä —Å –∑–∞–º–∫...

You may provide a definition with
\DeclareUnicodeCharacter 


! Package inputenc Error: Unicode character –ø (U+043F)
(inputenc)                not set up for use with LaTeX.

See the inputenc package documentation for explanation.
Type  H <return>  for immediate help.
 ...                                              
                                                  
l.4 ...$A\colon X \to Y$ --- –ª–∏–Ω–µ–π–Ω—ã–π –æ–ø
                                                  –µ—Ä–∞—Ç–æ—Ä —Å –∑–∞–º–∫–Ω...

You may provide a definition with
\DeclareUnicodeCharacter 


! Package inputenc Error: Unicode character –µ (U+0435)
(inputenc)                not set up for use with LaTeX.

See the inputenc package documentation for explanation.
Type  H <return>  for immediate help.
 ...                                              
                                                  
l.4 ...\colon X \to Y$ --- –ª–∏–Ω–µ–π–Ω—ã–π –æ–ø–µ
                                                  —Ä–∞—Ç–æ—Ä —Å –∑–∞–º–∫–Ω—É...

You may provide a definition with
\DeclareUnicodeCharacter 


! Package inputenc Error: Unicode character —Ä (U+0440)
(inputenc)                not set up for use with LaTeX.

See the inputenc package documentation for explanation.
Type  H <return>  for immediate help.
 ...                                              
                                                  
l.4 ...olon X \to Y$ --- –ª–∏–Ω–µ–π–Ω—ã–π –æ–ø–µ—Ä
                                                  –∞—Ç–æ—Ä —Å –∑–∞–º–∫–Ω—É—Ç...

You may provide a definition with
\DeclareUnicodeCharacter 


! Package inputenc Error: Unicode character –∞ (U+0430)
(inputenc)                not set up for use with LaTeX.

See the inputenc package documentation for explanation.
Type  H <return>  for immediate help.
 ...                                              
                                                  
l.4 ...on X \to Y$ --- –ª–∏–Ω–µ–π–Ω—ã–π –æ–ø–µ—Ä–∞
                                                  —Ç–æ—Ä —Å –∑–∞–º–∫–Ω—É—Ç—ã...

You may provide a definition with
\DeclareUnicodeCharacter 


! Package inputenc Error: Unicode character —Ç (U+0442)
(inputenc)                not set up for use with LaTeX.

See the inputenc package documentation for explanation.
Type  H <return>  for immediate help.
 ...                                              
                                                  
l.4 ... X \to Y$ --- –ª–∏–Ω–µ–π–Ω—ã–π –æ–ø–µ—Ä–∞—Ç
                                                  –æ—Ä —Å –∑–∞–º–∫–Ω—É—Ç—ã–º...

You may provide a definition with
\DeclareUnicodeCharacter 


! Package inputenc Error: Unicode character –æ (U+043E)
(inputenc)                not set up for use with LaTeX.

See the inputenc package documentation for explanation.
Type  H <return>  for immediate help.
 ...                                              
                                                  
l.4 ... \to Y$ --- –ª–∏–Ω–µ–π–Ω—ã–π –æ–ø–µ—Ä–∞—Ç–æ
                                                  —Ä —Å –∑–∞–º–∫–Ω—É—Ç—ã–º –...

You may provide a definition with
\DeclareUnicodeCharacter 


! Package inputenc Error: Unicode character —Ä (U+0440)
(inputenc)                not set up for use with LaTeX.

See the inputenc package documentation for explanation.
Type  H <return>  for immediate help.
 ...                                              
                                                  
l.4 ...to Y$ --- –ª–∏–Ω–µ–π–Ω—ã–π –æ–ø–µ—Ä–∞—Ç–æ—Ä
                                                   —Å –∑–∞–º–∫–Ω—É—Ç—ã–º –≥—...

You may provide a definition with
\DeclareUnicodeCharacter 


! Package inputenc Error: Unicode character —Å (U+0441)
(inputenc)                not set up for use with LaTeX.

See the inputenc package documentation for explanation.
Type  H <return>  for immediate help.
 ...                                              
                                                  
l.4 ...Y$ --- –ª–∏–Ω–µ–π–Ω—ã–π –æ–ø–µ—Ä–∞—Ç–æ—Ä —Å
                                                   –∑–∞–º–∫–Ω—É—Ç—ã–º –≥—Ä–∞...

You may provide a definition with
\DeclareUnicodeCharacter 


! Package inputenc Error: Unicode character –∑ (U+0437)
(inputenc)                not set up for use with LaTeX.

See the inputenc package documentation for explanation.
Type  H <return>  for immediate help.
 ...                                              
                                                  
l.4 ...--- –ª–∏–Ω–µ–π–Ω—ã–π –æ–ø–µ—Ä–∞—Ç–æ—Ä —Å –∑
                                                  –∞–º–∫–Ω—É—Ç—ã–º –≥—Ä–∞—Ñ–...

You may provide a definition with
\DeclareUnicodeCharacter 


! Package inputenc Error: Unicode character –∞ (U+0430)
(inputenc)                not set up for use with LaTeX.

See the inputenc package documentation for explanation.
Type  H <return>  for immediate help.
 ...                                              
                                                  
l.4 ...- –ª–∏–Ω–µ–π–Ω—ã–π –æ–ø–µ—Ä–∞—Ç–æ—Ä —Å –∑–∞
                                                  –º–∫–Ω—É—Ç—ã–º –≥—Ä–∞—Ñ–∏–...

You may provide a definition with
\DeclareUnicodeCharacter 


! Package inputenc Error: Unicode character –º (U+043C)
(inputenc)                not set up for use with LaTeX.

See the inputenc package documentation for explanation.
Type  H <return>  for immediate help.
 ...                                              
                                                  
l.4 ...–ª–∏–Ω–µ–π–Ω—ã–π –æ–ø–µ—Ä–∞—Ç–æ—Ä —Å –∑–∞–º
                                                  –∫–Ω—É—Ç—ã–º –≥—Ä–∞—Ñ–∏–∫–...

You may provide a definition with
\DeclareUnicodeCharacter 


! Package inputenc Error: Unicode character –∫ (U+043A)
(inputenc)                not set up for use with LaTeX.

See the inputenc package documentation for explanation.
Type  H <return>  for immediate help.
 ...                                              
                                                  
l.4 ...–∏–Ω–µ–π–Ω—ã–π –æ–ø–µ—Ä–∞—Ç–æ—Ä —Å –∑–∞–º–∫
                                                  –Ω—É—Ç—ã–º –≥—Ä–∞—Ñ–∏–∫–æ–...

You may provide a definition with
\DeclareUnicodeCharacter 


! Package inputenc Error: Unicode character –Ω (U+043D)
(inputenc)                not set up for use with LaTeX.

See the inputenc package documentation for explanation.
Type  H <return>  for immediate help.
 ...                                              
                                                  
l.4 ...–Ω–µ–π–Ω—ã–π –æ–ø–µ—Ä–∞—Ç–æ—Ä —Å –∑–∞–º–∫–Ω
                                                  —É—Ç—ã–º –≥—Ä–∞—Ñ–∏–∫–æ–º,...

You may provide a definition with
\DeclareUnicodeCharacter 


! Package inputenc Error: Unicode character —É (U+0443)
(inputenc)                not set up for use with LaTeX.

See the inputenc package documentation for explanation.
Type  H <return>  for immediate help.
 ...                                              
                                                  
l.4 ...–µ–π–Ω—ã–π –æ–ø–µ—Ä–∞—Ç–æ—Ä —Å –∑–∞–º–∫–Ω—É
                                                  —Ç—ã–º –≥—Ä–∞—Ñ–∏–∫–æ–º, —...

You may provide a definition with
\DeclareUnicodeCharacter 


! Package inputenc Error: Unicode character —Ç (U+0442)
(inputenc)                not set up for use with LaTeX.

See the inputenc package documentation for explanation.
Type  H <return>  for immediate help.
 ...                                              
                                                  
l.4 ...–π–Ω—ã–π –æ–ø–µ—Ä–∞—Ç–æ—Ä —Å –∑–∞–º–∫–Ω—É—Ç
                                                  —ã–º –≥—Ä–∞—Ñ–∏–∫–æ–º, —Ç–...

You may provide a definition with
\DeclareUnicodeCharacter 


! Package inputenc Error: Unicode character —ã (U+044B)
(inputenc)                not set up for use with LaTeX.

See the inputenc package documentation for explanation.
Type  H <return>  for immediate help.
 ...                                              
                                                  
l.4 ...–Ω—ã–π –æ–ø–µ—Ä–∞—Ç–æ—Ä —Å –∑–∞–º–∫–Ω—É—Ç—ã
                                                  –º –≥—Ä–∞—Ñ–∏–∫–æ–º, —Ç–æ ...

You may provide a definition with
\DeclareUnicodeCharacter 


! Package inputenc Error: Unicode character –º (U+043C)
(inputenc)                not set up for use with LaTeX.

See the inputenc package documentation for explanation.
Type  H <return>  for immediate help.
 ...                                              
                                                  
l.4 ...—ã–π –æ–ø–µ—Ä–∞—Ç–æ—Ä —Å –∑–∞–º–∫–Ω—É—Ç—ã–º
                                                   –≥—Ä–∞—Ñ–∏–∫–æ–º, —Ç–æ –µ...

You may provide a definition with
\DeclareUnicodeCharacter 


! Package inputenc Error: Unicode character –≥ (U+0433)
(inputenc)                not set up for use with LaTeX.

See the inputenc package documentation for explanation.
Type  H <return>  for immediate help.
 ...                                              
                                                  
l.4 ...π –æ–ø–µ—Ä–∞—Ç–æ—Ä —Å –∑–∞–º–∫–Ω—É—Ç—ã–º –≥
                                                  —Ä–∞—Ñ–∏–∫–æ–º, —Ç–æ –µ—Å—Ç—å

You may provide a definition with
\DeclareUnicodeCharacter 


! Package inputenc Error: Unicode character —Ä (U+0440)
(inputenc)                not set up for use with LaTeX.

See the inputenc package documentation for explanation.
Type  H <return>  for immediate help.
 ...                                              
                                                  
l.4 ...–æ–ø–µ—Ä–∞—Ç–æ—Ä —Å –∑–∞–º–∫–Ω—É—Ç—ã–º –≥—Ä
                                                  –∞—Ñ–∏–∫–æ–º, —Ç–æ –µ—Å—Ç—å
You may provide a definition with
\DeclareUnicodeCharacter 


! Package inputenc Error: Unicode character –∞ (U+0430)
(inputenc)                not set up for use with LaTeX.

See the inputenc package documentation for explanation.
Type  H <return>  for immediate help.
 ...                                              
                                                  
l.4 ...–ø–µ—Ä–∞—Ç–æ—Ä —Å –∑–∞–º–∫–Ω—É—Ç—ã–º –≥—Ä–∞
                                                  —Ñ–∏–∫–æ–º, —Ç–æ –µ—Å—Ç—å
You may provide a definition with
\DeclareUnicodeCharacter 


! Package inputenc Error: Unicode character —Ñ (U+0444)
(inputenc)                not set up for use with LaTeX.

See the inputenc package documentation for explanation.
Type  H <return>  for immediate help.
 ...                                              
                                                  
l.4 ...–µ—Ä–∞—Ç–æ—Ä —Å –∑–∞–º–∫–Ω—É—Ç—ã–º –≥—Ä–∞—Ñ
                                                  –∏–∫–æ–º, —Ç–æ –µ—Å—Ç—å
You may provide a definition with
\DeclareUnicodeCharacter 


! Package inputenc Error: Unicode character –∏ (U+0438)
(inputenc)                not set up for use with LaTeX.

See the inputenc package documentation for explanation.
Type  H <return>  for immediate help.
 ...                                              
                                                  
l.4 ...—Ä–∞—Ç–æ—Ä —Å –∑–∞–º–∫–Ω—É—Ç—ã–º –≥—Ä–∞—Ñ–∏
                                                  –∫–æ–º, —Ç–æ –µ—Å—Ç—å
You may provide a definition with
\DeclareUnicodeCharacter 


! Package inputenc Error: Unicode character –∫ (U+043A)
(inputenc)                not set up for use with LaTeX.

See the inputenc package documentation for explanation.
Type  H <return>  for immediate help.
 ...                                              
                                                  
l.4 ...–∞—Ç–æ—Ä —Å –∑–∞–º–∫–Ω—É—Ç—ã–º –≥—Ä–∞—Ñ–∏–∫
                                                  –æ–º, —Ç–æ –µ—Å—Ç—å
You may provide a definition with
\DeclareUnicodeCharacter 


! Package inputenc Error: Unicode character –æ (U+043E)
(inputenc)                not set up for use with LaTeX.

See the inputenc package documentation for explanation.
Type  H <return>  for immediate help.
 ...                                              
                                                  
l.4 ...—Ç–æ—Ä —Å –∑–∞–º–∫–Ω—É—Ç—ã–º –≥—Ä–∞—Ñ–∏–∫–æ
                                                  –º, —Ç–æ –µ—Å—Ç—å
You may provide a definition with
\DeclareUnicodeCharacter 


! Package inputenc Error: Unicode character –º (U+043C)
(inputenc)                not set up for use with LaTeX.

See the inputenc package documentation for explanation.
Type  H <return>  for immediate help.
 ...                                              
                                                  
l.4 ...–æ—Ä —Å –∑–∞–º–∫–Ω—É—Ç—ã–º –≥—Ä–∞—Ñ–∏–∫–æ–º
                                                  , —Ç–æ –µ—Å—Ç—å
You may provide a definition with
\DeclareUnicodeCharacter 

Missing character: There is no , in font nullfont!

! Package inputenc Error: Unicode character —Ç (U+0442)
(inputenc)                not set up for use with LaTeX.

See the inputenc package documentation for explanation.
Type  H <return>  for immediate help.
 ...                                              
                                                  
l.4 ... —Å –∑–∞–º–∫–Ω—É—Ç—ã–º –≥—Ä–∞—Ñ–∏–∫–æ–º, —Ç
                                                  –æ –µ—Å—Ç—å
You may provide a definition with
\DeclareUnicodeCharacter 


! Package inputenc Error: Unicode character –æ (U+043E)
(inputenc)                not set up for use with LaTeX.

See the inputenc package documentation for explanation.
Type  H <return>  for immediate help.
 ...                                              
                                                  
l.4 ...Å –∑–∞–º–∫–Ω—É—Ç—ã–º –≥—Ä–∞—Ñ–∏–∫–æ–º, —Ç–æ
                                                   –µ—Å—Ç—å
You may provide a definition with
\DeclareUnicodeCharacter 


! Package inputenc Error: Unicode character –µ (U+0435)
(inputenc)                not set up for use with LaTeX.

See the inputenc package documentation for explanation.
Type  H <return>  for immediate help.
 ...                                              
                                                  
l.4 ...∑–∞–º–∫–Ω—É—Ç—ã–º –≥—Ä–∞—Ñ–∏–∫–æ–º, —Ç–æ –µ
                                                  —Å—Ç—å
You may provide a definition with
\DeclareUnicodeCharacter 


! Package inputenc Error: Unicode character —Å (U+0441)
(inputenc)                not set up for use with LaTeX.

See the inputenc package documentation for explanation.
Type  H <return>  for immediate help.
 ...                                              
                                                  
l.4 ...∞–º–∫–Ω—É—Ç—ã–º –≥—Ä–∞—Ñ–∏–∫–æ–º, —Ç–æ –µ—Å
                                                  —Ç—å
You may provide a definition with
\DeclareUnicodeCharacter 


! Package inputenc Error: Unicode character —Ç (U+0442)
(inputenc)                not set up for use with LaTeX.

See the inputenc package documentation for explanation.
Type  H <return>  for immediate help.
 ...                                              
                                                  
l.4 ...º–∫–Ω—É—Ç—ã–º –≥—Ä–∞—Ñ–∏–∫–æ–º, —Ç–æ –µ—Å—Ç
                                                  —å
You may provide a definition with
\DeclareUnicodeCharacter 


! Package inputenc Error: Unicode character —å (U+044C)
(inputenc)                not set up for use with LaTeX.

See the inputenc package documentation for explanation.
Type  H <return>  for immediate help.
 ...                                              
                                                  
l.4 ...∫–Ω—É—Ç—ã–º –≥—Ä–∞—Ñ–∏–∫–æ–º, —Ç–æ –µ—Å—Ç—å
                                                  
You may provide a definition with
\DeclareUnicodeCharacter 


Overfull \hbox (20.0pt too wide) in paragraph at lines 3--5
[]
 []


Overfull \hbox (20.98607pt too wide) in paragraph at lines 3--5
\OML/cmm/m/it/10 X; Y$
 []


Overfull \hbox (33.79158pt too wide) in paragraph at lines 3--5
\OML/cmm/m/it/10 A\OT1/cmr/m/n/10 : \OML/cmm/m/it/10 X \OMS/cmsy/m/n/10 !
 []


Overfull \hbox (8.02779pt too wide) in paragraph at lines 3--5
\OML/cmm/m/it/10 Y$
 []


Overfull \hbox (65.19434pt too wide) detected at line 10
\OMS/cmsy/m/n/10 G\OML/cmm/m/it/10 A \OT1/cmr/m/n/10 = []
 []


! LaTeX Error: \begin{document} ended by \end{theorem}.

See the LaTeX manual or LaTeX Companion for explanation.
Type  H <return>  for immediate help.
 ...                                              
                                                  
l.11 \end{theorem}
                  
Your command was ignored.
Type  I <command> <return>  to replace it with another command,
or  <return>  to continue without it.

)
! Emergency stop.
<*> ./l2_5.tex
              
*** (job aborted, no legal \end found)

 
Here is how much of TeX's memory you used:
 47 strings out of 481257
 610 string characters out of 2908761
 277830 words of memory out of 3000000
 17369 multiletter control sequences out of 15000+600000
 403430 words of font info for 27 fonts, out of 8000000 for 9000
 0 hyphenation exceptions out of 8191
 18i,10n,15p,207b,86s stack positions out of 5000i,500n,10000p,200000b,80000s
!  ==> Fatal error occurred, no output PDF file produced!
