This is pdfTeX, Version 3.141592653-2.6-1.40.22 (MiKTeX 21.3) (preloaded format=pdflatex 2021.4.13)  2 APR 2022 12:30
entering extended mode
**./l2_7.tex
(l2_7.tex
LaTeX2e <2020-10-01> patch level 4
L3 programming layer <2021-02-18>
! Undefined control sequence.
l.2 \section
            {–°–≤–æ–π—Å—Ç–≤–∞ —Å–æ–ø—Ä—è–∂–µ–Ω–Ω–æ–≥–æ –æ–ø–µ—Ä–∞—Ç–æ—Ä–∞, —...
The control sequence at the end of the top line
of your error message was never \def'ed. If you have
misspelled it (e.g., `\hobx'), type `I' and the correct
spelling (e.g., `I\hbox'). Otherwise just continue,
and I'll forget about whatever was undefined.


! Package inputenc Error: Unicode character –° (U+0421)
(inputenc)                not set up for use with LaTeX.

See the inputenc package documentation for explanation.
Type  H <return>  for immediate help.
 ...                                              
                                                  
l.2 \section{–°
               –≤–æ–π—Å—Ç–≤–∞ —Å–æ–ø—Ä—è–∂–µ–Ω–Ω–æ–≥–æ –æ–ø–µ—Ä–∞—Ç–æ—Ä–∞, —...

You may provide a definition with
\DeclareUnicodeCharacter 


! Package inputenc Error: Unicode character –≤ (U+0432)
(inputenc)                not set up for use with LaTeX.

See the inputenc package documentation for explanation.
Type  H <return>  for immediate help.
 ...                                              
                                                  
l.2 \section{–°–≤
                 –æ–π—Å—Ç–≤–∞ —Å–æ–ø—Ä—è–∂–µ–Ω–Ω–æ–≥–æ –æ–ø–µ—Ä–∞—Ç–æ—Ä–∞, —...

You may provide a definition with
\DeclareUnicodeCharacter 


! Package inputenc Error: Unicode character –æ (U+043E)
(inputenc)                not set up for use with LaTeX.

See the inputenc package documentation for explanation.
Type  H <return>  for immediate help.
 ...                                              
                                                  
l.2 \section{–°–≤–æ
                   –π—Å—Ç–≤–∞ —Å–æ–ø—Ä—è–∂–µ–Ω–Ω–æ–≥–æ –æ–ø–µ—Ä–∞—Ç–æ—Ä–∞, —...

You may provide a definition with
\DeclareUnicodeCharacter 


! Package inputenc Error: Unicode character –π (U+0439)
(inputenc)                not set up for use with LaTeX.

See the inputenc package documentation for explanation.
Type  H <return>  for immediate help.
 ...                                              
                                                  
l.2 \section{–°–≤–æ–π
                     —Å—Ç–≤–∞ —Å–æ–ø—Ä—è–∂–µ–Ω–Ω–æ–≥–æ –æ–ø–µ—Ä–∞—Ç–æ—Ä–∞, —...

You may provide a definition with
\DeclareUnicodeCharacter 


! Package inputenc Error: Unicode character —Å (U+0441)
(inputenc)                not set up for use with LaTeX.

See the inputenc package documentation for explanation.
Type  H <return>  for immediate help.
 ...                                              
                                                  
l.2 \section{–°–≤–æ–π—Å
                       —Ç–≤–∞ —Å–æ–ø—Ä—è–∂–µ–Ω–Ω–æ–≥–æ –æ–ø–µ—Ä–∞—Ç–æ—Ä–∞, —...

You may provide a definition with
\DeclareUnicodeCharacter 


! Package inputenc Error: Unicode character —Ç (U+0442)
(inputenc)                not set up for use with LaTeX.

See the inputenc package documentation for explanation.
Type  H <return>  for immediate help.
 ...                                              
                                                  
l.2 \section{–°–≤–æ–π—Å—Ç
                         –≤–∞ —Å–æ–ø—Ä—è–∂–µ–Ω–Ω–æ–≥–æ –æ–ø–µ—Ä–∞—Ç–æ—Ä–∞, —...

You may provide a definition with
\DeclareUnicodeCharacter 


! Package inputenc Error: Unicode character –≤ (U+0432)
(inputenc)                not set up for use with LaTeX.

See the inputenc package documentation for explanation.
Type  H <return>  for immediate help.
 ...                                              
                                                  
l.2 \section{–°–≤–æ–π—Å—Ç–≤
                           –∞ —Å–æ–ø—Ä—è–∂–µ–Ω–Ω–æ–≥–æ –æ–ø–µ—Ä–∞—Ç–æ—Ä–∞, —...

You may provide a definition with
\DeclareUnicodeCharacter 


! Package inputenc Error: Unicode character –∞ (U+0430)
(inputenc)                not set up for use with LaTeX.

See the inputenc package documentation for explanation.
Type  H <return>  for immediate help.
 ...                                              
                                                  
l.2 \section{–°–≤–æ–π—Å—Ç–≤–∞
                              —Å–æ–ø—Ä—è–∂–µ–Ω–Ω–æ–≥–æ –æ–ø–µ—Ä–∞—Ç–æ—Ä–∞, —...

You may provide a definition with
\DeclareUnicodeCharacter 


! Package inputenc Error: Unicode character —Å (U+0441)
(inputenc)                not set up for use with LaTeX.

See the inputenc package documentation for explanation.
Type  H <return>  for immediate help.
 ...                                              
                                                  
l.2 \section{–°–≤–æ–π—Å—Ç–≤–∞ —Å
                                –æ–ø—Ä—è–∂–µ–Ω–Ω–æ–≥–æ –æ–ø–µ—Ä–∞—Ç–æ—Ä–∞, —...

You may provide a definition with
\DeclareUnicodeCharacter 


! Package inputenc Error: Unicode character –æ (U+043E)
(inputenc)                not set up for use with LaTeX.

See the inputenc package documentation for explanation.
Type  H <return>  for immediate help.
 ...                                              
                                                  
l.2 \section{–°–≤–æ–π—Å—Ç–≤–∞ —Å–æ
                                  –ø—Ä—è–∂–µ–Ω–Ω–æ–≥–æ –æ–ø–µ—Ä–∞—Ç–æ—Ä–∞, —...

You may provide a definition with
\DeclareUnicodeCharacter 


! Package inputenc Error: Unicode character –ø (U+043F)
(inputenc)                not set up for use with LaTeX.

See the inputenc package documentation for explanation.
Type  H <return>  for immediate help.
 ...                                              
                                                  
l.2 \section{–°–≤–æ–π—Å—Ç–≤–∞ —Å–æ–ø
                                    —Ä—è–∂–µ–Ω–Ω–æ–≥–æ –æ–ø–µ—Ä–∞—Ç–æ—Ä–∞, —...

You may provide a definition with
\DeclareUnicodeCharacter 


! Package inputenc Error: Unicode character —Ä (U+0440)
(inputenc)                not set up for use with LaTeX.

See the inputenc package documentation for explanation.
Type  H <return>  for immediate help.
 ...                                              
                                                  
l.2 \section{–°–≤–æ–π—Å—Ç–≤–∞ —Å–æ–ø—Ä
                                      —è–∂–µ–Ω–Ω–æ–≥–æ –æ–ø–µ—Ä–∞—Ç–æ—Ä–∞, —...

You may provide a definition with
\DeclareUnicodeCharacter 


! Package inputenc Error: Unicode character —è (U+044F)
(inputenc)                not set up for use with LaTeX.

See the inputenc package documentation for explanation.
Type  H <return>  for immediate help.
 ...                                              
                                                  
l.2 \section{–°–≤–æ–π—Å—Ç–≤–∞ —Å–æ–ø—Ä—è
                                        –∂–µ–Ω–Ω–æ–≥–æ –æ–ø–µ—Ä–∞—Ç–æ—Ä–∞, —...

You may provide a definition with
\DeclareUnicodeCharacter 


! Package inputenc Error: Unicode character –∂ (U+0436)
(inputenc)                not set up for use with LaTeX.

See the inputenc package documentation for explanation.
Type  H <return>  for immediate help.
 ...                                              
                                                  
l.2 \section{–°–≤–æ–π—Å—Ç–≤–∞ —Å–æ–ø—Ä—è–∂
                                          –µ–Ω–Ω–æ–≥–æ –æ–ø–µ—Ä–∞—Ç–æ—Ä–∞, —...

You may provide a definition with
\DeclareUnicodeCharacter 


! Package inputenc Error: Unicode character –µ (U+0435)
(inputenc)                not set up for use with LaTeX.

See the inputenc package documentation for explanation.
Type  H <return>  for immediate help.
 ...                                              
                                                  
l.2 \section{–°–≤–æ–π—Å—Ç–≤–∞ —Å–æ–ø—Ä—è–∂–µ
                                            –Ω–Ω–æ–≥–æ –æ–ø–µ—Ä–∞—Ç–æ—Ä–∞, —...

You may provide a definition with
\DeclareUnicodeCharacter 


! Package inputenc Error: Unicode character –Ω (U+043D)
(inputenc)                not set up for use with LaTeX.

See the inputenc package documentation for explanation.
Type  H <return>  for immediate help.
 ...                                              
                                                  
l.2 \section{–°–≤–æ–π—Å—Ç–≤–∞ —Å–æ–ø—Ä—è–∂–µ–Ω
                                              –Ω–æ–≥–æ –æ–ø–µ—Ä–∞—Ç–æ—Ä–∞, —...

You may provide a definition with
\DeclareUnicodeCharacter 


! Package inputenc Error: Unicode character –Ω (U+043D)
(inputenc)                not set up for use with LaTeX.

See the inputenc package documentation for explanation.
Type  H <return>  for immediate help.
 ...                                              
                                                  
l.2 \section{–°–≤–æ–π—Å—Ç–≤–∞ —Å–æ–ø—Ä—è–∂–µ–Ω–Ω
                                                –æ–≥–æ –æ–ø–µ—Ä–∞—Ç–æ—Ä–∞, —...

You may provide a definition with
\DeclareUnicodeCharacter 


! Package inputenc Error: Unicode character –æ (U+043E)
(inputenc)                not set up for use with LaTeX.

See the inputenc package documentation for explanation.
Type  H <return>  for immediate help.
 ...                                              
                                                  
l.2 \section{–°–≤–æ–π—Å—Ç–≤–∞ —Å–æ–ø—Ä—è–∂–µ–Ω–Ω–æ
                                                  –≥–æ –æ–ø–µ—Ä–∞—Ç–æ—Ä–∞, —...

You may provide a definition with
\DeclareUnicodeCharacter 


! Package inputenc Error: Unicode character –≥ (U+0433)
(inputenc)                not set up for use with LaTeX.

See the inputenc package documentation for explanation.
Type  H <return>  for immediate help.
 ...                                              
                                                  
l.2 ...ion{–°–≤–æ–π—Å—Ç–≤–∞ —Å–æ–ø—Ä—è–∂–µ–Ω–Ω–æ–≥
                                                  –æ –æ–ø–µ—Ä–∞—Ç–æ—Ä–∞, —Ç–...

You may provide a definition with
\DeclareUnicodeCharacter 


! Package inputenc Error: Unicode character –æ (U+043E)
(inputenc)                not set up for use with LaTeX.

See the inputenc package documentation for explanation.
Type  H <return>  for immediate help.
 ...                                              
                                                  
l.2 ...n{–°–≤–æ–π—Å—Ç–≤–∞ —Å–æ–ø—Ä—è–∂–µ–Ω–Ω–æ–≥–æ
                                                   –æ–ø–µ—Ä–∞—Ç–æ—Ä–∞, —Ç–µ–...

You may provide a definition with
\DeclareUnicodeCharacter 


! Package inputenc Error: Unicode character –æ (U+043E)
(inputenc)                not set up for use with LaTeX.

See the inputenc package documentation for explanation.
Type  H <return>  for immediate help.
 ...                                              
                                                  
l.2 ...°–≤–æ–π—Å—Ç–≤–∞ —Å–æ–ø—Ä—è–∂–µ–Ω–Ω–æ–≥–æ –æ
                                                  –ø–µ—Ä–∞—Ç–æ—Ä–∞, —Ç–µ–æ—Ä...

You may provide a definition with
\DeclareUnicodeCharacter 


! Package inputenc Error: Unicode character –ø (U+043F)
(inputenc)                not set up for use with LaTeX.

See the inputenc package documentation for explanation.
Type  H <return>  for immediate help.
 ...                                              
                                                  
l.2 ...≤–æ–π—Å—Ç–≤–∞ —Å–æ–ø—Ä—è–∂–µ–Ω–Ω–æ–≥–æ –æ–ø
                                                  –µ—Ä–∞—Ç–æ—Ä–∞, —Ç–µ–æ—Ä–µ...

You may provide a definition with
\DeclareUnicodeCharacter 


! Package inputenc Error: Unicode character –µ (U+0435)
(inputenc)                not set up for use with LaTeX.

See the inputenc package documentation for explanation.
Type  H <return>  for immediate help.
 ...                                              
                                                  
l.2 ...æ–π—Å—Ç–≤–∞ —Å–æ–ø—Ä—è–∂–µ–Ω–Ω–æ–≥–æ –æ–ø–µ
                                                  —Ä–∞—Ç–æ—Ä–∞, —Ç–µ–æ—Ä–µ–º...

You may provide a definition with
\DeclareUnicodeCharacter 


! Package inputenc Error: Unicode character —Ä (U+0440)
(inputenc)                not set up for use with LaTeX.

See the inputenc package documentation for explanation.
Type  H <return>  for immediate help.
 ...                                              
                                                  
l.2 ...π—Å—Ç–≤–∞ —Å–æ–ø—Ä—è–∂–µ–Ω–Ω–æ–≥–æ –æ–ø–µ—Ä
                                                  –∞—Ç–æ—Ä–∞, —Ç–µ–æ—Ä–µ–º–∞...

You may provide a definition with
\DeclareUnicodeCharacter 


! Package inputenc Error: Unicode character –∞ (U+0430)
(inputenc)                not set up for use with LaTeX.

See the inputenc package documentation for explanation.
Type  H <return>  for immediate help.
 ...                                              
                                                  
l.2 ...Å—Ç–≤–∞ —Å–æ–ø—Ä—è–∂–µ–Ω–Ω–æ–≥–æ –æ–ø–µ—Ä–∞
                                                  —Ç–æ—Ä–∞, —Ç–µ–æ—Ä–µ–º–∞ –...

You may provide a definition with
\DeclareUnicodeCharacter 


! Package inputenc Error: Unicode character —Ç (U+0442)
(inputenc)                not set up for use with LaTeX.

See the inputenc package documentation for explanation.
Type  H <return>  for immediate help.
 ...                                              
                                                  
l.2 ...Ç–≤–∞ —Å–æ–ø—Ä—è–∂–µ–Ω–Ω–æ–≥–æ –æ–ø–µ—Ä–∞—Ç
                                                  –æ—Ä–∞, —Ç–µ–æ—Ä–µ–º–∞ –æ ...

You may provide a definition with
\DeclareUnicodeCharacter 


! Package inputenc Error: Unicode character –æ (U+043E)
(inputenc)                not set up for use with LaTeX.

See the inputenc package documentation for explanation.
Type  H <return>  for immediate help.
 ...                                              
                                                  
l.2 ...≤–∞ —Å–æ–ø—Ä—è–∂–µ–Ω–Ω–æ–≥–æ –æ–ø–µ—Ä–∞—Ç–æ
                                                  —Ä–∞, —Ç–µ–æ—Ä–µ–º–∞ –æ —Ä...

You may provide a definition with
\DeclareUnicodeCharacter 


! Package inputenc Error: Unicode character —Ä (U+0440)
(inputenc)                not set up for use with LaTeX.

See the inputenc package documentation for explanation.
Type  H <return>  for immediate help.
 ...                                              
                                                  
l.2 ...∞ —Å–æ–ø—Ä—è–∂–µ–Ω–Ω–æ–≥–æ –æ–ø–µ—Ä–∞—Ç–æ—Ä
                                                  –∞, —Ç–µ–æ—Ä–µ–º–∞ –æ —Ä–∞...

You may provide a definition with
\DeclareUnicodeCharacter 


! Package inputenc Error: Unicode character –∞ (U+0430)
(inputenc)                not set up for use with LaTeX.

See the inputenc package documentation for explanation.
Type  H <return>  for immediate help.
 ...                                              
                                                  
l.2 ...—Å–æ–ø—Ä—è–∂–µ–Ω–Ω–æ–≥–æ –æ–ø–µ—Ä–∞—Ç–æ—Ä–∞
                                                  , —Ç–µ–æ—Ä–µ–º–∞ –æ —Ä–∞–∑...

You may provide a definition with
\DeclareUnicodeCharacter 


! LaTeX Error: Missing \begin{document}.

See the LaTeX manual or LaTeX Companion for explanation.
Type  H <return>  for immediate help.
 ...                                              
                                                  
l.2 ...Å–æ–ø—Ä—è–∂–µ–Ω–Ω–æ–≥–æ –æ–ø–µ—Ä–∞—Ç–æ—Ä–∞,
                                                   —Ç–µ–æ—Ä–µ–º–∞ –æ —Ä–∞–∑—...

You're in trouble here.  Try typing  <return>  to proceed.
If that doesn't work, type  X <return>  to quit.

Missing character: There is no , in font nullfont!

! Package inputenc Error: Unicode character —Ç (U+0442)
(inputenc)                not set up for use with LaTeX.

See the inputenc package documentation for explanation.
Type  H <return>  for immediate help.
 ...                                              
                                                  
l.2 ...–ø—Ä—è–∂–µ–Ω–Ω–æ–≥–æ –æ–ø–µ—Ä–∞—Ç–æ—Ä–∞, —Ç
                                                  –µ–æ—Ä–µ–º–∞ –æ —Ä–∞–∑—Ä–µ...

You may provide a definition with
\DeclareUnicodeCharacter 


! Package inputenc Error: Unicode character –µ (U+0435)
(inputenc)                not set up for use with LaTeX.

See the inputenc package documentation for explanation.
Type  H <return>  for immediate help.
 ...                                              
                                                  
l.2 ...—Ä—è–∂–µ–Ω–Ω–æ–≥–æ –æ–ø–µ—Ä–∞—Ç–æ—Ä–∞, —Ç–µ
                                                  –æ—Ä–µ–º–∞ –æ —Ä–∞–∑—Ä–µ—à...

You may provide a definition with
\DeclareUnicodeCharacter 


! Package inputenc Error: Unicode character –æ (U+043E)
(inputenc)                not set up for use with LaTeX.

See the inputenc package documentation for explanation.
Type  H <return>  for immediate help.
 ...                                              
                                                  
l.2 ...—è–∂–µ–Ω–Ω–æ–≥–æ –æ–ø–µ—Ä–∞—Ç–æ—Ä–∞, —Ç–µ–æ
                                                  —Ä–µ–º–∞ –æ —Ä–∞–∑—Ä–µ—à–∏...

You may provide a definition with
\DeclareUnicodeCharacter 


! Package inputenc Error: Unicode character —Ä (U+0440)
(inputenc)                not set up for use with LaTeX.

See the inputenc package documentation for explanation.
Type  H <return>  for immediate help.
 ...                                              
                                                  
l.2 ...–∂–µ–Ω–Ω–æ–≥–æ –æ–ø–µ—Ä–∞—Ç–æ—Ä–∞, —Ç–µ–æ—Ä
                                                  –µ–º–∞ –æ —Ä–∞–∑—Ä–µ—à–∏–º...

You may provide a definition with
\DeclareUnicodeCharacter 


! Package inputenc Error: Unicode character –µ (U+0435)
(inputenc)                not set up for use with LaTeX.

See the inputenc package documentation for explanation.
Type  H <return>  for immediate help.
 ...                                              
                                                  
l.2 ...–µ–Ω–Ω–æ–≥–æ –æ–ø–µ—Ä–∞—Ç–æ—Ä–∞, —Ç–µ–æ—Ä–µ
                                                  –º–∞ –æ —Ä–∞–∑—Ä–µ—à–∏–º–æ...

You may provide a definition with
\DeclareUnicodeCharacter 


! Package inputenc Error: Unicode character –º (U+043C)
(inputenc)                not set up for use with LaTeX.

See the inputenc package documentation for explanation.
Type  H <return>  for immediate help.
 ...                                              
                                                  
l.2 ...–Ω–Ω–æ–≥–æ –æ–ø–µ—Ä–∞—Ç–æ—Ä–∞, —Ç–µ–æ—Ä–µ–º
                                                  –∞ –æ —Ä–∞–∑—Ä–µ—à–∏–º–æ—Å...

You may provide a definition with
\DeclareUnicodeCharacter 


! Package inputenc Error: Unicode character –∞ (U+0430)
(inputenc)                not set up for use with LaTeX.

See the inputenc package documentation for explanation.
Type  H <return>  for immediate help.
 ...                                              
                                                  
l.2 ...–Ω–æ–≥–æ –æ–ø–µ—Ä–∞—Ç–æ—Ä–∞, —Ç–µ–æ—Ä–µ–º–∞
                                                   –æ —Ä–∞–∑—Ä–µ—à–∏–º–æ—Å—Ç...

You may provide a definition with
\DeclareUnicodeCharacter 


! Package inputenc Error: Unicode character –æ (U+043E)
(inputenc)                not set up for use with LaTeX.

See the inputenc package documentation for explanation.
Type  H <return>  for immediate help.
 ...                                              
                                                  
l.2 ...æ–≥–æ –æ–ø–µ—Ä–∞—Ç–æ—Ä–∞, —Ç–µ–æ—Ä–µ–º–∞ –æ
                                                   —Ä–∞–∑—Ä–µ—à–∏–º–æ—Å—Ç–∏ ...

You may provide a definition with
\DeclareUnicodeCharacter 


! Package inputenc Error: Unicode character —Ä (U+0440)
(inputenc)                not set up for use with LaTeX.

See the inputenc package documentation for explanation.
Type  H <return>  for immediate help.
 ...                                              
                                                  
l.2 ...–æ –æ–ø–µ—Ä–∞—Ç–æ—Ä–∞, —Ç–µ–æ—Ä–µ–º–∞ –æ —Ä
                                                  –∞–∑—Ä–µ—à–∏–º–æ—Å—Ç–∏ –æ–...

You may provide a definition with
\DeclareUnicodeCharacter 


! Package inputenc Error: Unicode character –∞ (U+0430)
(inputenc)                not set up for use with LaTeX.

See the inputenc package documentation for explanation.
Type  H <return>  for immediate help.
 ...                                              
                                                  
l.2 ... –æ–ø–µ—Ä–∞—Ç–æ—Ä–∞, —Ç–µ–æ—Ä–µ–º–∞ –æ —Ä–∞
                                                  –∑—Ä–µ—à–∏–º–æ—Å—Ç–∏ –æ–ø–...

You may provide a definition with
\DeclareUnicodeCharacter 


! Package inputenc Error: Unicode character –∑ (U+0437)
(inputenc)                not set up for use with LaTeX.

See the inputenc package documentation for explanation.
Type  H <return>  for immediate help.
 ...                                              
                                                  
l.2 ...æ–ø–µ—Ä–∞—Ç–æ—Ä–∞, —Ç–µ–æ—Ä–µ–º–∞ –æ —Ä–∞–∑
                                                  —Ä–µ—à–∏–º–æ—Å—Ç–∏ –æ–ø–µ—...

You may provide a definition with
\DeclareUnicodeCharacter 


! Package inputenc Error: Unicode character —Ä (U+0440)
(inputenc)                not set up for use with LaTeX.

See the inputenc package documentation for explanation.
Type  H <return>  for immediate help.
 ...                                              
                                                  
l.2 ...ø–µ—Ä–∞—Ç–æ—Ä–∞, —Ç–µ–æ—Ä–µ–º–∞ –æ —Ä–∞–∑—Ä
                                                  –µ—à–∏–º–æ—Å—Ç–∏ –æ–ø–µ—Ä–...

You may provide a definition with
\DeclareUnicodeCharacter 


! Package inputenc Error: Unicode character –µ (U+0435)
(inputenc)                not set up for use with LaTeX.

See the inputenc package documentation for explanation.
Type  H <return>  for immediate help.
 ...                                              
                                                  
l.2 ...µ—Ä–∞—Ç–æ—Ä–∞, —Ç–µ–æ—Ä–µ–º–∞ –æ —Ä–∞–∑—Ä–µ
                                                  —à–∏–º–æ—Å—Ç–∏ –æ–ø–µ—Ä–∞—...

You may provide a definition with
\DeclareUnicodeCharacter 


! Package inputenc Error: Unicode character —à (U+0448)
(inputenc)                not set up for use with LaTeX.

See the inputenc package documentation for explanation.
Type  H <return>  for immediate help.
 ...                                              
                                                  
l.2 ...Ä–∞—Ç–æ—Ä–∞, —Ç–µ–æ—Ä–µ–º–∞ –æ —Ä–∞–∑—Ä–µ—à
                                                  –∏–º–æ—Å—Ç–∏ –æ–ø–µ—Ä–∞—Ç–...

You may provide a definition with
\DeclareUnicodeCharacter 


! Package inputenc Error: Unicode character –∏ (U+0438)
(inputenc)                not set up for use with LaTeX.

See the inputenc package documentation for explanation.
Type  H <return>  for immediate help.
 ...                                              
                                                  
l.2 ...∞—Ç–æ—Ä–∞, —Ç–µ–æ—Ä–µ–º–∞ –æ —Ä–∞–∑—Ä–µ—à–∏
                                                  –º–æ—Å—Ç–∏ –æ–ø–µ—Ä–∞—Ç–æ—...

You may provide a definition with
\DeclareUnicodeCharacter 


! Package inputenc Error: Unicode character –º (U+043C)
(inputenc)                not set up for use with LaTeX.

See the inputenc package documentation for explanation.
Type  H <return>  for immediate help.
 ...                                              
                                                  
l.2 ...Ç–æ—Ä–∞, —Ç–µ–æ—Ä–µ–º–∞ –æ —Ä–∞–∑—Ä–µ—à–∏–º
                                                  –æ—Å—Ç–∏ –æ–ø–µ—Ä–∞—Ç–æ—Ä–...

You may provide a definition with
\DeclareUnicodeCharacter 


! Package inputenc Error: Unicode character –æ (U+043E)
(inputenc)                not set up for use with LaTeX.

See the inputenc package documentation for explanation.
Type  H <return>  for immediate help.
 ...                                              
                                                  
l.2 ...æ—Ä–∞, —Ç–µ–æ—Ä–µ–º–∞ –æ —Ä–∞–∑—Ä–µ—à–∏–º–æ
                                                  —Å—Ç–∏ –æ–ø–µ—Ä–∞—Ç–æ—Ä–Ω—...

You may provide a definition with
\DeclareUnicodeCharacter 


! Package inputenc Error: Unicode character —Å (U+0441)
(inputenc)                not set up for use with LaTeX.

See the inputenc package documentation for explanation.
Type  H <return>  for immediate help.
 ...                                              
                                                  
l.2 ...Ä–∞, —Ç–µ–æ—Ä–µ–º–∞ –æ —Ä–∞–∑—Ä–µ—à–∏–º–æ—Å
                                                  —Ç–∏ –æ–ø–µ—Ä–∞—Ç–æ—Ä–Ω—ã—...

You may provide a definition with
\DeclareUnicodeCharacter 


! Package inputenc Error: Unicode character —Ç (U+0442)
(inputenc)                not set up for use with LaTeX.

See the inputenc package documentation for explanation.
Type  H <return>  for immediate help.
 ...                                              
                                                  
l.2 ...∞, —Ç–µ–æ—Ä–µ–º–∞ –æ —Ä–∞–∑—Ä–µ—à–∏–º–æ—Å—Ç
                                                  –∏ –æ–ø–µ—Ä–∞—Ç–æ—Ä–Ω—ã—Ö ...

You may provide a definition with
\DeclareUnicodeCharacter 


! Package inputenc Error: Unicode character –∏ (U+0438)
(inputenc)                not set up for use with LaTeX.

See the inputenc package documentation for explanation.
Type  H <return>  for immediate help.
 ...                                              
                                                  
l.2 ... —Ç–µ–æ—Ä–µ–º–∞ –æ —Ä–∞–∑—Ä–µ—à–∏–º–æ—Å—Ç–∏
                                                   –æ–ø–µ—Ä–∞—Ç–æ—Ä–Ω—ã—Ö —É...

You may provide a definition with
\DeclareUnicodeCharacter 


! Package inputenc Error: Unicode character –æ (U+043E)
(inputenc)                not set up for use with LaTeX.

See the inputenc package documentation for explanation.
Type  H <return>  for immediate help.
 ...                                              
                                                  
l.2 ...–µ–æ—Ä–µ–º–∞ –æ —Ä–∞–∑—Ä–µ—à–∏–º–æ—Å—Ç–∏ –æ
                                                  –ø–µ—Ä–∞—Ç–æ—Ä–Ω—ã—Ö —É—Ä–...

You may provide a definition with
\DeclareUnicodeCharacter 


! Package inputenc Error: Unicode character –ø (U+043F)
(inputenc)                not set up for use with LaTeX.

See the inputenc package documentation for explanation.
Type  H <return>  for immediate help.
 ...                                              
                                                  
l.2 ...–æ—Ä–µ–º–∞ –æ —Ä–∞–∑—Ä–µ—à–∏–º–æ—Å—Ç–∏ –æ–ø
                                                  –µ—Ä–∞—Ç–æ—Ä–Ω—ã—Ö —É—Ä–∞–...

You may provide a definition with
\DeclareUnicodeCharacter 


! Package inputenc Error: Unicode character –µ (U+0435)
(inputenc)                not set up for use with LaTeX.

See the inputenc package documentation for explanation.
Type  H <return>  for immediate help.
 ...                                              
                                                  
l.2 ...—Ä–µ–º–∞ –æ —Ä–∞–∑—Ä–µ—à–∏–º–æ—Å—Ç–∏ –æ–ø–µ
                                                  —Ä–∞—Ç–æ—Ä–Ω—ã—Ö —É—Ä–∞–≤–...

You may provide a definition with
\DeclareUnicodeCharacter 


! Package inputenc Error: Unicode character —Ä (U+0440)
(inputenc)                not set up for use with LaTeX.

See the inputenc package documentation for explanation.
Type  H <return>  for immediate help.
 ...                                              
                                                  
l.2 ...–µ–º–∞ –æ —Ä–∞–∑—Ä–µ—à–∏–º–æ—Å—Ç–∏ –æ–ø–µ—Ä
                                                  –∞—Ç–æ—Ä–Ω—ã—Ö —É—Ä–∞–≤–Ω–...

You may provide a definition with
\DeclareUnicodeCharacter 


! Package inputenc Error: Unicode character –∞ (U+0430)
(inputenc)                not set up for use with LaTeX.

See the inputenc package documentation for explanation.
Type  H <return>  for immediate help.
 ...                                              
                                                  
l.2 ...–º–∞ –æ —Ä–∞–∑—Ä–µ—à–∏–º–æ—Å—Ç–∏ –æ–ø–µ—Ä–∞
                                                  —Ç–æ—Ä–Ω—ã—Ö —É—Ä–∞–≤–Ω–µ–...

You may provide a definition with
\DeclareUnicodeCharacter 


! Package inputenc Error: Unicode character —Ç (U+0442)
(inputenc)                not set up for use with LaTeX.

See the inputenc package documentation for explanation.
Type  H <return>  for immediate help.
 ...                                              
                                                  
l.2 ...–∞ –æ —Ä–∞–∑—Ä–µ—à–∏–º–æ—Å—Ç–∏ –æ–ø–µ—Ä–∞—Ç
                                                  –æ—Ä–Ω—ã—Ö —É—Ä–∞–≤–Ω–µ–Ω–...

You may provide a definition with
\DeclareUnicodeCharacter 


! Package inputenc Error: Unicode character –æ (U+043E)
(inputenc)                not set up for use with LaTeX.

See the inputenc package documentation for explanation.
Type  H <return>  for immediate help.
 ...                                              
                                                  
l.2 ... –æ —Ä–∞–∑—Ä–µ—à–∏–º–æ—Å—Ç–∏ –æ–ø–µ—Ä–∞—Ç–æ
                                                  —Ä–Ω—ã—Ö —É—Ä–∞–≤–Ω–µ–Ω–∏–π.}

You may provide a definition with
\DeclareUnicodeCharacter 


! Package inputenc Error: Unicode character —Ä (U+0440)
(inputenc)                not set up for use with LaTeX.

See the inputenc package documentation for explanation.
Type  H <return>  for immediate help.
 ...                                              
                                                  
l.2 ...æ —Ä–∞–∑—Ä–µ—à–∏–º–æ—Å—Ç–∏ –æ–ø–µ—Ä–∞—Ç–æ—Ä
                                                  –Ω—ã—Ö —É—Ä–∞–≤–Ω–µ–Ω–∏–π.}
You may provide a definition with
\DeclareUnicodeCharacter 


! Package inputenc Error: Unicode character –Ω (U+043D)
(inputenc)                not set up for use with LaTeX.

See the inputenc package documentation for explanation.
Type  H <return>  for immediate help.
 ...                                              
                                                  
l.2 ...—Ä–∞–∑—Ä–µ—à–∏–º–æ—Å—Ç–∏ –æ–ø–µ—Ä–∞—Ç–æ—Ä–Ω
                                                  —ã—Ö —É—Ä–∞–≤–Ω–µ–Ω–∏–π.}
You may provide a definition with
\DeclareUnicodeCharacter 


! Package inputenc Error: Unicode character —ã (U+044B)
(inputenc)                not set up for use with LaTeX.

See the inputenc package documentation for explanation.
Type  H <return>  for immediate help.
 ...                                              
                                                  
l.2 ...–∞–∑—Ä–µ—à–∏–º–æ—Å—Ç–∏ –æ–ø–µ—Ä–∞—Ç–æ—Ä–Ω—ã
                                                  —Ö —É—Ä–∞–≤–Ω–µ–Ω–∏–π.}
You may provide a definition with
\DeclareUnicodeCharacter 


! Package inputenc Error: Unicode character —Ö (U+0445)
(inputenc)                not set up for use with LaTeX.

See the inputenc package documentation for explanation.
Type  H <return>  for immediate help.
 ...                                              
                                                  
l.2 ...–∑—Ä–µ—à–∏–º–æ—Å—Ç–∏ –æ–ø–µ—Ä–∞—Ç–æ—Ä–Ω—ã—Ö
                                                   —É—Ä–∞–≤–Ω–µ–Ω–∏–π.}
You may provide a definition with
\DeclareUnicodeCharacter 


! Package inputenc Error: Unicode character —É (U+0443)
(inputenc)                not set up for use with LaTeX.

See the inputenc package documentation for explanation.
Type  H <return>  for immediate help.
 ...                                              
                                                  
l.2 ...Ä–µ—à–∏–º–æ—Å—Ç–∏ –æ–ø–µ—Ä–∞—Ç–æ—Ä–Ω—ã—Ö —É
                                                  —Ä–∞–≤–Ω–µ–Ω–∏–π.}
You may provide a definition with
\DeclareUnicodeCharacter 


! Package inputenc Error: Unicode character —Ä (U+0440)
(inputenc)                not set up for use with LaTeX.

See the inputenc package documentation for explanation.
Type  H <return>  for immediate help.
 ...                                              
                                                  
l.2 ...µ—à–∏–º–æ—Å—Ç–∏ –æ–ø–µ—Ä–∞—Ç–æ—Ä–Ω—ã—Ö —É—Ä
                                                  –∞–≤–Ω–µ–Ω–∏–π.}
You may provide a definition with
\DeclareUnicodeCharacter 


! Package inputenc Error: Unicode character –∞ (U+0430)
(inputenc)                not set up for use with LaTeX.

See the inputenc package documentation for explanation.
Type  H <return>  for immediate help.
 ...                                              
                                                  
l.2 ...à–∏–º–æ—Å—Ç–∏ –æ–ø–µ—Ä–∞—Ç–æ—Ä–Ω—ã—Ö —É—Ä–∞
                                                  –≤–Ω–µ–Ω–∏–π.}
You may provide a definition with
\DeclareUnicodeCharacter 


! Package inputenc Error: Unicode character –≤ (U+0432)
(inputenc)                not set up for use with LaTeX.

See the inputenc package documentation for explanation.
Type  H <return>  for immediate help.
 ...                                              
                                                  
l.2 ...∏–º–æ—Å—Ç–∏ –æ–ø–µ—Ä–∞—Ç–æ—Ä–Ω—ã—Ö —É—Ä–∞–≤
                                                  –Ω–µ–Ω–∏–π.}
You may provide a definition with
\DeclareUnicodeCharacter 


! Package inputenc Error: Unicode character –Ω (U+043D)
(inputenc)                not set up for use with LaTeX.

See the inputenc package documentation for explanation.
Type  H <return>  for immediate help.
 ...                                              
                                                  
l.2 ...º–æ—Å—Ç–∏ –æ–ø–µ—Ä–∞—Ç–æ—Ä–Ω—ã—Ö —É—Ä–∞–≤–Ω
                                                  –µ–Ω–∏–π.}
You may provide a definition with
\DeclareUnicodeCharacter 


! Package inputenc Error: Unicode character –µ (U+0435)
(inputenc)                not set up for use with LaTeX.

See the inputenc package documentation for explanation.
Type  H <return>  for immediate help.
 ...                                              
                                                  
l.2 ...æ—Å—Ç–∏ –æ–ø–µ—Ä–∞—Ç–æ—Ä–Ω—ã—Ö —É—Ä–∞–≤–Ω–µ
                                                  –Ω–∏–π.}
You may provide a definition with
\DeclareUnicodeCharacter 


! Package inputenc Error: Unicode character –Ω (U+043D)
(inputenc)                not set up for use with LaTeX.

See the inputenc package documentation for explanation.
Type  H <return>  for immediate help.
 ...                                              
                                                  
l.2 ...Å—Ç–∏ –æ–ø–µ—Ä–∞—Ç–æ—Ä–Ω—ã—Ö —É—Ä–∞–≤–Ω–µ–Ω
                                                  –∏–π.}
You may provide a definition with
\DeclareUnicodeCharacter 


! Package inputenc Error: Unicode character –∏ (U+0438)
(inputenc)                not set up for use with LaTeX.

See the inputenc package documentation for explanation.
Type  H <return>  for immediate help.
 ...                                              
                                                  
l.2 ...Ç–∏ –æ–ø–µ—Ä–∞—Ç–æ—Ä–Ω—ã—Ö —É—Ä–∞–≤–Ω–µ–Ω–∏
                                                  –π.}
You may provide a definition with
\DeclareUnicodeCharacter 


! Package inputenc Error: Unicode character –π (U+0439)
(inputenc)                not set up for use with LaTeX.

See the inputenc package documentation for explanation.
Type  H <return>  for immediate help.
 ...                                              
                                                  
l.2 ...∏ –æ–ø–µ—Ä–∞—Ç–æ—Ä–Ω—ã—Ö —É—Ä–∞–≤–Ω–µ–Ω–∏–π
                                                  .}
You may provide a definition with
\DeclareUnicodeCharacter 

Missing character: There is no . in font nullfont!

! LaTeX Error: Environment claim undefined.

See the LaTeX manual or LaTeX Companion for explanation.
Type  H <return>  for immediate help.
 ...                                              
                                                  
l.3 \begin{claim}
                 
Your command was ignored.
Type  I <command> <return>  to replace it with another command,
or  <return>  to continue without it.


! Package inputenc Error: Unicode character –ï (U+0415)
(inputenc)                not set up for use with LaTeX.

See the inputenc package documentation for explanation.
Type  H <return>  for immediate help.
 ...                                              
                                                  
l.4 	–ï
       —Å–ª–∏ $X,Y$ --- –±–∞–Ω–∞—Ö–æ–≤—ã –∏ $A \in \CL(X,Y)$ –∏ $\Ima A^*$ -...

You may provide a definition with
\DeclareUnicodeCharacter 


! Package inputenc Error: Unicode character —Å (U+0441)
(inputenc)                not set up for use with LaTeX.

See the inputenc package documentation for explanation.
Type  H <return>  for immediate help.
 ...                                              
                                                  
l.4 	–ï—Å
         –ª–∏ $X,Y$ --- –±–∞–Ω–∞—Ö–æ–≤—ã –∏ $A \in \CL(X,Y)$ –∏ $\Ima A^*$ -...

You may provide a definition with
\DeclareUnicodeCharacter 


! Package inputenc Error: Unicode character –ª (U+043B)
(inputenc)                not set up for use with LaTeX.

See the inputenc package documentation for explanation.
Type  H <return>  for immediate help.
 ...                                              
                                                  
l.4 	–ï—Å–ª
           –∏ $X,Y$ --- –±–∞–Ω–∞—Ö–æ–≤—ã –∏ $A \in \CL(X,Y)$ –∏ $\Ima A^*$ -...

You may provide a definition with
\DeclareUnicodeCharacter 


! Package inputenc Error: Unicode character –∏ (U+0438)
(inputenc)                not set up for use with LaTeX.

See the inputenc package documentation for explanation.
Type  H <return>  for immediate help.
 ...                                              
                                                  
l.4 	–ï—Å–ª–∏
              $X,Y$ --- –±–∞–Ω–∞—Ö–æ–≤—ã –∏ $A \in \CL(X,Y)$ –∏ $\Ima A^*$ -...

You may provide a definition with
\DeclareUnicodeCharacter 

LaTeX Font Info:    External font `cmex10' loaded for size
(Font)              <7> on input line 4.
LaTeX Font Info:    External font `cmex10' loaded for size
(Font)              <5> on input line 4.
Missing character: There is no - in font nullfont!
Missing character: There is no - in font nullfont!
Missing character: There is no - in font nullfont!

! Package inputenc Error: Unicode character –± (U+0431)
(inputenc)                not set up for use with LaTeX.

See the inputenc package documentation for explanation.
Type  H <return>  for immediate help.
 ...                                              
                                                  
l.4 	–ï—Å–ª–∏ $X,Y$ --- –±
                          –∞–Ω–∞—Ö–æ–≤—ã –∏ $A \in \CL(X,Y)$ –∏ $\Ima A^*$ -...

You may provide a definition with
\DeclareUnicodeCharacter 


! Package inputenc Error: Unicode character –∞ (U+0430)
(inputenc)                not set up for use with LaTeX.

See the inputenc package documentation for explanation.
Type  H <return>  for immediate help.
 ...                                              
                                                  
l.4 	–ï—Å–ª–∏ $X,Y$ --- –±–∞
                            –Ω–∞—Ö–æ–≤—ã –∏ $A \in \CL(X,Y)$ –∏ $\Ima A^*$ -...

You may provide a definition with
\DeclareUnicodeCharacter 


! Package inputenc Error: Unicode character –Ω (U+043D)
(inputenc)                not set up for use with LaTeX.

See the inputenc package documentation for explanation.
Type  H <return>  for immediate help.
 ...                                              
                                                  
l.4 	–ï—Å–ª–∏ $X,Y$ --- –±–∞–Ω
                              –∞—Ö–æ–≤—ã –∏ $A \in \CL(X,Y)$ –∏ $\Ima A^*$ -...

You may provide a definition with
\DeclareUnicodeCharacter 


! Package inputenc Error: Unicode character –∞ (U+0430)
(inputenc)                not set up for use with LaTeX.

See the inputenc package documentation for explanation.
Type  H <return>  for immediate help.
 ...                                              
                                                  
l.4 	–ï—Å–ª–∏ $X,Y$ --- –±–∞–Ω–∞
                                —Ö–æ–≤—ã –∏ $A \in \CL(X,Y)$ –∏ $\Ima A^*$ -...

You may provide a definition with
\DeclareUnicodeCharacter 


! Package inputenc Error: Unicode character —Ö (U+0445)
(inputenc)                not set up for use with LaTeX.

See the inputenc package documentation for explanation.
Type  H <return>  for immediate help.
 ...                                              
                                                  
l.4 	–ï—Å–ª–∏ $X,Y$ --- –±–∞–Ω–∞—Ö
                                  –æ–≤—ã –∏ $A \in \CL(X,Y)$ –∏ $\Ima A^*$ -...

You may provide a definition with
\DeclareUnicodeCharacter 


! Package inputenc Error: Unicode character –æ (U+043E)
(inputenc)                not set up for use with LaTeX.

See the inputenc package documentation for explanation.
Type  H <return>  for immediate help.
 ...                                              
                                                  
l.4 	–ï—Å–ª–∏ $X,Y$ --- –±–∞–Ω–∞—Ö–æ
                                    –≤—ã –∏ $A \in \CL(X,Y)$ –∏ $\Ima A^*$ -...

You may provide a definition with
\DeclareUnicodeCharacter 


! Package inputenc Error: Unicode character –≤ (U+0432)
(inputenc)                not set up for use with LaTeX.

See the inputenc package documentation for explanation.
Type  H <return>  for immediate help.
 ...                                              
                                                  
l.4 	–ï—Å–ª–∏ $X,Y$ --- –±–∞–Ω–∞—Ö–æ–≤
                                      —ã –∏ $A \in \CL(X,Y)$ –∏ $\Ima A^*$ -...

You may provide a definition with
\DeclareUnicodeCharacter 


! Package inputenc Error: Unicode character —ã (U+044B)
(inputenc)                not set up for use with LaTeX.

See the inputenc package documentation for explanation.
Type  H <return>  for immediate help.
 ...                                              
                                                  
l.4 	–ï—Å–ª–∏ $X,Y$ --- –±–∞–Ω–∞—Ö–æ–≤—ã
                                         –∏ $A \in \CL(X,Y)$ –∏ $\Ima A^*$ -...

You may provide a definition with
\DeclareUnicodeCharacter 


! Package inputenc Error: Unicode character –∏ (U+0438)
(inputenc)                not set up for use with LaTeX.

See the inputenc package documentation for explanation.
Type  H <return>  for immediate help.
 ...                                              
                                                  
l.4 	–ï—Å–ª–∏ $X,Y$ --- –±–∞–Ω–∞—Ö–æ–≤—ã –∏
                                            $A \in \CL(X,Y)$ –∏ $\Ima A^*$ -...

You may provide a definition with
\DeclareUnicodeCharacter 

! Undefined control sequence.
l.4 ...–∏ $X,Y$ --- –±–∞–Ω–∞—Ö–æ–≤—ã –∏ $A \in \CL
                                                  (X,Y)$ –∏ $\Ima A^*$ --- –...
The control sequence at the end of the top line
of your error message was never \def'ed. If you have
misspelled it (e.g., `\hobx'), type `I' and the correct
spelling (e.g., `I\hbox'). Otherwise just continue,
and I'll forget about whatever was undefined.


! Package inputenc Error: Unicode character –∏ (U+0438)
(inputenc)                not set up for use with LaTeX.

See the inputenc package documentation for explanation.
Type  H <return>  for immediate help.
 ...                                              
                                                  
l.4 ...--- –±–∞–Ω–∞—Ö–æ–≤—ã –∏ $A \in \CL(X,Y)$ –∏
                                                   $\Ima A^*$ --- –∑–∞–º–∫–Ω...

You may provide a definition with
\DeclareUnicodeCharacter 

! Undefined control sequence.
<recently read> \Ima 
                     
l.4 ...–∞–Ω–∞—Ö–æ–≤—ã –∏ $A \in \CL(X,Y)$ –∏ $\Ima
                                                   A^*$ --- –∑–∞–º–∫–Ω—É—Ç –...
The control sequence at the end of the top line
of your error message was never \def'ed. If you have
misspelled it (e.g., `\hobx'), type `I' and the correct
spelling (e.g., `I\hbox'). Otherwise just continue,
and I'll forget about whatever was undefined.

Missing character: There is no - in font nullfont!
Missing character: There is no - in font nullfont!
Missing character: There is no - in font nullfont!

! Package inputenc Error: Unicode character –∑ (U+0437)
(inputenc)                not set up for use with LaTeX.

See the inputenc package documentation for explanation.
Type  H <return>  for immediate help.
 ...                                              
                                                  
l.4 ...—ã –∏ $A \in \CL(X,Y)$ –∏ $\Ima A^*$ --- –∑
                                                  –∞–º–∫–Ω—É—Ç –≤ $X^*$, —Ç–...

You may provide a definition with
\DeclareUnicodeCharacter 


! Package inputenc Error: Unicode character –∞ (U+0430)
(inputenc)                not set up for use with LaTeX.

See the inputenc package documentation for explanation.
Type  H <return>  for immediate help.
 ...                                              
                                                  
l.4 ... –∏ $A \in \CL(X,Y)$ –∏ $\Ima A^*$ --- –∑–∞
                                                  –º–∫–Ω—É—Ç –≤ $X^*$, —Ç–æ–...

You may provide a definition with
\DeclareUnicodeCharacter 


! Package inputenc Error: Unicode character –º (U+043C)
(inputenc)                not set up for use with LaTeX.

See the inputenc package documentation for explanation.
Type  H <return>  for immediate help.
 ...                                              
                                                  
l.4 ...∏ $A \in \CL(X,Y)$ –∏ $\Ima A^*$ --- –∑–∞–º
                                                  –∫–Ω—É—Ç –≤ $X^*$, —Ç–æ–≥–...

You may provide a definition with
\DeclareUnicodeCharacter 


! Package inputenc Error: Unicode character –∫ (U+043A)
(inputenc)                not set up for use with LaTeX.

See the inputenc package documentation for explanation.
Type  H <return>  for immediate help.
 ...                                              
                                                  
l.4 ...$A \in \CL(X,Y)$ –∏ $\Ima A^*$ --- –∑–∞–º–∫
                                                  –Ω—É—Ç –≤ $X^*$, —Ç–æ–≥–¥–...

You may provide a definition with
\DeclareUnicodeCharacter 


! Package inputenc Error: Unicode character –Ω (U+043D)
(inputenc)                not set up for use with LaTeX.

See the inputenc package documentation for explanation.
Type  H <return>  for immediate help.
 ...                                              
                                                  
l.4 ... \in \CL(X,Y)$ –∏ $\Ima A^*$ --- –∑–∞–º–∫–Ω
                                                  —É—Ç –≤ $X^*$, —Ç–æ–≥–¥–∞ ...

You may provide a definition with
\DeclareUnicodeCharacter 


! Package inputenc Error: Unicode character —É (U+0443)
(inputenc)                not set up for use with LaTeX.

See the inputenc package documentation for explanation.
Type  H <return>  for immediate help.
 ...                                              
                                                  
l.4 ...in \CL(X,Y)$ –∏ $\Ima A^*$ --- –∑–∞–º–∫–Ω—É
                                                  —Ç –≤ $X^*$, —Ç–æ–≥–¥–∞ $\...

You may provide a definition with
\DeclareUnicodeCharacter 


! Package inputenc Error: Unicode character —Ç (U+0442)
(inputenc)                not set up for use with LaTeX.

See the inputenc package documentation for explanation.
Type  H <return>  for immediate help.
 ...                                              
                                                  
l.4 ... \CL(X,Y)$ –∏ $\Ima A^*$ --- –∑–∞–º–∫–Ω—É—Ç
                                                   –≤ $X^*$, —Ç–æ–≥–¥–∞ $\Im...

You may provide a definition with
\DeclareUnicodeCharacter 


! Package inputenc Error: Unicode character –≤ (U+0432)
(inputenc)                not set up for use with LaTeX.

See the inputenc package documentation for explanation.
Type  H <return>  for immediate help.
 ...                                              
                                                  
l.4 ...L(X,Y)$ –∏ $\Ima A^*$ --- –∑–∞–º–∫–Ω—É—Ç –≤
                                                   $X^*$, —Ç–æ–≥–¥–∞ $\Ima A...

You may provide a definition with
\DeclareUnicodeCharacter 

Missing character: There is no , in font nullfont!

! Package inputenc Error: Unicode character —Ç (U+0442)
(inputenc)                not set up for use with LaTeX.

See the inputenc package documentation for explanation.
Type  H <return>  for immediate help.
 ...                                              
                                                  
l.4 ... $\Ima A^*$ --- –∑–∞–º–∫–Ω—É—Ç –≤ $X^*$, —Ç
                                                  –æ–≥–¥–∞ $\Ima A$ --- –∑–∞...

You may provide a definition with
\DeclareUnicodeCharacter 


! Package inputenc Error: Unicode character –æ (U+043E)
(inputenc)                not set up for use with LaTeX.

See the inputenc package documentation for explanation.
Type  H <return>  for immediate help.
 ...                                              
                                                  
l.4 ...\Ima A^*$ --- –∑–∞–º–∫–Ω—É—Ç –≤ $X^*$, —Ç–æ
                                                  –≥–¥–∞ $\Ima A$ --- –∑–∞–º...

You may provide a definition with
\DeclareUnicodeCharacter 


! Package inputenc Error: Unicode character –≥ (U+0433)
(inputenc)                not set up for use with LaTeX.

See the inputenc package documentation for explanation.
Type  H <return>  for immediate help.
 ...                                              
                                                  
l.4 ...ma A^*$ --- –∑–∞–º–∫–Ω—É—Ç –≤ $X^*$, —Ç–æ–≥
                                                  –¥–∞ $\Ima A$ --- –∑–∞–º–∫...

You may provide a definition with
\DeclareUnicodeCharacter 


! Package inputenc Error: Unicode character –¥ (U+0434)
(inputenc)                not set up for use with LaTeX.

See the inputenc package documentation for explanation.
Type  H <return>  for immediate help.
 ...                                              
                                                  
l.4 ... A^*$ --- –∑–∞–º–∫–Ω—É—Ç –≤ $X^*$, —Ç–æ–≥–¥
                                                  –∞ $\Ima A$ --- –∑–∞–º–∫–Ω...
(That makes 100 errors; please try again.) 
Here is how much of TeX's memory you used:
 48 strings out of 481257
 803 string characters out of 2908761
 277830 words of memory out of 3000000
 17369 multiletter control sequences out of 15000+600000
 403430 words of font info for 27 fonts, out of 8000000 for 9000
 0 hyphenation exceptions out of 8191
 18i,1n,15p,176b,62s stack positions out of 5000i,500n,10000p,200000b,80000s

!  ==> Fatal error occurred, no output PDF file produced!
