This is pdfTeX, Version 3.141592653-2.6-1.40.22 (MiKTeX 21.3) (preloaded format=pdflatex 2021.4.13)  8 APR 2022 23:06
entering extended mode
**./l2_9.tex
(l2_9.tex
LaTeX2e <2020-10-01> patch level 4
L3 programming layer <2021-02-18>
! Undefined control sequence.
l.2 \section
            {–¢–µ–æ—Ä–µ–º–∞ –æ–± –æ—Ç–¥–µ–ª–∏–º–æ—Å—Ç–∏}
The control sequence at the end of the top line
of your error message was never \def'ed. If you have
misspelled it (e.g., `\hobx'), type `I' and the correct
spelling (e.g., `I\hbox'). Otherwise just continue,
and I'll forget about whatever was undefined.


! Package inputenc Error: Unicode character –¢ (U+0422)
(inputenc)                not set up for use with LaTeX.

See the inputenc package documentation for explanation.
Type  H <return>  for immediate help.
 ...                                              
                                                  
l.2 \section{–¢
               –µ–æ—Ä–µ–º–∞ –æ–± –æ—Ç–¥–µ–ª–∏–º–æ—Å—Ç–∏}
You may provide a definition with
\DeclareUnicodeCharacter 


! Package inputenc Error: Unicode character –µ (U+0435)
(inputenc)                not set up for use with LaTeX.

See the inputenc package documentation for explanation.
Type  H <return>  for immediate help.
 ...                                              
                                                  
l.2 \section{–¢–µ
                 –æ—Ä–µ–º–∞ –æ–± –æ—Ç–¥–µ–ª–∏–º–æ—Å—Ç–∏}
You may provide a definition with
\DeclareUnicodeCharacter 


! Package inputenc Error: Unicode character –æ (U+043E)
(inputenc)                not set up for use with LaTeX.

See the inputenc package documentation for explanation.
Type  H <return>  for immediate help.
 ...                                              
                                                  
l.2 \section{–¢–µ–æ
                   —Ä–µ–º–∞ –æ–± –æ—Ç–¥–µ–ª–∏–º–æ—Å—Ç–∏}
You may provide a definition with
\DeclareUnicodeCharacter 


! Package inputenc Error: Unicode character —Ä (U+0440)
(inputenc)                not set up for use with LaTeX.

See the inputenc package documentation for explanation.
Type  H <return>  for immediate help.
 ...                                              
                                                  
l.2 \section{–¢–µ–æ—Ä
                     –µ–º–∞ –æ–± –æ—Ç–¥–µ–ª–∏–º–æ—Å—Ç–∏}
You may provide a definition with
\DeclareUnicodeCharacter 


! Package inputenc Error: Unicode character –µ (U+0435)
(inputenc)                not set up for use with LaTeX.

See the inputenc package documentation for explanation.
Type  H <return>  for immediate help.
 ...                                              
                                                  
l.2 \section{–¢–µ–æ—Ä–µ
                       –º–∞ –æ–± –æ—Ç–¥–µ–ª–∏–º–æ—Å—Ç–∏}
You may provide a definition with
\DeclareUnicodeCharacter 


! Package inputenc Error: Unicode character –º (U+043C)
(inputenc)                not set up for use with LaTeX.

See the inputenc package documentation for explanation.
Type  H <return>  for immediate help.
 ...                                              
                                                  
l.2 \section{–¢–µ–æ—Ä–µ–º
                         –∞ –æ–± –æ—Ç–¥–µ–ª–∏–º–æ—Å—Ç–∏}
You may provide a definition with
\DeclareUnicodeCharacter 


! Package inputenc Error: Unicode character –∞ (U+0430)
(inputenc)                not set up for use with LaTeX.

See the inputenc package documentation for explanation.
Type  H <return>  for immediate help.
 ...                                              
                                                  
l.2 \section{–¢–µ–æ—Ä–µ–º–∞
                            –æ–± –æ—Ç–¥–µ–ª–∏–º–æ—Å—Ç–∏}
You may provide a definition with
\DeclareUnicodeCharacter 


! Package inputenc Error: Unicode character –æ (U+043E)
(inputenc)                not set up for use with LaTeX.

See the inputenc package documentation for explanation.
Type  H <return>  for immediate help.
 ...                                              
                                                  
l.2 \section{–¢–µ–æ—Ä–µ–º–∞ –æ
                              –± –æ—Ç–¥–µ–ª–∏–º–æ—Å—Ç–∏}
You may provide a definition with
\DeclareUnicodeCharacter 


! Package inputenc Error: Unicode character –± (U+0431)
(inputenc)                not set up for use with LaTeX.

See the inputenc package documentation for explanation.
Type  H <return>  for immediate help.
 ...                                              
                                                  
l.2 \section{–¢–µ–æ—Ä–µ–º–∞ –æ–±
                                 –æ—Ç–¥–µ–ª–∏–º–æ—Å—Ç–∏}
You may provide a definition with
\DeclareUnicodeCharacter 


! Package inputenc Error: Unicode character –æ (U+043E)
(inputenc)                not set up for use with LaTeX.

See the inputenc package documentation for explanation.
Type  H <return>  for immediate help.
 ...                                              
                                                  
l.2 \section{–¢–µ–æ—Ä–µ–º–∞ –æ–± –æ
                                   —Ç–¥–µ–ª–∏–º–æ—Å—Ç–∏}
You may provide a definition with
\DeclareUnicodeCharacter 


! Package inputenc Error: Unicode character —Ç (U+0442)
(inputenc)                not set up for use with LaTeX.

See the inputenc package documentation for explanation.
Type  H <return>  for immediate help.
 ...                                              
                                                  
l.2 \section{–¢–µ–æ—Ä–µ–º–∞ –æ–± –æ—Ç
                                     –¥–µ–ª–∏–º–æ—Å—Ç–∏}
You may provide a definition with
\DeclareUnicodeCharacter 


! Package inputenc Error: Unicode character –¥ (U+0434)
(inputenc)                not set up for use with LaTeX.

See the inputenc package documentation for explanation.
Type  H <return>  for immediate help.
 ...                                              
                                                  
l.2 \section{–¢–µ–æ—Ä–µ–º–∞ –æ–± –æ—Ç–¥
                                       –µ–ª–∏–º–æ—Å—Ç–∏}
You may provide a definition with
\DeclareUnicodeCharacter 


! Package inputenc Error: Unicode character –µ (U+0435)
(inputenc)                not set up for use with LaTeX.

See the inputenc package documentation for explanation.
Type  H <return>  for immediate help.
 ...                                              
                                                  
l.2 \section{–¢–µ–æ—Ä–µ–º–∞ –æ–± –æ—Ç–¥–µ
                                         –ª–∏–º–æ—Å—Ç–∏}
You may provide a definition with
\DeclareUnicodeCharacter 


! Package inputenc Error: Unicode character –ª (U+043B)
(inputenc)                not set up for use with LaTeX.

See the inputenc package documentation for explanation.
Type  H <return>  for immediate help.
 ...                                              
                                                  
l.2 \section{–¢–µ–æ—Ä–µ–º–∞ –æ–± –æ—Ç–¥–µ–ª
                                           –∏–º–æ—Å—Ç–∏}
You may provide a definition with
\DeclareUnicodeCharacter 


! Package inputenc Error: Unicode character –∏ (U+0438)
(inputenc)                not set up for use with LaTeX.

See the inputenc package documentation for explanation.
Type  H <return>  for immediate help.
 ...                                              
                                                  
l.2 \section{–¢–µ–æ—Ä–µ–º–∞ –æ–± –æ—Ç–¥–µ–ª–∏
                                             –º–æ—Å—Ç–∏}
You may provide a definition with
\DeclareUnicodeCharacter 


! Package inputenc Error: Unicode character –º (U+043C)
(inputenc)                not set up for use with LaTeX.

See the inputenc package documentation for explanation.
Type  H <return>  for immediate help.
 ...                                              
                                                  
l.2 \section{–¢–µ–æ—Ä–µ–º–∞ –æ–± –æ—Ç–¥–µ–ª–∏–º
                                               –æ—Å—Ç–∏}
You may provide a definition with
\DeclareUnicodeCharacter 


! Package inputenc Error: Unicode character –æ (U+043E)
(inputenc)                not set up for use with LaTeX.

See the inputenc package documentation for explanation.
Type  H <return>  for immediate help.
 ...                                              
                                                  
l.2 \section{–¢–µ–æ—Ä–µ–º–∞ –æ–± –æ—Ç–¥–µ–ª–∏–º–æ
                                                 —Å—Ç–∏}
You may provide a definition with
\DeclareUnicodeCharacter 


! Package inputenc Error: Unicode character —Å (U+0441)
(inputenc)                not set up for use with LaTeX.

See the inputenc package documentation for explanation.
Type  H <return>  for immediate help.
 ...                                              
                                                  
l.2 ...tion{–¢–µ–æ—Ä–µ–º–∞ –æ–± –æ—Ç–¥–µ–ª–∏–º–æ—Å
                                                  —Ç–∏}
You may provide a definition with
\DeclareUnicodeCharacter 


! Package inputenc Error: Unicode character —Ç (U+0442)
(inputenc)                not set up for use with LaTeX.

See the inputenc package documentation for explanation.
Type  H <return>  for immediate help.
 ...                                              
                                                  
l.2 ...on{–¢–µ–æ—Ä–µ–º–∞ –æ–± –æ—Ç–¥–µ–ª–∏–º–æ—Å—Ç
                                                  –∏}
You may provide a definition with
\DeclareUnicodeCharacter 


! Package inputenc Error: Unicode character –∏ (U+0438)
(inputenc)                not set up for use with LaTeX.

See the inputenc package documentation for explanation.
Type  H <return>  for immediate help.
 ...                                              
                                                  
l.2 ...{–¢–µ–æ—Ä–µ–º–∞ –æ–± –æ—Ç–¥–µ–ª–∏–º–æ—Å—Ç–∏
                                                  }
You may provide a definition with
\DeclareUnicodeCharacter 


! LaTeX Error: Environment definition undefined.

See the LaTeX manual or LaTeX Companion for explanation.
Type  H <return>  for immediate help.
 ...                                              
                                                  
l.3 \begin{definition}
                      
Your command was ignored.
Type  I <command> <return>  to replace it with another command,
or  <return>  to continue without it.


! Package inputenc Error: Unicode character –ü (U+041F)
(inputenc)                not set up for use with LaTeX.

See the inputenc package documentation for explanation.
Type  H <return>  for immediate help.
 ...                                              
                                                  
l.4 	–ü
       —É—Å—Ç—å $(X,\tau)$ --- —Ç–æ–ø–æ–ª–æ–≥–∏—á–µ—Å–∫–æ–µ –≤–µ–∫—Ç–æ—Ä–Ω–æ...

You may provide a definition with
\DeclareUnicodeCharacter 


! Package inputenc Error: Unicode character —É (U+0443)
(inputenc)                not set up for use with LaTeX.

See the inputenc package documentation for explanation.
Type  H <return>  for immediate help.
 ...                                              
                                                  
l.4 	–ü—É
         —Å—Ç—å $(X,\tau)$ --- —Ç–æ–ø–æ–ª–æ–≥–∏—á–µ—Å–∫–æ–µ –≤–µ–∫—Ç–æ—Ä–Ω–æ...

You may provide a definition with
\DeclareUnicodeCharacter 


! Package inputenc Error: Unicode character —Å (U+0441)
(inputenc)                not set up for use with LaTeX.

See the inputenc package documentation for explanation.
Type  H <return>  for immediate help.
 ...                                              
                                                  
l.4 	–ü—É—Å
           —Ç—å $(X,\tau)$ --- —Ç–æ–ø–æ–ª–æ–≥–∏—á–µ—Å–∫–æ–µ –≤–µ–∫—Ç–æ—Ä–Ω–æ...

You may provide a definition with
\DeclareUnicodeCharacter 


! Package inputenc Error: Unicode character —Ç (U+0442)
(inputenc)                not set up for use with LaTeX.

See the inputenc package documentation for explanation.
Type  H <return>  for immediate help.
 ...                                              
                                                  
l.4 	–ü—É—Å—Ç
             —å $(X,\tau)$ --- —Ç–æ–ø–æ–ª–æ–≥–∏—á–µ—Å–∫–æ–µ –≤–µ–∫—Ç–æ—Ä–Ω–æ...

You may provide a definition with
\DeclareUnicodeCharacter 


! Package inputenc Error: Unicode character —å (U+044C)
(inputenc)                not set up for use with LaTeX.

See the inputenc package documentation for explanation.
Type  H <return>  for immediate help.
 ...                                              
                                                  
l.4 	–ü—É—Å—Ç—å
                $(X,\tau)$ --- —Ç–æ–ø–æ–ª–æ–≥–∏—á–µ—Å–∫–æ–µ –≤–µ–∫—Ç–æ—Ä–Ω–æ...

You may provide a definition with
\DeclareUnicodeCharacter 


! LaTeX Error: Missing \begin{document}.

See the LaTeX manual or LaTeX Companion for explanation.
Type  H <return>  for immediate help.
 ...                                              
                                                  
l.4 	–ü—É—Å—Ç—å $
                 (X,\tau)$ --- —Ç–æ–ø–æ–ª–æ–≥–∏—á–µ—Å–∫–æ–µ –≤–µ–∫—Ç–æ—Ä–Ω–æ...

You're in trouble here.  Try typing  <return>  to proceed.
If that doesn't work, type  X <return>  to quit.

LaTeX Font Info:    External font `cmex10' loaded for size
(Font)              <7> on input line 4.
LaTeX Font Info:    External font `cmex10' loaded for size
(Font)              <5> on input line 4.
Missing character: There is no - in font nullfont!
Missing character: There is no - in font nullfont!
Missing character: There is no - in font nullfont!

! Package inputenc Error: Unicode character —Ç (U+0442)
(inputenc)                not set up for use with LaTeX.

See the inputenc package documentation for explanation.
Type  H <return>  for immediate help.
 ...                                              
                                                  
l.4 	–ü—É—Å—Ç—å $(X,\tau)$ --- —Ç
                                 –æ–ø–æ–ª–æ–≥–∏—á–µ—Å–∫–æ–µ –≤–µ–∫—Ç–æ—Ä–Ω–æ...

You may provide a definition with
\DeclareUnicodeCharacter 


! Package inputenc Error: Unicode character –æ (U+043E)
(inputenc)                not set up for use with LaTeX.

See the inputenc package documentation for explanation.
Type  H <return>  for immediate help.
 ...                                              
                                                  
l.4 	–ü—É—Å—Ç—å $(X,\tau)$ --- —Ç–æ
                                   –ø–æ–ª–æ–≥–∏—á–µ—Å–∫–æ–µ –≤–µ–∫—Ç–æ—Ä–Ω–æ...

You may provide a definition with
\DeclareUnicodeCharacter 


! Package inputenc Error: Unicode character –ø (U+043F)
(inputenc)                not set up for use with LaTeX.

See the inputenc package documentation for explanation.
Type  H <return>  for immediate help.
 ...                                              
                                                  
l.4 	–ü—É—Å—Ç—å $(X,\tau)$ --- —Ç–æ–ø
                                     –æ–ª–æ–≥–∏—á–µ—Å–∫–æ–µ –≤–µ–∫—Ç–æ—Ä–Ω–æ...

You may provide a definition with
\DeclareUnicodeCharacter 


! Package inputenc Error: Unicode character –æ (U+043E)
(inputenc)                not set up for use with LaTeX.

See the inputenc package documentation for explanation.
Type  H <return>  for immediate help.
 ...                                              
                                                  
l.4 	–ü—É—Å—Ç—å $(X,\tau)$ --- —Ç–æ–ø–æ
                                       –ª–æ–≥–∏—á–µ—Å–∫–æ–µ –≤–µ–∫—Ç–æ—Ä–Ω–æ...

You may provide a definition with
\DeclareUnicodeCharacter 


! Package inputenc Error: Unicode character –ª (U+043B)
(inputenc)                not set up for use with LaTeX.

See the inputenc package documentation for explanation.
Type  H <return>  for immediate help.
 ...                                              
                                                  
l.4 	–ü—É—Å—Ç—å $(X,\tau)$ --- —Ç–æ–ø–æ–ª
                                         –æ–≥–∏—á–µ—Å–∫–æ–µ –≤–µ–∫—Ç–æ—Ä–Ω–æ...

You may provide a definition with
\DeclareUnicodeCharacter 


! Package inputenc Error: Unicode character –æ (U+043E)
(inputenc)                not set up for use with LaTeX.

See the inputenc package documentation for explanation.
Type  H <return>  for immediate help.
 ...                                              
                                                  
l.4 	–ü—É—Å—Ç—å $(X,\tau)$ --- —Ç–æ–ø–æ–ª–æ
                                           –≥–∏—á–µ—Å–∫–æ–µ –≤–µ–∫—Ç–æ—Ä–Ω–æ...

You may provide a definition with
\DeclareUnicodeCharacter 


! Package inputenc Error: Unicode character –≥ (U+0433)
(inputenc)                not set up for use with LaTeX.

See the inputenc package documentation for explanation.
Type  H <return>  for immediate help.
 ...                                              
                                                  
l.4 	–ü—É—Å—Ç—å $(X,\tau)$ --- —Ç–æ–ø–æ–ª–æ–≥
                                             –∏—á–µ—Å–∫–æ–µ –≤–µ–∫—Ç–æ—Ä–Ω–æ...

You may provide a definition with
\DeclareUnicodeCharacter 


! Package inputenc Error: Unicode character –∏ (U+0438)
(inputenc)                not set up for use with LaTeX.

See the inputenc package documentation for explanation.
Type  H <return>  for immediate help.
 ...                                              
                                                  
l.4 	–ü—É—Å—Ç—å $(X,\tau)$ --- —Ç–æ–ø–æ–ª–æ–≥–∏
                                               —á–µ—Å–∫–æ–µ –≤–µ–∫—Ç–æ—Ä–Ω–æ...

You may provide a definition with
\DeclareUnicodeCharacter 


! Package inputenc Error: Unicode character —á (U+0447)
(inputenc)                not set up for use with LaTeX.

See the inputenc package documentation for explanation.
Type  H <return>  for immediate help.
 ...                                              
                                                  
l.4 	–ü—É—Å—Ç—å $(X,\tau)$ --- —Ç–æ–ø–æ–ª–æ–≥–∏—á
                                                 –µ—Å–∫–æ–µ –≤–µ–∫—Ç–æ—Ä–Ω–æ...

You may provide a definition with
\DeclareUnicodeCharacter 


! Package inputenc Error: Unicode character –µ (U+0435)
(inputenc)                not set up for use with LaTeX.

See the inputenc package documentation for explanation.
Type  H <return>  for immediate help.
 ...                                              
                                                  
l.4 ...É—Å—Ç—å $(X,\tau)$ --- —Ç–æ–ø–æ–ª–æ–≥–∏—á–µ
                                                  —Å–∫–æ–µ –≤–µ–∫—Ç–æ—Ä–Ω–æ–...

You may provide a definition with
\DeclareUnicodeCharacter 


! Package inputenc Error: Unicode character —Å (U+0441)
(inputenc)                not set up for use with LaTeX.

See the inputenc package documentation for explanation.
Type  H <return>  for immediate help.
 ...                                              
                                                  
l.4 ...Å—Ç—å $(X,\tau)$ --- —Ç–æ–ø–æ–ª–æ–≥–∏—á–µ—Å
                                                  –∫–æ–µ –≤–µ–∫—Ç–æ—Ä–Ω–æ–µ ...

You may provide a definition with
\DeclareUnicodeCharacter 


! Package inputenc Error: Unicode character –∫ (U+043A)
(inputenc)                not set up for use with LaTeX.

See the inputenc package documentation for explanation.
Type  H <return>  for immediate help.
 ...                                              
                                                  
l.4 ...Ç—å $(X,\tau)$ --- —Ç–æ–ø–æ–ª–æ–≥–∏—á–µ—Å–∫
                                                  –æ–µ –≤–µ–∫—Ç–æ—Ä–Ω–æ–µ –ø...

You may provide a definition with
\DeclareUnicodeCharacter 


! Package inputenc Error: Unicode character –æ (U+043E)
(inputenc)                not set up for use with LaTeX.

See the inputenc package documentation for explanation.
Type  H <return>  for immediate help.
 ...                                              
                                                  
l.4 ...å $(X,\tau)$ --- —Ç–æ–ø–æ–ª–æ–≥–∏—á–µ—Å–∫–æ
                                                  –µ –≤–µ–∫—Ç–æ—Ä–Ω–æ–µ –ø—Ä...

You may provide a definition with
\DeclareUnicodeCharacter 


! Package inputenc Error: Unicode character –µ (U+0435)
(inputenc)                not set up for use with LaTeX.

See the inputenc package documentation for explanation.
Type  H <return>  for immediate help.
 ...                                              
                                                  
l.4 ...$(X,\tau)$ --- —Ç–æ–ø–æ–ª–æ–≥–∏—á–µ—Å–∫–æ–µ
                                                   –≤–µ–∫—Ç–æ—Ä–Ω–æ–µ –ø—Ä–æ...

You may provide a definition with
\DeclareUnicodeCharacter 


! Package inputenc Error: Unicode character –≤ (U+0432)
(inputenc)                not set up for use with LaTeX.

See the inputenc package documentation for explanation.
Type  H <return>  for immediate help.
 ...                                              
                                                  
l.4 ...,\tau)$ --- —Ç–æ–ø–æ–ª–æ–≥–∏—á–µ—Å–∫–æ–µ –≤
                                                  –µ–∫—Ç–æ—Ä–Ω–æ–µ –ø—Ä–æ—Å—...

You may provide a definition with
\DeclareUnicodeCharacter 


! Package inputenc Error: Unicode character –µ (U+0435)
(inputenc)                not set up for use with LaTeX.

See the inputenc package documentation for explanation.
Type  H <return>  for immediate help.
 ...                                              
                                                  
l.4 ...tau)$ --- —Ç–æ–ø–æ–ª–æ–≥–∏—á–µ—Å–∫–æ–µ –≤–µ
                                                  –∫—Ç–æ—Ä–Ω–æ–µ –ø—Ä–æ—Å—Ç—...

You may provide a definition with
\DeclareUnicodeCharacter 


! Package inputenc Error: Unicode character –∫ (U+043A)
(inputenc)                not set up for use with LaTeX.

See the inputenc package documentation for explanation.
Type  H <return>  for immediate help.
 ...                                              
                                                  
l.4 ...u)$ --- —Ç–æ–ø–æ–ª–æ–≥–∏—á–µ—Å–∫–æ–µ –≤–µ–∫
                                                  —Ç–æ—Ä–Ω–æ–µ –ø—Ä–æ—Å—Ç—Ä–...

You may provide a definition with
\DeclareUnicodeCharacter 


! Package inputenc Error: Unicode character —Ç (U+0442)
(inputenc)                not set up for use with LaTeX.

See the inputenc package documentation for explanation.
Type  H <return>  for immediate help.
 ...                                              
                                                  
l.4 ...$ --- —Ç–æ–ø–æ–ª–æ–≥–∏—á–µ—Å–∫–æ–µ –≤–µ–∫—Ç
                                                  –æ—Ä–Ω–æ–µ –ø—Ä–æ—Å—Ç—Ä–∞–...

You may provide a definition with
\DeclareUnicodeCharacter 


! Package inputenc Error: Unicode character –æ (U+043E)
(inputenc)                not set up for use with LaTeX.

See the inputenc package documentation for explanation.
Type  H <return>  for immediate help.
 ...                                              
                                                  
l.4 ...--- —Ç–æ–ø–æ–ª–æ–≥–∏—á–µ—Å–∫–æ–µ –≤–µ–∫—Ç–æ
                                                  —Ä–Ω–æ–µ –ø—Ä–æ—Å—Ç—Ä–∞–Ω—...

You may provide a definition with
\DeclareUnicodeCharacter 


! Package inputenc Error: Unicode character —Ä (U+0440)
(inputenc)                not set up for use with LaTeX.

See the inputenc package documentation for explanation.
Type  H <return>  for immediate help.
 ...                                              
                                                  
l.4 ...- —Ç–æ–ø–æ–ª–æ–≥–∏—á–µ—Å–∫–æ–µ –≤–µ–∫—Ç–æ—Ä
                                                  –Ω–æ–µ –ø—Ä–æ—Å—Ç—Ä–∞–Ω—Å—...

You may provide a definition with
\DeclareUnicodeCharacter 


! Package inputenc Error: Unicode character –Ω (U+043D)
(inputenc)                not set up for use with LaTeX.

See the inputenc package documentation for explanation.
Type  H <return>  for immediate help.
 ...                                              
                                                  
l.4 ...—Ç–æ–ø–æ–ª–æ–≥–∏—á–µ—Å–∫–æ–µ –≤–µ–∫—Ç–æ—Ä–Ω
                                                  –æ–µ –ø—Ä–æ—Å—Ç—Ä–∞–Ω—Å—Ç–...

You may provide a definition with
\DeclareUnicodeCharacter 


! Package inputenc Error: Unicode character –æ (U+043E)
(inputenc)                not set up for use with LaTeX.

See the inputenc package documentation for explanation.
Type  H <return>  for immediate help.
 ...                                              
                                                  
l.4 ...–æ–ø–æ–ª–æ–≥–∏—á–µ—Å–∫–æ–µ –≤–µ–∫—Ç–æ—Ä–Ω–æ
                                                  –µ –ø—Ä–æ—Å—Ç—Ä–∞–Ω—Å—Ç–≤–...

You may provide a definition with
\DeclareUnicodeCharacter 


! Package inputenc Error: Unicode character –µ (U+0435)
(inputenc)                not set up for use with LaTeX.

See the inputenc package documentation for explanation.
Type  H <return>  for immediate help.
 ...                                              
                                                  
l.4 ...–ø–æ–ª–æ–≥–∏—á–µ—Å–∫–æ–µ –≤–µ–∫—Ç–æ—Ä–Ω–æ–µ
                                                   –ø—Ä–æ—Å—Ç—Ä–∞–Ω—Å—Ç–≤–æ ...

You may provide a definition with
\DeclareUnicodeCharacter 


! Package inputenc Error: Unicode character –ø (U+043F)
(inputenc)                not set up for use with LaTeX.

See the inputenc package documentation for explanation.
Type  H <return>  for immediate help.
 ...                                              
                                                  
l.4 ...æ–ª–æ–≥–∏—á–µ—Å–∫–æ–µ –≤–µ–∫—Ç–æ—Ä–Ω–æ–µ –ø
                                                  —Ä–æ—Å—Ç—Ä–∞–Ω—Å—Ç–≤–æ (–æ...

You may provide a definition with
\DeclareUnicodeCharacter 


! Package inputenc Error: Unicode character —Ä (U+0440)
(inputenc)                not set up for use with LaTeX.

See the inputenc package documentation for explanation.
Type  H <return>  for immediate help.
 ...                                              
                                                  
l.4 ...ª–æ–≥–∏—á–µ—Å–∫–æ–µ –≤–µ–∫—Ç–æ—Ä–Ω–æ–µ –ø—Ä
                                                  –æ—Å—Ç—Ä–∞–Ω—Å—Ç–≤–æ (–æ—Ç...

You may provide a definition with
\DeclareUnicodeCharacter 


! Package inputenc Error: Unicode character –æ (U+043E)
(inputenc)                not set up for use with LaTeX.

See the inputenc package documentation for explanation.
Type  H <return>  for immediate help.
 ...                                              
                                                  
l.4 ...æ–≥–∏—á–µ—Å–∫–æ–µ –≤–µ–∫—Ç–æ—Ä–Ω–æ–µ –ø—Ä–æ
                                                  —Å—Ç—Ä–∞–Ω—Å—Ç–≤–æ (–æ—Ç–Ω...

You may provide a definition with
\DeclareUnicodeCharacter 


! Package inputenc Error: Unicode character —Å (U+0441)
(inputenc)                not set up for use with LaTeX.

See the inputenc package documentation for explanation.
Type  H <return>  for immediate help.
 ...                                              
                                                  
l.4 ...≥–∏—á–µ—Å–∫–æ–µ –≤–µ–∫—Ç–æ—Ä–Ω–æ–µ –ø—Ä–æ—Å
                                                  —Ç—Ä–∞–Ω—Å—Ç–≤–æ (–æ—Ç–Ω–æ...

You may provide a definition with
\DeclareUnicodeCharacter 


! Package inputenc Error: Unicode character —Ç (U+0442)
(inputenc)                not set up for use with LaTeX.

See the inputenc package documentation for explanation.
Type  H <return>  for immediate help.
 ...                                              
                                                  
l.4 ...∏—á–µ—Å–∫–æ–µ –≤–µ–∫—Ç–æ—Ä–Ω–æ–µ –ø—Ä–æ—Å—Ç
                                                  —Ä–∞–Ω—Å—Ç–≤–æ (–æ—Ç–Ω–æ—Å...

You may provide a definition with
\DeclareUnicodeCharacter 


! Package inputenc Error: Unicode character —Ä (U+0440)
(inputenc)                not set up for use with LaTeX.

See the inputenc package documentation for explanation.
Type  H <return>  for immediate help.
 ...                                              
                                                  
l.4 ...á–µ—Å–∫–æ–µ –≤–µ–∫—Ç–æ—Ä–Ω–æ–µ –ø—Ä–æ—Å—Ç—Ä
                                                  –∞–Ω—Å—Ç–≤–æ (–æ—Ç–Ω–æ—Å–∏...

You may provide a definition with
\DeclareUnicodeCharacter 


! Package inputenc Error: Unicode character –∞ (U+0430)
(inputenc)                not set up for use with LaTeX.

See the inputenc package documentation for explanation.
Type  H <return>  for immediate help.
 ...                                              
                                                  
l.4 ...µ—Å–∫–æ–µ –≤–µ–∫—Ç–æ—Ä–Ω–æ–µ –ø—Ä–æ—Å—Ç—Ä–∞
                                                  –Ω—Å—Ç–≤–æ (–æ—Ç–Ω–æ—Å–∏—Ç...

You may provide a definition with
\DeclareUnicodeCharacter 


! Package inputenc Error: Unicode character –Ω (U+043D)
(inputenc)                not set up for use with LaTeX.

See the inputenc package documentation for explanation.
Type  H <return>  for immediate help.
 ...                                              
                                                  
l.4 ...Å–∫–æ–µ –≤–µ–∫—Ç–æ—Ä–Ω–æ–µ –ø—Ä–æ—Å—Ç—Ä–∞–Ω
                                                  —Å—Ç–≤–æ (–æ—Ç–Ω–æ—Å–∏—Ç–µ...

You may provide a definition with
\DeclareUnicodeCharacter 


! Package inputenc Error: Unicode character —Å (U+0441)
(inputenc)                not set up for use with LaTeX.

See the inputenc package documentation for explanation.
Type  H <return>  for immediate help.
 ...                                              
                                                  
l.4 ...∫–æ–µ –≤–µ–∫—Ç–æ—Ä–Ω–æ–µ –ø—Ä–æ—Å—Ç—Ä–∞–Ω—Å
                                                  —Ç–≤–æ (–æ—Ç–Ω–æ—Å–∏—Ç–µ–ª...

You may provide a definition with
\DeclareUnicodeCharacter 


! Package inputenc Error: Unicode character —Ç (U+0442)
(inputenc)                not set up for use with LaTeX.

See the inputenc package documentation for explanation.
Type  H <return>  for immediate help.
 ...                                              
                                                  
l.4 ...æ–µ –≤–µ–∫—Ç–æ—Ä–Ω–æ–µ –ø—Ä–æ—Å—Ç—Ä–∞–Ω—Å—Ç
                                                  –≤–æ (–æ—Ç–Ω–æ—Å–∏—Ç–µ–ª—å...

You may provide a definition with
\DeclareUnicodeCharacter 


! Package inputenc Error: Unicode character –≤ (U+0432)
(inputenc)                not set up for use with LaTeX.

See the inputenc package documentation for explanation.
Type  H <return>  for immediate help.
 ...                                              
                                                  
l.4 ...µ –≤–µ–∫—Ç–æ—Ä–Ω–æ–µ –ø—Ä–æ—Å—Ç—Ä–∞–Ω—Å—Ç–≤
                                                  –æ (–æ—Ç–Ω–æ—Å–∏—Ç–µ–ª—å–Ω...

You may provide a definition with
\DeclareUnicodeCharacter 


! Package inputenc Error: Unicode character –æ (U+043E)
(inputenc)                not set up for use with LaTeX.

See the inputenc package documentation for explanation.
Type  H <return>  for immediate help.
 ...                                              
                                                  
l.4 ...–≤–µ–∫—Ç–æ—Ä–Ω–æ–µ –ø—Ä–æ—Å—Ç—Ä–∞–Ω—Å—Ç–≤–æ
                                                   (–æ—Ç–Ω–æ—Å–∏—Ç–µ–ª—å–Ω–æ...

You may provide a definition with
\DeclareUnicodeCharacter 

Missing character: There is no ( in font nullfont!

! Package inputenc Error: Unicode character –æ (U+043E)
(inputenc)                not set up for use with LaTeX.

See the inputenc package documentation for explanation.
Type  H <return>  for immediate help.
 ...                                              
                                                  
l.4 ...–∫—Ç–æ—Ä–Ω–æ–µ –ø—Ä–æ—Å—Ç—Ä–∞–Ω—Å—Ç–≤–æ (–æ
                                                  —Ç–Ω–æ—Å–∏—Ç–µ–ª—å–Ω–æ $\C...

You may provide a definition with
\DeclareUnicodeCharacter 


! Package inputenc Error: Unicode character —Ç (U+0442)
(inputenc)                not set up for use with LaTeX.

See the inputenc package documentation for explanation.
Type  H <return>  for immediate help.
 ...                                              
                                                  
l.4 ...—Ç–æ—Ä–Ω–æ–µ –ø—Ä–æ—Å—Ç—Ä–∞–Ω—Å—Ç–≤–æ (–æ—Ç
                                                  –Ω–æ—Å–∏—Ç–µ–ª—å–Ω–æ $\Cx$...

You may provide a definition with
\DeclareUnicodeCharacter 


! Package inputenc Error: Unicode character –Ω (U+043D)
(inputenc)                not set up for use with LaTeX.

See the inputenc package documentation for explanation.
Type  H <return>  for immediate help.
 ...                                              
                                                  
l.4 ...–æ—Ä–Ω–æ–µ –ø—Ä–æ—Å—Ç—Ä–∞–Ω—Å—Ç–≤–æ (–æ—Ç–Ω
                                                  –æ—Å–∏—Ç–µ–ª—å–Ω–æ $\Cx$)....

You may provide a definition with
\DeclareUnicodeCharacter 


! Package inputenc Error: Unicode character –æ (U+043E)
(inputenc)                not set up for use with LaTeX.

See the inputenc package documentation for explanation.
Type  H <return>  for immediate help.
 ...                                              
                                                  
l.4 ...—Ä–Ω–æ–µ –ø—Ä–æ—Å—Ç—Ä–∞–Ω—Å—Ç–≤–æ (–æ—Ç–Ω–æ
                                                  —Å–∏—Ç–µ–ª—å–Ω–æ $\Cx$). $...

You may provide a definition with
\DeclareUnicodeCharacter 


! Package inputenc Error: Unicode character —Å (U+0441)
(inputenc)                not set up for use with LaTeX.

See the inputenc package documentation for explanation.
Type  H <return>  for immediate help.
 ...                                              
                                                  
l.4 ...–Ω–æ–µ –ø—Ä–æ—Å—Ç—Ä–∞–Ω—Å—Ç–≤–æ (–æ—Ç–Ω–æ—Å
                                                  –∏—Ç–µ–ª—å–Ω–æ $\Cx$). $S_...

You may provide a definition with
\DeclareUnicodeCharacter 


! Package inputenc Error: Unicode character –∏ (U+0438)
(inputenc)                not set up for use with LaTeX.

See the inputenc package documentation for explanation.
Type  H <return>  for immediate help.
 ...                                              
                                                  
l.4 ...–æ–µ –ø—Ä–æ—Å—Ç—Ä–∞–Ω—Å—Ç–≤–æ (–æ—Ç–Ω–æ—Å–∏
                                                  —Ç–µ–ª—å–Ω–æ $\Cx$). $S_1$...

You may provide a definition with
\DeclareUnicodeCharacter 


! Package inputenc Error: Unicode character —Ç (U+0442)
(inputenc)                not set up for use with LaTeX.

See the inputenc package documentation for explanation.
Type  H <return>  for immediate help.
 ...                                              
                                                  
l.4 ...–µ –ø—Ä–æ—Å—Ç—Ä–∞–Ω—Å—Ç–≤–æ (–æ—Ç–Ω–æ—Å–∏—Ç
                                                  –µ–ª—å–Ω–æ $\Cx$). $S_1$ –...

You may provide a definition with
\DeclareUnicodeCharacter 


! Package inputenc Error: Unicode character –µ (U+0435)
(inputenc)                not set up for use with LaTeX.

See the inputenc package documentation for explanation.
Type  H <return>  for immediate help.
 ...                                              
                                                  
l.4 ... –ø—Ä–æ—Å—Ç—Ä–∞–Ω—Å—Ç–≤–æ (–æ—Ç–Ω–æ—Å–∏—Ç–µ
                                                  –ª—å–Ω–æ $\Cx$). $S_1$ –∏ ...

You may provide a definition with
\DeclareUnicodeCharacter 


! Package inputenc Error: Unicode character –ª (U+043B)
(inputenc)                not set up for use with LaTeX.

See the inputenc package documentation for explanation.
Type  H <return>  for immediate help.
 ...                                              
                                                  
l.4 ...ø—Ä–æ—Å—Ç—Ä–∞–Ω—Å—Ç–≤–æ (–æ—Ç–Ω–æ—Å–∏—Ç–µ–ª
                                                  —å–Ω–æ $\Cx$). $S_1$ –∏ $S...

You may provide a definition with
\DeclareUnicodeCharacter 


! Package inputenc Error: Unicode character —å (U+044C)
(inputenc)                not set up for use with LaTeX.

See the inputenc package documentation for explanation.
Type  H <return>  for immediate help.
 ...                                              
                                                  
l.4 ...Ä–æ—Å—Ç—Ä–∞–Ω—Å—Ç–≤–æ (–æ—Ç–Ω–æ—Å–∏—Ç–µ–ª—å
                                                  –Ω–æ $\Cx$). $S_1$ –∏ $S_2...

You may provide a definition with
\DeclareUnicodeCharacter 


! Package inputenc Error: Unicode character –Ω (U+043D)
(inputenc)                not set up for use with LaTeX.

See the inputenc package documentation for explanation.
Type  H <return>  for immediate help.
 ...                                              
                                                  
l.4 ...æ—Å—Ç—Ä–∞–Ω—Å—Ç–≤–æ (–æ—Ç–Ω–æ—Å–∏—Ç–µ–ª—å–Ω
                                                  –æ $\Cx$). $S_1$ –∏ $S_2$ ...

You may provide a definition with
\DeclareUnicodeCharacter 


! Package inputenc Error: Unicode character –æ (U+043E)
(inputenc)                not set up for use with LaTeX.

See the inputenc package documentation for explanation.
Type  H <return>  for immediate help.
 ...                                              
                                                  
l.4 ...Å—Ç—Ä–∞–Ω—Å—Ç–≤–æ (–æ—Ç–Ω–æ—Å–∏—Ç–µ–ª—å–Ω–æ
                                                   $\Cx$). $S_1$ –∏ $S_2$ --...

You may provide a definition with
\DeclareUnicodeCharacter 

! Undefined control sequence.
<recently read> \Cx 
                    
l.4 ...–∞–Ω—Å—Ç–≤–æ (–æ—Ç–Ω–æ—Å–∏—Ç–µ–ª—å–Ω–æ $\Cx
                                                  $). $S_1$ –∏ $S_2$ --- –¥–...
The control sequence at the end of the top line
of your error message was never \def'ed. If you have
misspelled it (e.g., `\hobx'), type `I' and the correct
spelling (e.g., `I\hbox'). Otherwise just continue,
and I'll forget about whatever was undefined.

Missing character: There is no ) in font nullfont!
Missing character: There is no . in font nullfont!

! Package inputenc Error: Unicode character –∏ (U+0438)
(inputenc)                not set up for use with LaTeX.

See the inputenc package documentation for explanation.
Type  H <return>  for immediate help.
 ...                                              
                                                  
l.4 ... (–æ—Ç–Ω–æ—Å–∏—Ç–µ–ª—å–Ω–æ $\Cx$). $S_1$ –∏
                                                   $S_2$ --- –¥–≤–∞ –º–Ω–æ–∂...

You may provide a definition with
\DeclareUnicodeCharacter 

Missing character: There is no - in font nullfont!
Missing character: There is no - in font nullfont!
Missing character: There is no - in font nullfont!

! Package inputenc Error: Unicode character –¥ (U+0434)
(inputenc)                not set up for use with LaTeX.

See the inputenc package documentation for explanation.
Type  H <return>  for immediate help.
 ...                                              
                                                  
l.4 ...∏—Ç–µ–ª—å–Ω–æ $\Cx$). $S_1$ –∏ $S_2$ --- –¥
                                                  –≤–∞ –º–Ω–æ–∂–µ—Å—Ç–≤–∞ –∏...

You may provide a definition with
\DeclareUnicodeCharacter 


! Package inputenc Error: Unicode character –≤ (U+0432)
(inputenc)                not set up for use with LaTeX.

See the inputenc package documentation for explanation.
Type  H <return>  for immediate help.
 ...                                              
                                                  
l.4 ...Ç–µ–ª—å–Ω–æ $\Cx$). $S_1$ –∏ $S_2$ --- –¥–≤
                                                  –∞ –º–Ω–æ–∂–µ—Å—Ç–≤–∞ –∏–∑...

You may provide a definition with
\DeclareUnicodeCharacter 


! Package inputenc Error: Unicode character –∞ (U+0430)
(inputenc)                not set up for use with LaTeX.

See the inputenc package documentation for explanation.
Type  H <return>  for immediate help.
 ...                                              
                                                  
l.4 ...µ–ª—å–Ω–æ $\Cx$). $S_1$ –∏ $S_2$ --- –¥–≤–∞
                                                   –º–Ω–æ–∂–µ—Å—Ç–≤–∞ –∏–∑ $...

You may provide a definition with
\DeclareUnicodeCharacter 


! Package inputenc Error: Unicode character –º (U+043C)
(inputenc)                not set up for use with LaTeX.

See the inputenc package documentation for explanation.
Type  H <return>  for immediate help.
 ...                                              
                                                  
l.4 ...—å–Ω–æ $\Cx$). $S_1$ –∏ $S_2$ --- –¥–≤–∞ –º
                                                  –Ω–æ–∂–µ—Å—Ç–≤–∞ –∏–∑ $X$,...

You may provide a definition with
\DeclareUnicodeCharacter 


! Package inputenc Error: Unicode character –Ω (U+043D)
(inputenc)                not set up for use with LaTeX.

See the inputenc package documentation for explanation.
Type  H <return>  for immediate help.
 ...                                              
                                                  
l.4 ...–Ω–æ $\Cx$). $S_1$ –∏ $S_2$ --- –¥–≤–∞ –º–Ω
                                                  –æ–∂–µ—Å—Ç–≤–∞ –∏–∑ $X$, —...

You may provide a definition with
\DeclareUnicodeCharacter 


! Package inputenc Error: Unicode character –æ (U+043E)
(inputenc)                not set up for use with LaTeX.

See the inputenc package documentation for explanation.
Type  H <return>  for immediate help.
 ...                                              
                                                  
l.4 ...–æ $\Cx$). $S_1$ –∏ $S_2$ --- –¥–≤–∞ –º–Ω–æ
                                                  –∂–µ—Å—Ç–≤–∞ –∏–∑ $X$, —Ç–...

You may provide a definition with
\DeclareUnicodeCharacter 


! Package inputenc Error: Unicode character –∂ (U+0436)
(inputenc)                not set up for use with LaTeX.

See the inputenc package documentation for explanation.
Type  H <return>  for immediate help.
 ...                                              
                                                  
l.4 ... $\Cx$). $S_1$ –∏ $S_2$ --- –¥–≤–∞ –º–Ω–æ–∂
                                                  –µ—Å—Ç–≤–∞ –∏–∑ $X$, —Ç–æ–...

You may provide a definition with
\DeclareUnicodeCharacter 


! Package inputenc Error: Unicode character –µ (U+0435)
(inputenc)                not set up for use with LaTeX.

See the inputenc package documentation for explanation.
Type  H <return>  for immediate help.
 ...                                              
                                                  
l.4 ...\Cx$). $S_1$ –∏ $S_2$ --- –¥–≤–∞ –º–Ω–æ–∂–µ
                                                  —Å—Ç–≤–∞ –∏–∑ $X$, —Ç–æ–≥–...

You may provide a definition with
\DeclareUnicodeCharacter 


! Package inputenc Error: Unicode character —Å (U+0441)
(inputenc)                not set up for use with LaTeX.

See the inputenc package documentation for explanation.
Type  H <return>  for immediate help.
 ...                                              
                                                  
l.4 ...x$). $S_1$ –∏ $S_2$ --- –¥–≤–∞ –º–Ω–æ–∂–µ—Å
                                                  —Ç–≤–∞ –∏–∑ $X$, —Ç–æ–≥–¥–...

You may provide a definition with
\DeclareUnicodeCharacter 


! Package inputenc Error: Unicode character —Ç (U+0442)
(inputenc)                not set up for use with LaTeX.

See the inputenc package documentation for explanation.
Type  H <return>  for immediate help.
 ...                                              
                                                  
l.4 ...). $S_1$ –∏ $S_2$ --- –¥–≤–∞ –º–Ω–æ–∂–µ—Å—Ç
                                                  –≤–∞ –∏–∑ $X$, —Ç–æ–≥–¥–∞ ...

You may provide a definition with
\DeclareUnicodeCharacter 


! Package inputenc Error: Unicode character –≤ (U+0432)
(inputenc)                not set up for use with LaTeX.

See the inputenc package documentation for explanation.
Type  H <return>  for immediate help.
 ...                                              
                                                  
l.4 ... $S_1$ –∏ $S_2$ --- –¥–≤–∞ –º–Ω–æ–∂–µ—Å—Ç–≤
                                                  –∞ –∏–∑ $X$, —Ç–æ–≥–¥–∞ –≥...

You may provide a definition with
\DeclareUnicodeCharacter 


! Package inputenc Error: Unicode character –∞ (U+0430)
(inputenc)                not set up for use with LaTeX.

See the inputenc package documentation for explanation.
Type  H <return>  for immediate help.
 ...                                              
                                                  
l.4 ...S_1$ –∏ $S_2$ --- –¥–≤–∞ –º–Ω–æ–∂–µ—Å—Ç–≤–∞
                                                   –∏–∑ $X$, —Ç–æ–≥–¥–∞ –≥–æ...

You may provide a definition with
\DeclareUnicodeCharacter 


! Package inputenc Error: Unicode character –∏ (U+0438)
(inputenc)                not set up for use with LaTeX.

See the inputenc package documentation for explanation.
Type  H <return>  for immediate help.
 ...                                              
                                                  
l.4 ...$ –∏ $S_2$ --- –¥–≤–∞ –º–Ω–æ–∂–µ—Å—Ç–≤–∞ –∏
                                                  –∑ $X$, —Ç–æ–≥–¥–∞ –≥–æ–≤–...

You may provide a definition with
\DeclareUnicodeCharacter 


! Package inputenc Error: Unicode character –∑ (U+0437)
(inputenc)                not set up for use with LaTeX.

See the inputenc package documentation for explanation.
Type  H <return>  for immediate help.
 ...                                              
                                                  
l.4 ...–∏ $S_2$ --- –¥–≤–∞ –º–Ω–æ–∂–µ—Å—Ç–≤–∞ –∏–∑
                                                   $X$, —Ç–æ–≥–¥–∞ –≥–æ–≤–æ—...

You may provide a definition with
\DeclareUnicodeCharacter 

Missing character: There is no , in font nullfont!

! Package inputenc Error: Unicode character —Ç (U+0442)
(inputenc)                not set up for use with LaTeX.

See the inputenc package documentation for explanation.
Type  H <return>  for immediate help.
 ...                                              
                                                  
l.4 ... --- –¥–≤–∞ –º–Ω–æ–∂–µ—Å—Ç–≤–∞ –∏–∑ $X$, —Ç
                                                  –æ–≥–¥–∞ –≥–æ–≤–æ—Ä—è—Ç, —...

You may provide a definition with
\DeclareUnicodeCharacter 


! Package inputenc Error: Unicode character –æ (U+043E)
(inputenc)                not set up for use with LaTeX.

See the inputenc package documentation for explanation.
Type  H <return>  for immediate help.
 ...                                              
                                                  
l.4 ...-- –¥–≤–∞ –º–Ω–æ–∂–µ—Å—Ç–≤–∞ –∏–∑ $X$, —Ç–æ
                                                  –≥–¥–∞ –≥–æ–≤–æ—Ä—è—Ç, —á—Ç–æ

You may provide a definition with
\DeclareUnicodeCharacter 


! Package inputenc Error: Unicode character –≥ (U+0433)
(inputenc)                not set up for use with LaTeX.

See the inputenc package documentation for explanation.
Type  H <return>  for immediate help.
 ...                                              
                                                  
l.4 ... –¥–≤–∞ –º–Ω–æ–∂–µ—Å—Ç–≤–∞ –∏–∑ $X$, —Ç–æ–≥
                                                  –¥–∞ –≥–æ–≤–æ—Ä—è—Ç, —á—Ç–æ
You may provide a definition with
\DeclareUnicodeCharacter 


! Package inputenc Error: Unicode character –¥ (U+0434)
(inputenc)                not set up for use with LaTeX.

See the inputenc package documentation for explanation.
Type  H <return>  for immediate help.
 ...                                              
                                                  
l.4 ...¥–≤–∞ –º–Ω–æ–∂–µ—Å—Ç–≤–∞ –∏–∑ $X$, —Ç–æ–≥–¥
                                                  –∞ –≥–æ–≤–æ—Ä—è—Ç, —á—Ç–æ
You may provide a definition with
\DeclareUnicodeCharacter 


! Package inputenc Error: Unicode character –∞ (U+0430)
(inputenc)                not set up for use with LaTeX.

See the inputenc package documentation for explanation.
Type  H <return>  for immediate help.
 ...                                              
                                                  
l.4 ...≤–∞ –º–Ω–æ–∂–µ—Å—Ç–≤–∞ –∏–∑ $X$, —Ç–æ–≥–¥–∞
                                                   –≥–æ–≤–æ—Ä—è—Ç, —á—Ç–æ
You may provide a definition with
\DeclareUnicodeCharacter 


! Package inputenc Error: Unicode character –≥ (U+0433)
(inputenc)                not set up for use with LaTeX.

See the inputenc package documentation for explanation.
Type  H <return>  for immediate help.
 ...                                              
                                                  
l.4 ... –º–Ω–æ–∂–µ—Å—Ç–≤–∞ –∏–∑ $X$, —Ç–æ–≥–¥–∞ –≥
                                                  –æ–≤–æ—Ä—è—Ç, —á—Ç–æ
You may provide a definition with
\DeclareUnicodeCharacter 


! Package inputenc Error: Unicode character –æ (U+043E)
(inputenc)                not set up for use with LaTeX.

See the inputenc package documentation for explanation.
Type  H <return>  for immediate help.
 ...                                              
                                                  
l.4 ...º–Ω–æ–∂–µ—Å—Ç–≤–∞ –∏–∑ $X$, —Ç–æ–≥–¥–∞ –≥–æ
                                                  –≤–æ—Ä—è—Ç, —á—Ç–æ
You may provide a definition with
\DeclareUnicodeCharacter 


! Package inputenc Error: Unicode character –≤ (U+0432)
(inputenc)                not set up for use with LaTeX.

See the inputenc package documentation for explanation.
Type  H <return>  for immediate help.
 ...                                              
                                                  
l.4 ...Ω–æ–∂–µ—Å—Ç–≤–∞ –∏–∑ $X$, —Ç–æ–≥–¥–∞ –≥–æ–≤
                                                  –æ—Ä—è—Ç, —á—Ç–æ
You may provide a definition with
\DeclareUnicodeCharacter 


! Package inputenc Error: Unicode character –æ (U+043E)
(inputenc)                not set up for use with LaTeX.

See the inputenc package documentation for explanation.
Type  H <return>  for immediate help.
 ...                                              
                                                  
l.4 ...æ–∂–µ—Å—Ç–≤–∞ –∏–∑ $X$, —Ç–æ–≥–¥–∞ –≥–æ–≤–æ
                                                  —Ä—è—Ç, —á—Ç–æ
(That makes 100 errors; please try again.) 
Here is how much of TeX's memory you used:
 45 strings out of 481257
 787 string characters out of 2908761
 277830 words of memory out of 3000000
 17366 multiletter control sequences out of 15000+600000
 403430 words of font info for 27 fonts, out of 8000000 for 9000
 0 hyphenation exceptions out of 8191
 18i,1n,15p,251b,63s stack positions out of 5000i,500n,10000p,200000b,80000s

!  ==> Fatal error occurred, no output PDF file produced!
